[ 2015-07-08T08:20:51+08:00 ] 172.16.100.11 /?c=Api&a=getcitylist
INFO: [ app_init ] --START--
INFO: Run Behavior\BuildLiteBehavior [ RunTime:0.000024s ]
INFO: [ app_init ] --END-- [ RunTime:0.000491s ]
INFO: [ app_begin ] --START--
INFO: Run Behavior\ReadHtmlCacheBehavior [ RunTime:0.000603s ]
INFO: [ app_begin ] --END-- [ RunTime:0.000701s ]
SQL: SHOW COLUMNS FROM `ht_city` [ RunTime:0.000996s ]
SQL: SELECT `id`,`title`,`letter`,`is_hot` FROM `ht_city` WHERE ( `status` = 0 )  [ RunTime:0.000510s ]

[ 2015-07-08T09:03:29+08:00 ] 172.16.100.11 /?c=Api&a=register_sms&partent=ht&key=ht
INFO: [ app_init ] --START--
INFO: Run Behavior\BuildLiteBehavior [ RunTime:0.000024s ]
INFO: [ app_init ] --END-- [ RunTime:0.000463s ]
INFO: [ app_begin ] --START--
INFO: Run Behavior\ReadHtmlCacheBehavior [ RunTime:0.000581s ]
INFO: [ app_begin ] --END-- [ RunTime:0.000683s ]
SQL: SHOW COLUMNS FROM `ht_member` [ RunTime:0.001235s ]
SQL: SELECT * FROM `ht_member` WHERE ( `login_user` = '15022772483' ) LIMIT 1   [ RunTime:0.000227s ]
SQL: UPDATE `ht_member` SET `code`='RCjsOF' WHERE ( `id` = 37 ) [ RunTime:0.000500s ]

[ 2015-07-08T09:10:38+08:00 ] 172.16.100.11 /?c=Api&a=login&partent=ht&key=ht
INFO: [ app_init ] --START--
INFO: Run Behavior\BuildLiteBehavior [ RunTime:0.000022s ]
INFO: [ app_init ] --END-- [ RunTime:0.000477s ]
INFO: [ app_begin ] --START--
INFO: Run Behavior\ReadHtmlCacheBehavior [ RunTime:0.000584s ]
INFO: [ app_begin ] --END-- [ RunTime:0.000685s ]
SQL: SHOW COLUMNS FROM `ht_member` [ RunTime:0.001267s ]
SQL: SELECT * FROM `ht_member` WHERE ( `login_user` = '15022772483' ) LIMIT 1   [ RunTime:0.000222s ]

[ 2015-07-08T09:20:11+08:00 ] 106.39.50.154 /?c=Login
INFO: [ app_init ] --START--
INFO: Run Behavior\BuildLiteBehavior [ RunTime:0.000023s ]
INFO: [ app_init ] --END-- [ RunTime:0.000456s ]
INFO: [ app_begin ] --START--
INFO: Run Behavior\ReadHtmlCacheBehavior [ RunTime:0.000569s ]
INFO: [ app_begin ] --END-- [ RunTime:0.000668s ]
INFO: [ view_parse ] --START--
INFO: [ template_filter ] --START--
INFO: Run Behavior\ContentReplaceBehavior [ RunTime:0.000080s ]
INFO: [ template_filter ] --END-- [ RunTime:0.000181s ]
INFO: Run Behavior\ParseTemplateBehavior [ RunTime:0.007811s ]
INFO: [ view_parse ] --END-- [ RunTime:0.007908s ]
INFO: [ view_filter ] --START--
INFO: Run Behavior\WriteHtmlCacheBehavior [ RunTime:0.000193s ]
INFO: [ view_filter ] --END-- [ RunTime:0.000276s ]
INFO: [ app_end ] --START--
INFO: Run Behavior\ShowPageTraceBehavior [ RunTime:0.000640s ]
INFO: [ app_end ] --END-- [ RunTime:0.000727s ]

[ 2015-07-08T09:20:11+08:00 ] 106.39.50.154 /?c=Login&a=captcha
INFO: [ app_init ] --START--
INFO: Run Behavior\BuildLiteBehavior [ RunTime:0.000022s ]
INFO: [ app_init ] --END-- [ RunTime:0.000479s ]
INFO: [ app_begin ] --START--
INFO: Run Behavior\ReadHtmlCacheBehavior [ RunTime:0.000604s ]
INFO: [ app_begin ] --END-- [ RunTime:0.000702s ]
INFO: [ app_end ] --START--
INFO: Run Behavior\ShowPageTraceBehavior [ RunTime:0.000615s ]
INFO: [ app_end ] --END-- [ RunTime:0.000726s ]

[ 2015-07-08T09:20:11+08:00 ] 106.39.50.154 /static/images/favicon.ico?v=1
INFO: [ app_init ] --START--
INFO: Run Behavior\BuildLiteBehavior [ RunTime:0.000022s ]
INFO: [ app_init ] --END-- [ RunTime:0.000450s ]
INFO: [ app_begin ] --START--
INFO: Run Behavior\ReadHtmlCacheBehavior [ RunTime:0.000567s ]
INFO: [ app_begin ] --END-- [ RunTime:0.000666s ]
INFO: [ view_parse ] --START--
INFO: [ template_filter ] --START--
INFO: Run Behavior\ContentReplaceBehavior [ RunTime:0.000070s ]
INFO: [ template_filter ] --END-- [ RunTime:0.000170s ]
INFO: Run Behavior\ParseTemplateBehavior [ RunTime:0.007885s ]
INFO: [ view_parse ] --END-- [ RunTime:0.007983s ]
INFO: [ view_filter ] --START--
INFO: Run Behavior\WriteHtmlCacheBehavior [ RunTime:0.000181s ]
INFO: [ view_filter ] --END-- [ RunTime:0.000262s ]

[ 2015-07-08T09:20:24+08:00 ] 106.39.50.154 /?c=Login&a=auth
INFO: [ app_init ] --START--
INFO: Run Behavior\BuildLiteBehavior [ RunTime:0.000024s ]
INFO: [ app_init ] --END-- [ RunTime:0.000457s ]
INFO: [ app_begin ] --START--
INFO: Run Behavior\ReadHtmlCacheBehavior [ RunTime:0.000589s ]
INFO: [ app_begin ] --END-- [ RunTime:0.000690s ]
SQL: SHOW COLUMNS FROM `ht_admin_user` [ RunTime:0.001255s ]
SQL: SELECT * FROM `ht_admin_user` WHERE ( `login_user` = 'admin' ) LIMIT 1   [ RunTime:0.000487s ]
SQL: UPDATE `ht_admin_user` SET `last_login_time`=1436318424,`login_num`=97 WHERE ( `id` = 1 ) [ RunTime:0.009208s ]
INFO: [ view_parse ] --START--
INFO: [ template_filter ] --START--
INFO: Run Behavior\ContentReplaceBehavior [ RunTime:0.000075s ]
INFO: [ template_filter ] --END-- [ RunTime:0.000172s ]
INFO: Run Behavior\ParseTemplateBehavior [ RunTime:0.008020s ]
INFO: [ view_parse ] --END-- [ RunTime:0.008116s ]
INFO: [ view_filter ] --START--
INFO: Run Behavior\WriteHtmlCacheBehavior [ RunTime:0.000198s ]
INFO: [ view_filter ] --END-- [ RunTime:0.000281s ]
INFO: [ app_end ] --START--
INFO: Run Behavior\ShowPageTraceBehavior [ RunTime:0.000700s ]
INFO: [ app_end ] --END-- [ RunTime:0.000796s ]

[ 2015-07-08T09:20:25+08:00 ] 106.39.50.154 /favicon.ico
INFO: [ app_init ] --START--
INFO: Run Behavior\BuildLiteBehavior [ RunTime:0.000022s ]
INFO: [ app_init ] --END-- [ RunTime:0.000442s ]
INFO: [ app_begin ] --START--
INFO: Run Behavior\ReadHtmlCacheBehavior [ RunTime:0.000562s ]
INFO: [ app_begin ] --END-- [ RunTime:0.000660s ]
SQL: SHOW COLUMNS FROM `ht_role` [ RunTime:0.000992s ]
SQL: SELECT * FROM `ht_role` WHERE ( `id` = 1 ) LIMIT 1   [ RunTime:0.000290s ]
INFO: [ view_parse ] --START--
INFO: [ template_filter ] --START--
INFO: Run Behavior\ContentReplaceBehavior [ RunTime:0.000179s ]
INFO: [ template_filter ] --END-- [ RunTime:0.000282s ]
INFO: Run Behavior\ParseTemplateBehavior [ RunTime:0.023420s ]
INFO: [ view_parse ] --END-- [ RunTime:0.023520s ]
INFO: [ view_filter ] --START--
INFO: Run Behavior\WriteHtmlCacheBehavior [ RunTime:0.000186s ]
INFO: [ view_filter ] --END-- [ RunTime:0.000269s ]
INFO: [ app_end ] --START--
INFO: Run Behavior\ShowPageTraceBehavior [ RunTime:0.000727s ]
INFO: [ app_end ] --END-- [ RunTime:0.000839s ]

[ 2015-07-08T09:20:26+08:00 ] 106.39.50.154 /
INFO: [ app_init ] --START--
INFO: Run Behavior\BuildLiteBehavior [ RunTime:0.000023s ]
INFO: [ app_init ] --END-- [ RunTime:0.000443s ]
INFO: [ app_begin ] --START--
INFO: Run Behavior\ReadHtmlCacheBehavior [ RunTime:0.000560s ]
INFO: [ app_begin ] --END-- [ RunTime:0.000657s ]
SQL: SHOW COLUMNS FROM `ht_role` [ RunTime:0.000977s ]
SQL: SELECT * FROM `ht_role` WHERE ( `id` = 1 ) LIMIT 1   [ RunTime:0.000295s ]
INFO: [ view_parse ] --START--
INFO: [ template_filter ] --START--
INFO: Run Behavior\ContentReplaceBehavior [ RunTime:0.000184s ]
INFO: [ template_filter ] --END-- [ RunTime:0.000289s ]
INFO: Run Behavior\ParseTemplateBehavior [ RunTime:0.023631s ]
INFO: [ view_parse ] --END-- [ RunTime:0.023733s ]
INFO: [ view_filter ] --START--
INFO: Run Behavior\WriteHtmlCacheBehavior [ RunTime:0.000174s ]
INFO: [ view_filter ] --END-- [ RunTime:0.000257s ]
INFO: [ app_end ] --START--
INFO: Run Behavior\ShowPageTraceBehavior [ RunTime:0.000709s ]
INFO: [ app_end ] --END-- [ RunTime:0.000821s ]

[ 2015-07-08T09:23:45+08:00 ] 106.39.50.154 /?c=Shop
INFO: [ app_init ] --START--
INFO: Run Behavior\BuildLiteBehavior [ RunTime:0.000023s ]
INFO: [ app_init ] --END-- [ RunTime:0.000467s ]
INFO: [ app_begin ] --START--
INFO: Run Behavior\ReadHtmlCacheBehavior [ RunTime:0.000591s ]
INFO: [ app_begin ] --END-- [ RunTime:0.000688s ]
SQL: SHOW COLUMNS FROM `ht_role` [ RunTime:0.001142s ]
SQL: SELECT * FROM `ht_role` WHERE ( `id` = 1 ) LIMIT 1   [ RunTime:0.000237s ]
SQL: SHOW COLUMNS FROM `ht_district` [ RunTime:0.000823s ]
SQL: SELECT * FROM `ht_district`  [ RunTime:0.000308s ]
SQL: SHOW COLUMNS FROM `ht_classify` [ RunTime:0.000914s ]
SQL: SELECT * FROM `ht_classify`  [ RunTime:0.000393s ]
SQL: SHOW COLUMNS FROM `ht_province` [ RunTime:0.000781s ]
SQL: SELECT * FROM `ht_province`  [ RunTime:0.000223s ]
SQL: SHOW COLUMNS FROM `ht_city` [ RunTime:0.001001s ]
SQL: SELECT * FROM `ht_city`  [ RunTime:0.000598s ]
SQL: SELECT * FROM `ht_classify` WHERE ( `parentid` = 0 ) AND ( `is_hidden` = 0 )  [ RunTime:0.000247s ]
SQL: SHOW COLUMNS FROM `ht_shop` [ RunTime:0.002288s ]
NOTIC: [8] Undefined variable: asc /data1/vhosts/yaohe/admin/Apps/Home/Controller/ShopController.class.php 第 111 行.
SQL: SELECT COUNT(*) AS tp_count FROM `ht_shop` LIMIT 1   [ RunTime:0.000271s ]
SQL: SELECT * FROM `ht_shop` ORDER BY id asc LIMIT 0,10   [ RunTime:0.000850s ]
INFO: [ view_parse ] --START--
INFO: [ template_filter ] --START--
INFO: Run Behavior\ContentReplaceBehavior [ RunTime:0.000228s ]
INFO: [ template_filter ] --END-- [ RunTime:0.000328s ]
NOTIC: [8] Undefined variable: city_list /data1/vhosts/yaohe/admin/Apps/Runtime/Cache/Home/29ce11bc702d157c41074e6ea195d339.php 第 393 行.
NOTIC: [8] Undefined variable: area_list /data1/vhosts/yaohe/admin/Apps/Runtime/Cache/Home/29ce11bc702d157c41074e6ea195d339.php 第 398 行.
NOTIC: [8] Undefined variable: district_list /data1/vhosts/yaohe/admin/Apps/Runtime/Cache/Home/29ce11bc702d157c41074e6ea195d339.php 第 403 行.
NOTIC: [8] Undefined index: 0 /data1/vhosts/yaohe/admin/Apps/Runtime/Cache/Home/29ce11bc702d157c41074e6ea195d339.php 第 451 行.
NOTIC: [8] Undefined index: 0 /data1/vhosts/yaohe/admin/Apps/Runtime/Cache/Home/29ce11bc702d157c41074e6ea195d339.php 第 451 行.
NOTIC: [8] Undefined index: 0 /data1/vhosts/yaohe/admin/Apps/Runtime/Cache/Home/29ce11bc702d157c41074e6ea195d339.php 第 451 行.
INFO: Run Behavior\ParseTemplateBehavior [ RunTime:0.032995s ]
INFO: [ view_parse ] --END-- [ RunTime:0.033093s ]
INFO: [ view_filter ] --START--
INFO: Run Behavior\WriteHtmlCacheBehavior [ RunTime:0.000183s ]
INFO: [ view_filter ] --END-- [ RunTime:0.000268s ]
INFO: [ app_end ] --START--
INFO: Run Behavior\ShowPageTraceBehavior [ RunTime:0.000707s ]
INFO: [ app_end ] --END-- [ RunTime:0.000808s ]

[ 2015-07-08T09:23:56+08:00 ] 106.39.50.154 /?c=Call
INFO: [ app_init ] --START--
INFO: Run Behavior\BuildLiteBehavior [ RunTime:0.000022s ]
INFO: [ app_init ] --END-- [ RunTime:0.000451s ]
INFO: [ app_begin ] --START--
INFO: Run Behavior\ReadHtmlCacheBehavior [ RunTime:0.000567s ]
INFO: [ app_begin ] --END-- [ RunTime:0.000666s ]
ERR: 无法加载控制器:Call

[ 2015-07-08T09:23:56+08:00 ] 106.39.50.154 /favicon.ico
INFO: [ app_init ] --START--
INFO: Run Behavior\BuildLiteBehavior [ RunTime:0.000022s ]
INFO: [ app_init ] --END-- [ RunTime:0.000463s ]
INFO: [ app_begin ] --START--
INFO: Run Behavior\ReadHtmlCacheBehavior [ RunTime:0.000633s ]
INFO: [ app_begin ] --END-- [ RunTime:0.000733s ]
SQL: SHOW COLUMNS FROM `ht_role` [ RunTime:0.001097s ]
SQL: SELECT * FROM `ht_role` WHERE ( `id` = 1 ) LIMIT 1   [ RunTime:0.000311s ]
INFO: [ view_parse ] --START--
INFO: [ template_filter ] --START--
INFO: Run Behavior\ContentReplaceBehavior [ RunTime:0.000193s ]
INFO: [ template_filter ] --END-- [ RunTime:0.000295s ]
INFO: Run Behavior\ParseTemplateBehavior [ RunTime:0.023574s ]
INFO: [ view_parse ] --END-- [ RunTime:0.023677s ]
INFO: [ view_filter ] --START--
INFO: Run Behavior\WriteHtmlCacheBehavior [ RunTime:0.000183s ]
INFO: [ view_filter ] --END-- [ RunTime:0.000265s ]
INFO: [ app_end ] --START--
INFO: Run Behavior\ShowPageTraceBehavior [ RunTime:0.000735s ]
INFO: [ app_end ] --END-- [ RunTime:0.000852s ]

[ 2015-07-08T09:24:04+08:00 ] 106.39.50.154 /?c=District
INFO: [ app_init ] --START--
INFO: Run Behavior\BuildLiteBehavior [ RunTime:0.000024s ]
INFO: [ app_init ] --END-- [ RunTime:0.000461s ]
INFO: [ app_begin ] --START--
INFO: Run Behavior\ReadHtmlCacheBehavior [ RunTime:0.000571s ]
INFO: [ app_begin ] --END-- [ RunTime:0.000671s ]
SQL: SHOW COLUMNS FROM `ht_role` [ RunTime:0.001067s ]
SQL: SELECT * FROM `ht_role` WHERE ( `id` = 1 ) LIMIT 1   [ RunTime:0.000247s ]
SQL: SHOW COLUMNS FROM `ht_province` [ RunTime:0.000883s ]
SQL: SELECT * FROM `ht_province`  [ RunTime:0.000268s ]
SQL: SHOW COLUMNS FROM `ht_area` [ RunTime:0.001015s ]
SQL: SELECT COUNT(*) AS tp_count FROM `ht_area` WHERE ( `p_id` = 0 ) AND ( `c_id` = 0 ) LIMIT 1   [ RunTime:0.000207s ]
INFO: [ view_parse ] --START--
INFO: [ template_filter ] --START--
INFO: Run Behavior\ContentReplaceBehavior [ RunTime:0.000210s ]
INFO: [ template_filter ] --END-- [ RunTime:0.000311s ]
NOTIC: [8] Undefined variable: currentPage /data1/vhosts/yaohe/admin/Apps/Runtime/Cache/Home/9d97ec68386c5c96f267ed06e9c30b45.php 第 69 行.
NOTIC: [8] Undefined variable: currentPage /data1/vhosts/yaohe/admin/Apps/Runtime/Cache/Home/9d97ec68386c5c96f267ed06e9c30b45.php 第 88 行.
NOTIC: [8] Undefined variable: city_list /data1/vhosts/yaohe/admin/Apps/Runtime/Cache/Home/9d97ec68386c5c96f267ed06e9c30b45.php 第 378 行.
NOTIC: [8] Undefined variable: page /data1/vhosts/yaohe/admin/Apps/Runtime/Cache/Home/9d97ec68386c5c96f267ed06e9c30b45.php 第 389 行.
INFO: Run Behavior\ParseTemplateBehavior [ RunTime:0.024420s ]
INFO: [ view_parse ] --END-- [ RunTime:0.024516s ]
INFO: [ view_filter ] --START--
INFO: Run Behavior\WriteHtmlCacheBehavior [ RunTime:0.000185s ]
INFO: [ view_filter ] --END-- [ RunTime:0.000269s ]
INFO: [ app_end ] --START--
INFO: Run Behavior\ShowPageTraceBehavior [ RunTime:0.000621s ]
INFO: [ app_end ] --END-- [ RunTime:0.000715s ]

[ 2015-07-08T09:24:04+08:00 ] 106.39.50.154 /?c=District&a=ajax_list&province_id=&city_id=&pageNum=
INFO: [ app_init ] --START--
INFO: Run Behavior\BuildLiteBehavior [ RunTime:0.000022s ]
INFO: [ app_init ] --END-- [ RunTime:0.000450s ]
INFO: [ app_begin ] --START--
INFO: Run Behavior\ReadHtmlCacheBehavior [ RunTime:0.000573s ]
INFO: [ app_begin ] --END-- [ RunTime:0.000664s ]
SQL: SHOW COLUMNS FROM `ht_role` [ RunTime:0.002609s ]
SQL: SELECT * FROM `ht_role` WHERE ( `id` = 1 ) LIMIT 1   [ RunTime:0.000245s ]
SQL: SHOW COLUMNS FROM `ht_area` [ RunTime:0.000874s ]
SQL: SELECT * FROM `ht_area` WHERE ( `c_id` = 0 ) ORDER BY id desc  [ RunTime:0.000209s ]
NOTIC: [2] Invalid argument supplied for foreach() /data1/vhosts/yaohe/admin/Apps/Home/Controller/DistrictController.class.php 第 16 行.
INFO: [ view_parse ] --START--
INFO: [ template_filter ] --START--
INFO: Run Behavior\ContentReplaceBehavior [ RunTime:0.000075s ]
INFO: [ template_filter ] --END-- [ RunTime:0.000163s ]
INFO: Run Behavior\ParseTemplateBehavior [ RunTime:0.008788s ]
INFO: [ view_parse ] --END-- [ RunTime:0.008876s ]
INFO: [ view_filter ] --START--
INFO: Run Behavior\WriteHtmlCacheBehavior [ RunTime:0.000181s ]
INFO: [ view_filter ] --END-- [ RunTime:0.000266s ]
INFO: [ app_end ] --START--
INFO: Run Behavior\ShowPageTraceBehavior [ RunTime:0.000599s ]
INFO: [ app_end ] --END-- [ RunTime:0.000680s ]

[ 2015-07-08T09:24:06+08:00 ] 106.39.50.154 /?c=City
INFO: [ app_init ] --START--
INFO: Run Behavior\BuildLiteBehavior [ RunTime:0.000023s ]
INFO: [ app_init ] --END-- [ RunTime:0.000452s ]
INFO: [ app_begin ] --START--
INFO: Run Behavior\ReadHtmlCacheBehavior [ RunTime:0.000566s ]
INFO: [ app_begin ] --END-- [ RunTime:0.000664s ]
SQL: SHOW COLUMNS FROM `ht_role` [ RunTime:0.000951s ]
SQL: SELECT * FROM `ht_role` WHERE ( `id` = 1 ) LIMIT 1   [ RunTime:0.000233s ]
SQL: SHOW COLUMNS FROM `ht_province` [ RunTime:0.000899s ]
SQL: SELECT * FROM `ht_province`  [ RunTime:0.000310s ]
SQL: SHOW COLUMNS FROM `ht_city` [ RunTime:0.001059s ]
SQL: SELECT COUNT(*) AS tp_count FROM `ht_city` LIMIT 1   [ RunTime:0.000274s ]
SQL: SELECT * FROM `ht_city` ORDER BY id desc LIMIT 0,10   [ RunTime:0.000332s ]
INFO: [ view_parse ] --START--
INFO: [ template_filter ] --START--
INFO: Run Behavior\ContentReplaceBehavior [ RunTime:0.000224s ]
INFO: [ template_filter ] --END-- [ RunTime:0.000326s ]
INFO: Run Behavior\ParseTemplateBehavior [ RunTime:0.026247s ]
INFO: [ view_parse ] --END-- [ RunTime:0.026352s ]
INFO: [ view_filter ] --START--
INFO: Run Behavior\WriteHtmlCacheBehavior [ RunTime:0.000186s ]
INFO: [ view_filter ] --END-- [ RunTime:0.000273s ]
INFO: [ app_end ] --START--
INFO: Run Behavior\ShowPageTraceBehavior [ RunTime:0.000722s ]
INFO: [ app_end ] --END-- [ RunTime:0.000843s ]

[ 2015-07-08T09:24:06+08:00 ] 106.39.50.154 /?c=City&a=ajax_list&province_id=0&pageNum=1
INFO: [ app_init ] --START--
INFO: Run Behavior\BuildLiteBehavior [ RunTime:0.000022s ]
INFO: [ app_init ] --END-- [ RunTime:0.000445s ]
INFO: [ app_begin ] --START--
INFO: Run Behavior\ReadHtmlCacheBehavior [ RunTime:0.000568s ]
INFO: [ app_begin ] --END-- [ RunTime:0.000658s ]
SQL: SHOW COLUMNS FROM `ht_role` [ RunTime:0.000976s ]
SQL: SELECT * FROM `ht_role` WHERE ( `id` = 1 ) LIMIT 1   [ RunTime:0.000228s ]
SQL: SHOW COLUMNS FROM `ht_province` [ RunTime:0.000894s ]
SQL: SELECT * FROM `ht_province`  [ RunTime:0.000288s ]
SQL: SHOW COLUMNS FROM `ht_city` [ RunTime:0.001043s ]
SQL: SELECT COUNT(*) AS tp_count FROM `ht_city` LIMIT 1   [ RunTime:0.000204s ]
SQL: SELECT * FROM `ht_city` ORDER BY order_num asc,id desc LIMIT 0,10   [ RunTime:0.000357s ]
NOTIC: [8] Undefined variable: sort /data1/vhosts/yaohe/admin/Apps/Home/Controller/CityController.class.php 第 71 行.
NOTIC: [8] Undefined variable: sort /data1/vhosts/yaohe/admin/Apps/Home/Controller/CityController.class.php 第 72 行.
NOTIC: [8] Undefined variable: sort /data1/vhosts/yaohe/admin/Apps/Home/Controller/CityController.class.php 第 73 行.
INFO: [ view_parse ] --START--
INFO: [ template_filter ] --START--
INFO: Run Behavior\ContentReplaceBehavior [ RunTime:0.000095s ]
INFO: [ template_filter ] --END-- [ RunTime:0.000182s ]
INFO: Run Behavior\ParseTemplateBehavior [ RunTime:0.010984s ]
INFO: [ view_parse ] --END-- [ RunTime:0.011074s ]
INFO: [ view_filter ] --START--
INFO: Run Behavior\WriteHtmlCacheBehavior [ RunTime:0.000177s ]
INFO: [ view_filter ] --END-- [ RunTime:0.000252s ]
INFO: [ app_end ] --START--
INFO: Run Behavior\ShowPageTraceBehavior [ RunTime:0.000586s ]
INFO: [ app_end ] --END-- [ RunTime:0.000665s ]

[ 2015-07-08T09:24:08+08:00 ] 106.39.50.154 /?c=BindingClass
INFO: [ app_init ] --START--
INFO: Run Behavior\BuildLiteBehavior [ RunTime:0.000022s ]
INFO: [ app_init ] --END-- [ RunTime:0.000455s ]
INFO: [ app_begin ] --START--
INFO: Run Behavior\ReadHtmlCacheBehavior [ RunTime:0.000575s ]
INFO: [ app_begin ] --END-- [ RunTime:0.000675s ]
SQL: SHOW COLUMNS FROM `ht_role` [ RunTime:0.000972s ]
SQL: SELECT * FROM `ht_role` WHERE ( `id` = 1 ) LIMIT 1   [ RunTime:0.000231s ]
SQL: SHOW COLUMNS FROM `ht_province` [ RunTime:0.000884s ]
SQL: SELECT * FROM `ht_province`  [ RunTime:0.000218s ]
SQL: SHOW COLUMNS FROM `ht_binding_class` [ RunTime:0.000800s ]
ERR: 1146:Table 'yaohe.ht_binding_class' doesn't exist
 [ SQL语句 ] : SHOW COLUMNS FROM `ht_binding_class`
SQL: SELECT COUNT(*) AS tp_count FROM `ht_binding_class` LIMIT 1   [ RunTime:0.000362s ]
ERR: 1146:Table 'yaohe.ht_binding_class' doesn't exist
 [ SQL语句 ] : SELECT COUNT(*) AS tp_count FROM `ht_binding_class` LIMIT 1  
NOTIC: [8] Undefined variable: p /data1/vhosts/yaohe/admin/Apps/Home/Controller/CommonController.class.php 第 144 行.
NOTIC: [8] Trying to get property of non-object /data1/vhosts/yaohe/admin/Apps/Home/Controller/CommonController.class.php 第 144 行.
INFO: [ view_parse ] --START--
INFO: [ template_filter ] --START--
INFO: Run Behavior\ContentReplaceBehavior [ RunTime:0.000173s ]
INFO: [ template_filter ] --END-- [ RunTime:0.000273s ]
NOTIC: [8] Undefined variable: city_list /data1/vhosts/yaohe/admin/Apps/Runtime/Cache/Home/23817d3e52fe7725dca9044f42912acb.php 第 317 行.
INFO: Run Behavior\ParseTemplateBehavior [ RunTime:0.022441s ]
INFO: [ view_parse ] --END-- [ RunTime:0.022546s ]
INFO: [ view_filter ] --START--
INFO: Run Behavior\WriteHtmlCacheBehavior [ RunTime:0.000186s ]
INFO: [ view_filter ] --END-- [ RunTime:0.000270s ]
INFO: [ app_end ] --START--
INFO: Run Behavior\ShowPageTraceBehavior [ RunTime:0.000790s ]
INFO: [ app_end ] --END-- [ RunTime:0.000907s ]

[ 2015-07-08T09:24:08+08:00 ] 106.39.50.154 /?c=BindingClass&a=ajax_list&city_id=&pageNum=1
INFO: [ app_init ] --START--
INFO: Run Behavior\BuildLiteBehavior [ RunTime:0.000023s ]
INFO: [ app_init ] --END-- [ RunTime:0.000451s ]
INFO: [ app_begin ] --START--
INFO: Run Behavior\ReadHtmlCacheBehavior [ RunTime:0.000585s ]
INFO: [ app_begin ] --END-- [ RunTime:0.000674s ]
SQL: SHOW COLUMNS FROM `ht_role` [ RunTime:0.000962s ]
SQL: SELECT * FROM `ht_role` WHERE ( `id` = 1 ) LIMIT 1   [ RunTime:0.000298s ]
SQL: SHOW COLUMNS FROM `ht_home_class` [ RunTime:0.000977s ]
SQL: SELECT * FROM `ht_home_class` WHERE ( `city_id` = 0 )  [ RunTime:0.000513s ]
NOTIC: [2] Invalid argument supplied for foreach() /data1/vhosts/yaohe/admin/Apps/Home/Controller/BindingClassController.class.php 第 37 行.
SQL: SHOW COLUMNS FROM `ht_classify` [ RunTime:0.001034s ]
SQL: SELECT * FROM `ht_classify` ORDER BY parentid asc,order_num asc,id asc  [ RunTime:0.000480s ]
NOTIC: [8] Undefined index: 24 /data1/vhosts/yaohe/core/ThinkPHP/Library/Think/Tree.class.php 第 47 行.
NOTIC: [8] Undefined index: 25 /data1/vhosts/yaohe/core/ThinkPHP/Library/Think/Tree.class.php 第 47 行.
NOTIC: [8] Undefined index: 26 /data1/vhosts/yaohe/core/ThinkPHP/Library/Think/Tree.class.php 第 47 行.
NOTIC: [8] Undefined index: 27 /data1/vhosts/yaohe/core/ThinkPHP/Library/Think/Tree.class.php 第 47 行.
NOTIC: [8] Undefined index: 28 /data1/vhosts/yaohe/core/ThinkPHP/Library/Think/Tree.class.php 第 47 行.
NOTIC: [8] Undefined index: 29 /data1/vhosts/yaohe/core/ThinkPHP/Library/Think/Tree.class.php 第 47 行.
NOTIC: [8] Undefined index: 30 /data1/vhosts/yaohe/core/ThinkPHP/Library/Think/Tree.class.php 第 47 行.
NOTIC: [8] Undefined index: 31 /data1/vhosts/yaohe/core/ThinkPHP/Library/Think/Tree.class.php 第 47 行.
NOTIC: [8] Undefined index: 32 /data1/vhosts/yaohe/core/ThinkPHP/Library/Think/Tree.class.php 第 47 行.
NOTIC: [8] Undefined index: 33 /data1/vhosts/yaohe/core/ThinkPHP/Library/Think/Tree.class.php 第 47 行.
NOTIC: [8] Undefined index: 34 /data1/vhosts/yaohe/core/ThinkPHP/Library/Think/Tree.class.php 第 47 行.
NOTIC: [8] Undefined index: 35 /data1/vhosts/yaohe/core/ThinkPHP/Library/Think/Tree.class.php 第 47 行.
NOTIC: [8] Undefined index: 36 /data1/vhosts/yaohe/core/ThinkPHP/Library/Think/Tree.class.php 第 47 行.
NOTIC: [8] Undefined index: 37 /data1/vhosts/yaohe/core/ThinkPHP/Library/Think/Tree.class.php 第 47 行.
NOTIC: [8] Undefined index: 38 /data1/vhosts/yaohe/core/ThinkPHP/Library/Think/Tree.class.php 第 47 行.
NOTIC: [8] Undefined index: 39 /data1/vhosts/yaohe/core/ThinkPHP/Library/Think/Tree.class.php 第 47 行.
NOTIC: [8] Undefined index: 40 /data1/vhosts/yaohe/core/ThinkPHP/Library/Think/Tree.class.php 第 47 行.
NOTIC: [8] Undefined index: 41 /data1/vhosts/yaohe/core/ThinkPHP/Library/Think/Tree.class.php 第 47 行.
NOTIC: [8] Undefined index: 42 /data1/vhosts/yaohe/core/ThinkPHP/Library/Think/Tree.class.php 第 47 行.
NOTIC: [8] Undefined index: 43 /data1/vhosts/yaohe/core/ThinkPHP/Library/Think/Tree.class.php 第 47 行.
NOTIC: [8] Undefined index: 44 /data1/vhosts/yaohe/core/ThinkPHP/Library/Think/Tree.class.php 第 47 行.
NOTIC: [8] Undefined index: 45 /data1/vhosts/yaohe/core/ThinkPHP/Library/Think/Tree.class.php 第 47 行.
NOTIC: [8] Undefined index: 46 /data1/vhosts/yaohe/core/ThinkPHP/Library/Think/Tree.class.php 第 47 行.
NOTIC: [8] Undefined index: 47 /data1/vhosts/yaohe/core/ThinkPHP/Library/Think/Tree.class.php 第 47 行.
NOTIC: [8] Undefined index: 48 /data1/vhosts/yaohe/core/ThinkPHP/Library/Think/Tree.class.php 第 47 行.
NOTIC: [8] Undefined index: 49 /data1/vhosts/yaohe/core/ThinkPHP/Library/Think/Tree.class.php 第 47 行.
NOTIC: [8] Undefined index: 52 /data1/vhosts/yaohe/core/ThinkPHP/Library/Think/Tree.class.php 第 47 行.
NOTIC: [8] Undefined index: 53 /data1/vhosts/yaohe/core/ThinkPHP/Library/Think/Tree.class.php 第 47 行.
NOTIC: [8] Undefined index: 55 /data1/vhosts/yaohe/core/ThinkPHP/Library/Think/Tree.class.php 第 47 行.
NOTIC: [8] Undefined index: 56 /data1/vhosts/yaohe/core/ThinkPHP/Library/Think/Tree.class.php 第 47 行.
NOTIC: [8] Undefined index: 57 /data1/vhosts/yaohe/core/ThinkPHP/Library/Think/Tree.class.php 第 47 行.
NOTIC: [8] Undefined index: 58 /data1/vhosts/yaohe/core/ThinkPHP/Library/Think/Tree.class.php 第 47 行.
NOTIC: [8] Undefined index: 59 /data1/vhosts/yaohe/core/ThinkPHP/Library/Think/Tree.class.php 第 47 行.
NOTIC: [8] Undefined index: 60 /data1/vhosts/yaohe/core/ThinkPHP/Library/Think/Tree.class.php 第 47 行.
NOTIC: [8] Undefined index: 61 /data1/vhosts/yaohe/core/ThinkPHP/Library/Think/Tree.class.php 第 47 行.
NOTIC: [8] Undefined index: 62 /data1/vhosts/yaohe/core/ThinkPHP/Library/Think/Tree.class.php 第 47 行.
NOTIC: [8] Undefined index: 63 /data1/vhosts/yaohe/core/ThinkPHP/Library/Think/Tree.class.php 第 47 行.
NOTIC: [8] Undefined index: 64 /data1/vhosts/yaohe/core/ThinkPHP/Library/Think/Tree.class.php 第 47 行.
NOTIC: [8] Undefined index: 65 /data1/vhosts/yaohe/core/ThinkPHP/Library/Think/Tree.class.php 第 47 行.
NOTIC: [8] Undefined index: 66 /data1/vhosts/yaohe/core/ThinkPHP/Library/Think/Tree.class.php 第 47 行.
NOTIC: [8] Undefined index: 67 /data1/vhosts/yaohe/core/ThinkPHP/Library/Think/Tree.class.php 第 47 行.
NOTIC: [8] Undefined index: 68 /data1/vhosts/yaohe/core/ThinkPHP/Library/Think/Tree.class.php 第 47 行.
NOTIC: [8] Undefined index: 69 /data1/vhosts/yaohe/core/ThinkPHP/Library/Think/Tree.class.php 第 47 行.
NOTIC: [8] Undefined index: 70 /data1/vhosts/yaohe/core/ThinkPHP/Library/Think/Tree.class.php 第 47 行.
NOTIC: [8] Undefined index: 71 /data1/vhosts/yaohe/core/ThinkPHP/Library/Think/Tree.class.php 第 47 行.
NOTIC: [8] Undefined index: 72 /data1/vhosts/yaohe/core/ThinkPHP/Library/Think/Tree.class.php 第 47 行.
NOTIC: [8] Undefined index: 73 /data1/vhosts/yaohe/core/ThinkPHP/Library/Think/Tree.class.php 第 47 行.
NOTIC: [8] Undefined index: 74 /data1/vhosts/yaohe/core/ThinkPHP/Library/Think/Tree.class.php 第 47 行.
NOTIC: [8] Undefined index: 75 /data1/vhosts/yaohe/core/ThinkPHP/Library/Think/Tree.class.php 第 47 行.
NOTIC: [8] Undefined index: 77 /data1/vhosts/yaohe/core/ThinkPHP/Library/Think/Tree.class.php 第 47 行.
NOTIC: [8] Undefined index: 78 /data1/vhosts/yaohe/core/ThinkPHP/Library/Think/Tree.class.php 第 47 行.
NOTIC: [8] Undefined index: 79 /data1/vhosts/yaohe/core/ThinkPHP/Library/Think/Tree.class.php 第 47 行.
NOTIC: [8] Undefined index: 80 /data1/vhosts/yaohe/core/ThinkPHP/Library/Think/Tree.class.php 第 47 行.
NOTIC: [8] Undefined index: 81 /data1/vhosts/yaohe/core/ThinkPHP/Library/Think/Tree.class.php 第 47 行.
NOTIC: [8] Undefined index: 82 /data1/vhosts/yaohe/core/ThinkPHP/Library/Think/Tree.class.php 第 47 行.
NOTIC: [8] Undefined index: 83 /data1/vhosts/yaohe/core/ThinkPHP/Library/Think/Tree.class.php 第 47 行.
NOTIC: [8] Undefined index: 84 /data1/vhosts/yaohe/core/ThinkPHP/Library/Think/Tree.class.php 第 47 行.
NOTIC: [8] Undefined index: 85 /data1/vhosts/yaohe/core/ThinkPHP/Library/Think/Tree.class.php 第 47 行.
NOTIC: [8] Undefined index: 86 /data1/vhosts/yaohe/core/ThinkPHP/Library/Think/Tree.class.php 第 47 行.
NOTIC: [8] Undefined index: 87 /data1/vhosts/yaohe/core/ThinkPHP/Library/Think/Tree.class.php 第 47 行.
NOTIC: [8] Undefined index: 89 /data1/vhosts/yaohe/core/ThinkPHP/Library/Think/Tree.class.php 第 47 行.
NOTIC: [8] Undefined index: 90 /data1/vhosts/yaohe/core/ThinkPHP/Library/Think/Tree.class.php 第 47 行.
NOTIC: [8] Undefined index: 91 /data1/vhosts/yaohe/core/ThinkPHP/Library/Think/Tree.class.php 第 47 行.
NOTIC: [8] Undefined index: 92 /data1/vhosts/yaohe/core/ThinkPHP/Library/Think/Tree.class.php 第 47 行.
NOTIC: [8] Undefined index: 93 /data1/vhosts/yaohe/core/ThinkPHP/Library/Think/Tree.class.php 第 47 行.
NOTIC: [8] Undefined index: 94 /data1/vhosts/yaohe/core/ThinkPHP/Library/Think/Tree.class.php 第 47 行.
NOTIC: [8] Undefined index: 96 /data1/vhosts/yaohe/core/ThinkPHP/Library/Think/Tree.class.php 第 47 行.
NOTIC: [8] Undefined index: 97 /data1/vhosts/yaohe/core/ThinkPHP/Library/Think/Tree.class.php 第 47 行.
NOTIC: [8] Undefined index: 98 /data1/vhosts/yaohe/core/ThinkPHP/Library/Think/Tree.class.php 第 47 行.
NOTIC: [8] Undefined index: 99 /data1/vhosts/yaohe/core/ThinkPHP/Library/Think/Tree.class.php 第 47 行.
NOTIC: [8] Undefined index: 100 /data1/vhosts/yaohe/core/ThinkPHP/Library/Think/Tree.class.php 第 47 行.
NOTIC: [8] Undefined index: 101 /data1/vhosts/yaohe/core/ThinkPHP/Library/Think/Tree.class.php 第 47 行.
NOTIC: [8] Undefined index: 102 /data1/vhosts/yaohe/core/ThinkPHP/Library/Think/Tree.class.php 第 47 行.
NOTIC: [8] Undefined index: 103 /data1/vhosts/yaohe/core/ThinkPHP/Library/Think/Tree.class.php 第 47 行.
NOTIC: [8] Undefined index: 104 /data1/vhosts/yaohe/core/ThinkPHP/Library/Think/Tree.class.php 第 47 行.
NOTIC: [8] Undefined index: 105 /data1/vhosts/yaohe/core/ThinkPHP/Library/Think/Tree.class.php 第 47 行.
NOTIC: [8] Undefined index: 106 /data1/vhosts/yaohe/core/ThinkPHP/Library/Think/Tree.class.php 第 47 行.
NOTIC: [8] Undefined index: 107 /data1/vhosts/yaohe/core/ThinkPHP/Library/Think/Tree.class.php 第 47 行.
NOTIC: [8] Undefined index: 108 /data1/vhosts/yaohe/core/ThinkPHP/Library/Think/Tree.class.php 第 47 行.
NOTIC: [8] Undefined index: 109 /data1/vhosts/yaohe/core/ThinkPHP/Library/Think/Tree.class.php 第 47 行.
NOTIC: [8] Undefined index: 111 /data1/vhosts/yaohe/core/ThinkPHP/Library/Think/Tree.class.php 第 47 行.
NOTIC: [8] Undefined index: 112 /data1/vhosts/yaohe/core/ThinkPHP/Library/Think/Tree.class.php 第 47 行.
NOTIC: [8] Undefined index: 113 /data1/vhosts/yaohe/core/ThinkPHP/Library/Think/Tree.class.php 第 47 行.
NOTIC: [8] Undefined index: 114 /data1/vhosts/yaohe/core/ThinkPHP/Library/Think/Tree.class.php 第 47 行.
NOTIC: [8] Undefined index: 115 /data1/vhosts/yaohe/core/ThinkPHP/Library/Think/Tree.class.php 第 47 行.
NOTIC: [8] Undefined index: 116 /data1/vhosts/yaohe/core/ThinkPHP/Library/Think/Tree.class.php 第 47 行.
NOTIC: [8] Undefined index: 117 /data1/vhosts/yaohe/core/ThinkPHP/Library/Think/Tree.class.php 第 47 行.
NOTIC: [8] Undefined index: 118 /data1/vhosts/yaohe/core/ThinkPHP/Library/Think/Tree.class.php 第 47 行.
NOTIC: [8] Undefined index: 119 /data1/vhosts/yaohe/core/ThinkPHP/Library/Think/Tree.class.php 第 47 行.
NOTIC: [8] Undefined index: 120 /data1/vhosts/yaohe/core/ThinkPHP/Library/Think/Tree.class.php 第 47 行.
NOTIC: [8] Undefined index: 121 /data1/vhosts/yaohe/core/ThinkPHP/Library/Think/Tree.class.php 第 47 行.
NOTIC: [8] Undefined index: 122 /data1/vhosts/yaohe/core/ThinkPHP/Library/Think/Tree.class.php 第 47 行.
NOTIC: [8] Undefined index: 123 /data1/vhosts/yaohe/core/ThinkPHP/Library/Think/Tree.class.php 第 47 行.
NOTIC: [8] Undefined index: 125 /data1/vhosts/yaohe/core/ThinkPHP/Library/Think/Tree.class.php 第 47 行.
NOTIC: [8] Undefined index: 126 /data1/vhosts/yaohe/core/ThinkPHP/Library/Think/Tree.class.php 第 47 行.
NOTIC: [8] Undefined index: 127 /data1/vhosts/yaohe/core/ThinkPHP/Library/Think/Tree.class.php 第 47 行.
NOTIC: [8] Undefined index: 128 /data1/vhosts/yaohe/core/ThinkPHP/Library/Think/Tree.class.php 第 47 行.
NOTIC: [8] Undefined index: 130 /data1/vhosts/yaohe/core/ThinkPHP/Library/Think/Tree.class.php 第 47 行.
NOTIC: [8] Undefined index: 131 /data1/vhosts/yaohe/core/ThinkPHP/Library/Think/Tree.class.php 第 47 行.
NOTIC: [8] Undefined index: 132 /data1/vhosts/yaohe/core/ThinkPHP/Library/Think/Tree.class.php 第 47 行.
NOTIC: [8] Undefined index: 133 /data1/vhosts/yaohe/core/ThinkPHP/Library/Think/Tree.class.php 第 47 行.
NOTIC: [8] Undefined index: 134 /data1/vhosts/yaohe/core/ThinkPHP/Library/Think/Tree.class.php 第 47 行.
NOTIC: [8] Undefined index: 135 /data1/vhosts/yaohe/core/ThinkPHP/Library/Think/Tree.class.php 第 47 行.
NOTIC: [8] Undefined index: 137 /data1/vhosts/yaohe/core/ThinkPHP/Library/Think/Tree.class.php 第 47 行.
NOTIC: [8] Undefined index: 138 /data1/vhosts/yaohe/core/ThinkPHP/Library/Think/Tree.class.php 第 47 行.
NOTIC: [8] Undefined index: 139 /data1/vhosts/yaohe/core/ThinkPHP/Library/Think/Tree.class.php 第 47 行.
NOTIC: [8] Undefined index: 140 /data1/vhosts/yaohe/core/ThinkPHP/Library/Think/Tree.class.php 第 47 行.
NOTIC: [8] Undefined index: 142 /data1/vhosts/yaohe/core/ThinkPHP/Library/Think/Tree.class.php 第 47 行.
NOTIC: [8] Undefined index: 143 /data1/vhosts/yaohe/core/ThinkPHP/Library/Think/Tree.class.php 第 47 行.
NOTIC: [8] Undefined index: 144 /data1/vhosts/yaohe/core/ThinkPHP/Library/Think/Tree.class.php 第 47 行.
NOTIC: [8] Undefined index: 145 /data1/vhosts/yaohe/core/ThinkPHP/Library/Think/Tree.class.php 第 47 行.
NOTIC: [8] Undefined index: 146 /data1/vhosts/yaohe/core/ThinkPHP/Library/Think/Tree.class.php 第 47 行.
NOTIC: [8] Undefined index: 147 /data1/vhosts/yaohe/core/ThinkPHP/Library/Think/Tree.class.php 第 47 行.
NOTIC: [8] Undefined index: 149 /data1/vhosts/yaohe/core/ThinkPHP/Library/Think/Tree.class.php 第 47 行.
NOTIC: [8] Undefined index: 150 /data1/vhosts/yaohe/core/ThinkPHP/Library/Think/Tree.class.php 第 47 行.
NOTIC: [8] Undefined index: 151 /data1/vhosts/yaohe/core/ThinkPHP/Library/Think/Tree.class.php 第 47 行.
NOTIC: [8] Undefined index: 152 /data1/vhosts/yaohe/core/ThinkPHP/Library/Think/Tree.class.php 第 47 行.
NOTIC: [8] Undefined index: 154 /data1/vhosts/yaohe/core/ThinkPHP/Library/Think/Tree.class.php 第 47 行.
NOTIC: [8] Undefined index: 155 /data1/vhosts/yaohe/core/ThinkPHP/Library/Think/Tree.class.php 第 47 行.
NOTIC: [8] Undefined index: 156 /data1/vhosts/yaohe/core/ThinkPHP/Library/Think/Tree.class.php 第 47 行.
NOTIC: [8] Undefined index: 157 /data1/vhosts/yaohe/core/ThinkPHP/Library/Think/Tree.class.php 第 47 行.
INFO: [ view_parse ] --START--
INFO: [ template_filter ] --START--
INFO: Run Behavior\ContentReplaceBehavior [ RunTime:0.000077s ]
INFO: [ template_filter ] --END-- [ RunTime:0.000166s ]
INFO: Run Behavior\ParseTemplateBehavior [ RunTime:0.009380s ]
INFO: [ view_parse ] --END-- [ RunTime:0.009471s ]
INFO: [ view_filter ] --START--
INFO: Run Behavior\WriteHtmlCacheBehavior [ RunTime:0.000182s ]
INFO: [ view_filter ] --END-- [ RunTime:0.000257s ]
INFO: [ app_end ] --START--
INFO: Run Behavior\ShowPageTraceBehavior [ RunTime:0.000619s ]
INFO: [ app_end ] --END-- [ RunTime:0.000721s ]

[ 2015-07-08T09:24:10+08:00 ] 106.39.50.154 /?c=Classify
INFO: [ app_init ] --START--
INFO: Run Behavior\BuildLiteBehavior [ RunTime:0.000023s ]
INFO: [ app_init ] --END-- [ RunTime:0.000455s ]
INFO: [ app_begin ] --START--
INFO: Run Behavior\ReadHtmlCacheBehavior [ RunTime:0.000570s ]
INFO: [ app_begin ] --END-- [ RunTime:0.000669s ]
SQL: SHOW COLUMNS FROM `ht_role` [ RunTime:0.001052s ]
SQL: SELECT * FROM `ht_role` WHERE ( `id` = 1 ) LIMIT 1   [ RunTime:0.000332s ]
SQL: SHOW COLUMNS FROM `ht_classify` [ RunTime:0.000888s ]
SQL: SELECT COUNT(*) AS tp_count FROM `ht_classify` LIMIT 1   [ RunTime:0.000196s ]
SQL: SELECT * FROM `ht_classify` ORDER BY id desc LIMIT 0,10   [ RunTime:0.000298s ]
INFO: [ view_parse ] --START--
INFO: [ template_filter ] --START--
INFO: Run Behavior\ContentReplaceBehavior [ RunTime:0.000186s ]
INFO: [ template_filter ] --END-- [ RunTime:0.000286s ]
INFO: Run Behavior\ParseTemplateBehavior [ RunTime:0.021687s ]
INFO: [ view_parse ] --END-- [ RunTime:0.021787s ]
INFO: [ view_filter ] --START--
INFO: Run Behavior\WriteHtmlCacheBehavior [ RunTime:0.000194s ]
INFO: [ view_filter ] --END-- [ RunTime:0.000278s ]
INFO: [ app_end ] --START--
INFO: Run Behavior\ShowPageTraceBehavior [ RunTime:0.000742s ]
INFO: [ app_end ] --END-- [ RunTime:0.000857s ]

[ 2015-07-08T09:24:11+08:00 ] 106.39.50.154 /?c=Classify&a=ajax_list&pageNum=1
INFO: [ app_init ] --START--
INFO: Run Behavior\BuildLiteBehavior [ RunTime:0.000022s ]
INFO: [ app_init ] --END-- [ RunTime:0.000464s ]
INFO: [ app_begin ] --START--
INFO: Run Behavior\ReadHtmlCacheBehavior [ RunTime:0.000589s ]
INFO: [ app_begin ] --END-- [ RunTime:0.000679s ]
SQL: SHOW COLUMNS FROM `ht_role` [ RunTime:0.000961s ]
SQL: SELECT * FROM `ht_role` WHERE ( `id` = 1 ) LIMIT 1   [ RunTime:0.000228s ]
SQL: SHOW COLUMNS FROM `ht_classify` [ RunTime:0.000999s ]
SQL: SELECT * FROM `ht_classify` ORDER BY parentid asc,order_num asc,id asc  [ RunTime:0.000386s ]
NOTIC: [8] Undefined index: 24 /data1/vhosts/yaohe/core/ThinkPHP/Library/Think/Tree.class.php 第 47 行.
NOTIC: [8] Undefined index: 25 /data1/vhosts/yaohe/core/ThinkPHP/Library/Think/Tree.class.php 第 47 行.
NOTIC: [8] Undefined index: 26 /data1/vhosts/yaohe/core/ThinkPHP/Library/Think/Tree.class.php 第 47 行.
NOTIC: [8] Undefined index: 27 /data1/vhosts/yaohe/core/ThinkPHP/Library/Think/Tree.class.php 第 47 行.
NOTIC: [8] Undefined index: 28 /data1/vhosts/yaohe/core/ThinkPHP/Library/Think/Tree.class.php 第 47 行.
NOTIC: [8] Undefined index: 29 /data1/vhosts/yaohe/core/ThinkPHP/Library/Think/Tree.class.php 第 47 行.
NOTIC: [8] Undefined index: 30 /data1/vhosts/yaohe/core/ThinkPHP/Library/Think/Tree.class.php 第 47 行.
NOTIC: [8] Undefined index: 31 /data1/vhosts/yaohe/core/ThinkPHP/Library/Think/Tree.class.php 第 47 行.
NOTIC: [8] Undefined index: 32 /data1/vhosts/yaohe/core/ThinkPHP/Library/Think/Tree.class.php 第 47 行.
NOTIC: [8] Undefined index: 33 /data1/vhosts/yaohe/core/ThinkPHP/Library/Think/Tree.class.php 第 47 行.
NOTIC: [8] Undefined index: 34 /data1/vhosts/yaohe/core/ThinkPHP/Library/Think/Tree.class.php 第 47 行.
NOTIC: [8] Undefined index: 35 /data1/vhosts/yaohe/core/ThinkPHP/Library/Think/Tree.class.php 第 47 行.
NOTIC: [8] Undefined index: 36 /data1/vhosts/yaohe/core/ThinkPHP/Library/Think/Tree.class.php 第 47 行.
NOTIC: [8] Undefined index: 37 /data1/vhosts/yaohe/core/ThinkPHP/Library/Think/Tree.class.php 第 47 行.
NOTIC: [8] Undefined index: 38 /data1/vhosts/yaohe/core/ThinkPHP/Library/Think/Tree.class.php 第 47 行.
NOTIC: [8] Undefined index: 39 /data1/vhosts/yaohe/core/ThinkPHP/Library/Think/Tree.class.php 第 47 行.
NOTIC: [8] Undefined index: 40 /data1/vhosts/yaohe/core/ThinkPHP/Library/Think/Tree.class.php 第 47 行.
NOTIC: [8] Undefined index: 41 /data1/vhosts/yaohe/core/ThinkPHP/Library/Think/Tree.class.php 第 47 行.
NOTIC: [8] Undefined index: 42 /data1/vhosts/yaohe/core/ThinkPHP/Library/Think/Tree.class.php 第 47 行.
NOTIC: [8] Undefined index: 43 /data1/vhosts/yaohe/core/ThinkPHP/Library/Think/Tree.class.php 第 47 行.
NOTIC: [8] Undefined index: 44 /data1/vhosts/yaohe/core/ThinkPHP/Library/Think/Tree.class.php 第 47 行.
NOTIC: [8] Undefined index: 45 /data1/vhosts/yaohe/core/ThinkPHP/Library/Think/Tree.class.php 第 47 行.
NOTIC: [8] Undefined index: 46 /data1/vhosts/yaohe/core/ThinkPHP/Library/Think/Tree.class.php 第 47 行.
NOTIC: [8] Undefined index: 47 /data1/vhosts/yaohe/core/ThinkPHP/Library/Think/Tree.class.php 第 47 行.
NOTIC: [8] Undefined index: 48 /data1/vhosts/yaohe/core/ThinkPHP/Library/Think/Tree.class.php 第 47 行.
NOTIC: [8] Undefined index: 49 /data1/vhosts/yaohe/core/ThinkPHP/Library/Think/Tree.class.php 第 47 行.
NOTIC: [8] Undefined index: 52 /data1/vhosts/yaohe/core/ThinkPHP/Library/Think/Tree.class.php 第 47 行.
NOTIC: [8] Undefined index: 53 /data1/vhosts/yaohe/core/ThinkPHP/Library/Think/Tree.class.php 第 47 行.
NOTIC: [8] Undefined index: 55 /data1/vhosts/yaohe/core/ThinkPHP/Library/Think/Tree.class.php 第 47 行.
NOTIC: [8] Undefined index: 56 /data1/vhosts/yaohe/core/ThinkPHP/Library/Think/Tree.class.php 第 47 行.
NOTIC: [8] Undefined index: 57 /data1/vhosts/yaohe/core/ThinkPHP/Library/Think/Tree.class.php 第 47 行.
NOTIC: [8] Undefined index: 58 /data1/vhosts/yaohe/core/ThinkPHP/Library/Think/Tree.class.php 第 47 行.
NOTIC: [8] Undefined index: 59 /data1/vhosts/yaohe/core/ThinkPHP/Library/Think/Tree.class.php 第 47 行.
NOTIC: [8] Undefined index: 60 /data1/vhosts/yaohe/core/ThinkPHP/Library/Think/Tree.class.php 第 47 行.
NOTIC: [8] Undefined index: 61 /data1/vhosts/yaohe/core/ThinkPHP/Library/Think/Tree.class.php 第 47 行.
NOTIC: [8] Undefined index: 62 /data1/vhosts/yaohe/core/ThinkPHP/Library/Think/Tree.class.php 第 47 行.
NOTIC: [8] Undefined index: 63 /data1/vhosts/yaohe/core/ThinkPHP/Library/Think/Tree.class.php 第 47 行.
NOTIC: [8] Undefined index: 64 /data1/vhosts/yaohe/core/ThinkPHP/Library/Think/Tree.class.php 第 47 行.
NOTIC: [8] Undefined index: 65 /data1/vhosts/yaohe/core/ThinkPHP/Library/Think/Tree.class.php 第 47 行.
NOTIC: [8] Undefined index: 66 /data1/vhosts/yaohe/core/ThinkPHP/Library/Think/Tree.class.php 第 47 行.
NOTIC: [8] Undefined index: 67 /data1/vhosts/yaohe/core/ThinkPHP/Library/Think/Tree.class.php 第 47 行.
NOTIC: [8] Undefined index: 68 /data1/vhosts/yaohe/core/ThinkPHP/Library/Think/Tree.class.php 第 47 行.
NOTIC: [8] Undefined index: 69 /data1/vhosts/yaohe/core/ThinkPHP/Library/Think/Tree.class.php 第 47 行.
NOTIC: [8] Undefined index: 70 /data1/vhosts/yaohe/core/ThinkPHP/Library/Think/Tree.class.php 第 47 行.
NOTIC: [8] Undefined index: 71 /data1/vhosts/yaohe/core/ThinkPHP/Library/Think/Tree.class.php 第 47 行.
NOTIC: [8] Undefined index: 72 /data1/vhosts/yaohe/core/ThinkPHP/Library/Think/Tree.class.php 第 47 行.
NOTIC: [8] Undefined index: 73 /data1/vhosts/yaohe/core/ThinkPHP/Library/Think/Tree.class.php 第 47 行.
NOTIC: [8] Undefined index: 74 /data1/vhosts/yaohe/core/ThinkPHP/Library/Think/Tree.class.php 第 47 行.
NOTIC: [8] Undefined index: 75 /data1/vhosts/yaohe/core/ThinkPHP/Library/Think/Tree.class.php 第 47 行.
NOTIC: [8] Undefined index: 77 /data1/vhosts/yaohe/core/ThinkPHP/Library/Think/Tree.class.php 第 47 行.
NOTIC: [8] Undefined index: 78 /data1/vhosts/yaohe/core/ThinkPHP/Library/Think/Tree.class.php 第 47 行.
NOTIC: [8] Undefined index: 79 /data1/vhosts/yaohe/core/ThinkPHP/Library/Think/Tree.class.php 第 47 行.
NOTIC: [8] Undefined index: 80 /data1/vhosts/yaohe/core/ThinkPHP/Library/Think/Tree.class.php 第 47 行.
NOTIC: [8] Undefined index: 81 /data1/vhosts/yaohe/core/ThinkPHP/Library/Think/Tree.class.php 第 47 行.
NOTIC: [8] Undefined index: 82 /data1/vhosts/yaohe/core/ThinkPHP/Library/Think/Tree.class.php 第 47 行.
NOTIC: [8] Undefined index: 83 /data1/vhosts/yaohe/core/ThinkPHP/Library/Think/Tree.class.php 第 47 行.
NOTIC: [8] Undefined index: 84 /data1/vhosts/yaohe/core/ThinkPHP/Library/Think/Tree.class.php 第 47 行.
NOTIC: [8] Undefined index: 85 /data1/vhosts/yaohe/core/ThinkPHP/Library/Think/Tree.class.php 第 47 行.
NOTIC: [8] Undefined index: 86 /data1/vhosts/yaohe/core/ThinkPHP/Library/Think/Tree.class.php 第 47 行.
NOTIC: [8] Undefined index: 87 /data1/vhosts/yaohe/core/ThinkPHP/Library/Think/Tree.class.php 第 47 行.
NOTIC: [8] Undefined index: 89 /data1/vhosts/yaohe/core/ThinkPHP/Library/Think/Tree.class.php 第 47 行.
NOTIC: [8] Undefined index: 90 /data1/vhosts/yaohe/core/ThinkPHP/Library/Think/Tree.class.php 第 47 行.
NOTIC: [8] Undefined index: 91 /data1/vhosts/yaohe/core/ThinkPHP/Library/Think/Tree.class.php 第 47 行.
NOTIC: [8] Undefined index: 92 /data1/vhosts/yaohe/core/ThinkPHP/Library/Think/Tree.class.php 第 47 行.
NOTIC: [8] Undefined index: 93 /data1/vhosts/yaohe/core/ThinkPHP/Library/Think/Tree.class.php 第 47 行.
NOTIC: [8] Undefined index: 94 /data1/vhosts/yaohe/core/ThinkPHP/Library/Think/Tree.class.php 第 47 行.
NOTIC: [8] Undefined index: 96 /data1/vhosts/yaohe/core/ThinkPHP/Library/Think/Tree.class.php 第 47 行.
NOTIC: [8] Undefined index: 97 /data1/vhosts/yaohe/core/ThinkPHP/Library/Think/Tree.class.php 第 47 行.
NOTIC: [8] Undefined index: 98 /data1/vhosts/yaohe/core/ThinkPHP/Library/Think/Tree.class.php 第 47 行.
NOTIC: [8] Undefined index: 99 /data1/vhosts/yaohe/core/ThinkPHP/Library/Think/Tree.class.php 第 47 行.
NOTIC: [8] Undefined index: 100 /data1/vhosts/yaohe/core/ThinkPHP/Library/Think/Tree.class.php 第 47 行.
NOTIC: [8] Undefined index: 101 /data1/vhosts/yaohe/core/ThinkPHP/Library/Think/Tree.class.php 第 47 行.
NOTIC: [8] Undefined index: 102 /data1/vhosts/yaohe/core/ThinkPHP/Library/Think/Tree.class.php 第 47 行.
NOTIC: [8] Undefined index: 103 /data1/vhosts/yaohe/core/ThinkPHP/Library/Think/Tree.class.php 第 47 行.
NOTIC: [8] Undefined index: 104 /data1/vhosts/yaohe/core/ThinkPHP/Library/Think/Tree.class.php 第 47 行.
NOTIC: [8] Undefined index: 105 /data1/vhosts/yaohe/core/ThinkPHP/Library/Think/Tree.class.php 第 47 行.
NOTIC: [8] Undefined index: 106 /data1/vhosts/yaohe/core/ThinkPHP/Library/Think/Tree.class.php 第 47 行.
NOTIC: [8] Undefined index: 107 /data1/vhosts/yaohe/core/ThinkPHP/Library/Think/Tree.class.php 第 47 行.
NOTIC: [8] Undefined index: 108 /data1/vhosts/yaohe/core/ThinkPHP/Library/Think/Tree.class.php 第 47 行.
NOTIC: [8] Undefined index: 109 /data1/vhosts/yaohe/core/ThinkPHP/Library/Think/Tree.class.php 第 47 行.
NOTIC: [8] Undefined index: 111 /data1/vhosts/yaohe/core/ThinkPHP/Library/Think/Tree.class.php 第 47 行.
NOTIC: [8] Undefined index: 112 /data1/vhosts/yaohe/core/ThinkPHP/Library/Think/Tree.class.php 第 47 行.
NOTIC: [8] Undefined index: 113 /data1/vhosts/yaohe/core/ThinkPHP/Library/Think/Tree.class.php 第 47 行.
NOTIC: [8] Undefined index: 114 /data1/vhosts/yaohe/core/ThinkPHP/Library/Think/Tree.class.php 第 47 行.
NOTIC: [8] Undefined index: 115 /data1/vhosts/yaohe/core/ThinkPHP/Library/Think/Tree.class.php 第 47 行.
NOTIC: [8] Undefined index: 116 /data1/vhosts/yaohe/core/ThinkPHP/Library/Think/Tree.class.php 第 47 行.
NOTIC: [8] Undefined index: 117 /data1/vhosts/yaohe/core/ThinkPHP/Library/Think/Tree.class.php 第 47 行.
NOTIC: [8] Undefined index: 118 /data1/vhosts/yaohe/core/ThinkPHP/Library/Think/Tree.class.php 第 47 行.
NOTIC: [8] Undefined index: 119 /data1/vhosts/yaohe/core/ThinkPHP/Library/Think/Tree.class.php 第 47 行.
NOTIC: [8] Undefined index: 120 /data1/vhosts/yaohe/core/ThinkPHP/Library/Think/Tree.class.php 第 47 行.
NOTIC: [8] Undefined index: 121 /data1/vhosts/yaohe/core/ThinkPHP/Library/Think/Tree.class.php 第 47 行.
NOTIC: [8] Undefined index: 122 /data1/vhosts/yaohe/core/ThinkPHP/Library/Think/Tree.class.php 第 47 行.
NOTIC: [8] Undefined index: 123 /data1/vhosts/yaohe/core/ThinkPHP/Library/Think/Tree.class.php 第 47 行.
NOTIC: [8] Undefined index: 125 /data1/vhosts/yaohe/core/ThinkPHP/Library/Think/Tree.class.php 第 47 行.
NOTIC: [8] Undefined index: 126 /data1/vhosts/yaohe/core/ThinkPHP/Library/Think/Tree.class.php 第 47 行.
NOTIC: [8] Undefined index: 127 /data1/vhosts/yaohe/core/ThinkPHP/Library/Think/Tree.class.php 第 47 行.
NOTIC: [8] Undefined index: 128 /data1/vhosts/yaohe/core/ThinkPHP/Library/Think/Tree.class.php 第 47 行.
NOTIC: [8] Undefined index: 130 /data1/vhosts/yaohe/core/ThinkPHP/Library/Think/Tree.class.php 第 47 行.
NOTIC: [8] Undefined index: 131 /data1/vhosts/yaohe/core/ThinkPHP/Library/Think/Tree.class.php 第 47 行.
NOTIC: [8] Undefined index: 132 /data1/vhosts/yaohe/core/ThinkPHP/Library/Think/Tree.class.php 第 47 行.
NOTIC: [8] Undefined index: 133 /data1/vhosts/yaohe/core/ThinkPHP/Library/Think/Tree.class.php 第 47 行.
NOTIC: [8] Undefined index: 134 /data1/vhosts/yaohe/core/ThinkPHP/Library/Think/Tree.class.php 第 47 行.
NOTIC: [8] Undefined index: 135 /data1/vhosts/yaohe/core/ThinkPHP/Library/Think/Tree.class.php 第 47 行.
NOTIC: [8] Undefined index: 137 /data1/vhosts/yaohe/core/ThinkPHP/Library/Think/Tree.class.php 第 47 行.
NOTIC: [8] Undefined index: 138 /data1/vhosts/yaohe/core/ThinkPHP/Library/Think/Tree.class.php 第 47 行.
NOTIC: [8] Undefined index: 139 /data1/vhosts/yaohe/core/ThinkPHP/Library/Think/Tree.class.php 第 47 行.
NOTIC: [8] Undefined index: 140 /data1/vhosts/yaohe/core/ThinkPHP/Library/Think/Tree.class.php 第 47 行.
NOTIC: [8] Undefined index: 142 /data1/vhosts/yaohe/core/ThinkPHP/Library/Think/Tree.class.php 第 47 行.
NOTIC: [8] Undefined index: 143 /data1/vhosts/yaohe/core/ThinkPHP/Library/Think/Tree.class.php 第 47 行.
NOTIC: [8] Undefined index: 144 /data1/vhosts/yaohe/core/ThinkPHP/Library/Think/Tree.class.php 第 47 行.
NOTIC: [8] Undefined index: 145 /data1/vhosts/yaohe/core/ThinkPHP/Library/Think/Tree.class.php 第 47 行.
NOTIC: [8] Undefined index: 146 /data1/vhosts/yaohe/core/ThinkPHP/Library/Think/Tree.class.php 第 47 行.
NOTIC: [8] Undefined index: 147 /data1/vhosts/yaohe/core/ThinkPHP/Library/Think/Tree.class.php 第 47 行.
NOTIC: [8] Undefined index: 149 /data1/vhosts/yaohe/core/ThinkPHP/Library/Think/Tree.class.php 第 47 行.
NOTIC: [8] Undefined index: 150 /data1/vhosts/yaohe/core/ThinkPHP/Library/Think/Tree.class.php 第 47 行.
NOTIC: [8] Undefined index: 151 /data1/vhosts/yaohe/core/ThinkPHP/Library/Think/Tree.class.php 第 47 行.
NOTIC: [8] Undefined index: 152 /data1/vhosts/yaohe/core/ThinkPHP/Library/Think/Tree.class.php 第 47 行.
NOTIC: [8] Undefined index: 154 /data1/vhosts/yaohe/core/ThinkPHP/Library/Think/Tree.class.php 第 47 行.
NOTIC: [8] Undefined index: 155 /data1/vhosts/yaohe/core/ThinkPHP/Library/Think/Tree.class.php 第 47 行.
NOTIC: [8] Undefined index: 156 /data1/vhosts/yaohe/core/ThinkPHP/Library/Think/Tree.class.php 第 47 行.
NOTIC: [8] Undefined index: 157 /data1/vhosts/yaohe/core/ThinkPHP/Library/Think/Tree.class.php 第 47 行.
NOTIC: [8] Undefined index: 24 /data1/vhosts/yaohe/core/ThinkPHP/Library/Think/Tree.class.php 第 47 行.
NOTIC: [8] Undefined index: 25 /data1/vhosts/yaohe/core/ThinkPHP/Library/Think/Tree.class.php 第 47 行.
NOTIC: [8] Undefined index: 26 /data1/vhosts/yaohe/core/ThinkPHP/Library/Think/Tree.class.php 第 47 行.
NOTIC: [8] Undefined index: 27 /data1/vhosts/yaohe/core/ThinkPHP/Library/Think/Tree.class.php 第 47 行.
NOTIC: [8] Undefined index: 28 /data1/vhosts/yaohe/core/ThinkPHP/Library/Think/Tree.class.php 第 47 行.
NOTIC: [8] Undefined index: 29 /data1/vhosts/yaohe/core/ThinkPHP/Library/Think/Tree.class.php 第 47 行.
NOTIC: [8] Undefined index: 30 /data1/vhosts/yaohe/core/ThinkPHP/Library/Think/Tree.class.php 第 47 行.
NOTIC: [8] Undefined index: 31 /data1/vhosts/yaohe/core/ThinkPHP/Library/Think/Tree.class.php 第 47 行.
NOTIC: [8] Undefined index: 32 /data1/vhosts/yaohe/core/ThinkPHP/Library/Think/Tree.class.php 第 47 行.
NOTIC: [8] Undefined index: 33 /data1/vhosts/yaohe/core/ThinkPHP/Library/Think/Tree.class.php 第 47 行.
NOTIC: [8] Undefined index: 34 /data1/vhosts/yaohe/core/ThinkPHP/Library/Think/Tree.class.php 第 47 行.
NOTIC: [8] Undefined index: 35 /data1/vhosts/yaohe/core/ThinkPHP/Library/Think/Tree.class.php 第 47 行.
NOTIC: [8] Undefined index: 36 /data1/vhosts/yaohe/core/ThinkPHP/Library/Think/Tree.class.php 第 47 行.
NOTIC: [8] Undefined index: 37 /data1/vhosts/yaohe/core/ThinkPHP/Library/Think/Tree.class.php 第 47 行.
NOTIC: [8] Undefined index: 38 /data1/vhosts/yaohe/core/ThinkPHP/Library/Think/Tree.class.php 第 47 行.
NOTIC: [8] Undefined index: 39 /data1/vhosts/yaohe/core/ThinkPHP/Library/Think/Tree.class.php 第 47 行.
NOTIC: [8] Undefined index: 40 /data1/vhosts/yaohe/core/ThinkPHP/Library/Think/Tree.class.php 第 47 行.
NOTIC: [8] Undefined index: 41 /data1/vhosts/yaohe/core/ThinkPHP/Library/Think/Tree.class.php 第 47 行.
NOTIC: [8] Undefined index: 42 /data1/vhosts/yaohe/core/ThinkPHP/Library/Think/Tree.class.php 第 47 行.
NOTIC: [8] Undefined index: 43 /data1/vhosts/yaohe/core/ThinkPHP/Library/Think/Tree.class.php 第 47 行.
NOTIC: [8] Undefined index: 44 /data1/vhosts/yaohe/core/ThinkPHP/Library/Think/Tree.class.php 第 47 行.
NOTIC: [8] Undefined index: 45 /data1/vhosts/yaohe/core/ThinkPHP/Library/Think/Tree.class.php 第 47 行.
NOTIC: [8] Undefined index: 46 /data1/vhosts/yaohe/core/ThinkPHP/Library/Think/Tree.class.php 第 47 行.
NOTIC: [8] Undefined index: 47 /data1/vhosts/yaohe/core/ThinkPHP/Library/Think/Tree.class.php 第 47 行.
NOTIC: [8] Undefined index: 48 /data1/vhosts/yaohe/core/ThinkPHP/Library/Think/Tree.class.php 第 47 行.
NOTIC: [8] Undefined index: 49 /data1/vhosts/yaohe/core/ThinkPHP/Library/Think/Tree.class.php 第 47 行.
NOTIC: [8] Undefined index: 52 /data1/vhosts/yaohe/core/ThinkPHP/Library/Think/Tree.class.php 第 47 行.
NOTIC: [8] Undefined index: 53 /data1/vhosts/yaohe/core/ThinkPHP/Library/Think/Tree.class.php 第 47 行.
NOTIC: [8] Undefined index: 55 /data1/vhosts/yaohe/core/ThinkPHP/Library/Think/Tree.class.php 第 47 行.
NOTIC: [8] Undefined index: 56 /data1/vhosts/yaohe/core/ThinkPHP/Library/Think/Tree.class.php 第 47 行.
NOTIC: [8] Undefined index: 57 /data1/vhosts/yaohe/core/ThinkPHP/Library/Think/Tree.class.php 第 47 行.
NOTIC: [8] Undefined index: 58 /data1/vhosts/yaohe/core/ThinkPHP/Library/Think/Tree.class.php 第 47 行.
NOTIC: [8] Undefined index: 59 /data1/vhosts/yaohe/core/ThinkPHP/Library/Think/Tree.class.php 第 47 行.
NOTIC: [8] Undefined index: 60 /data1/vhosts/yaohe/core/ThinkPHP/Library/Think/Tree.class.php 第 47 行.
NOTIC: [8] Undefined index: 61 /data1/vhosts/yaohe/core/ThinkPHP/Library/Think/Tree.class.php 第 47 行.
NOTIC: [8] Undefined index: 62 /data1/vhosts/yaohe/core/ThinkPHP/Library/Think/Tree.class.php 第 47 行.
NOTIC: [8] Undefined index: 63 /data1/vhosts/yaohe/core/ThinkPHP/Library/Think/Tree.class.php 第 47 行.
NOTIC: [8] Undefined index: 64 /data1/vhosts/yaohe/core/ThinkPHP/Library/Think/Tree.class.php 第 47 行.
NOTIC: [8] Undefined index: 65 /data1/vhosts/yaohe/core/ThinkPHP/Library/Think/Tree.class.php 第 47 行.
NOTIC: [8] Undefined index: 66 /data1/vhosts/yaohe/core/ThinkPHP/Library/Think/Tree.class.php 第 47 行.
NOTIC: [8] Undefined index: 67 /data1/vhosts/yaohe/core/ThinkPHP/Library/Think/Tree.class.php 第 47 行.
NOTIC: [8] Undefined index: 68 /data1/vhosts/yaohe/core/ThinkPHP/Library/Think/Tree.class.php 第 47 行.
NOTIC: [8] Undefined index: 69 /data1/vhosts/yaohe/core/ThinkPHP/Library/Think/Tree.class.php 第 47 行.
NOTIC: [8] Undefined index: 70 /data1/vhosts/yaohe/core/ThinkPHP/Library/Think/Tree.class.php 第 47 行.
NOTIC: [8] Undefined index: 71 /data1/vhosts/yaohe/core/ThinkPHP/Library/Think/Tree.class.php 第 47 行.
NOTIC: [8] Undefined index: 72 /data1/vhosts/yaohe/core/ThinkPHP/Library/Think/Tree.class.php 第 47 行.
NOTIC: [8] Undefined index: 73 /data1/vhosts/yaohe/core/ThinkPHP/Library/Think/Tree.class.php 第 47 行.
NOTIC: [8] Undefined index: 74 /data1/vhosts/yaohe/core/ThinkPHP/Library/Think/Tree.class.php 第 47 行.
NOTIC: [8] Undefined index: 75 /data1/vhosts/yaohe/core/ThinkPHP/Library/Think/Tree.class.php 第 47 行.
NOTIC: [8] Undefined index: 77 /data1/vhosts/yaohe/core/ThinkPHP/Library/Think/Tree.class.php 第 47 行.
NOTIC: [8] Undefined index: 78 /data1/vhosts/yaohe/core/ThinkPHP/Library/Think/Tree.class.php 第 47 行.
NOTIC: [8] Undefined index: 79 /data1/vhosts/yaohe/core/ThinkPHP/Library/Think/Tree.class.php 第 47 行.
NOTIC: [8] Undefined index: 80 /data1/vhosts/yaohe/core/ThinkPHP/Library/Think/Tree.class.php 第 47 行.
NOTIC: [8] Undefined index: 81 /data1/vhosts/yaohe/core/ThinkPHP/Library/Think/Tree.class.php 第 47 行.
NOTIC: [8] Undefined index: 82 /data1/vhosts/yaohe/core/ThinkPHP/Library/Think/Tree.class.php 第 47 行.
NOTIC: [8] Undefined index: 83 /data1/vhosts/yaohe/core/ThinkPHP/Library/Think/Tree.class.php 第 47 行.
NOTIC: [8] Undefined index: 84 /data1/vhosts/yaohe/core/ThinkPHP/Library/Think/Tree.class.php 第 47 行.
NOTIC: [8] Undefined index: 85 /data1/vhosts/yaohe/core/ThinkPHP/Library/Think/Tree.class.php 第 47 行.
NOTIC: [8] Undefined index: 86 /data1/vhosts/yaohe/core/ThinkPHP/Library/Think/Tree.class.php 第 47 行.
NOTIC: [8] Undefined index: 87 /data1/vhosts/yaohe/core/ThinkPHP/Library/Think/Tree.class.php 第 47 行.
NOTIC: [8] Undefined index: 89 /data1/vhosts/yaohe/core/ThinkPHP/Library/Think/Tree.class.php 第 47 行.
NOTIC: [8] Undefined index: 90 /data1/vhosts/yaohe/core/ThinkPHP/Library/Think/Tree.class.php 第 47 行.
NOTIC: [8] Undefined index: 91 /data1/vhosts/yaohe/core/ThinkPHP/Library/Think/Tree.class.php 第 47 行.
NOTIC: [8] Undefined index: 92 /data1/vhosts/yaohe/core/ThinkPHP/Library/Think/Tree.class.php 第 47 行.
NOTIC: [8] Undefined index: 93 /data1/vhosts/yaohe/core/ThinkPHP/Library/Think/Tree.class.php 第 47 行.
NOTIC: [8] Undefined index: 94 /data1/vhosts/yaohe/core/ThinkPHP/Library/Think/Tree.class.php 第 47 行.
NOTIC: [8] Undefined index: 96 /data1/vhosts/yaohe/core/ThinkPHP/Library/Think/Tree.class.php 第 47 行.
NOTIC: [8] Undefined index: 97 /data1/vhosts/yaohe/core/ThinkPHP/Library/Think/Tree.class.php 第 47 行.
NOTIC: [8] Undefined index: 98 /data1/vhosts/yaohe/core/ThinkPHP/Library/Think/Tree.class.php 第 47 行.
NOTIC: [8] Undefined index: 99 /data1/vhosts/yaohe/core/ThinkPHP/Library/Think/Tree.class.php 第 47 行.
NOTIC: [8] Undefined index: 100 /data1/vhosts/yaohe/core/ThinkPHP/Library/Think/Tree.class.php 第 47 行.
NOTIC: [8] Undefined index: 101 /data1/vhosts/yaohe/core/ThinkPHP/Library/Think/Tree.class.php 第 47 行.
NOTIC: [8] Undefined index: 102 /data1/vhosts/yaohe/core/ThinkPHP/Library/Think/Tree.class.php 第 47 行.
NOTIC: [8] Undefined index: 103 /data1/vhosts/yaohe/core/ThinkPHP/Library/Think/Tree.class.php 第 47 行.
NOTIC: [8] Undefined index: 104 /data1/vhosts/yaohe/core/ThinkPHP/Library/Think/Tree.class.php 第 47 行.
NOTIC: [8] Undefined index: 105 /data1/vhosts/yaohe/core/ThinkPHP/Library/Think/Tree.class.php 第 47 行.
NOTIC: [8] Undefined index: 106 /data1/vhosts/yaohe/core/ThinkPHP/Library/Think/Tree.class.php 第 47 行.
NOTIC: [8] Undefined index: 107 /data1/vhosts/yaohe/core/ThinkPHP/Library/Think/Tree.class.php 第 47 行.
NOTIC: [8] Undefined index: 108 /data1/vhosts/yaohe/core/ThinkPHP/Library/Think/Tree.class.php 第 47 行.
NOTIC: [8] Undefined index: 109 /data1/vhosts/yaohe/core/ThinkPHP/Library/Think/Tree.class.php 第 47 行.
NOTIC: [8] Undefined index: 111 /data1/vhosts/yaohe/core/ThinkPHP/Library/Think/Tree.class.php 第 47 行.
NOTIC: [8] Undefined index: 112 /data1/vhosts/yaohe/core/ThinkPHP/Library/Think/Tree.class.php 第 47 行.
NOTIC: [8] Undefined index: 113 /data1/vhosts/yaohe/core/ThinkPHP/Library/Think/Tree.class.php 第 47 行.
NOTIC: [8] Undefined index: 114 /data1/vhosts/yaohe/core/ThinkPHP/Library/Think/Tree.class.php 第 47 行.
NOTIC: [8] Undefined index: 115 /data1/vhosts/yaohe/core/ThinkPHP/Library/Think/Tree.class.php 第 47 行.
NOTIC: [8] Undefined index: 116 /data1/vhosts/yaohe/core/ThinkPHP/Library/Think/Tree.class.php 第 47 行.
NOTIC: [8] Undefined index: 117 /data1/vhosts/yaohe/core/ThinkPHP/Library/Think/Tree.class.php 第 47 行.
NOTIC: [8] Undefined index: 118 /data1/vhosts/yaohe/core/ThinkPHP/Library/Think/Tree.class.php 第 47 行.
NOTIC: [8] Undefined index: 119 /data1/vhosts/yaohe/core/ThinkPHP/Library/Think/Tree.class.php 第 47 行.
NOTIC: [8] Undefined index: 120 /data1/vhosts/yaohe/core/ThinkPHP/Library/Think/Tree.class.php 第 47 行.
NOTIC: [8] Undefined index: 121 /data1/vhosts/yaohe/core/ThinkPHP/Library/Think/Tree.class.php 第 47 行.
NOTIC: [8] Undefined index: 122 /data1/vhosts/yaohe/core/ThinkPHP/Library/Think/Tree.class.php 第 47 行.
NOTIC: [8] Undefined index: 123 /data1/vhosts/yaohe/core/ThinkPHP/Library/Think/Tree.class.php 第 47 行.
NOTIC: [8] Undefined index: 125 /data1/vhosts/yaohe/core/ThinkPHP/Library/Think/Tree.class.php 第 47 行.
NOTIC: [8] Undefined index: 126 /data1/vhosts/yaohe/core/ThinkPHP/Library/Think/Tree.class.php 第 47 行.
NOTIC: [8] Undefined index: 127 /data1/vhosts/yaohe/core/ThinkPHP/Library/Think/Tree.class.php 第 47 行.
NOTIC: [8] Undefined index: 128 /data1/vhosts/yaohe/core/ThinkPHP/Library/Think/Tree.class.php 第 47 行.
NOTIC: [8] Undefined index: 130 /data1/vhosts/yaohe/core/ThinkPHP/Library/Think/Tree.class.php 第 47 行.
NOTIC: [8] Undefined index: 131 /data1/vhosts/yaohe/core/ThinkPHP/Library/Think/Tree.class.php 第 47 行.
NOTIC: [8] Undefined index: 132 /data1/vhosts/yaohe/core/ThinkPHP/Library/Think/Tree.class.php 第 47 行.
NOTIC: [8] Undefined index: 133 /data1/vhosts/yaohe/core/ThinkPHP/Library/Think/Tree.class.php 第 47 行.
NOTIC: [8] Undefined index: 134 /data1/vhosts/yaohe/core/ThinkPHP/Library/Think/Tree.class.php 第 47 行.
NOTIC: [8] Undefined index: 135 /data1/vhosts/yaohe/core/ThinkPHP/Library/Think/Tree.class.php 第 47 行.
NOTIC: [8] Undefined index: 137 /data1/vhosts/yaohe/core/ThinkPHP/Library/Think/Tree.class.php 第 47 行.
NOTIC: [8] Undefined index: 138 /data1/vhosts/yaohe/core/ThinkPHP/Library/Think/Tree.class.php 第 47 行.
NOTIC: [8] Undefined index: 139 /data1/vhosts/yaohe/core/ThinkPHP/Library/Think/Tree.class.php 第 47 行.
NOTIC: [8] Undefined index: 140 /data1/vhosts/yaohe/core/ThinkPHP/Library/Think/Tree.class.php 第 47 行.
NOTIC: [8] Undefined index: 142 /data1/vhosts/yaohe/core/ThinkPHP/Library/Think/Tree.class.php 第 47 行.
NOTIC: [8] Undefined index: 143 /data1/vhosts/yaohe/core/ThinkPHP/Library/Think/Tree.class.php 第 47 行.
NOTIC: [8] Undefined index: 144 /data1/vhosts/yaohe/core/ThinkPHP/Library/Think/Tree.class.php 第 47 行.
NOTIC: [8] Undefined index: 145 /data1/vhosts/yaohe/core/ThinkPHP/Library/Think/Tree.class.php 第 47 行.
NOTIC: [8] Undefined index: 146 /data1/vhosts/yaohe/core/ThinkPHP/Library/Think/Tree.class.php 第 47 行.
NOTIC: [8] Undefined index: 147 /data1/vhosts/yaohe/core/ThinkPHP/Library/Think/Tree.class.php 第 47 行.
NOTIC: [8] Undefined index: 149 /data1/vhosts/yaohe/core/ThinkPHP/Library/Think/Tree.class.php 第 47 行.
NOTIC: [8] Undefined index: 150 /data1/vhosts/yaohe/core/ThinkPHP/Library/Think/Tree.class.php 第 47 行.
NOTIC: [8] Undefined index: 151 /data1/vhosts/yaohe/core/ThinkPHP/Library/Think/Tree.class.php 第 47 行.
NOTIC: [8] Undefined index: 152 /data1/vhosts/yaohe/core/ThinkPHP/Library/Think/Tree.class.php 第 47 行.
NOTIC: [8] Undefined index: 154 /data1/vhosts/yaohe/core/ThinkPHP/Library/Think/Tree.class.php 第 47 行.
NOTIC: [8] Undefined index: 155 /data1/vhosts/yaohe/core/ThinkPHP/Library/Think/Tree.class.php 第 47 行.
NOTIC: [8] Undefined index: 156 /data1/vhosts/yaohe/core/ThinkPHP/Library/Think/Tree.class.php 第 47 行.
NOTIC: [8] Undefined index: 157 /data1/vhosts/yaohe/core/ThinkPHP/Library/Think/Tree.class.php 第 47 行.
INFO: [ view_parse ] --START--
INFO: [ template_filter ] --START--
INFO: Run Behavior\ContentReplaceBehavior [ RunTime:0.000079s ]
INFO: [ template_filter ] --END-- [ RunTime:0.000172s ]
INFO: Run Behavior\ParseTemplateBehavior [ RunTime:0.007270s ]
INFO: [ view_parse ] --END-- [ RunTime:0.007373s ]
INFO: [ view_filter ] --START--
INFO: Run Behavior\WriteHtmlCacheBehavior [ RunTime:0.000182s ]
INFO: [ view_filter ] --END-- [ RunTime:0.000259s ]
INFO: [ app_end ] --START--
INFO: Run Behavior\ShowPageTraceBehavior [ RunTime:0.000658s ]
INFO: [ app_end ] --END-- [ RunTime:0.000887s ]

[ 2015-07-08T09:24:11+08:00 ] 106.39.50.154 /?c=Classify&a=getclassifylist
INFO: [ app_init ] --START--
INFO: Run Behavior\BuildLiteBehavior [ RunTime:0.000022s ]
INFO: [ app_init ] --END-- [ RunTime:0.000439s ]
INFO: [ app_begin ] --START--
INFO: Run Behavior\ReadHtmlCacheBehavior [ RunTime:0.000626s ]
INFO: [ app_begin ] --END-- [ RunTime:0.000737s ]
SQL: SHOW COLUMNS FROM `ht_role` [ RunTime:0.000986s ]
SQL: SELECT * FROM `ht_role` WHERE ( `id` = 1 ) LIMIT 1   [ RunTime:0.000231s ]
SQL: SHOW COLUMNS FROM `ht_classify` [ RunTime:0.000876s ]
SQL: SELECT * FROM `ht_classify` WHERE ( `parentid` = 0 )  [ RunTime:0.000306s ]
INFO: [ app_end ] --START--
INFO: Run Behavior\ShowPageTraceBehavior [ RunTime:0.000646s ]
INFO: [ app_end ] --END-- [ RunTime:0.000735s ]

[ 2015-07-08T09:24:13+08:00 ] 106.39.50.154 /?c=City
INFO: [ app_init ] --START--
INFO: Run Behavior\BuildLiteBehavior [ RunTime:0.000023s ]
INFO: [ app_init ] --END-- [ RunTime:0.000448s ]
INFO: [ app_begin ] --START--
INFO: Run Behavior\ReadHtmlCacheBehavior [ RunTime:0.000578s ]
INFO: [ app_begin ] --END-- [ RunTime:0.000675s ]
SQL: SHOW COLUMNS FROM `ht_role` [ RunTime:0.001007s ]
SQL: SELECT * FROM `ht_role` WHERE ( `id` = 1 ) LIMIT 1   [ RunTime:0.000323s ]
SQL: SHOW COLUMNS FROM `ht_province` [ RunTime:0.000870s ]
SQL: SELECT * FROM `ht_province`  [ RunTime:0.000225s ]
SQL: SHOW COLUMNS FROM `ht_city` [ RunTime:0.001009s ]
SQL: SELECT COUNT(*) AS tp_count FROM `ht_city` LIMIT 1   [ RunTime:0.000219s ]
SQL: SELECT * FROM `ht_city` ORDER BY id desc LIMIT 0,10   [ RunTime:0.000250s ]
INFO: [ view_parse ] --START--
INFO: [ template_filter ] --START--
INFO: Run Behavior\ContentReplaceBehavior [ RunTime:0.000216s ]
INFO: [ template_filter ] --END-- [ RunTime:0.000316s ]
INFO: Run Behavior\ParseTemplateBehavior [ RunTime:0.026104s ]
INFO: [ view_parse ] --END-- [ RunTime:0.026209s ]
INFO: [ view_filter ] --START--
INFO: Run Behavior\WriteHtmlCacheBehavior [ RunTime:0.000179s ]
INFO: [ view_filter ] --END-- [ RunTime:0.000268s ]
INFO: [ app_end ] --START--
INFO: Run Behavior\ShowPageTraceBehavior [ RunTime:0.000707s ]
INFO: [ app_end ] --END-- [ RunTime:0.000829s ]

[ 2015-07-08T09:24:13+08:00 ] 106.39.50.154 /?c=City&a=ajax_list&province_id=0&pageNum=1
INFO: [ app_init ] --START--
INFO: Run Behavior\BuildLiteBehavior [ RunTime:0.000022s ]
INFO: [ app_init ] --END-- [ RunTime:0.000450s ]
INFO: [ app_begin ] --START--
INFO: Run Behavior\ReadHtmlCacheBehavior [ RunTime:0.000565s ]
INFO: [ app_begin ] --END-- [ RunTime:0.000656s ]
SQL: SHOW COLUMNS FROM `ht_role` [ RunTime:0.001007s ]
SQL: SELECT * FROM `ht_role` WHERE ( `id` = 1 ) LIMIT 1   [ RunTime:0.000232s ]
SQL: SHOW COLUMNS FROM `ht_province` [ RunTime:0.000871s ]
SQL: SELECT * FROM `ht_province`  [ RunTime:0.000310s ]
SQL: SHOW COLUMNS FROM `ht_city` [ RunTime:0.001068s ]
SQL: SELECT COUNT(*) AS tp_count FROM `ht_city` LIMIT 1   [ RunTime:0.000267s ]
SQL: SELECT * FROM `ht_city` ORDER BY order_num asc,id desc LIMIT 0,10   [ RunTime:0.000316s ]
NOTIC: [8] Undefined variable: sort /data1/vhosts/yaohe/admin/Apps/Home/Controller/CityController.class.php 第 71 行.
NOTIC: [8] Undefined variable: sort /data1/vhosts/yaohe/admin/Apps/Home/Controller/CityController.class.php 第 72 行.
NOTIC: [8] Undefined variable: sort /data1/vhosts/yaohe/admin/Apps/Home/Controller/CityController.class.php 第 73 行.
INFO: [ view_parse ] --START--
INFO: [ template_filter ] --START--
INFO: Run Behavior\ContentReplaceBehavior [ RunTime:0.000094s ]
INFO: [ template_filter ] --END-- [ RunTime:0.000184s ]
INFO: Run Behavior\ParseTemplateBehavior [ RunTime:0.010898s ]
INFO: [ view_parse ] --END-- [ RunTime:0.010990s ]
INFO: [ view_filter ] --START--
INFO: Run Behavior\WriteHtmlCacheBehavior [ RunTime:0.000182s ]
INFO: [ view_filter ] --END-- [ RunTime:0.000257s ]
INFO: [ app_end ] --START--
INFO: Run Behavior\ShowPageTraceBehavior [ RunTime:0.000588s ]
INFO: [ app_end ] --END-- [ RunTime:0.000669s ]

[ 2015-07-08T09:25:06+08:00 ] 172.16.100.11 /?c=Api&a=register_sms&partent=ht&key=ht
INFO: [ app_init ] --START--
INFO: Run Behavior\BuildLiteBehavior [ RunTime:0.000025s ]
INFO: [ app_init ] --END-- [ RunTime:0.000463s ]
INFO: [ app_begin ] --START--
INFO: Run Behavior\ReadHtmlCacheBehavior [ RunTime:0.000563s ]
INFO: [ app_begin ] --END-- [ RunTime:0.000662s ]
SQL: SHOW COLUMNS FROM `ht_member` [ RunTime:0.001203s ]
SQL: SELECT * FROM `ht_member` WHERE ( `login_user` = '13821022237' ) LIMIT 1   [ RunTime:0.000420s ]
SQL: INSERT INTO `ht_member` (`login_user`,`code`) VALUES ('13821022237','zRODtE') [ RunTime:0.000423s ]

