[ 2015-09-24T22:42:31+08:00 ] 172.16.100.11 /?c=Api&a=getHomeCallList&partent=ht&key=ht&city_id=295&member_id=105&time=1443105770869
INFO: [ app_init ] --START--
INFO: Run Behavior\BuildLiteBehavior [ RunTime:0.000024s ]
INFO: [ app_init ] --END-- [ RunTime:0.000469s ]
INFO: [ app_begin ] --START--
INFO: Run Behavior\ReadHtmlCacheBehavior [ RunTime:0.000598s ]
INFO: [ app_begin ] --END-- [ RunTime:0.000694s ]
SQL: SHOW COLUMNS FROM `ht_shop_service` [ RunTime:0.002158s ]
SQL: SELECT * FROM `ht_shop_service` WHERE ( `city_id` = 295 ) ORDER BY id desc LIMIT 0,20   [ RunTime:0.000335s ]
SQL: SHOW COLUMNS FROM `ht_new_product` [ RunTime:0.001311s ]
SQL: SELECT `img1`,`img2`,`img3`,`img4`,`img5`,`img6`,title as content FROM `ht_new_product` WHERE ( `id` = 45 ) LIMIT 1   [ RunTime:0.000239s ]
SQL: SHOW COLUMNS FROM `ht_shop` [ RunTime:0.002155s ]
SQL: SELECT `id`,`title`,`star`,`fans_num` FROM `ht_shop` WHERE ( `member_id` = 68 ) LIMIT 1   [ RunTime:0.000208s ]
SQL: SHOW COLUMNS FROM `ht_shop_fans` [ RunTime:0.000941s ]
SQL: SELECT * FROM `ht_shop_fans` WHERE ( `shop_id` = 77 ) AND ( `member_id` = 105 ) LIMIT 1   [ RunTime:0.000245s ]
SQL: SELECT `img1`,`img2`,`img3`,`img4`,`img5`,`img6`,title as content FROM `ht_new_product` WHERE ( `id` = 48 ) LIMIT 1   [ RunTime:0.000209s ]
SQL: SELECT `id`,`title`,`star`,`fans_num` FROM `ht_shop` WHERE ( `member_id` = 73 ) LIMIT 1   [ RunTime:0.000199s ]
SQL: SELECT * FROM `ht_shop_fans` WHERE ( `shop_id` = 79 ) AND ( `member_id` = 105 ) LIMIT 1   [ RunTime:0.000239s ]
SQL: SHOW COLUMNS FROM `ht_call` [ RunTime:0.001217s ]
SQL: SELECT `img1`,`img2`,`img3`,`img4`,`img5`,`img6`,`content` FROM `ht_call` WHERE ( `id` = 61 ) LIMIT 1   [ RunTime:0.000228s ]
SQL: SELECT `id`,`title`,`star`,`fans_num` FROM `ht_shop` WHERE ( `member_id` = 73 ) LIMIT 1   [ RunTime:0.000198s ]
SQL: SELECT * FROM `ht_shop_fans` WHERE ( `shop_id` = 79 ) AND ( `member_id` = 105 ) LIMIT 1   [ RunTime:0.000240s ]
SQL: SELECT `img1`,`img2`,`img3`,`img4`,`img5`,`img6`,title as content FROM `ht_new_product` WHERE ( `id` = 45 ) LIMIT 1   [ RunTime:0.000319s ]
SQL: SELECT `id`,`title`,`star`,`fans_num` FROM `ht_shop` WHERE ( `member_id` = 68 ) LIMIT 1   [ RunTime:0.000194s ]
SQL: SELECT * FROM `ht_shop_fans` WHERE ( `shop_id` = 77 ) AND ( `member_id` = 105 ) LIMIT 1   [ RunTime:0.000237s ]
SQL: SHOW COLUMNS FROM `ht_coupon` [ RunTime:0.001460s ]
SQL: SELECT `img1`,`img2`,`img3`,`img4`,`img5`,`img6`,`content` FROM `ht_coupon` WHERE ( `id` = 86 ) LIMIT 1   [ RunTime:0.000216s ]
SQL: SELECT `id`,`title`,`star`,`fans_num` FROM `ht_shop` WHERE ( `member_id` = 73 ) LIMIT 1   [ RunTime:0.000277s ]
SQL: SELECT * FROM `ht_shop_fans` WHERE ( `shop_id` = 79 ) AND ( `member_id` = 105 ) LIMIT 1   [ RunTime:0.000199s ]
SQL: SHOW COLUMNS FROM `ht_activity` [ RunTime:0.001380s ]
SQL: SELECT `img1`,`img2`,`img3`,`img4`,`img5`,`img6`,`content` FROM `ht_activity` WHERE ( `id` = 33 ) LIMIT 1   [ RunTime:0.000312s ]
SQL: SELECT `id`,`title`,`star`,`fans_num` FROM `ht_shop` WHERE ( `member_id` = 73 ) LIMIT 1   [ RunTime:0.000193s ]
SQL: SELECT * FROM `ht_shop_fans` WHERE ( `shop_id` = 79 ) AND ( `member_id` = 105 ) LIMIT 1   [ RunTime:0.000312s ]
SQL: SELECT `img1`,`img2`,`img3`,`img4`,`img5`,`img6`,`content` FROM `ht_coupon` WHERE ( `id` = 86 ) LIMIT 1   [ RunTime:0.000279s ]
SQL: SELECT `id`,`title`,`star`,`fans_num` FROM `ht_shop` WHERE ( `member_id` = 73 ) LIMIT 1   [ RunTime:0.000224s ]
SQL: SELECT * FROM `ht_shop_fans` WHERE ( `shop_id` = 79 ) AND ( `member_id` = 105 ) LIMIT 1   [ RunTime:0.000284s ]
SQL: SELECT `img1`,`img2`,`img3`,`img4`,`img5`,`img6`,`content` FROM `ht_coupon` WHERE ( `id` = 87 ) LIMIT 1   [ RunTime:0.000239s ]
SQL: SELECT `id`,`title`,`star`,`fans_num` FROM `ht_shop` WHERE ( `member_id` = 73 ) LIMIT 1   [ RunTime:0.000279s ]
SQL: SELECT * FROM `ht_shop_fans` WHERE ( `shop_id` = 79 ) AND ( `member_id` = 105 ) LIMIT 1   [ RunTime:0.000312s ]
SQL: SELECT `img1`,`img2`,`img3`,`img4`,`img5`,`img6`,`content` FROM `ht_activity` WHERE ( `id` = 33 ) LIMIT 1   [ RunTime:0.000289s ]
SQL: SELECT `id`,`title`,`star`,`fans_num` FROM `ht_shop` WHERE ( `member_id` = 73 ) LIMIT 1   [ RunTime:0.000273s ]
SQL: SELECT * FROM `ht_shop_fans` WHERE ( `shop_id` = 79 ) AND ( `member_id` = 105 ) LIMIT 1   [ RunTime:0.000292s ]
SQL: SELECT `img1`,`img2`,`img3`,`img4`,`img5`,`img6`,`content` FROM `ht_call` WHERE ( `id` = 58 ) LIMIT 1   [ RunTime:0.000314s ]
SQL: SELECT `id`,`title`,`star`,`fans_num` FROM `ht_shop` WHERE ( `member_id` = 73 ) LIMIT 1   [ RunTime:0.000287s ]
SQL: SELECT * FROM `ht_shop_fans` WHERE ( `shop_id` = 79 ) AND ( `member_id` = 105 ) LIMIT 1   [ RunTime:0.000314s ]
SQL: SHOW COLUMNS FROM `ht_card` [ RunTime:0.001483s ]
SQL: SELECT `img1`,`img2`,`img3`,`img4`,`img5`,`img6`,`content` FROM `ht_card` WHERE ( `id` = 19 ) LIMIT 1   [ RunTime:0.000211s ]
SQL: SELECT `id`,`title`,`star`,`fans_num` FROM `ht_shop` WHERE ( `member_id` = 73 ) LIMIT 1   [ RunTime:0.000236s ]
SQL: SELECT * FROM `ht_shop_fans` WHERE ( `shop_id` = 79 ) AND ( `member_id` = 105 ) LIMIT 1   [ RunTime:0.000299s ]
SQL: SELECT `img1`,`img2`,`img3`,`img4`,`img5`,`img6`,`content` FROM `ht_call` WHERE ( `id` = 57 ) LIMIT 1   [ RunTime:0.000254s ]
SQL: SELECT `id`,`title`,`star`,`fans_num` FROM `ht_shop` WHERE ( `member_id` = 73 ) LIMIT 1   [ RunTime:0.000286s ]
SQL: SELECT * FROM `ht_shop_fans` WHERE ( `shop_id` = 79 ) AND ( `member_id` = 105 ) LIMIT 1   [ RunTime:0.000220s ]
SQL: SELECT `img1`,`img2`,`img3`,`img4`,`img5`,`img6`,`content` FROM `ht_call` WHERE ( `id` = 56 ) LIMIT 1   [ RunTime:0.000195s ]
SQL: SELECT `id`,`title`,`star`,`fans_num` FROM `ht_shop` WHERE ( `member_id` = 73 ) LIMIT 1   [ RunTime:0.000186s ]
SQL: SELECT * FROM `ht_shop_fans` WHERE ( `shop_id` = 79 ) AND ( `member_id` = 105 ) LIMIT 1   [ RunTime:0.000234s ]
SQL: SELECT `img1`,`img2`,`img3`,`img4`,`img5`,`img6`,`content` FROM `ht_call` WHERE ( `id` = 55 ) LIMIT 1   [ RunTime:0.000198s ]
SQL: SELECT `id`,`title`,`star`,`fans_num` FROM `ht_shop` WHERE ( `member_id` = 73 ) LIMIT 1   [ RunTime:0.000260s ]
SQL: SELECT * FROM `ht_shop_fans` WHERE ( `shop_id` = 79 ) AND ( `member_id` = 105 ) LIMIT 1   [ RunTime:0.000260s ]
SQL: SELECT `img1`,`img2`,`img3`,`img4`,`img5`,`img6`,title as content FROM `ht_new_product` WHERE ( `id` = 44 ) LIMIT 1   [ RunTime:0.000238s ]
SQL: SELECT `id`,`title`,`star`,`fans_num` FROM `ht_shop` WHERE ( `member_id` = 73 ) LIMIT 1   [ RunTime:0.000281s ]
SQL: SELECT * FROM `ht_shop_fans` WHERE ( `shop_id` = 79 ) AND ( `member_id` = 105 ) LIMIT 1   [ RunTime:0.000289s ]
SQL: SELECT `img1`,`img2`,`img3`,`img4`,`img5`,`img6`,`content` FROM `ht_card` WHERE ( `id` = 18 ) LIMIT 1   [ RunTime:0.000252s ]
SQL: SELECT `id`,`title`,`star`,`fans_num` FROM `ht_shop` WHERE ( `member_id` = 73 ) LIMIT 1   [ RunTime:0.000282s ]
SQL: SELECT * FROM `ht_shop_fans` WHERE ( `shop_id` = 79 ) AND ( `member_id` = 105 ) LIMIT 1   [ RunTime:0.000283s ]
SQL: SELECT `img1`,`img2`,`img3`,`img4`,`img5`,`img6`,`content` FROM `ht_card` WHERE ( `id` = 17 ) LIMIT 1   [ RunTime:0.000330s ]
SQL: SELECT `id`,`title`,`star`,`fans_num` FROM `ht_shop` WHERE ( `member_id` = 73 ) LIMIT 1   [ RunTime:0.000279s ]
SQL: SELECT * FROM `ht_shop_fans` WHERE ( `shop_id` = 79 ) AND ( `member_id` = 105 ) LIMIT 1   [ RunTime:0.000283s ]
SQL: SELECT `img1`,`img2`,`img3`,`img4`,`img5`,`img6`,`content` FROM `ht_activity` WHERE ( `id` = 33 ) LIMIT 1   [ RunTime:0.000297s ]
SQL: SELECT `id`,`title`,`star`,`fans_num` FROM `ht_shop` WHERE ( `member_id` = 73 ) LIMIT 1   [ RunTime:0.000294s ]
SQL: SELECT * FROM `ht_shop_fans` WHERE ( `shop_id` = 79 ) AND ( `member_id` = 105 ) LIMIT 1   [ RunTime:0.000281s ]
SQL: SELECT `img1`,`img2`,`img3`,`img4`,`img5`,`img6`,`content` FROM `ht_coupon` WHERE ( `id` = 88 ) LIMIT 1   [ RunTime:0.000299s ]
SQL: SELECT `id`,`title`,`star`,`fans_num` FROM `ht_shop` WHERE ( `member_id` = 73 ) LIMIT 1   [ RunTime:0.000284s ]
SQL: SELECT * FROM `ht_shop_fans` WHERE ( `shop_id` = 79 ) AND ( `member_id` = 105 ) LIMIT 1   [ RunTime:0.000276s ]
SQL: SELECT `img1`,`img2`,`img3`,`img4`,`img5`,`img6`,`content` FROM `ht_coupon` WHERE ( `id` = 87 ) LIMIT 1   [ RunTime:0.000240s ]
SQL: SELECT `id`,`title`,`star`,`fans_num` FROM `ht_shop` WHERE ( `member_id` = 73 ) LIMIT 1   [ RunTime:0.000253s ]
SQL: SELECT * FROM `ht_shop_fans` WHERE ( `shop_id` = 79 ) AND ( `member_id` = 105 ) LIMIT 1   [ RunTime:0.000236s ]

[ 2015-09-24T22:42:33+08:00 ] 172.16.100.11 /?c=Api&a=getHomeCallList&partent=ht&key=ht&city_id=295&member_id=105&time=1443105772948
INFO: [ app_init ] --START--
INFO: Run Behavior\BuildLiteBehavior [ RunTime:0.000027s ]
INFO: [ app_init ] --END-- [ RunTime:0.000462s ]
INFO: [ app_begin ] --START--
INFO: Run Behavior\ReadHtmlCacheBehavior [ RunTime:0.000583s ]
INFO: [ app_begin ] --END-- [ RunTime:0.000679s ]
SQL: SHOW COLUMNS FROM `ht_shop_service` [ RunTime:0.001417s ]
SQL: SELECT * FROM `ht_shop_service` WHERE ( `city_id` = 295 ) ORDER BY id desc LIMIT 0,20   [ RunTime:0.000336s ]
SQL: SHOW COLUMNS FROM `ht_new_product` [ RunTime:0.001275s ]
SQL: SELECT `img1`,`img2`,`img3`,`img4`,`img5`,`img6`,title as content FROM `ht_new_product` WHERE ( `id` = 45 ) LIMIT 1   [ RunTime:0.000327s ]
SQL: SHOW COLUMNS FROM `ht_shop` [ RunTime:0.002274s ]
SQL: SELECT `id`,`title`,`star`,`fans_num` FROM `ht_shop` WHERE ( `member_id` = 68 ) LIMIT 1   [ RunTime:0.000202s ]
SQL: SHOW COLUMNS FROM `ht_shop_fans` [ RunTime:0.000850s ]
SQL: SELECT * FROM `ht_shop_fans` WHERE ( `shop_id` = 77 ) AND ( `member_id` = 105 ) LIMIT 1   [ RunTime:0.000208s ]
SQL: SELECT `img1`,`img2`,`img3`,`img4`,`img5`,`img6`,title as content FROM `ht_new_product` WHERE ( `id` = 48 ) LIMIT 1   [ RunTime:0.000294s ]
SQL: SELECT `id`,`title`,`star`,`fans_num` FROM `ht_shop` WHERE ( `member_id` = 73 ) LIMIT 1   [ RunTime:0.000192s ]
SQL: SELECT * FROM `ht_shop_fans` WHERE ( `shop_id` = 79 ) AND ( `member_id` = 105 ) LIMIT 1   [ RunTime:0.000283s ]
SQL: SHOW COLUMNS FROM `ht_call` [ RunTime:0.001406s ]
SQL: SELECT `img1`,`img2`,`img3`,`img4`,`img5`,`img6`,`content` FROM `ht_call` WHERE ( `id` = 61 ) LIMIT 1   [ RunTime:0.000240s ]
SQL: SELECT `id`,`title`,`star`,`fans_num` FROM `ht_shop` WHERE ( `member_id` = 73 ) LIMIT 1   [ RunTime:0.000281s ]
SQL: SELECT * FROM `ht_shop_fans` WHERE ( `shop_id` = 79 ) AND ( `member_id` = 105 ) LIMIT 1   [ RunTime:0.000274s ]
SQL: SELECT `img1`,`img2`,`img3`,`img4`,`img5`,`img6`,title as content FROM `ht_new_product` WHERE ( `id` = 45 ) LIMIT 1   [ RunTime:0.000259s ]
SQL: SELECT `id`,`title`,`star`,`fans_num` FROM `ht_shop` WHERE ( `member_id` = 68 ) LIMIT 1   [ RunTime:0.000298s ]
SQL: SELECT * FROM `ht_shop_fans` WHERE ( `shop_id` = 77 ) AND ( `member_id` = 105 ) LIMIT 1   [ RunTime:0.000262s ]
SQL: SHOW COLUMNS FROM `ht_coupon` [ RunTime:0.001554s ]
SQL: SELECT `img1`,`img2`,`img3`,`img4`,`img5`,`img6`,`content` FROM `ht_coupon` WHERE ( `id` = 86 ) LIMIT 1   [ RunTime:0.000319s ]
SQL: SELECT `id`,`title`,`star`,`fans_num` FROM `ht_shop` WHERE ( `member_id` = 73 ) LIMIT 1   [ RunTime:0.000203s ]
SQL: SELECT * FROM `ht_shop_fans` WHERE ( `shop_id` = 79 ) AND ( `member_id` = 105 ) LIMIT 1   [ RunTime:0.000247s ]
SQL: SHOW COLUMNS FROM `ht_activity` [ RunTime:0.001442s ]
SQL: SELECT `img1`,`img2`,`img3`,`img4`,`img5`,`img6`,`content` FROM `ht_activity` WHERE ( `id` = 33 ) LIMIT 1   [ RunTime:0.000306s ]
SQL: SELECT `id`,`title`,`star`,`fans_num` FROM `ht_shop` WHERE ( `member_id` = 73 ) LIMIT 1   [ RunTime:0.000249s ]
SQL: SELECT * FROM `ht_shop_fans` WHERE ( `shop_id` = 79 ) AND ( `member_id` = 105 ) LIMIT 1   [ RunTime:0.000278s ]
SQL: SELECT `img1`,`img2`,`img3`,`img4`,`img5`,`img6`,`content` FROM `ht_coupon` WHERE ( `id` = 86 ) LIMIT 1   [ RunTime:0.000264s ]
SQL: SELECT `id`,`title`,`star`,`fans_num` FROM `ht_shop` WHERE ( `member_id` = 73 ) LIMIT 1   [ RunTime:0.000282s ]
SQL: SELECT * FROM `ht_shop_fans` WHERE ( `shop_id` = 79 ) AND ( `member_id` = 105 ) LIMIT 1   [ RunTime:0.000330s ]
SQL: SELECT `img1`,`img2`,`img3`,`img4`,`img5`,`img6`,`content` FROM `ht_coupon` WHERE ( `id` = 87 ) LIMIT 1   [ RunTime:0.000246s ]
SQL: SELECT `id`,`title`,`star`,`fans_num` FROM `ht_shop` WHERE ( `member_id` = 73 ) LIMIT 1   [ RunTime:0.000308s ]
SQL: SELECT * FROM `ht_shop_fans` WHERE ( `shop_id` = 79 ) AND ( `member_id` = 105 ) LIMIT 1   [ RunTime:0.000218s ]
SQL: SELECT `img1`,`img2`,`img3`,`img4`,`img5`,`img6`,`content` FROM `ht_activity` WHERE ( `id` = 33 ) LIMIT 1   [ RunTime:0.000285s ]
SQL: SELECT `id`,`title`,`star`,`fans_num` FROM `ht_shop` WHERE ( `member_id` = 73 ) LIMIT 1   [ RunTime:0.000284s ]
SQL: SELECT * FROM `ht_shop_fans` WHERE ( `shop_id` = 79 ) AND ( `member_id` = 105 ) LIMIT 1   [ RunTime:0.000284s ]
SQL: SELECT `img1`,`img2`,`img3`,`img4`,`img5`,`img6`,`content` FROM `ht_call` WHERE ( `id` = 58 ) LIMIT 1   [ RunTime:0.000277s ]
SQL: SELECT `id`,`title`,`star`,`fans_num` FROM `ht_shop` WHERE ( `member_id` = 73 ) LIMIT 1   [ RunTime:0.000284s ]
SQL: SELECT * FROM `ht_shop_fans` WHERE ( `shop_id` = 79 ) AND ( `member_id` = 105 ) LIMIT 1   [ RunTime:0.000284s ]
SQL: SHOW COLUMNS FROM `ht_card` [ RunTime:0.001434s ]
SQL: SELECT `img1`,`img2`,`img3`,`img4`,`img5`,`img6`,`content` FROM `ht_card` WHERE ( `id` = 19 ) LIMIT 1   [ RunTime:0.000219s ]
SQL: SELECT `id`,`title`,`star`,`fans_num` FROM `ht_shop` WHERE ( `member_id` = 73 ) LIMIT 1   [ RunTime:0.000190s ]
SQL: SELECT * FROM `ht_shop_fans` WHERE ( `shop_id` = 79 ) AND ( `member_id` = 105 ) LIMIT 1   [ RunTime:0.000198s ]
SQL: SELECT `img1`,`img2`,`img3`,`img4`,`img5`,`img6`,`content` FROM `ht_call` WHERE ( `id` = 57 ) LIMIT 1   [ RunTime:0.000197s ]
SQL: SELECT `id`,`title`,`star`,`fans_num` FROM `ht_shop` WHERE ( `member_id` = 73 ) LIMIT 1   [ RunTime:0.000206s ]
SQL: SELECT * FROM `ht_shop_fans` WHERE ( `shop_id` = 79 ) AND ( `member_id` = 105 ) LIMIT 1   [ RunTime:0.000276s ]
SQL: SELECT `img1`,`img2`,`img3`,`img4`,`img5`,`img6`,`content` FROM `ht_call` WHERE ( `id` = 56 ) LIMIT 1   [ RunTime:0.000200s ]
SQL: SELECT `id`,`title`,`star`,`fans_num` FROM `ht_shop` WHERE ( `member_id` = 73 ) LIMIT 1   [ RunTime:0.000236s ]
SQL: SELECT * FROM `ht_shop_fans` WHERE ( `shop_id` = 79 ) AND ( `member_id` = 105 ) LIMIT 1   [ RunTime:0.000286s ]
SQL: SELECT `img1`,`img2`,`img3`,`img4`,`img5`,`img6`,`content` FROM `ht_call` WHERE ( `id` = 55 ) LIMIT 1   [ RunTime:0.000247s ]
SQL: SELECT `id`,`title`,`star`,`fans_num` FROM `ht_shop` WHERE ( `member_id` = 73 ) LIMIT 1   [ RunTime:0.000289s ]
SQL: SELECT * FROM `ht_shop_fans` WHERE ( `shop_id` = 79 ) AND ( `member_id` = 105 ) LIMIT 1   [ RunTime:0.000297s ]
SQL: SELECT `img1`,`img2`,`img3`,`img4`,`img5`,`img6`,title as content FROM `ht_new_product` WHERE ( `id` = 44 ) LIMIT 1   [ RunTime:0.000289s ]
SQL: SELECT `id`,`title`,`star`,`fans_num` FROM `ht_shop` WHERE ( `member_id` = 73 ) LIMIT 1   [ RunTime:0.000282s ]
SQL: SELECT * FROM `ht_shop_fans` WHERE ( `shop_id` = 79 ) AND ( `member_id` = 105 ) LIMIT 1   [ RunTime:0.000297s ]
SQL: SELECT `img1`,`img2`,`img3`,`img4`,`img5`,`img6`,`content` FROM `ht_card` WHERE ( `id` = 18 ) LIMIT 1   [ RunTime:0.000249s ]
SQL: SELECT `id`,`title`,`star`,`fans_num` FROM `ht_shop` WHERE ( `member_id` = 73 ) LIMIT 1   [ RunTime:0.000235s ]
SQL: SELECT * FROM `ht_shop_fans` WHERE ( `shop_id` = 79 ) AND ( `member_id` = 105 ) LIMIT 1   [ RunTime:0.000193s ]
SQL: SELECT `img1`,`img2`,`img3`,`img4`,`img5`,`img6`,`content` FROM `ht_card` WHERE ( `id` = 17 ) LIMIT 1   [ RunTime:0.000193s ]
SQL: SELECT `id`,`title`,`star`,`fans_num` FROM `ht_shop` WHERE ( `member_id` = 73 ) LIMIT 1   [ RunTime:0.000188s ]
SQL: SELECT * FROM `ht_shop_fans` WHERE ( `shop_id` = 79 ) AND ( `member_id` = 105 ) LIMIT 1   [ RunTime:0.000193s ]
SQL: SELECT `img1`,`img2`,`img3`,`img4`,`img5`,`img6`,`content` FROM `ht_activity` WHERE ( `id` = 33 ) LIMIT 1   [ RunTime:0.000196s ]
SQL: SELECT `id`,`title`,`star`,`fans_num` FROM `ht_shop` WHERE ( `member_id` = 73 ) LIMIT 1   [ RunTime:0.000185s ]
SQL: SELECT * FROM `ht_shop_fans` WHERE ( `shop_id` = 79 ) AND ( `member_id` = 105 ) LIMIT 1   [ RunTime:0.000194s ]
SQL: SELECT `img1`,`img2`,`img3`,`img4`,`img5`,`img6`,`content` FROM `ht_coupon` WHERE ( `id` = 88 ) LIMIT 1   [ RunTime:0.000198s ]
SQL: SELECT `id`,`title`,`star`,`fans_num` FROM `ht_shop` WHERE ( `member_id` = 73 ) LIMIT 1   [ RunTime:0.000189s ]
SQL: SELECT * FROM `ht_shop_fans` WHERE ( `shop_id` = 79 ) AND ( `member_id` = 105 ) LIMIT 1   [ RunTime:0.000188s ]
SQL: SELECT `img1`,`img2`,`img3`,`img4`,`img5`,`img6`,`content` FROM `ht_coupon` WHERE ( `id` = 87 ) LIMIT 1   [ RunTime:0.000195s ]
SQL: SELECT `id`,`title`,`star`,`fans_num` FROM `ht_shop` WHERE ( `member_id` = 73 ) LIMIT 1   [ RunTime:0.000185s ]
SQL: SELECT * FROM `ht_shop_fans` WHERE ( `shop_id` = 79 ) AND ( `member_id` = 105 ) LIMIT 1   [ RunTime:0.000192s ]

[ 2015-09-24T22:42:41+08:00 ] 172.16.100.11 /?c=Api&a=getFollowShopList&partent=ht&key=ht&city_id=295&member_id=105
INFO: [ app_init ] --START--
INFO: Run Behavior\BuildLiteBehavior [ RunTime:0.000023s ]
INFO: [ app_init ] --END-- [ RunTime:0.000449s ]
INFO: [ app_begin ] --START--
INFO: Run Behavior\ReadHtmlCacheBehavior [ RunTime:0.000570s ]
INFO: [ app_begin ] --END-- [ RunTime:0.000665s ]
SQL: SHOW COLUMNS FROM `ht_shop_fans` [ RunTime:0.001052s ]
SQL: SELECT `to_member_id` FROM `ht_shop_fans` WHERE ( `member_id` = 105 )  [ RunTime:0.000571s ]
SQL: SHOW COLUMNS FROM `ht_shop_service` [ RunTime:0.001809s ]
SQL: SELECT `id`,`member_id`,`service_id`,`title`,`type`,`collection_num`,`zan_num`,`comment_num`,`addtime`,`img1`,`img2`,`img3`,`img4`,`img5`,`img6` FROM `ht_shop_service` WHERE ( `member_id` IN ('73') ) ORDER BY id desc  [ RunTime:0.001205s ]
SQL: SHOW COLUMNS FROM `ht_new_product` [ RunTime:0.001600s ]
SQL: SELECT `img1`,title as content FROM `ht_new_product` WHERE ( `id` = 48 ) LIMIT 1   [ RunTime:0.000252s ]
SQL: SHOW COLUMNS FROM `ht_shop` [ RunTime:0.003280s ]
SQL: SELECT `id`,`title`,`star`,`fans_num` FROM `ht_shop` WHERE ( `member_id` = 73 ) LIMIT 1   [ RunTime:0.000228s ]
SQL: SHOW COLUMNS FROM `ht_call` [ RunTime:0.001846s ]
SQL: SELECT `img1`,`img2`,`img3`,`img4`,`img5`,`img6`,`content` FROM `ht_call` WHERE ( `id` = 61 ) LIMIT 1   [ RunTime:0.000238s ]
SQL: SELECT `id`,`title`,`star`,`fans_num` FROM `ht_shop` WHERE ( `member_id` = 73 ) LIMIT 1   [ RunTime:0.000198s ]
SQL: SHOW COLUMNS FROM `ht_coupon` [ RunTime:0.002063s ]
SQL: SELECT `img1`,`img2`,`img3`,`img4`,`img5`,`img6`,`content` FROM `ht_coupon` WHERE ( `id` = 86 ) LIMIT 1   [ RunTime:0.000226s ]
SQL: SELECT `id`,`title`,`star`,`fans_num` FROM `ht_shop` WHERE ( `member_id` = 73 ) LIMIT 1   [ RunTime:0.000197s ]
SQL: SHOW COLUMNS FROM `ht_activity` [ RunTime:0.001769s ]
SQL: SELECT `img1`,`img2`,`img3`,`img4`,`img5`,`img6`,`content` FROM `ht_activity` WHERE ( `id` = 33 ) LIMIT 1   [ RunTime:0.000226s ]
SQL: SELECT `id`,`title`,`star`,`fans_num` FROM `ht_shop` WHERE ( `member_id` = 73 ) LIMIT 1   [ RunTime:0.000195s ]
SQL: SELECT `img1`,`img2`,`img3`,`img4`,`img5`,`img6`,`content` FROM `ht_coupon` WHERE ( `id` = 86 ) LIMIT 1   [ RunTime:0.000194s ]
SQL: SELECT `id`,`title`,`star`,`fans_num` FROM `ht_shop` WHERE ( `member_id` = 73 ) LIMIT 1   [ RunTime:0.000190s ]
SQL: SELECT `img1`,`img2`,`img3`,`img4`,`img5`,`img6`,`content` FROM `ht_coupon` WHERE ( `id` = 87 ) LIMIT 1   [ RunTime:0.000193s ]
SQL: SELECT `id`,`title`,`star`,`fans_num` FROM `ht_shop` WHERE ( `member_id` = 73 ) LIMIT 1   [ RunTime:0.000189s ]
SQL: SELECT `img1`,`img2`,`img3`,`img4`,`img5`,`img6`,`content` FROM `ht_activity` WHERE ( `id` = 33 ) LIMIT 1   [ RunTime:0.000192s ]
SQL: SELECT `id`,`title`,`star`,`fans_num` FROM `ht_shop` WHERE ( `member_id` = 73 ) LIMIT 1   [ RunTime:0.000192s ]
SQL: SELECT `img1`,`img2`,`img3`,`img4`,`img5`,`img6`,`content` FROM `ht_call` WHERE ( `id` = 58 ) LIMIT 1   [ RunTime:0.000204s ]
SQL: SELECT `id`,`title`,`star`,`fans_num` FROM `ht_shop` WHERE ( `member_id` = 73 ) LIMIT 1   [ RunTime:0.000194s ]
SQL: SHOW COLUMNS FROM `ht_card` [ RunTime:0.001763s ]
SQL: SELECT `img1`,`img2`,`img3`,`img4`,`img5`,`img6`,`content` FROM `ht_card` WHERE ( `id` = 19 ) LIMIT 1   [ RunTime:0.000233s ]
SQL: SELECT `id`,`title`,`star`,`fans_num` FROM `ht_shop` WHERE ( `member_id` = 73 ) LIMIT 1   [ RunTime:0.000213s ]
SQL: SELECT `img1`,`img2`,`img3`,`img4`,`img5`,`img6`,`content` FROM `ht_call` WHERE ( `id` = 57 ) LIMIT 1   [ RunTime:0.000196s ]
SQL: SELECT `id`,`title`,`star`,`fans_num` FROM `ht_shop` WHERE ( `member_id` = 73 ) LIMIT 1   [ RunTime:0.000198s ]
SQL: SELECT `img1`,`img2`,`img3`,`img4`,`img5`,`img6`,`content` FROM `ht_call` WHERE ( `id` = 56 ) LIMIT 1   [ RunTime:0.000192s ]
SQL: SELECT `id`,`title`,`star`,`fans_num` FROM `ht_shop` WHERE ( `member_id` = 73 ) LIMIT 1   [ RunTime:0.000185s ]
SQL: SELECT `img1`,`img2`,`img3`,`img4`,`img5`,`img6`,`content` FROM `ht_call` WHERE ( `id` = 55 ) LIMIT 1   [ RunTime:0.000200s ]
SQL: SELECT `id`,`title`,`star`,`fans_num` FROM `ht_shop` WHERE ( `member_id` = 73 ) LIMIT 1   [ RunTime:0.000188s ]
SQL: SELECT `img1`,title as content FROM `ht_new_product` WHERE ( `id` = 44 ) LIMIT 1   [ RunTime:0.000185s ]
SQL: SELECT `id`,`title`,`star`,`fans_num` FROM `ht_shop` WHERE ( `member_id` = 73 ) LIMIT 1   [ RunTime:0.000185s ]
SQL: SELECT `img1`,`img2`,`img3`,`img4`,`img5`,`img6`,`content` FROM `ht_card` WHERE ( `id` = 18 ) LIMIT 1   [ RunTime:0.000193s ]
SQL: SELECT `id`,`title`,`star`,`fans_num` FROM `ht_shop` WHERE ( `member_id` = 73 ) LIMIT 1   [ RunTime:0.000184s ]
SQL: SELECT `img1`,`img2`,`img3`,`img4`,`img5`,`img6`,`content` FROM `ht_card` WHERE ( `id` = 17 ) LIMIT 1   [ RunTime:0.000195s ]
SQL: SELECT `id`,`title`,`star`,`fans_num` FROM `ht_shop` WHERE ( `member_id` = 73 ) LIMIT 1   [ RunTime:0.000184s ]
SQL: SELECT `img1`,`img2`,`img3`,`img4`,`img5`,`img6`,`content` FROM `ht_activity` WHERE ( `id` = 33 ) LIMIT 1   [ RunTime:0.000192s ]
SQL: SELECT `id`,`title`,`star`,`fans_num` FROM `ht_shop` WHERE ( `member_id` = 73 ) LIMIT 1   [ RunTime:0.000184s ]
SQL: SELECT `img1`,`img2`,`img3`,`img4`,`img5`,`img6`,`content` FROM `ht_coupon` WHERE ( `id` = 88 ) LIMIT 1   [ RunTime:0.000202s ]
SQL: SELECT `id`,`title`,`star`,`fans_num` FROM `ht_shop` WHERE ( `member_id` = 73 ) LIMIT 1   [ RunTime:0.000190s ]
SQL: SELECT `img1`,`img2`,`img3`,`img4`,`img5`,`img6`,`content` FROM `ht_coupon` WHERE ( `id` = 87 ) LIMIT 1   [ RunTime:0.000194s ]
SQL: SELECT `id`,`title`,`star`,`fans_num` FROM `ht_shop` WHERE ( `member_id` = 73 ) LIMIT 1   [ RunTime:0.000189s ]
SQL: SELECT `img1`,`img2`,`img3`,`img4`,`img5`,`img6`,`content` FROM `ht_coupon` WHERE ( `id` = 86 ) LIMIT 1   [ RunTime:0.000195s ]
SQL: SELECT `id`,`title`,`star`,`fans_num` FROM `ht_shop` WHERE ( `member_id` = 73 ) LIMIT 1   [ RunTime:0.000187s ]
SQL: SELECT `img1`,`img2`,`img3`,`img4`,`img5`,`img6`,`content` FROM `ht_coupon` WHERE ( `id` = 85 ) LIMIT 1   [ RunTime:0.000196s ]
SQL: SELECT `id`,`title`,`star`,`fans_num` FROM `ht_shop` WHERE ( `member_id` = 73 ) LIMIT 1   [ RunTime:0.000186s ]

[ 2015-09-24T22:42:45+08:00 ] 172.16.100.11 /?c=Api&a=getTypeCallList&partent=ht&key=ht&city_id=295&one_id=11
INFO: [ app_init ] --START--
INFO: Run Behavior\BuildLiteBehavior [ RunTime:0.000024s ]
INFO: [ app_init ] --END-- [ RunTime:0.000460s ]
INFO: [ app_begin ] --START--
INFO: Run Behavior\ReadHtmlCacheBehavior [ RunTime:0.000584s ]
INFO: [ app_begin ] --END-- [ RunTime:0.000689s ]
SQL: SHOW COLUMNS FROM `ht_shop_service` [ RunTime:0.002387s ]
SQL: SELECT * FROM `ht_shop_service` WHERE ( `city_id` = 295 ) AND ( `one_id` = 11 ) ORDER BY id desc LIMIT 0,20   [ RunTime:0.000664s ]

[ 2015-09-24T22:42:45+08:00 ] 172.16.100.11 /?c=Api&a=getTypeCallList&partent=ht&key=ht&city_id=295&one_id=11
INFO: [ app_init ] --START--
INFO: Run Behavior\BuildLiteBehavior [ RunTime:0.000023s ]
INFO: [ app_init ] --END-- [ RunTime:0.000459s ]
INFO: [ app_begin ] --START--
INFO: Run Behavior\ReadHtmlCacheBehavior [ RunTime:0.000668s ]
INFO: [ app_begin ] --END-- [ RunTime:0.000764s ]
SQL: SHOW COLUMNS FROM `ht_shop_service` [ RunTime:0.002009s ]
SQL: SELECT * FROM `ht_shop_service` WHERE ( `city_id` = 295 ) AND ( `one_id` = 11 ) ORDER BY id desc LIMIT 0,20   [ RunTime:0.000330s ]

[ 2015-09-24T22:43:32+08:00 ] 172.16.100.11 /?c=Api&a=getHomeTypeList&partent=ht&key=ht&city_id=295
INFO: [ app_init ] --START--
INFO: Run Behavior\BuildLiteBehavior [ RunTime:0.000023s ]
INFO: [ app_init ] --END-- [ RunTime:0.000467s ]
INFO: [ app_begin ] --START--
INFO: Run Behavior\ReadHtmlCacheBehavior [ RunTime:0.000582s ]
INFO: [ app_begin ] --END-- [ RunTime:0.000679s ]
SQL: SHOW COLUMNS FROM `ht_home_class` [ RunTime:0.001096s ]
SQL: SELECT * FROM `ht_home_class` WHERE ( `city_id` = 295 ) AND ( `is_hidden` = 0 ) ORDER BY order_num asc,id desc  [ RunTime:0.000247s ]

[ 2015-09-24T22:43:32+08:00 ] 172.16.100.11 /?c=Api&a=getHomeCallList&partent=ht&key=ht&city_id=295&member_id=105&time=1443105832008
INFO: [ app_init ] --START--
INFO: Run Behavior\BuildLiteBehavior [ RunTime:0.000021s ]
INFO: [ app_init ] --END-- [ RunTime:0.000461s ]
INFO: [ app_begin ] --START--
INFO: Run Behavior\ReadHtmlCacheBehavior [ RunTime:0.000626s ]
INFO: [ app_begin ] --END-- [ RunTime:0.000722s ]
SQL: SHOW COLUMNS FROM `ht_shop_service` [ RunTime:0.001575s ]
SQL: SELECT * FROM `ht_shop_service` WHERE ( `city_id` = 295 ) ORDER BY id desc LIMIT 0,20   [ RunTime:0.000398s ]
SQL: SHOW COLUMNS FROM `ht_new_product` [ RunTime:0.001398s ]
SQL: SELECT `img1`,`img2`,`img3`,`img4`,`img5`,`img6`,title as content FROM `ht_new_product` WHERE ( `id` = 45 ) LIMIT 1   [ RunTime:0.000301s ]
SQL: SHOW COLUMNS FROM `ht_shop` [ RunTime:0.002405s ]
SQL: SELECT `id`,`title`,`star`,`fans_num` FROM `ht_shop` WHERE ( `member_id` = 68 ) LIMIT 1   [ RunTime:0.000669s ]
SQL: SHOW COLUMNS FROM `ht_shop_fans` [ RunTime:0.000915s ]
SQL: SELECT * FROM `ht_shop_fans` WHERE ( `shop_id` = 77 ) AND ( `member_id` = 105 ) LIMIT 1   [ RunTime:0.000598s ]
SQL: SELECT `img1`,`img2`,`img3`,`img4`,`img5`,`img6`,title as content FROM `ht_new_product` WHERE ( `id` = 48 ) LIMIT 1   [ RunTime:0.000237s ]
SQL: SELECT `id`,`title`,`star`,`fans_num` FROM `ht_shop` WHERE ( `member_id` = 73 ) LIMIT 1   [ RunTime:0.000600s ]
SQL: SELECT * FROM `ht_shop_fans` WHERE ( `shop_id` = 79 ) AND ( `member_id` = 105 ) LIMIT 1   [ RunTime:0.000521s ]
SQL: SHOW COLUMNS FROM `ht_call` [ RunTime:0.001562s ]
SQL: SELECT `img1`,`img2`,`img3`,`img4`,`img5`,`img6`,`content` FROM `ht_call` WHERE ( `id` = 61 ) LIMIT 1   [ RunTime:0.000306s ]
SQL: SELECT `id`,`title`,`star`,`fans_num` FROM `ht_shop` WHERE ( `member_id` = 73 ) LIMIT 1   [ RunTime:0.000198s ]
SQL: SELECT * FROM `ht_shop_fans` WHERE ( `shop_id` = 79 ) AND ( `member_id` = 105 ) LIMIT 1   [ RunTime:0.000244s ]
SQL: SELECT `img1`,`img2`,`img3`,`img4`,`img5`,`img6`,title as content FROM `ht_new_product` WHERE ( `id` = 45 ) LIMIT 1   [ RunTime:0.000296s ]
SQL: SELECT `id`,`title`,`star`,`fans_num` FROM `ht_shop` WHERE ( `member_id` = 68 ) LIMIT 1   [ RunTime:0.000251s ]
SQL: SELECT * FROM `ht_shop_fans` WHERE ( `shop_id` = 77 ) AND ( `member_id` = 105 ) LIMIT 1   [ RunTime:0.000281s ]
SQL: SHOW COLUMNS FROM `ht_coupon` [ RunTime:0.001575s ]
SQL: SELECT `img1`,`img2`,`img3`,`img4`,`img5`,`img6`,`content` FROM `ht_coupon` WHERE ( `id` = 86 ) LIMIT 1   [ RunTime:0.000223s ]
SQL: SELECT `id`,`title`,`star`,`fans_num` FROM `ht_shop` WHERE ( `member_id` = 73 ) LIMIT 1   [ RunTime:0.000192s ]
SQL: SELECT * FROM `ht_shop_fans` WHERE ( `shop_id` = 79 ) AND ( `member_id` = 105 ) LIMIT 1   [ RunTime:0.000196s ]
SQL: SHOW COLUMNS FROM `ht_activity` [ RunTime:0.001385s ]
SQL: SELECT `img1`,`img2`,`img3`,`img4`,`img5`,`img6`,`content` FROM `ht_activity` WHERE ( `id` = 33 ) LIMIT 1   [ RunTime:0.000304s ]
SQL: SELECT `id`,`title`,`star`,`fans_num` FROM `ht_shop` WHERE ( `member_id` = 73 ) LIMIT 1   [ RunTime:0.000191s ]
SQL: SELECT * FROM `ht_shop_fans` WHERE ( `shop_id` = 79 ) AND ( `member_id` = 105 ) LIMIT 1   [ RunTime:0.000280s ]
SQL: SELECT `img1`,`img2`,`img3`,`img4`,`img5`,`img6`,`content` FROM `ht_coupon` WHERE ( `id` = 86 ) LIMIT 1   [ RunTime:0.000200s ]
SQL: SELECT `id`,`title`,`star`,`fans_num` FROM `ht_shop` WHERE ( `member_id` = 73 ) LIMIT 1   [ RunTime:0.000226s ]
SQL: SELECT * FROM `ht_shop_fans` WHERE ( `shop_id` = 79 ) AND ( `member_id` = 105 ) LIMIT 1   [ RunTime:0.000269s ]
SQL: SELECT `img1`,`img2`,`img3`,`img4`,`img5`,`img6`,`content` FROM `ht_coupon` WHERE ( `id` = 87 ) LIMIT 1   [ RunTime:0.000243s ]
SQL: SELECT `id`,`title`,`star`,`fans_num` FROM `ht_shop` WHERE ( `member_id` = 73 ) LIMIT 1   [ RunTime:0.000276s ]
SQL: SELECT * FROM `ht_shop_fans` WHERE ( `shop_id` = 79 ) AND ( `member_id` = 105 ) LIMIT 1   [ RunTime:0.000235s ]
SQL: SELECT `img1`,`img2`,`img3`,`img4`,`img5`,`img6`,`content` FROM `ht_activity` WHERE ( `id` = 33 ) LIMIT 1   [ RunTime:0.000282s ]
SQL: SELECT `id`,`title`,`star`,`fans_num` FROM `ht_shop` WHERE ( `member_id` = 73 ) LIMIT 1   [ RunTime:0.000189s ]
SQL: SELECT * FROM `ht_shop_fans` WHERE ( `shop_id` = 79 ) AND ( `member_id` = 105 ) LIMIT 1   [ RunTime:0.000283s ]
SQL: SELECT `img1`,`img2`,`img3`,`img4`,`img5`,`img6`,`content` FROM `ht_call` WHERE ( `id` = 58 ) LIMIT 1   [ RunTime:0.000299s ]
SQL: SELECT `id`,`title`,`star`,`fans_num` FROM `ht_shop` WHERE ( `member_id` = 73 ) LIMIT 1   [ RunTime:0.000287s ]
SQL: SELECT * FROM `ht_shop_fans` WHERE ( `shop_id` = 79 ) AND ( `member_id` = 105 ) LIMIT 1   [ RunTime:0.000296s ]
SQL: SHOW COLUMNS FROM `ht_card` [ RunTime:0.001595s ]
SQL: SELECT `img1`,`img2`,`img3`,`img4`,`img5`,`img6`,`content` FROM `ht_card` WHERE ( `id` = 19 ) LIMIT 1   [ RunTime:0.000223s ]
SQL: SELECT `id`,`title`,`star`,`fans_num` FROM `ht_shop` WHERE ( `member_id` = 73 ) LIMIT 1   [ RunTime:0.000274s ]
SQL: SELECT * FROM `ht_shop_fans` WHERE ( `shop_id` = 79 ) AND ( `member_id` = 105 ) LIMIT 1   [ RunTime:0.000244s ]
SQL: SELECT `img1`,`img2`,`img3`,`img4`,`img5`,`img6`,`content` FROM `ht_call` WHERE ( `id` = 57 ) LIMIT 1   [ RunTime:0.000201s ]
SQL: SELECT `id`,`title`,`star`,`fans_num` FROM `ht_shop` WHERE ( `member_id` = 73 ) LIMIT 1   [ RunTime:0.000186s ]
SQL: SELECT * FROM `ht_shop_fans` WHERE ( `shop_id` = 79 ) AND ( `member_id` = 105 ) LIMIT 1   [ RunTime:0.000240s ]
SQL: SELECT `img1`,`img2`,`img3`,`img4`,`img5`,`img6`,`content` FROM `ht_call` WHERE ( `id` = 56 ) LIMIT 1   [ RunTime:0.000199s ]
SQL: SELECT `id`,`title`,`star`,`fans_num` FROM `ht_shop` WHERE ( `member_id` = 73 ) LIMIT 1   [ RunTime:0.000250s ]
SQL: SELECT * FROM `ht_shop_fans` WHERE ( `shop_id` = 79 ) AND ( `member_id` = 105 ) LIMIT 1   [ RunTime:0.000286s ]
SQL: SELECT `img1`,`img2`,`img3`,`img4`,`img5`,`img6`,`content` FROM `ht_call` WHERE ( `id` = 55 ) LIMIT 1   [ RunTime:0.000276s ]
SQL: SELECT `id`,`title`,`star`,`fans_num` FROM `ht_shop` WHERE ( `member_id` = 73 ) LIMIT 1   [ RunTime:0.000295s ]
SQL: SELECT * FROM `ht_shop_fans` WHERE ( `shop_id` = 79 ) AND ( `member_id` = 105 ) LIMIT 1   [ RunTime:0.000195s ]
SQL: SELECT `img1`,`img2`,`img3`,`img4`,`img5`,`img6`,title as content FROM `ht_new_product` WHERE ( `id` = 44 ) LIMIT 1   [ RunTime:0.000287s ]
SQL: SELECT `id`,`title`,`star`,`fans_num` FROM `ht_shop` WHERE ( `member_id` = 73 ) LIMIT 1   [ RunTime:0.000198s ]
SQL: SELECT * FROM `ht_shop_fans` WHERE ( `shop_id` = 79 ) AND ( `member_id` = 105 ) LIMIT 1   [ RunTime:0.000284s ]
SQL: SELECT `img1`,`img2`,`img3`,`img4`,`img5`,`img6`,`content` FROM `ht_card` WHERE ( `id` = 18 ) LIMIT 1   [ RunTime:0.000289s ]
SQL: SELECT `id`,`title`,`star`,`fans_num` FROM `ht_shop` WHERE ( `member_id` = 73 ) LIMIT 1   [ RunTime:0.000279s ]
SQL: SELECT * FROM `ht_shop_fans` WHERE ( `shop_id` = 79 ) AND ( `member_id` = 105 ) LIMIT 1   [ RunTime:0.000291s ]
SQL: SELECT `img1`,`img2`,`img3`,`img4`,`img5`,`img6`,`content` FROM `ht_card` WHERE ( `id` = 17 ) LIMIT 1   [ RunTime:0.000299s ]
SQL: SELECT `id`,`title`,`star`,`fans_num` FROM `ht_shop` WHERE ( `member_id` = 73 ) LIMIT 1   [ RunTime:0.000293s ]
SQL: SELECT * FROM `ht_shop_fans` WHERE ( `shop_id` = 79 ) AND ( `member_id` = 105 ) LIMIT 1   [ RunTime:0.000284s ]
SQL: SELECT `img1`,`img2`,`img3`,`img4`,`img5`,`img6`,`content` FROM `ht_activity` WHERE ( `id` = 33 ) LIMIT 1   [ RunTime:0.000263s ]
SQL: SELECT `id`,`title`,`star`,`fans_num` FROM `ht_shop` WHERE ( `member_id` = 73 ) LIMIT 1   [ RunTime:0.000188s ]
SQL: SELECT * FROM `ht_shop_fans` WHERE ( `shop_id` = 79 ) AND ( `member_id` = 105 ) LIMIT 1   [ RunTime:0.000190s ]
SQL: SELECT `img1`,`img2`,`img3`,`img4`,`img5`,`img6`,`content` FROM `ht_coupon` WHERE ( `id` = 88 ) LIMIT 1   [ RunTime:0.000202s ]
SQL: SELECT `id`,`title`,`star`,`fans_num` FROM `ht_shop` WHERE ( `member_id` = 73 ) LIMIT 1   [ RunTime:0.000187s ]
SQL: SELECT * FROM `ht_shop_fans` WHERE ( `shop_id` = 79 ) AND ( `member_id` = 105 ) LIMIT 1   [ RunTime:0.000190s ]
SQL: SELECT `img1`,`img2`,`img3`,`img4`,`img5`,`img6`,`content` FROM `ht_coupon` WHERE ( `id` = 87 ) LIMIT 1   [ RunTime:0.000191s ]
SQL: SELECT `id`,`title`,`star`,`fans_num` FROM `ht_shop` WHERE ( `member_id` = 73 ) LIMIT 1   [ RunTime:0.000186s ]
SQL: SELECT * FROM `ht_shop_fans` WHERE ( `shop_id` = 79 ) AND ( `member_id` = 105 ) LIMIT 1   [ RunTime:0.000197s ]

[ 2015-09-24T22:43:37+08:00 ] 172.16.100.11 /?c=Api&a=getAreaList&partent=ht&key=ht
INFO: [ app_init ] --START--
INFO: Run Behavior\BuildLiteBehavior [ RunTime:0.000023s ]
INFO: [ app_init ] --END-- [ RunTime:0.000457s ]
INFO: [ app_begin ] --START--
INFO: Run Behavior\ReadHtmlCacheBehavior [ RunTime:0.000561s ]
INFO: [ app_begin ] --END-- [ RunTime:0.000660s ]
SQL: SHOW COLUMNS FROM `ht_area` [ RunTime:0.001177s ]
SQL: SELECT `id`,`title` FROM `ht_area` WHERE ( c_id=12 )  [ RunTime:0.000236s ]

[ 2015-09-24T22:43:37+08:00 ] 172.16.100.11 /?c=Api&a=getFollowShopList&partent=ht&key=ht&city_id=12&member_id=105
INFO: [ app_init ] --START--
INFO: Run Behavior\BuildLiteBehavior [ RunTime:0.000023s ]
INFO: [ app_init ] --END-- [ RunTime:0.000480s ]
INFO: [ app_begin ] --START--
INFO: Run Behavior\ReadHtmlCacheBehavior [ RunTime:0.000619s ]
INFO: [ app_begin ] --END-- [ RunTime:0.000717s ]
SQL: SHOW COLUMNS FROM `ht_shop_fans` [ RunTime:0.001284s ]
SQL: SELECT `to_member_id` FROM `ht_shop_fans` WHERE ( `member_id` = 105 )  [ RunTime:0.000471s ]
SQL: SHOW COLUMNS FROM `ht_shop_service` [ RunTime:0.001995s ]
SQL: SELECT `id`,`member_id`,`service_id`,`title`,`type`,`collection_num`,`zan_num`,`comment_num`,`addtime`,`img1`,`img2`,`img3`,`img4`,`img5`,`img6` FROM `ht_shop_service` WHERE ( `member_id` IN ('73','10') ) ORDER BY id desc  [ RunTime:0.001087s ]
SQL: SHOW COLUMNS FROM `ht_new_product` [ RunTime:0.001807s ]
SQL: SELECT `img1`,title as content FROM `ht_new_product` WHERE ( `id` = 48 ) LIMIT 1   [ RunTime:0.000246s ]
SQL: SHOW COLUMNS FROM `ht_shop` [ RunTime:0.002486s ]
SQL: SELECT `id`,`title`,`star`,`fans_num` FROM `ht_shop` WHERE ( `member_id` = 73 ) LIMIT 1   [ RunTime:0.000210s ]
SQL: SHOW COLUMNS FROM `ht_call` [ RunTime:0.001567s ]
SQL: SELECT `img1`,`img2`,`img3`,`img4`,`img5`,`img6`,`content` FROM `ht_call` WHERE ( `id` = 61 ) LIMIT 1   [ RunTime:0.000248s ]
SQL: SELECT `id`,`title`,`star`,`fans_num` FROM `ht_shop` WHERE ( `member_id` = 73 ) LIMIT 1   [ RunTime:0.000220s ]
SQL: SHOW COLUMNS FROM `ht_coupon` [ RunTime:0.001885s ]
SQL: SELECT `img1`,`img2`,`img3`,`img4`,`img5`,`img6`,`content` FROM `ht_coupon` WHERE ( `id` = 86 ) LIMIT 1   [ RunTime:0.000254s ]
SQL: SELECT `id`,`title`,`star`,`fans_num` FROM `ht_shop` WHERE ( `member_id` = 73 ) LIMIT 1   [ RunTime:0.000224s ]
SQL: SHOW COLUMNS FROM `ht_activity` [ RunTime:0.002727s ]
SQL: SELECT `img1`,`img2`,`img3`,`img4`,`img5`,`img6`,`content` FROM `ht_activity` WHERE ( `id` = 33 ) LIMIT 1   [ RunTime:0.000208s ]
SQL: SELECT `id`,`title`,`star`,`fans_num` FROM `ht_shop` WHERE ( `member_id` = 73 ) LIMIT 1   [ RunTime:0.000191s ]
SQL: SELECT `img1`,`img2`,`img3`,`img4`,`img5`,`img6`,`content` FROM `ht_coupon` WHERE ( `id` = 86 ) LIMIT 1   [ RunTime:0.000191s ]
SQL: SELECT `id`,`title`,`star`,`fans_num` FROM `ht_shop` WHERE ( `member_id` = 73 ) LIMIT 1   [ RunTime:0.000219s ]
SQL: SELECT `img1`,`img2`,`img3`,`img4`,`img5`,`img6`,`content` FROM `ht_coupon` WHERE ( `id` = 87 ) LIMIT 1   [ RunTime:0.000222s ]
SQL: SELECT `id`,`title`,`star`,`fans_num` FROM `ht_shop` WHERE ( `member_id` = 73 ) LIMIT 1   [ RunTime:0.000202s ]
SQL: SELECT `img1`,`img2`,`img3`,`img4`,`img5`,`img6`,`content` FROM `ht_activity` WHERE ( `id` = 33 ) LIMIT 1   [ RunTime:0.000254s ]
SQL: SELECT `id`,`title`,`star`,`fans_num` FROM `ht_shop` WHERE ( `member_id` = 73 ) LIMIT 1   [ RunTime:0.000232s ]
SQL: SELECT `img1`,`img2`,`img3`,`img4`,`img5`,`img6`,`content` FROM `ht_call` WHERE ( `id` = 58 ) LIMIT 1   [ RunTime:0.000234s ]
SQL: SELECT `id`,`title`,`star`,`fans_num` FROM `ht_shop` WHERE ( `member_id` = 73 ) LIMIT 1   [ RunTime:0.000262s ]
SQL: SHOW COLUMNS FROM `ht_card` [ RunTime:0.001619s ]
SQL: SELECT `img1`,`img2`,`img3`,`img4`,`img5`,`img6`,`content` FROM `ht_card` WHERE ( `id` = 19 ) LIMIT 1   [ RunTime:0.000235s ]
SQL: SELECT `id`,`title`,`star`,`fans_num` FROM `ht_shop` WHERE ( `member_id` = 73 ) LIMIT 1   [ RunTime:0.000218s ]
SQL: SELECT `img1`,`img2`,`img3`,`img4`,`img5`,`img6`,`content` FROM `ht_call` WHERE ( `id` = 57 ) LIMIT 1   [ RunTime:0.000260s ]
SQL: SELECT `id`,`title`,`star`,`fans_num` FROM `ht_shop` WHERE ( `member_id` = 73 ) LIMIT 1   [ RunTime:0.000243s ]
SQL: SELECT `img1`,`img2`,`img3`,`img4`,`img5`,`img6`,`content` FROM `ht_call` WHERE ( `id` = 56 ) LIMIT 1   [ RunTime:0.000224s ]
SQL: SELECT `id`,`title`,`star`,`fans_num` FROM `ht_shop` WHERE ( `member_id` = 73 ) LIMIT 1   [ RunTime:0.000232s ]
SQL: SELECT `img1`,`img2`,`img3`,`img4`,`img5`,`img6`,`content` FROM `ht_call` WHERE ( `id` = 55 ) LIMIT 1   [ RunTime:0.000252s ]
SQL: SELECT `id`,`title`,`star`,`fans_num` FROM `ht_shop` WHERE ( `member_id` = 73 ) LIMIT 1   [ RunTime:0.000263s ]
SQL: SELECT `img1`,title as content FROM `ht_new_product` WHERE ( `id` = 44 ) LIMIT 1   [ RunTime:0.000238s ]
SQL: SELECT `id`,`title`,`star`,`fans_num` FROM `ht_shop` WHERE ( `member_id` = 73 ) LIMIT 1   [ RunTime:0.000327s ]
SQL: SELECT `img1`,`img2`,`img3`,`img4`,`img5`,`img6`,`content` FROM `ht_card` WHERE ( `id` = 18 ) LIMIT 1   [ RunTime:0.000238s ]
SQL: SELECT `id`,`title`,`star`,`fans_num` FROM `ht_shop` WHERE ( `member_id` = 73 ) LIMIT 1   [ RunTime:0.000231s ]
SQL: SELECT `img1`,`img2`,`img3`,`img4`,`img5`,`img6`,`content` FROM `ht_card` WHERE ( `id` = 17 ) LIMIT 1   [ RunTime:0.000330s ]
SQL: SELECT `id`,`title`,`star`,`fans_num` FROM `ht_shop` WHERE ( `member_id` = 73 ) LIMIT 1   [ RunTime:0.000216s ]
SQL: SELECT `img1`,`img2`,`img3`,`img4`,`img5`,`img6`,`content` FROM `ht_activity` WHERE ( `id` = 33 ) LIMIT 1   [ RunTime:0.000226s ]
SQL: SELECT `id`,`title`,`star`,`fans_num` FROM `ht_shop` WHERE ( `member_id` = 73 ) LIMIT 1   [ RunTime:0.000220s ]
SQL: SELECT `img1`,`img2`,`img3`,`img4`,`img5`,`img6`,`content` FROM `ht_coupon` WHERE ( `id` = 88 ) LIMIT 1   [ RunTime:0.000240s ]
SQL: SELECT `id`,`title`,`star`,`fans_num` FROM `ht_shop` WHERE ( `member_id` = 73 ) LIMIT 1   [ RunTime:0.000223s ]
SQL: SELECT `img1`,`img2`,`img3`,`img4`,`img5`,`img6`,`content` FROM `ht_coupon` WHERE ( `id` = 87 ) LIMIT 1   [ RunTime:0.000220s ]
SQL: SELECT `id`,`title`,`star`,`fans_num` FROM `ht_shop` WHERE ( `member_id` = 73 ) LIMIT 1   [ RunTime:0.000225s ]
SQL: SELECT `img1`,`img2`,`img3`,`img4`,`img5`,`img6`,`content` FROM `ht_coupon` WHERE ( `id` = 86 ) LIMIT 1   [ RunTime:0.000228s ]
SQL: SELECT `id`,`title`,`star`,`fans_num` FROM `ht_shop` WHERE ( `member_id` = 73 ) LIMIT 1   [ RunTime:0.000223s ]
SQL: SELECT `img1`,`img2`,`img3`,`img4`,`img5`,`img6`,`content` FROM `ht_coupon` WHERE ( `id` = 85 ) LIMIT 1   [ RunTime:0.000225s ]
SQL: SELECT `id`,`title`,`star`,`fans_num` FROM `ht_shop` WHERE ( `member_id` = 73 ) LIMIT 1   [ RunTime:0.000218s ]

[ 2015-09-24T22:43:37+08:00 ] 172.16.100.11 /?c=Api&a=getTypeCallList&partent=ht&key=ht&city_id=12&one_id=10
INFO: [ app_init ] --START--
INFO: Run Behavior\BuildLiteBehavior [ RunTime:0.000022s ]
INFO: [ app_init ] --END-- [ RunTime:0.000437s ]
INFO: [ app_begin ] --START--
INFO: Run Behavior\ReadHtmlCacheBehavior [ RunTime:0.000563s ]
INFO: [ app_begin ] --END-- [ RunTime:0.000656s ]
SQL: SHOW COLUMNS FROM `ht_shop_service` [ RunTime:0.001412s ]
SQL: SELECT * FROM `ht_shop_service` WHERE ( `city_id` = 12 ) AND ( `one_id` = 10 ) ORDER BY id desc LIMIT 0,20   [ RunTime:0.000650s ]

[ 2015-09-24T22:43:42+08:00 ] 172.16.100.11 /?c=Api&a=getCall&partent=ht&key=ht
INFO: [ app_init ] --START--
INFO: Run Behavior\BuildLiteBehavior [ RunTime:0.000023s ]
INFO: [ app_init ] --END-- [ RunTime:0.000461s ]
INFO: [ app_begin ] --START--
INFO: Run Behavior\ReadHtmlCacheBehavior [ RunTime:0.000565s ]
INFO: [ app_begin ] --END-- [ RunTime:0.000662s ]
SQL: SHOW COLUMNS FROM `ht_shop_service` [ RunTime:0.001575s ]
SQL: SELECT * FROM `ht_shop_service` WHERE ( `id` = 166 ) LIMIT 1   [ RunTime:0.000589s ]
SQL: SHOW COLUMNS FROM `ht_shop` [ RunTime:0.002329s ]
SQL: SELECT * FROM `ht_shop` WHERE ( `member_id` = 49 ) LIMIT 1   [ RunTime:0.000799s ]
SQL: SHOW COLUMNS FROM `ht_card` [ RunTime:0.001560s ]
SQL: SELECT `id`,`title`,`content`,`img1`,`img2`,`img3`,`img4`,`img5`,`img6`,`title` FROM `ht_card` WHERE ( `id` = 20 ) LIMIT 1   [ RunTime:0.000327s ]

[ 2015-09-24T22:43:46+08:00 ] 172.16.100.11 /?c=Api&a=shopFollow&partent=ht&key=ht
INFO: [ app_init ] --START--
INFO: Run Behavior\BuildLiteBehavior [ RunTime:0.000030s ]
INFO: [ app_init ] --END-- [ RunTime:0.000634s ]
INFO: [ app_begin ] --START--
INFO: Run Behavior\ReadHtmlCacheBehavior [ RunTime:0.000824s ]
INFO: [ app_begin ] --END-- [ RunTime:0.000957s ]
SQL: SHOW COLUMNS FROM `ht_shop` [ RunTime:0.003189s ]
SQL: SELECT * FROM `ht_shop` WHERE ( `id` = 62 ) LIMIT 1   [ RunTime:0.000658s ]
SQL: SHOW COLUMNS FROM `ht_member` [ RunTime:0.001326s ]
SQL: SELECT * FROM `ht_member` WHERE ( `id` = 105 ) LIMIT 1   [ RunTime:0.000234s ]
SQL: SHOW COLUMNS FROM `ht_shop_fans` [ RunTime:0.001103s ]
SQL: SELECT * FROM `ht_shop_fans` WHERE ( `shop_id` = 62 ) AND ( `member_id` = 105 ) LIMIT 1   [ RunTime:0.000572s ]

[ 2015-09-24T22:43:54+08:00 ] 172.16.100.11 /?c=Api&a=getShopInfo&partent=ht&key=ht
INFO: [ app_init ] --START--
INFO: Run Behavior\BuildLiteBehavior [ RunTime:0.000024s ]
INFO: [ app_init ] --END-- [ RunTime:0.000457s ]
INFO: [ app_begin ] --START--
INFO: Run Behavior\ReadHtmlCacheBehavior [ RunTime:0.000559s ]
INFO: [ app_begin ] --END-- [ RunTime:0.000675s ]
SQL: SHOW COLUMNS FROM `ht_shop` [ RunTime:0.002613s ]
SQL: SELECT `id`,title as full_name,`fans_num`,`star`,`content`,`address`,`subscribe_tel`,`business_time` FROM `ht_shop` WHERE ( `id` = 62 ) LIMIT 1   [ RunTime:0.000254s ]
SQL: SHOW COLUMNS FROM `ht_shop_fans` [ RunTime:0.000965s ]
SQL: SELECT * FROM `ht_shop_fans` WHERE ( `shop_id` = 62 ) AND ( `member_id` = 49 ) LIMIT 1   [ RunTime:0.000249s ]
SQL: SHOW COLUMNS FROM `ht_shop_service` [ RunTime:0.001491s ]
SQL: SELECT COUNT(*) AS tp_count FROM `ht_shop_service` WHERE ( `member_id` = 49 ) AND ( `type` = 0 ) LIMIT 1   [ RunTime:0.000238s ]
SQL: SELECT COUNT(*) AS tp_count FROM `ht_shop_service` WHERE ( `member_id` = 49 ) AND ( `type` = 1 ) LIMIT 1   [ RunTime:0.000192s ]
SQL: SELECT COUNT(*) AS tp_count FROM `ht_shop_service` WHERE ( `member_id` = 49 ) AND ( `type` = 2 ) LIMIT 1   [ RunTime:0.000219s ]
SQL: SELECT COUNT(*) AS tp_count FROM `ht_shop_service` WHERE ( `member_id` = 49 ) AND ( `type` = 3 ) LIMIT 1   [ RunTime:0.000264s ]
SQL: SELECT * FROM `ht_shop_service` WHERE ( `member_id` = 49 ) ORDER BY id desc LIMIT 0,3   [ RunTime:0.000346s ]
SQL: SHOW COLUMNS FROM `ht_call` [ RunTime:0.001447s ]
SQL: SELECT `img1`,`img2`,`img3`,`img4`,`img5`,`img6`,`content` FROM `ht_call` WHERE ( `id` = 70 ) LIMIT 1   [ RunTime:0.000390s ]
SQL: SELECT `img1`,`img2`,`img3`,`img4`,`img5`,`img6`,`content` FROM `ht_call` WHERE ( `id` = 69 ) LIMIT 1   [ RunTime:0.000210s ]
SQL: SHOW COLUMNS FROM `ht_new_product` [ RunTime:0.001386s ]
SQL: SELECT `img1`,`img2`,`img3`,`img4`,`img5`,`img6`,title as content FROM `ht_new_product` WHERE ( `id` = 49 ) LIMIT 1   [ RunTime:0.000309s ]

[ 2015-09-24T22:44:03+08:00 ] 172.16.100.11 /?c=Api&a=getHomeCallList&partent=ht&key=ht&city_id=12&member_id=105&time=1443105862678
INFO: [ app_init ] --START--
INFO: Run Behavior\BuildLiteBehavior [ RunTime:0.000023s ]
INFO: [ app_init ] --END-- [ RunTime:0.000468s ]
INFO: [ app_begin ] --START--
INFO: Run Behavior\ReadHtmlCacheBehavior [ RunTime:0.000583s ]
INFO: [ app_begin ] --END-- [ RunTime:0.000679s ]
SQL: SHOW COLUMNS FROM `ht_shop_service` [ RunTime:0.002128s ]
SQL: SELECT * FROM `ht_shop_service` WHERE ( `city_id` = 12 ) ORDER BY id desc LIMIT 0,20   [ RunTime:0.000424s ]
SQL: SHOW COLUMNS FROM `ht_call` [ RunTime:0.001364s ]
SQL: SELECT `img1`,`img2`,`img3`,`img4`,`img5`,`img6`,`content` FROM `ht_call` WHERE ( `id` = 71 ) LIMIT 1   [ RunTime:0.000243s ]
SQL: SHOW COLUMNS FROM `ht_shop` [ RunTime:0.002237s ]
SQL: SELECT `id`,`title`,`star`,`fans_num` FROM `ht_shop` WHERE ( `member_id` = 48 ) LIMIT 1   [ RunTime:0.000616s ]
SQL: SHOW COLUMNS FROM `ht_shop_fans` [ RunTime:0.000914s ]
SQL: SELECT * FROM `ht_shop_fans` WHERE ( `shop_id` = 54 ) AND ( `member_id` = 105 ) LIMIT 1   [ RunTime:0.000530s ]
SQL: SELECT `img1`,`img2`,`img3`,`img4`,`img5`,`img6`,`content` FROM `ht_call` WHERE ( `id` = 70 ) LIMIT 1   [ RunTime:0.000310s ]
SQL: SELECT `id`,`title`,`star`,`fans_num` FROM `ht_shop` WHERE ( `member_id` = 49 ) LIMIT 1   [ RunTime:0.000504s ]
SQL: SELECT * FROM `ht_shop_fans` WHERE ( `shop_id` = 62 ) AND ( `member_id` = 105 ) LIMIT 1   [ RunTime:0.000216s ]
SQL: SELECT `img1`,`img2`,`img3`,`img4`,`img5`,`img6`,`content` FROM `ht_call` WHERE ( `id` = 69 ) LIMIT 1   [ RunTime:0.000247s ]
SQL: SELECT `id`,`title`,`star`,`fans_num` FROM `ht_shop` WHERE ( `member_id` = 49 ) LIMIT 1   [ RunTime:0.000193s ]
SQL: SELECT * FROM `ht_shop_fans` WHERE ( `shop_id` = 62 ) AND ( `member_id` = 105 ) LIMIT 1   [ RunTime:0.000279s ]
SQL: SHOW COLUMNS FROM `ht_new_product` [ RunTime:0.001230s ]
SQL: SELECT `img1`,`img2`,`img3`,`img4`,`img5`,`img6`,title as content FROM `ht_new_product` WHERE ( `id` = 49 ) LIMIT 1   [ RunTime:0.000235s ]
SQL: SELECT `id`,`title`,`star`,`fans_num` FROM `ht_shop` WHERE ( `member_id` = 49 ) LIMIT 1   [ RunTime:0.000191s ]
SQL: SELECT * FROM `ht_shop_fans` WHERE ( `shop_id` = 62 ) AND ( `member_id` = 105 ) LIMIT 1   [ RunTime:0.000198s ]
SQL: SHOW COLUMNS FROM `ht_coupon` [ RunTime:0.001609s ]
SQL: SELECT `img1`,`img2`,`img3`,`img4`,`img5`,`img6`,`content` FROM `ht_coupon` WHERE ( `id` = 95 ) LIMIT 1   [ RunTime:0.000295s ]
SQL: SELECT `id`,`title`,`star`,`fans_num` FROM `ht_shop` WHERE ( `member_id` = 49 ) LIMIT 1   [ RunTime:0.000197s ]
SQL: SELECT * FROM `ht_shop_fans` WHERE ( `shop_id` = 62 ) AND ( `member_id` = 105 ) LIMIT 1   [ RunTime:0.000239s ]
SQL: SHOW COLUMNS FROM `ht_card` [ RunTime:0.001546s ]
SQL: SELECT `img1`,`img2`,`img3`,`img4`,`img5`,`img6`,`content` FROM `ht_card` WHERE ( `id` = 22 ) LIMIT 1   [ RunTime:0.000300s ]
SQL: SELECT `id`,`title`,`star`,`fans_num` FROM `ht_shop` WHERE ( `member_id` = 49 ) LIMIT 1   [ RunTime:0.000228s ]
SQL: SELECT * FROM `ht_shop_fans` WHERE ( `shop_id` = 62 ) AND ( `member_id` = 105 ) LIMIT 1   [ RunTime:0.000286s ]
SQL: SELECT `img1`,`img2`,`img3`,`img4`,`img5`,`img6`,`content` FROM `ht_card` WHERE ( `id` = 21 ) LIMIT 1   [ RunTime:0.000223s ]
SQL: SELECT `id`,`title`,`star`,`fans_num` FROM `ht_shop` WHERE ( `member_id` = 49 ) LIMIT 1   [ RunTime:0.000188s ]
SQL: SELECT * FROM `ht_shop_fans` WHERE ( `shop_id` = 62 ) AND ( `member_id` = 105 ) LIMIT 1   [ RunTime:0.000194s ]
SQL: SELECT `img1`,`img2`,`img3`,`img4`,`img5`,`img6`,`content` FROM `ht_card` WHERE ( `id` = 20 ) LIMIT 1   [ RunTime:0.000199s ]
SQL: SELECT `id`,`title`,`star`,`fans_num` FROM `ht_shop` WHERE ( `member_id` = 49 ) LIMIT 1   [ RunTime:0.000186s ]
SQL: SELECT * FROM `ht_shop_fans` WHERE ( `shop_id` = 62 ) AND ( `member_id` = 105 ) LIMIT 1   [ RunTime:0.000264s ]
SQL: SELECT `img1`,`img2`,`img3`,`img4`,`img5`,`img6`,`content` FROM `ht_coupon` WHERE ( `id` = 95 ) LIMIT 1   [ RunTime:0.000202s ]
SQL: SELECT `id`,`title`,`star`,`fans_num` FROM `ht_shop` WHERE ( `member_id` = 49 ) LIMIT 1   [ RunTime:0.000247s ]
SQL: SELECT * FROM `ht_shop_fans` WHERE ( `shop_id` = 62 ) AND ( `member_id` = 105 ) LIMIT 1   [ RunTime:0.000195s ]
SQL: SELECT `img1`,`img2`,`img3`,`img4`,`img5`,`img6`,`content` FROM `ht_call` WHERE ( `id` = 64 ) LIMIT 1   [ RunTime:0.000283s ]
SQL: SELECT `id`,`title`,`star`,`fans_num` FROM `ht_shop` WHERE ( `member_id` = 55 ) LIMIT 1   [ RunTime:0.000615s ]
SQL: SELECT * FROM `ht_shop_fans` WHERE ( `shop_id` = 80 ) AND ( `member_id` = 105 ) LIMIT 1   [ RunTime:0.000548s ]
SQL: SELECT `img1`,`img2`,`img3`,`img4`,`img5`,`img6`,`content` FROM `ht_coupon` WHERE ( `id` = 94 ) LIMIT 1   [ RunTime:0.000288s ]
SQL: SELECT `id`,`title`,`star`,`fans_num` FROM `ht_shop` WHERE ( `member_id` = 98 ) LIMIT 1   [ RunTime:0.000643s ]
SQL: SELECT * FROM `ht_shop_fans` WHERE ( `shop_id` = 81 ) AND ( `member_id` = 105 ) LIMIT 1   [ RunTime:0.000687s ]
SQL: SHOW COLUMNS FROM `ht_activity` [ RunTime:0.001534s ]
SQL: SELECT `img1`,`img2`,`img3`,`img4`,`img5`,`img6`,`content` FROM `ht_activity` WHERE ( `id` = 35 ) LIMIT 1   [ RunTime:0.000321s ]
SQL: SELECT `id`,`title`,`star`,`fans_num` FROM `ht_shop` WHERE ( `member_id` = 98 ) LIMIT 1   [ RunTime:0.000192s ]
SQL: SELECT * FROM `ht_shop_fans` WHERE ( `shop_id` = 81 ) AND ( `member_id` = 105 ) LIMIT 1   [ RunTime:0.000278s ]
SQL: SELECT `img1`,`img2`,`img3`,`img4`,`img5`,`img6`,`content` FROM `ht_activity` WHERE ( `id` = 35 ) LIMIT 1   [ RunTime:0.000306s ]
SQL: SELECT `id`,`title`,`star`,`fans_num` FROM `ht_shop` WHERE ( `member_id` = 98 ) LIMIT 1   [ RunTime:0.000228s ]
SQL: SELECT * FROM `ht_shop_fans` WHERE ( `shop_id` = 81 ) AND ( `member_id` = 105 ) LIMIT 1   [ RunTime:0.000283s ]
SQL: SELECT `img1`,`img2`,`img3`,`img4`,`img5`,`img6`,title as content FROM `ht_new_product` WHERE ( `id` = 47 ) LIMIT 1   [ RunTime:0.000202s ]
SQL: SELECT `id`,`title`,`star`,`fans_num` FROM `ht_shop` WHERE ( `member_id` = 98 ) LIMIT 1   [ RunTime:0.000274s ]
SQL: SELECT * FROM `ht_shop_fans` WHERE ( `shop_id` = 81 ) AND ( `member_id` = 105 ) LIMIT 1   [ RunTime:0.000195s ]
SQL: SELECT `img1`,`img2`,`img3`,`img4`,`img5`,`img6`,`content` FROM `ht_coupon` WHERE ( `id` = 92 ) LIMIT 1   [ RunTime:0.000237s ]
SQL: SELECT `id`,`title`,`star`,`fans_num` FROM `ht_shop` WHERE ( `member_id` = 98 ) LIMIT 1   [ RunTime:0.000189s ]
SQL: SELECT * FROM `ht_shop_fans` WHERE ( `shop_id` = 81 ) AND ( `member_id` = 105 ) LIMIT 1   [ RunTime:0.000292s ]
SQL: SELECT `img1`,`img2`,`img3`,`img4`,`img5`,`img6`,`content` FROM `ht_call` WHERE ( `id` = 62 ) LIMIT 1   [ RunTime:0.000284s ]
SQL: SELECT `id`,`title`,`star`,`fans_num` FROM `ht_shop` WHERE ( `member_id` = 55 ) LIMIT 1   [ RunTime:0.000280s ]
SQL: SELECT * FROM `ht_shop_fans` WHERE ( `shop_id` = 80 ) AND ( `member_id` = 105 ) LIMIT 1   [ RunTime:0.000291s ]
SQL: SELECT `img1`,`img2`,`img3`,`img4`,`img5`,`img6`,`content` FROM `ht_coupon` WHERE ( `id` = 91 ) LIMIT 1   [ RunTime:0.000319s ]
SQL: SELECT `id`,`title`,`star`,`fans_num` FROM `ht_shop` WHERE ( `member_id` = 98 ) LIMIT 1   [ RunTime:0.000195s ]
SQL: SELECT * FROM `ht_shop_fans` WHERE ( `shop_id` = 81 ) AND ( `member_id` = 105 ) LIMIT 1   [ RunTime:0.000194s ]
SQL: SELECT `img1`,`img2`,`img3`,`img4`,`img5`,`img6`,`content` FROM `ht_activity` WHERE ( `id` = 34 ) LIMIT 1   [ RunTime:0.000200s ]
SQL: SELECT `id`,`title`,`star`,`fans_num` FROM `ht_shop` WHERE ( `member_id` = 98 ) LIMIT 1   [ RunTime:0.000198s ]
SQL: SELECT * FROM `ht_shop_fans` WHERE ( `shop_id` = 81 ) AND ( `member_id` = 105 ) LIMIT 1   [ RunTime:0.000188s ]
SQL: SELECT `img1`,`img2`,`img3`,`img4`,`img5`,`img6`,`content` FROM `ht_call` WHERE ( `id` = 60 ) LIMIT 1   [ RunTime:0.000201s ]
SQL: SELECT `id`,`title`,`star`,`fans_num` FROM `ht_shop` WHERE ( `member_id` = 49 ) LIMIT 1   [ RunTime:0.000186s ]
SQL: SELECT * FROM `ht_shop_fans` WHERE ( `shop_id` = 62 ) AND ( `member_id` = 105 ) LIMIT 1   [ RunTime:0.000189s ]
SQL: SELECT `img1`,`img2`,`img3`,`img4`,`img5`,`img6`,title as content FROM `ht_new_product` WHERE ( `id` = 46 ) LIMIT 1   [ RunTime:0.000199s ]
SQL: SELECT `id`,`title`,`star`,`fans_num` FROM `ht_shop` WHERE ( `member_id` = 49 ) LIMIT 1   [ RunTime:0.000185s ]
SQL: SELECT * FROM `ht_shop_fans` WHERE ( `shop_id` = 62 ) AND ( `member_id` = 105 ) LIMIT 1   [ RunTime:0.000190s ]

[ 2015-09-24T22:44:07+08:00 ] 172.16.100.11 /?c=Api&a=getShopInfo&partent=ht&key=ht
INFO: [ app_init ] --START--
INFO: Run Behavior\BuildLiteBehavior [ RunTime:0.000034s ]
INFO: [ app_init ] --END-- [ RunTime:0.000464s ]
INFO: [ app_begin ] --START--
INFO: Run Behavior\ReadHtmlCacheBehavior [ RunTime:0.000568s ]
INFO: [ app_begin ] --END-- [ RunTime:0.000667s ]
SQL: SHOW COLUMNS FROM `ht_shop` [ RunTime:0.003098s ]
SQL: SELECT `id`,title as full_name,`fans_num`,`star`,`content`,`address`,`subscribe_tel`,`business_time` FROM `ht_shop` WHERE ( `id` = 63 ) LIMIT 1   [ RunTime:0.000805s ]
SQL: SHOW COLUMNS FROM `ht_shop_fans` [ RunTime:0.000966s ]
SQL: SELECT * FROM `ht_shop_fans` WHERE ( `shop_id` = 63 ) AND ( `member_id` = 62 ) LIMIT 1   [ RunTime:0.000614s ]
SQL: SHOW COLUMNS FROM `ht_shop_service` [ RunTime:0.001455s ]
SQL: SELECT COUNT(*) AS tp_count FROM `ht_shop_service` WHERE ( `member_id` = 62 ) AND ( `type` = 0 ) LIMIT 1   [ RunTime:0.000755s ]
SQL: SELECT COUNT(*) AS tp_count FROM `ht_shop_service` WHERE ( `member_id` = 62 ) AND ( `type` = 1 ) LIMIT 1   [ RunTime:0.000572s ]
SQL: SELECT COUNT(*) AS tp_count FROM `ht_shop_service` WHERE ( `member_id` = 62 ) AND ( `type` = 2 ) LIMIT 1   [ RunTime:0.000551s ]
SQL: SELECT COUNT(*) AS tp_count FROM `ht_shop_service` WHERE ( `member_id` = 62 ) AND ( `type` = 3 ) LIMIT 1   [ RunTime:0.000547s ]
SQL: SELECT * FROM `ht_shop_service` WHERE ( `member_id` = 62 ) ORDER BY id desc LIMIT 0,3   [ RunTime:0.001053s ]
NOTIC: [8] Undefined variable: new_calllist /data1/vhosts/yaohe/admin/Apps/Home/Controller/ApiController.class.php  803 .

[ 2015-09-24T22:44:23+08:00 ] 172.16.100.11 /?c=Api&a=getShopServiceList&partent=ht&key=ht
INFO: [ app_init ] --START--
INFO: Run Behavior\BuildLiteBehavior [ RunTime:0.000024s ]
INFO: [ app_init ] --END-- [ RunTime:0.000468s ]
INFO: [ app_begin ] --START--
INFO: Run Behavior\ReadHtmlCacheBehavior [ RunTime:0.000566s ]
INFO: [ app_begin ] --END-- [ RunTime:0.000664s ]
SQL: SHOW COLUMNS FROM `ht_shop` [ RunTime:0.002626s ]
SQL: SELECT * FROM `ht_shop` WHERE ( `id` = 63 ) LIMIT 1   [ RunTime:0.000773s ]
SQL: SHOW COLUMNS FROM `ht_coupon` [ RunTime:0.001605s ]
SQL: SELECT * FROM `ht_coupon` WHERE ( `member_id` = 62 ) ORDER BY id desc LIMIT 0,20   [ RunTime:0.000410s ]

[ 2015-09-24T22:44:45+08:00 ] 172.16.100.11 /?c=Api&a=getShopCommentList&partent=ht&key=ht
INFO: [ app_init ] --START--
INFO: Run Behavior\BuildLiteBehavior [ RunTime:0.000022s ]
INFO: [ app_init ] --END-- [ RunTime:0.000457s ]
INFO: [ app_begin ] --START--
INFO: Run Behavior\ReadHtmlCacheBehavior [ RunTime:0.000562s ]
INFO: [ app_begin ] --END-- [ RunTime:0.000662s ]
SQL: SHOW COLUMNS FROM `ht_shop_comment` [ RunTime:0.001194s ]
SQL: SELECT * FROM `ht_shop_comment` WHERE ( `shop_id` = 63 ) ORDER BY id desc LIMIT 0,20   [ RunTime:0.000336s ]
SQL: SHOW COLUMNS FROM `ht_personal` [ RunTime:0.000974s ]
SQL: SELECT `nickname` FROM `ht_personal` WHERE ( `member_id` = 84 ) LIMIT 1   [ RunTime:0.000213s ]
SQL: SHOW COLUMNS FROM `ht_member` [ RunTime:0.001102s ]
SQL: SELECT * FROM `ht_member` WHERE ( `id` = 84 ) LIMIT 1   [ RunTime:0.000314s ]
SQL: SELECT `nickname` FROM `ht_personal` WHERE ( `member_id` = 73 ) LIMIT 1   [ RunTime:0.000233s ]
SQL: SELECT `nickname` FROM `ht_personal` WHERE ( `member_id` = 49 ) LIMIT 1   [ RunTime:0.000294s ]
SQL: SELECT * FROM `ht_member` WHERE ( `id` = 49 ) LIMIT 1   [ RunTime:0.000221s ]

[ 2015-09-24T22:45:08+08:00 ] 172.16.100.11 /?c=Api&a=getShopInfo&partent=ht&key=ht
INFO: [ app_init ] --START--
INFO: Run Behavior\BuildLiteBehavior [ RunTime:0.000022s ]
INFO: [ app_init ] --END-- [ RunTime:0.000476s ]
INFO: [ app_begin ] --START--
INFO: Run Behavior\ReadHtmlCacheBehavior [ RunTime:0.000731s ]
INFO: [ app_begin ] --END-- [ RunTime:0.000860s ]
SQL: SHOW COLUMNS FROM `ht_shop` [ RunTime:0.003121s ]
SQL: SELECT `id`,title as full_name,`fans_num`,`star`,`content`,`address`,`subscribe_tel`,`business_time` FROM `ht_shop` WHERE ( `id` = 5 ) LIMIT 1   [ RunTime:0.000446s ]
SQL: SHOW COLUMNS FROM `ht_shop_fans` [ RunTime:0.001031s ]
SQL: SELECT * FROM `ht_shop_fans` WHERE ( `shop_id` = 5 ) AND ( `member_id` = 5 ) LIMIT 1   [ RunTime:0.000505s ]
SQL: SHOW COLUMNS FROM `ht_shop_service` [ RunTime:0.001557s ]
SQL: SELECT COUNT(*) AS tp_count FROM `ht_shop_service` WHERE ( `member_id` = 5 ) AND ( `type` = 0 ) LIMIT 1   [ RunTime:0.000633s ]
SQL: SELECT COUNT(*) AS tp_count FROM `ht_shop_service` WHERE ( `member_id` = 5 ) AND ( `type` = 1 ) LIMIT 1   [ RunTime:0.000639s ]
SQL: SELECT COUNT(*) AS tp_count FROM `ht_shop_service` WHERE ( `member_id` = 5 ) AND ( `type` = 2 ) LIMIT 1   [ RunTime:0.000504s ]
SQL: SELECT COUNT(*) AS tp_count FROM `ht_shop_service` WHERE ( `member_id` = 5 ) AND ( `type` = 3 ) LIMIT 1   [ RunTime:0.000462s ]
SQL: SELECT * FROM `ht_shop_service` WHERE ( `member_id` = 5 ) ORDER BY id desc LIMIT 0,3   [ RunTime:0.000976s ]
NOTIC: [8] Undefined variable: new_calllist /data1/vhosts/yaohe/admin/Apps/Home/Controller/ApiController.class.php  803 .

