[ 2015-06-07T12:06:54+08:00 ] 127.0.0.1 /
INFO: [ app_init ] --START--
INFO: Run Behavior\BuildLiteBehavior [ RunTime:0.000185s ]
INFO: [ app_init ] --END-- [ RunTime:0.001916s ]
INFO: [ app_begin ] --START--
INFO: Run Behavior\ReadHtmlCacheBehavior [ RunTime:0.002350s ]
INFO: [ app_begin ] --END-- [ RunTime:0.002800s ]
INFO: [ view_parse ] --START--
INFO: [ template_filter ] --START--
INFO: Run Behavior\ContentReplaceBehavior [ RunTime:0.000421s ]
INFO: [ template_filter ] --END-- [ RunTime:0.000848s ]
INFO: Run Behavior\ParseTemplateBehavior [ RunTime:0.119272s ]
INFO: [ view_parse ] --END-- [ RunTime:0.119680s ]
INFO: [ view_filter ] --START--
INFO: Run Behavior\WriteHtmlCacheBehavior [ RunTime:0.001505s ]
INFO: [ view_filter ] --END-- [ RunTime:0.001760s ]

[ 2015-06-07T12:06:55+08:00 ] 127.0.0.1 /
INFO: [ app_init ] --START--
INFO: Run Behavior\BuildLiteBehavior [ RunTime:0.000095s ]
INFO: [ app_init ] --END-- [ RunTime:0.001713s ]
INFO: [ app_begin ] --START--
INFO: Run Behavior\ReadHtmlCacheBehavior [ RunTime:0.001954s ]
INFO: [ app_begin ] --END-- [ RunTime:0.002353s ]
INFO: [ view_parse ] --START--
INFO: [ template_filter ] --START--
INFO: Run Behavior\ContentReplaceBehavior [ RunTime:0.000286s ]
INFO: [ template_filter ] --END-- [ RunTime:0.000722s ]
INFO: Run Behavior\ParseTemplateBehavior [ RunTime:0.038334s ]
INFO: [ view_parse ] --END-- [ RunTime:0.038720s ]
INFO: [ view_filter ] --START--
INFO: Run Behavior\WriteHtmlCacheBehavior [ RunTime:0.001732s ]
INFO: [ view_filter ] --END-- [ RunTime:0.002151s ]

[ 2015-06-07T12:06:58+08:00 ] 127.0.0.1 /Login
INFO: [ app_init ] --START--
INFO: Run Behavior\BuildLiteBehavior [ RunTime:0.000063s ]
INFO: [ app_init ] --END-- [ RunTime:0.001695s ]
INFO: [ app_begin ] --START--
INFO: Run Behavior\ReadHtmlCacheBehavior [ RunTime:0.002580s ]
INFO: [ app_begin ] --END-- [ RunTime:0.003074s ]
INFO: [ view_parse ] --START--
INFO: [ template_filter ] --START--
INFO: Run Behavior\ContentReplaceBehavior [ RunTime:0.000344s ]
INFO: [ template_filter ] --END-- [ RunTime:0.000989s ]
INFO: Run Behavior\ParseTemplateBehavior [ RunTime:0.116807s ]
INFO: [ view_parse ] --END-- [ RunTime:0.117238s ]
INFO: [ view_filter ] --START--
INFO: Run Behavior\WriteHtmlCacheBehavior [ RunTime:0.002530s ]
INFO: [ view_filter ] --END-- [ RunTime:0.003021s ]
INFO: [ app_end ] --START--
INFO: Run Behavior\ShowPageTraceBehavior [ RunTime:0.007233s ]
INFO: [ app_end ] --END-- [ RunTime:0.007730s ]

[ 2015-06-07T12:06:59+08:00 ] 127.0.0.1 /Login/captcha
INFO: [ app_init ] --START--
INFO: Run Behavior\BuildLiteBehavior [ RunTime:0.000086s ]
INFO: [ app_init ] --END-- [ RunTime:0.001405s ]
INFO: [ app_begin ] --START--
INFO: Run Behavior\ReadHtmlCacheBehavior [ RunTime:0.001352s ]
INFO: [ app_begin ] --END-- [ RunTime:0.001617s ]
INFO: [ app_end ] --START--
INFO: Run Behavior\ShowPageTraceBehavior [ RunTime:0.004091s ]
INFO: [ app_end ] --END-- [ RunTime:0.004793s ]

[ 2015-06-07T12:07:13+08:00 ] 127.0.0.1 /Login/auth
INFO: [ app_init ] --START--
INFO: Run Behavior\BuildLiteBehavior [ RunTime:0.000065s ]
INFO: [ app_init ] --END-- [ RunTime:0.002113s ]
INFO: [ app_begin ] --START--
INFO: Run Behavior\ReadHtmlCacheBehavior [ RunTime:0.002390s ]
INFO: [ app_begin ] --END-- [ RunTime:0.002864s ]
SQL: SHOW COLUMNS FROM `ht_admin_user` [ RunTime:0.128902s ]
SQL: SELECT * FROM `ht_admin_user` WHERE ( `login_user` = 'admin' ) LIMIT 1   [ RunTime:0.053682s ]
SQL: UPDATE `ht_admin_user` SET `last_login_time`=1433650032,`login_num`=1 WHERE ( `id` = 1 ) [ RunTime:0.540215s ]
INFO: [ view_parse ] --START--
INFO: [ template_filter ] --START--
INFO: Run Behavior\ContentReplaceBehavior [ RunTime:0.000187s ]
INFO: [ template_filter ] --END-- [ RunTime:0.000465s ]
INFO: Run Behavior\ParseTemplateBehavior [ RunTime:0.018705s ]
INFO: [ view_parse ] --END-- [ RunTime:0.018982s ]
INFO: [ view_filter ] --START--
INFO: Run Behavior\WriteHtmlCacheBehavior [ RunTime:0.001486s ]
INFO: [ view_filter ] --END-- [ RunTime:0.001778s ]
INFO: [ app_end ] --START--
INFO: Run Behavior\ShowPageTraceBehavior [ RunTime:0.001271s ]
INFO: [ app_end ] --END-- [ RunTime:0.001512s ]

[ 2015-06-07T12:07:14+08:00 ] 127.0.0.1 /
INFO: [ app_init ] --START--
INFO: Run Behavior\BuildLiteBehavior [ RunTime:0.000063s ]
INFO: [ app_init ] --END-- [ RunTime:0.001145s ]
INFO: [ app_begin ] --START--
INFO: Run Behavior\ReadHtmlCacheBehavior [ RunTime:0.001270s ]
INFO: [ app_begin ] --END-- [ RunTime:0.001570s ]
SQL: SHOW COLUMNS FROM `ht_role` [ RunTime:0.047316s ]
SQL: SELECT * FROM `ht_role` WHERE ( `id` = 1 ) LIMIT 1   [ RunTime:0.038662s ]
INFO: [ view_parse ] --START--
INFO: [ template_filter ] --START--
INFO: Run Behavior\ContentReplaceBehavior [ RunTime:0.000487s ]
INFO: [ template_filter ] --END-- [ RunTime:0.000785s ]
INFO: Run Behavior\ParseTemplateBehavior [ RunTime:0.130715s ]
INFO: [ view_parse ] --END-- [ RunTime:0.131067s ]
INFO: [ view_filter ] --START--
INFO: Run Behavior\WriteHtmlCacheBehavior [ RunTime:0.001258s ]
INFO: [ view_filter ] --END-- [ RunTime:0.001548s ]
INFO: [ app_end ] --START--
INFO: Run Behavior\ShowPageTraceBehavior [ RunTime:0.001333s ]
INFO: [ app_end ] --END-- [ RunTime:0.001615s ]

[ 2015-06-07T12:07:55+08:00 ] 127.0.0.1 /District
INFO: [ app_init ] --START--
INFO: Run Behavior\BuildLiteBehavior [ RunTime:0.000050s ]
INFO: [ app_init ] --END-- [ RunTime:0.000969s ]
INFO: [ app_begin ] --START--
INFO: Run Behavior\ReadHtmlCacheBehavior [ RunTime:0.001531s ]
INFO: [ app_begin ] --END-- [ RunTime:0.001873s ]
SQL: SHOW COLUMNS FROM `ht_role` [ RunTime:0.062330s ]
SQL: SELECT * FROM `ht_role` WHERE ( `id` = 1 ) LIMIT 1   [ RunTime:0.000989s ]
SQL: SHOW COLUMNS FROM `ht_province` [ RunTime:0.017190s ]
SQL: SELECT * FROM `ht_province`  [ RunTime:0.002627s ]
SQL: SHOW COLUMNS FROM `ht_district` [ RunTime:0.089337s ]
SQL: SELECT COUNT(*) AS tp_count FROM `ht_district` LIMIT 1   [ RunTime:0.000676s ]
SQL: SELECT * FROM `ht_district` ORDER BY id desc LIMIT 0,10   [ RunTime:0.114411s ]
INFO: [ view_parse ] --START--
INFO: [ template_filter ] --START--
INFO: Run Behavior\ContentReplaceBehavior [ RunTime:0.000653s ]
INFO: [ template_filter ] --END-- [ RunTime:0.001070s ]
INFO: Run Behavior\ParseTemplateBehavior [ RunTime:0.087566s ]
INFO: [ view_parse ] --END-- [ RunTime:0.087972s ]
INFO: [ view_filter ] --START--
INFO: Run Behavior\WriteHtmlCacheBehavior [ RunTime:0.001413s ]
INFO: [ view_filter ] --END-- [ RunTime:0.001762s ]
INFO: [ app_end ] --START--
INFO: Run Behavior\ShowPageTraceBehavior [ RunTime:0.001557s ]
INFO: [ app_end ] --END-- [ RunTime:0.001931s ]

[ 2015-06-07T12:07:56+08:00 ] 127.0.0.1 /index.php/Home/District/ajax_list?pageNum=1
INFO: [ app_init ] --START--
INFO: Run Behavior\BuildLiteBehavior [ RunTime:0.000076s ]
INFO: [ app_init ] --END-- [ RunTime:0.001298s ]
INFO: [ app_begin ] --START--
INFO: Run Behavior\ReadHtmlCacheBehavior [ RunTime:0.001431s ]
INFO: [ app_begin ] --END-- [ RunTime:0.001747s ]
SQL: SHOW COLUMNS FROM `ht_role` [ RunTime:0.012475s ]
SQL: SELECT * FROM `ht_role` WHERE ( `id` = 1 ) LIMIT 1   [ RunTime:0.001638s ]
SQL: SHOW COLUMNS FROM `ht_area` [ RunTime:0.061904s ]
SQL: SELECT * FROM `ht_area` WHERE ( `c_id` = 0 ) ORDER BY id desc  [ RunTime:0.087374s ]
NOTIC: [2] Invalid argument supplied for foreach() E:\domain\yaohe\admin\Apps\Home\Controller\DistrictController.class.php 第 16 行.
INFO: [ view_parse ] --START--
INFO: [ template_filter ] --START--
INFO: Run Behavior\ContentReplaceBehavior [ RunTime:0.000255s ]
INFO: [ template_filter ] --END-- [ RunTime:0.000637s ]
INFO: Run Behavior\ParseTemplateBehavior [ RunTime:0.052217s ]
INFO: [ view_parse ] --END-- [ RunTime:0.052556s ]
INFO: [ view_filter ] --START--
INFO: Run Behavior\WriteHtmlCacheBehavior [ RunTime:0.001262s ]
INFO: [ view_filter ] --END-- [ RunTime:0.001497s ]
INFO: [ app_end ] --START--
INFO: Run Behavior\ShowPageTraceBehavior [ RunTime:0.001078s ]
INFO: [ app_end ] --END-- [ RunTime:0.001329s ]

[ 2015-06-07T12:08:07+08:00 ] 127.0.0.1 /BindingClass
INFO: [ app_init ] --START--
INFO: Run Behavior\BuildLiteBehavior [ RunTime:0.000055s ]
INFO: [ app_init ] --END-- [ RunTime:0.001491s ]
INFO: [ app_begin ] --START--
INFO: Run Behavior\ReadHtmlCacheBehavior [ RunTime:0.002389s ]
INFO: [ app_begin ] --END-- [ RunTime:0.002823s ]
SQL: SHOW COLUMNS FROM `ht_role` [ RunTime:0.009014s ]
SQL: SELECT * FROM `ht_role` WHERE ( `id` = 1 ) LIMIT 1   [ RunTime:0.000955s ]
SQL: SHOW COLUMNS FROM `ht_province` [ RunTime:0.008600s ]
SQL: SELECT * FROM `ht_province`  [ RunTime:0.000892s ]
SQL: SHOW COLUMNS FROM `ht_binding_class` [ RunTime:0.066034s ]
ERR: 1146:Table 'yaohe.ht_binding_class' doesn't exist
 [ SQL语句 ] : SHOW COLUMNS FROM `ht_binding_class`
SQL: SELECT COUNT(*) AS tp_count FROM `ht_binding_class` LIMIT 1   [ RunTime:0.001006s ]
ERR: 1146:Table 'yaohe.ht_binding_class' doesn't exist
 [ SQL语句 ] : SELECT COUNT(*) AS tp_count FROM `ht_binding_class` LIMIT 1  
NOTIC: [8] Undefined variable: p E:\domain\yaohe\admin\Apps\Home\Controller\CommonController.class.php 第 135 行.
NOTIC: [8] Trying to get property of non-object E:\domain\yaohe\admin\Apps\Home\Controller\CommonController.class.php 第 135 行.
INFO: [ view_parse ] --START--
INFO: [ template_filter ] --START--
INFO: Run Behavior\ContentReplaceBehavior [ RunTime:0.000337s ]
INFO: [ template_filter ] --END-- [ RunTime:0.000577s ]
INFO: Run Behavior\ParseTemplateBehavior [ RunTime:0.077580s ]
INFO: [ view_parse ] --END-- [ RunTime:0.077912s ]
INFO: [ view_filter ] --START--
INFO: Run Behavior\WriteHtmlCacheBehavior [ RunTime:0.001100s ]
INFO: [ view_filter ] --END-- [ RunTime:0.001316s ]
INFO: [ app_end ] --START--
INFO: Run Behavior\ShowPageTraceBehavior [ RunTime:0.002500s ]
INFO: [ app_end ] --END-- [ RunTime:0.002966s ]

[ 2015-06-07T12:08:21+08:00 ] 127.0.0.1 /Classify
INFO: [ app_init ] --START--
INFO: Run Behavior\BuildLiteBehavior [ RunTime:0.000090s ]
INFO: [ app_init ] --END-- [ RunTime:0.001636s ]
INFO: [ app_begin ] --START--
INFO: Run Behavior\ReadHtmlCacheBehavior [ RunTime:0.001744s ]
INFO: [ app_begin ] --END-- [ RunTime:0.002027s ]
SQL: SHOW COLUMNS FROM `ht_role` [ RunTime:0.009813s ]
SQL: SELECT * FROM `ht_role` WHERE ( `id` = 1 ) LIMIT 1   [ RunTime:0.001102s ]
SQL: SHOW COLUMNS FROM `ht_classify` [ RunTime:0.013324s ]
SQL: SELECT COUNT(*) AS tp_count FROM `ht_classify` LIMIT 1   [ RunTime:0.000546s ]
SQL: SELECT * FROM `ht_classify` ORDER BY id desc LIMIT 0,10   [ RunTime:0.025292s ]
INFO: [ view_parse ] --START--
INFO: [ template_filter ] --START--
INFO: Run Behavior\ContentReplaceBehavior [ RunTime:0.000432s ]
INFO: [ template_filter ] --END-- [ RunTime:0.000684s ]
INFO: Run Behavior\ParseTemplateBehavior [ RunTime:0.089487s ]
INFO: [ view_parse ] --END-- [ RunTime:0.089796s ]
INFO: [ view_filter ] --START--
INFO: Run Behavior\WriteHtmlCacheBehavior [ RunTime:0.001276s ]
INFO: [ view_filter ] --END-- [ RunTime:0.001550s ]
INFO: [ app_end ] --START--
INFO: Run Behavior\ShowPageTraceBehavior [ RunTime:0.001936s ]
INFO: [ app_end ] --END-- [ RunTime:0.002177s ]

[ 2015-06-07T12:08:21+08:00 ] 127.0.0.1 /index.php/Home/Classify/getclassifylist
INFO: [ app_init ] --START--
INFO: Run Behavior\BuildLiteBehavior [ RunTime:0.000096s ]
INFO: [ app_init ] --END-- [ RunTime:0.001540s ]
INFO: [ app_begin ] --START--
INFO: Run Behavior\ReadHtmlCacheBehavior [ RunTime:0.002311s ]
INFO: [ app_begin ] --END-- [ RunTime:0.002814s ]
SQL: SHOW COLUMNS FROM `ht_role` [ RunTime:0.014098s ]
SQL: SELECT * FROM `ht_role` WHERE ( `id` = 1 ) LIMIT 1   [ RunTime:0.003724s ]
SQL: SHOW COLUMNS FROM `ht_classify` [ RunTime:0.011765s ]
SQL: SELECT * FROM `ht_classify` WHERE ( `parentid` = 0 )  [ RunTime:0.001091s ]
INFO: [ app_end ] --START--
INFO: Run Behavior\ShowPageTraceBehavior [ RunTime:0.003679s ]
INFO: [ app_end ] --END-- [ RunTime:0.004185s ]

[ 2015-06-07T12:08:22+08:00 ] 127.0.0.1 /index.php/Home/Classify/ajax_list?pageNum=1
INFO: [ app_init ] --START--
INFO: Run Behavior\BuildLiteBehavior [ RunTime:0.000078s ]
INFO: [ app_init ] --END-- [ RunTime:0.001616s ]
INFO: [ app_begin ] --START--
INFO: Run Behavior\ReadHtmlCacheBehavior [ RunTime:0.003149s ]
INFO: [ app_begin ] --END-- [ RunTime:0.003514s ]
SQL: SHOW COLUMNS FROM `ht_role` [ RunTime:0.061822s ]
SQL: SELECT * FROM `ht_role` WHERE ( `id` = 1 ) LIMIT 1   [ RunTime:0.001011s ]
SQL: SHOW COLUMNS FROM `ht_classify` [ RunTime:0.009722s ]
SQL: SELECT * FROM `ht_classify` ORDER BY parentid asc,order_num asc,id asc  [ RunTime:0.000860s ]
NOTIC: [8] Undefined index: 2 E:\domain\yaohe\core\ThinkPHP\Library\Think\Tree.class.php 第 47 行.
NOTIC: [8] Undefined index: 13 E:\domain\yaohe\core\ThinkPHP\Library\Think\Tree.class.php 第 47 行.
NOTIC: [8] Undefined index: 14 E:\domain\yaohe\core\ThinkPHP\Library\Think\Tree.class.php 第 47 行.
NOTIC: [8] Undefined index: 15 E:\domain\yaohe\core\ThinkPHP\Library\Think\Tree.class.php 第 47 行.
NOTIC: [8] Undefined index: 7 E:\domain\yaohe\core\ThinkPHP\Library\Think\Tree.class.php 第 47 行.
NOTIC: [8] Undefined index: 8 E:\domain\yaohe\core\ThinkPHP\Library\Think\Tree.class.php 第 47 行.
NOTIC: [8] Undefined index: 9 E:\domain\yaohe\core\ThinkPHP\Library\Think\Tree.class.php 第 47 行.
NOTIC: [8] Undefined index: 10 E:\domain\yaohe\core\ThinkPHP\Library\Think\Tree.class.php 第 47 行.
NOTIC: [8] Undefined index: 11 E:\domain\yaohe\core\ThinkPHP\Library\Think\Tree.class.php 第 47 行.
NOTIC: [8] Undefined index: 12 E:\domain\yaohe\core\ThinkPHP\Library\Think\Tree.class.php 第 47 行.
INFO: [ view_parse ] --START--
INFO: [ template_filter ] --START--
INFO: Run Behavior\ContentReplaceBehavior [ RunTime:0.000158s ]
INFO: [ template_filter ] --END-- [ RunTime:0.000361s ]
INFO: Run Behavior\ParseTemplateBehavior [ RunTime:0.030056s ]
INFO: [ view_parse ] --END-- [ RunTime:0.030311s ]
INFO: [ view_filter ] --START--
INFO: Run Behavior\WriteHtmlCacheBehavior [ RunTime:0.001433s ]
INFO: [ view_filter ] --END-- [ RunTime:0.001603s ]
INFO: [ app_end ] --START--
INFO: Run Behavior\ShowPageTraceBehavior [ RunTime:0.002497s ]
INFO: [ app_end ] --END-- [ RunTime:0.002783s ]

[ 2015-06-07T12:08:56+08:00 ] 127.0.0.1 /HomeClass
INFO: [ app_init ] --START--
INFO: Run Behavior\BuildLiteBehavior [ RunTime:0.000064s ]
INFO: [ app_init ] --END-- [ RunTime:0.001491s ]
INFO: [ app_begin ] --START--
INFO: Run Behavior\ReadHtmlCacheBehavior [ RunTime:0.002642s ]
INFO: [ app_begin ] --END-- [ RunTime:0.003286s ]
SQL: SHOW COLUMNS FROM `ht_role` [ RunTime:0.009495s ]
SQL: SELECT * FROM `ht_role` WHERE ( `id` = 1 ) LIMIT 1   [ RunTime:0.003590s ]
SQL: SHOW COLUMNS FROM `ht_province` [ RunTime:0.014432s ]
SQL: SELECT * FROM `ht_province`  [ RunTime:0.001827s ]
SQL: SHOW COLUMNS FROM `ht_home_class` [ RunTime:0.057733s ]
SQL: SELECT COUNT(*) AS tp_count FROM `ht_home_class` LIMIT 1   [ RunTime:0.000646s ]
SQL: SELECT * FROM `ht_home_class` ORDER BY id desc LIMIT 0,10   [ RunTime:0.090905s ]
INFO: [ view_parse ] --START--
INFO: [ template_filter ] --START--
INFO: Run Behavior\ContentReplaceBehavior [ RunTime:0.000448s ]
INFO: [ template_filter ] --END-- [ RunTime:0.000743s ]
INFO: Run Behavior\ParseTemplateBehavior [ RunTime:0.113818s ]
INFO: [ view_parse ] --END-- [ RunTime:0.114216s ]
INFO: [ view_filter ] --START--
INFO: Run Behavior\WriteHtmlCacheBehavior [ RunTime:0.002154s ]
INFO: [ view_filter ] --END-- [ RunTime:0.002499s ]
INFO: [ app_end ] --START--
INFO: Run Behavior\ShowPageTraceBehavior [ RunTime:0.002195s ]
INFO: [ app_end ] --END-- [ RunTime:0.002472s ]

[ 2015-06-07T12:08:57+08:00 ] 127.0.0.1 /index.php/Home/HomeClass/ajax_list?province_id=0&city_id=0&keywords=&pageNum=1
INFO: [ app_init ] --START--
INFO: Run Behavior\BuildLiteBehavior [ RunTime:0.000094s ]
INFO: [ app_init ] --END-- [ RunTime:0.001748s ]
INFO: [ app_begin ] --START--
INFO: Run Behavior\ReadHtmlCacheBehavior [ RunTime:0.004478s ]
INFO: [ app_begin ] --END-- [ RunTime:0.004874s ]
SQL: SHOW COLUMNS FROM `ht_role` [ RunTime:0.011762s ]
SQL: SELECT * FROM `ht_role` WHERE ( `id` = 1 ) LIMIT 1   [ RunTime:0.001181s ]
SQL: SHOW COLUMNS FROM `ht_city` [ RunTime:0.030412s ]
SQL: SELECT * FROM `ht_city`  [ RunTime:0.011949s ]
SQL: SHOW COLUMNS FROM `ht_home_class` [ RunTime:0.034541s ]
SQL: SELECT COUNT(*) AS tp_count FROM `ht_home_class` LIMIT 1   [ RunTime:0.000640s ]
SQL: SELECT * FROM `ht_home_class` ORDER BY order_num asc,id desc LIMIT 0,10   [ RunTime:0.001036s ]
NOTIC: [8] Undefined variable: sort E:\domain\yaohe\admin\Apps\Home\Controller\HomeClassController.class.php 第 74 行.
NOTIC: [8] Undefined variable: sort E:\domain\yaohe\admin\Apps\Home\Controller\HomeClassController.class.php 第 75 行.
NOTIC: [8] Undefined variable: sort E:\domain\yaohe\admin\Apps\Home\Controller\HomeClassController.class.php 第 76 行.
INFO: [ view_parse ] --START--
INFO: [ template_filter ] --START--
INFO: Run Behavior\ContentReplaceBehavior [ RunTime:0.000186s ]
INFO: [ template_filter ] --END-- [ RunTime:0.000425s ]
INFO: Run Behavior\ParseTemplateBehavior [ RunTime:0.024761s ]
INFO: [ view_parse ] --END-- [ RunTime:0.024987s ]
INFO: [ view_filter ] --START--
INFO: Run Behavior\WriteHtmlCacheBehavior [ RunTime:0.001706s ]
INFO: [ view_filter ] --END-- [ RunTime:0.001956s ]
INFO: [ app_end ] --START--
INFO: Run Behavior\ShowPageTraceBehavior [ RunTime:0.002129s ]
INFO: [ app_end ] --END-- [ RunTime:0.002333s ]

[ 2015-06-07T12:09:10+08:00 ] 127.0.0.1 /Rotate
INFO: [ app_init ] --START--
INFO: Run Behavior\BuildLiteBehavior [ RunTime:0.000061s ]
INFO: [ app_init ] --END-- [ RunTime:0.001579s ]
INFO: [ app_begin ] --START--
INFO: Run Behavior\ReadHtmlCacheBehavior [ RunTime:0.002029s ]
INFO: [ app_begin ] --END-- [ RunTime:0.002324s ]
SQL: SHOW COLUMNS FROM `ht_role` [ RunTime:0.012470s ]
SQL: SELECT * FROM `ht_role` WHERE ( `id` = 1 ) LIMIT 1   [ RunTime:0.001204s ]
SQL: SHOW COLUMNS FROM `ht_province` [ RunTime:0.013220s ]
SQL: SELECT * FROM `ht_province`  [ RunTime:0.001067s ]
SQL: SHOW COLUMNS FROM `ht_classify` [ RunTime:0.012670s ]
SQL: SELECT * FROM `ht_classify` WHERE ( `parentid` = 0 ) AND ( `is_hidden` = 0 )  [ RunTime:0.039988s ]
SQL: SHOW COLUMNS FROM `ht_rotate` [ RunTime:0.103539s ]
NOTIC: [8] Undefined variable: asc E:\domain\yaohe\admin\Apps\Home\Controller\RotateController.class.php 第 81 行.
SQL: SELECT COUNT(*) AS tp_count FROM `ht_rotate` LIMIT 1   [ RunTime:0.018261s ]
SQL: SELECT * FROM `ht_rotate` ORDER BY order_num asc,id desc LIMIT 0,10   [ RunTime:0.009587s ]
INFO: [ view_parse ] --START--
INFO: [ template_filter ] --START--
INFO: Run Behavior\ContentReplaceBehavior [ RunTime:0.000774s ]
INFO: [ template_filter ] --END-- [ RunTime:0.001211s ]
NOTIC: [8] Undefined variable: is_sign E:\domain\yaohe\admin\Apps\Runtime\Cache\Home\4751dde5eb1f11cb19db6ed12aa02b97.php 第 139 行.
NOTIC: [8] Undefined variable: level E:\domain\yaohe\admin\Apps\Runtime\Cache\Home\4751dde5eb1f11cb19db6ed12aa02b97.php 第 139 行.
NOTIC: [8] Undefined variable: order_num E:\domain\yaohe\admin\Apps\Runtime\Cache\Home\4751dde5eb1f11cb19db6ed12aa02b97.php 第 139 行.
NOTIC: [8] Undefined variable: city_list E:\domain\yaohe\admin\Apps\Runtime\Cache\Home\4751dde5eb1f11cb19db6ed12aa02b97.php 第 387 行.
NOTIC: [8] Undefined variable: area_list E:\domain\yaohe\admin\Apps\Runtime\Cache\Home\4751dde5eb1f11cb19db6ed12aa02b97.php 第 392 行.
NOTIC: [8] Undefined variable: district_list E:\domain\yaohe\admin\Apps\Runtime\Cache\Home\4751dde5eb1f11cb19db6ed12aa02b97.php 第 397 行.
INFO: Run Behavior\ParseTemplateBehavior [ RunTime:0.107491s ]
INFO: [ view_parse ] --END-- [ RunTime:0.107932s ]
INFO: [ view_filter ] --START--
INFO: Run Behavior\WriteHtmlCacheBehavior [ RunTime:0.003098s ]
INFO: [ view_filter ] --END-- [ RunTime:0.003546s ]
INFO: [ app_end ] --START--
INFO: Run Behavior\ShowPageTraceBehavior [ RunTime:0.002707s ]
INFO: [ app_end ] --END-- [ RunTime:0.003039s ]

[ 2015-06-07T12:09:59+08:00 ] 127.0.0.1 /DynamicComment
INFO: [ app_init ] --START--
INFO: Run Behavior\BuildLiteBehavior [ RunTime:0.000088s ]
INFO: [ app_init ] --END-- [ RunTime:0.001700s ]
INFO: [ app_begin ] --START--
INFO: Run Behavior\ReadHtmlCacheBehavior [ RunTime:0.003623s ]
INFO: [ app_begin ] --END-- [ RunTime:0.004110s ]
ERR: 无法加载控制器:DynamicComment

[ 2015-06-07T12:10:00+08:00 ] 127.0.0.1 /ShopComment
INFO: [ app_init ] --START--
INFO: Run Behavior\BuildLiteBehavior [ RunTime:0.000094s ]
INFO: [ app_init ] --END-- [ RunTime:0.001635s ]
INFO: [ app_begin ] --START--
INFO: Run Behavior\ReadHtmlCacheBehavior [ RunTime:0.002943s ]
INFO: [ app_begin ] --END-- [ RunTime:0.003399s ]
ERR: 无法加载控制器:ShopComment

[ 2015-06-07T12:10:57+08:00 ] 127.0.0.1 /Rotate
INFO: [ app_init ] --START--
INFO: Run Behavior\BuildLiteBehavior [ RunTime:0.000089s ]
INFO: [ app_init ] --END-- [ RunTime:0.001595s ]
INFO: [ app_begin ] --START--
INFO: Run Behavior\ReadHtmlCacheBehavior [ RunTime:0.002052s ]
INFO: [ app_begin ] --END-- [ RunTime:0.002352s ]
SQL: SHOW COLUMNS FROM `ht_role` [ RunTime:0.011915s ]
SQL: SELECT * FROM `ht_role` WHERE ( `id` = 1 ) LIMIT 1   [ RunTime:0.001435s ]
SQL: SHOW COLUMNS FROM `ht_province` [ RunTime:0.012949s ]
SQL: SELECT * FROM `ht_province`  [ RunTime:0.001418s ]
SQL: SHOW COLUMNS FROM `ht_classify` [ RunTime:0.010052s ]
SQL: SELECT * FROM `ht_classify` WHERE ( `parentid` = 0 ) AND ( `is_hidden` = 0 )  [ RunTime:0.001148s ]
SQL: SHOW COLUMNS FROM `ht_rotate` [ RunTime:0.013275s ]
NOTIC: [8] Undefined variable: asc E:\domain\yaohe\admin\Apps\Home\Controller\RotateController.class.php 第 81 行.
SQL: SELECT COUNT(*) AS tp_count FROM `ht_rotate` LIMIT 1   [ RunTime:0.001517s ]
SQL: SELECT * FROM `ht_rotate` ORDER BY order_num asc,id desc LIMIT 0,10   [ RunTime:0.001241s ]
INFO: [ view_parse ] --START--
INFO: [ template_filter ] --START--
INFO: Run Behavior\ContentReplaceBehavior [ RunTime:0.000554s ]
INFO: [ template_filter ] --END-- [ RunTime:0.000832s ]
NOTIC: [8] Undefined variable: is_sign E:\domain\yaohe\admin\Apps\Runtime\Cache\Home\4751dde5eb1f11cb19db6ed12aa02b97.php 第 139 行.
NOTIC: [8] Undefined variable: level E:\domain\yaohe\admin\Apps\Runtime\Cache\Home\4751dde5eb1f11cb19db6ed12aa02b97.php 第 139 行.
NOTIC: [8] Undefined variable: order_num E:\domain\yaohe\admin\Apps\Runtime\Cache\Home\4751dde5eb1f11cb19db6ed12aa02b97.php 第 139 行.
NOTIC: [8] Undefined variable: city_list E:\domain\yaohe\admin\Apps\Runtime\Cache\Home\4751dde5eb1f11cb19db6ed12aa02b97.php 第 387 行.
NOTIC: [8] Undefined variable: area_list E:\domain\yaohe\admin\Apps\Runtime\Cache\Home\4751dde5eb1f11cb19db6ed12aa02b97.php 第 392 行.
NOTIC: [8] Undefined variable: district_list E:\domain\yaohe\admin\Apps\Runtime\Cache\Home\4751dde5eb1f11cb19db6ed12aa02b97.php 第 397 行.
INFO: Run Behavior\ParseTemplateBehavior [ RunTime:0.096427s ]
INFO: [ view_parse ] --END-- [ RunTime:0.096770s ]
INFO: [ view_filter ] --START--
INFO: Run Behavior\WriteHtmlCacheBehavior [ RunTime:0.001350s ]
INFO: [ view_filter ] --END-- [ RunTime:0.001604s ]
INFO: [ app_end ] --START--
INFO: Run Behavior\ShowPageTraceBehavior [ RunTime:0.003797s ]
INFO: [ app_end ] --END-- [ RunTime:0.004111s ]

