[ 2015-07-15T02:55:42+08:00 ] 172.16.100.11 /
INFO: [ app_init ] --START--
INFO: Run Behavior\BuildLiteBehavior [ RunTime:0.000022s ]
INFO: [ app_init ] --END-- [ RunTime:0.000476s ]
INFO: [ app_begin ] --START--
INFO: Run Behavior\ReadHtmlCacheBehavior [ RunTime:0.000593s ]
INFO: [ app_begin ] --END-- [ RunTime:0.000694s ]
INFO: [ view_parse ] --START--
INFO: [ template_filter ] --START--
INFO: Run Behavior\ContentReplaceBehavior [ RunTime:0.000070s ]
INFO: [ template_filter ] --END-- [ RunTime:0.000168s ]
INFO: Run Behavior\ParseTemplateBehavior [ RunTime:0.007991s ]
INFO: [ view_parse ] --END-- [ RunTime:0.008090s ]
INFO: [ view_filter ] --START--
INFO: Run Behavior\WriteHtmlCacheBehavior [ RunTime:0.000186s ]
INFO: [ view_filter ] --END-- [ RunTime:0.000270s ]

[ 2015-07-15T08:57:53+08:00 ] 172.16.100.11 /favicon.ico
INFO: [ app_init ] --START--
INFO: Run Behavior\BuildLiteBehavior [ RunTime:0.000024s ]
INFO: [ app_init ] --END-- [ RunTime:0.000480s ]
INFO: [ app_begin ] --START--
INFO: Run Behavior\ReadHtmlCacheBehavior [ RunTime:0.000591s ]
INFO: [ app_begin ] --END-- [ RunTime:0.000690s ]
INFO: [ view_parse ] --START--
INFO: [ template_filter ] --START--
INFO: Run Behavior\ContentReplaceBehavior [ RunTime:0.000070s ]
INFO: [ template_filter ] --END-- [ RunTime:0.000169s ]
INFO: Run Behavior\ParseTemplateBehavior [ RunTime:0.008212s ]
INFO: [ view_parse ] --END-- [ RunTime:0.008309s ]
INFO: [ view_filter ] --START--
INFO: Run Behavior\WriteHtmlCacheBehavior [ RunTime:0.000184s ]
INFO: [ view_filter ] --END-- [ RunTime:0.000266s ]

[ 2015-07-15T09:47:06+08:00 ] 172.16.100.11 /?c=Api&a=login&partent=ht&key=ht
INFO: [ app_init ] --START--
INFO: Run Behavior\BuildLiteBehavior [ RunTime:0.000023s ]
INFO: [ app_init ] --END-- [ RunTime:0.000460s ]
INFO: [ app_begin ] --START--
INFO: Run Behavior\ReadHtmlCacheBehavior [ RunTime:0.000566s ]
INFO: [ app_begin ] --END-- [ RunTime:0.000666s ]
SQL: SHOW COLUMNS FROM `ht_member` [ RunTime:0.001311s ]
SQL: SELECT * FROM `ht_member` WHERE ( `login_user` = '15022772483' ) LIMIT 1   [ RunTime:0.000478s ]
SQL: UPDATE `ht_member` SET `login_num`=3,`last_login_time`=1436924826 WHERE ( `id` = 37 ) [ RunTime:0.000474s ]

[ 2015-07-15T09:47:11+08:00 ] 172.16.100.11 /?c=Api&a=getAreaList&partent=ht&key=ht
INFO: [ app_init ] --START--
INFO: Run Behavior\BuildLiteBehavior [ RunTime:0.000024s ]
INFO: [ app_init ] --END-- [ RunTime:0.000476s ]
INFO: [ app_begin ] --START--
INFO: Run Behavior\ReadHtmlCacheBehavior [ RunTime:0.000592s ]
INFO: [ app_begin ] --END-- [ RunTime:0.000694s ]
SQL: SHOW COLUMNS FROM `ht_area` [ RunTime:0.001039s ]
SQL: SELECT `id`,`title` FROM `ht_area` WHERE ( c_id=12 )  [ RunTime:0.000211s ]

[ 2015-07-15T11:25:06+08:00 ] 172.16.100.11 /?c=Api&a=login&partent=ht&key=ht
INFO: [ app_init ] --START--
INFO: Run Behavior\BuildLiteBehavior [ RunTime:0.000024s ]
INFO: [ app_init ] --END-- [ RunTime:0.000466s ]
INFO: [ app_begin ] --START--
INFO: Run Behavior\ReadHtmlCacheBehavior [ RunTime:0.000574s ]
INFO: [ app_begin ] --END-- [ RunTime:0.000675s ]
SQL: SHOW COLUMNS FROM `ht_member` [ RunTime:0.001279s ]
SQL: SELECT * FROM `ht_member` WHERE ( `login_user` = '15022772483' ) LIMIT 1   [ RunTime:0.000559s ]
SQL: UPDATE `ht_member` SET `login_num`=4,`last_login_time`=1436930706 WHERE ( `id` = 37 ) [ RunTime:0.000440s ]

[ 2015-07-15T11:58:36+08:00 ] 172.16.100.11 /?c=Api&a=login&partent=ht&key=ht
INFO: [ app_init ] --START--
INFO: Run Behavior\BuildLiteBehavior [ RunTime:0.000023s ]
INFO: [ app_init ] --END-- [ RunTime:0.000475s ]
INFO: [ app_begin ] --START--
INFO: Run Behavior\ReadHtmlCacheBehavior [ RunTime:0.000581s ]
INFO: [ app_begin ] --END-- [ RunTime:0.000681s ]
SQL: SHOW COLUMNS FROM `ht_member` [ RunTime:0.001206s ]
SQL: SELECT * FROM `ht_member` WHERE ( `login_user` = '15022772483' ) LIMIT 1   [ RunTime:0.000542s ]
SQL: UPDATE `ht_member` SET `login_num`=6,`last_login_time`=1436932716 WHERE ( `id` = 37 ) [ RunTime:0.000514s ]

[ 2015-07-15T11:58:56+08:00 ] 172.16.100.11 /?c=Api&a=login&partent=ht&key=ht
INFO: [ app_init ] --START--
INFO: Run Behavior\BuildLiteBehavior [ RunTime:0.000023s ]
INFO: [ app_init ] --END-- [ RunTime:0.000445s ]
INFO: [ app_begin ] --START--
INFO: Run Behavior\ReadHtmlCacheBehavior [ RunTime:0.000553s ]
INFO: [ app_begin ] --END-- [ RunTime:0.000652s ]
SQL: SHOW COLUMNS FROM `ht_member` [ RunTime:0.001262s ]
SQL: SELECT * FROM `ht_member` WHERE ( `login_user` = '15022772483' ) LIMIT 1   [ RunTime:0.000475s ]
SQL: UPDATE `ht_member` SET `login_num`=7,`last_login_time`=1436932736 WHERE ( `id` = 37 ) [ RunTime:0.000459s ]

[ 2015-07-15T12:20:14+08:00 ] 172.16.100.11 /?c=Api&a=getClassifyList&partent=ht&key=ht
INFO: [ app_init ] --START--
INFO: Run Behavior\BuildLiteBehavior [ RunTime:0.000023s ]
INFO: [ app_init ] --END-- [ RunTime:0.000468s ]
INFO: [ app_begin ] --START--
INFO: Run Behavior\ReadHtmlCacheBehavior [ RunTime:0.000590s ]
INFO: [ app_begin ] --END-- [ RunTime:0.000691s ]
SQL: SHOW COLUMNS FROM `ht_classify` [ RunTime:0.001535s ]
SQL: SELECT `id`,`title` FROM `ht_classify` WHERE ( is_hidden=0 ) ORDER BY order_num asc,id asc  [ RunTime:0.000343s ]

[ 2015-07-15T12:20:14+08:00 ] 172.16.100.11 /?c=Api&a=getDistrictList&partent=ht&key=ht
INFO: [ app_init ] --START--
INFO: Run Behavior\BuildLiteBehavior [ RunTime:0.000022s ]
INFO: [ app_init ] --END-- [ RunTime:0.000459s ]
INFO: [ app_begin ] --START--
INFO: Run Behavior\ReadHtmlCacheBehavior [ RunTime:0.000577s ]
INFO: [ app_begin ] --END-- [ RunTime:0.000678s ]
SQL: SHOW COLUMNS FROM `ht_district` [ RunTime:0.000814s ]
SQL: SELECT `id`,`title` FROM `ht_district` WHERE ( area_id=98 )  [ RunTime:0.000274s ]

[ 2015-07-15T12:52:21+08:00 ] 172.16.100.11 /?c=Api&a=
INFO: [ app_init ] --START--
INFO: Run Behavior\BuildLiteBehavior [ RunTime:0.000036s ]
INFO: [ app_init ] --END-- [ RunTime:0.000717s ]
INFO: [ app_begin ] --START--
INFO: Run Behavior\ReadHtmlCacheBehavior [ RunTime:0.000938s ]
INFO: [ app_begin ] --END-- [ RunTime:0.001094s ]
ERR: 非法操作:index

[ 2015-07-15T12:52:40+08:00 ] 117.10.66.130 /
INFO: [ app_init ] --START--
INFO: Run Behavior\BuildLiteBehavior [ RunTime:0.000023s ]
INFO: [ app_init ] --END-- [ RunTime:0.000450s ]
INFO: [ app_begin ] --START--
INFO: Run Behavior\ReadHtmlCacheBehavior [ RunTime:0.000567s ]
INFO: [ app_begin ] --END-- [ RunTime:0.000666s ]
INFO: [ view_parse ] --START--
INFO: [ template_filter ] --START--
INFO: Run Behavior\ContentReplaceBehavior [ RunTime:0.000073s ]
INFO: [ template_filter ] --END-- [ RunTime:0.000170s ]
INFO: Run Behavior\ParseTemplateBehavior [ RunTime:0.007967s ]
INFO: [ view_parse ] --END-- [ RunTime:0.008065s ]
INFO: [ view_filter ] --START--
INFO: Run Behavior\WriteHtmlCacheBehavior [ RunTime:0.000194s ]
INFO: [ view_filter ] --END-- [ RunTime:0.000277s ]

[ 2015-07-15T12:52:40+08:00 ] 117.10.66.130 /favicon.ico
INFO: [ app_init ] --START--
INFO: Run Behavior\BuildLiteBehavior [ RunTime:0.000022s ]
INFO: [ app_init ] --END-- [ RunTime:0.000448s ]
INFO: [ app_begin ] --START--
INFO: Run Behavior\ReadHtmlCacheBehavior [ RunTime:0.000570s ]
INFO: [ app_begin ] --END-- [ RunTime:0.000670s ]
INFO: [ view_parse ] --START--
INFO: [ template_filter ] --START--
INFO: Run Behavior\ContentReplaceBehavior [ RunTime:0.000073s ]
INFO: [ template_filter ] --END-- [ RunTime:0.000170s ]
INFO: Run Behavior\ParseTemplateBehavior [ RunTime:0.007866s ]
INFO: [ view_parse ] --END-- [ RunTime:0.007963s ]
INFO: [ view_filter ] --START--
INFO: Run Behavior\WriteHtmlCacheBehavior [ RunTime:0.000182s ]
INFO: [ view_filter ] --END-- [ RunTime:0.000264s ]

[ 2015-07-15T12:52:41+08:00 ] 117.10.66.130 /?c=Login
INFO: [ app_init ] --START--
INFO: Run Behavior\BuildLiteBehavior [ RunTime:0.000022s ]
INFO: [ app_init ] --END-- [ RunTime:0.000454s ]
INFO: [ app_begin ] --START--
INFO: Run Behavior\ReadHtmlCacheBehavior [ RunTime:0.000576s ]
INFO: [ app_begin ] --END-- [ RunTime:0.000675s ]
INFO: [ view_parse ] --START--
INFO: [ template_filter ] --START--
INFO: Run Behavior\ContentReplaceBehavior [ RunTime:0.000079s ]
INFO: [ template_filter ] --END-- [ RunTime:0.000180s ]
INFO: Run Behavior\ParseTemplateBehavior [ RunTime:0.007838s ]
INFO: [ view_parse ] --END-- [ RunTime:0.007937s ]
INFO: [ view_filter ] --START--
INFO: Run Behavior\WriteHtmlCacheBehavior [ RunTime:0.000183s ]
INFO: [ view_filter ] --END-- [ RunTime:0.000264s ]
INFO: [ app_end ] --START--
INFO: Run Behavior\ShowPageTraceBehavior [ RunTime:0.000635s ]
INFO: [ app_end ] --END-- [ RunTime:0.000720s ]

[ 2015-07-15T12:52:42+08:00 ] 117.10.66.130 /?c=Login&a=captcha
INFO: [ app_init ] --START--
INFO: Run Behavior\BuildLiteBehavior [ RunTime:0.000022s ]
INFO: [ app_init ] --END-- [ RunTime:0.000598s ]
INFO: [ app_begin ] --START--
INFO: Run Behavior\ReadHtmlCacheBehavior [ RunTime:0.000590s ]
INFO: [ app_begin ] --END-- [ RunTime:0.000689s ]
INFO: [ app_end ] --START--
INFO: Run Behavior\ShowPageTraceBehavior [ RunTime:0.000607s ]
INFO: [ app_end ] --END-- [ RunTime:0.000719s ]

[ 2015-07-15T12:52:42+08:00 ] 117.10.66.130 /static/images/favicon.ico?v=1
INFO: [ app_init ] --START--
INFO: Run Behavior\BuildLiteBehavior [ RunTime:0.000024s ]
INFO: [ app_init ] --END-- [ RunTime:0.000464s ]
INFO: [ app_begin ] --START--
INFO: Run Behavior\ReadHtmlCacheBehavior [ RunTime:0.000597s ]
INFO: [ app_begin ] --END-- [ RunTime:0.000696s ]
INFO: [ view_parse ] --START--
INFO: [ template_filter ] --START--
INFO: Run Behavior\ContentReplaceBehavior [ RunTime:0.000070s ]
INFO: [ template_filter ] --END-- [ RunTime:0.000168s ]
INFO: Run Behavior\ParseTemplateBehavior [ RunTime:0.007942s ]
INFO: [ view_parse ] --END-- [ RunTime:0.008041s ]
INFO: [ view_filter ] --START--
INFO: Run Behavior\WriteHtmlCacheBehavior [ RunTime:0.000183s ]
INFO: [ view_filter ] --END-- [ RunTime:0.000264s ]

[ 2015-07-15T12:57:16+08:00 ] 172.16.100.11 /?c=Api&a=getClassifyList&partent=ht&key=ht
INFO: [ app_init ] --START--
INFO: Run Behavior\BuildLiteBehavior [ RunTime:0.000025s ]
INFO: [ app_init ] --END-- [ RunTime:0.000484s ]
INFO: [ app_begin ] --START--
INFO: Run Behavior\ReadHtmlCacheBehavior [ RunTime:0.000587s ]
INFO: [ app_begin ] --END-- [ RunTime:0.000689s ]
SQL: SHOW COLUMNS FROM `ht_classify` [ RunTime:0.001131s ]
SQL: SELECT `id`,`title` FROM `ht_classify` WHERE ( is_hidden=0 ) ORDER BY order_num asc,id asc  [ RunTime:0.000438s ]

[ 2015-07-15T12:57:16+08:00 ] 172.16.100.11 /?c=Api&a=getAreaList&partent=ht&key=ht
INFO: [ app_init ] --START--
INFO: Run Behavior\BuildLiteBehavior [ RunTime:0.000023s ]
INFO: [ app_init ] --END-- [ RunTime:0.000457s ]
INFO: [ app_begin ] --START--
INFO: Run Behavior\ReadHtmlCacheBehavior [ RunTime:0.000582s ]
INFO: [ app_begin ] --END-- [ RunTime:0.000682s ]
SQL: SHOW COLUMNS FROM `ht_area` [ RunTime:0.000916s ]
SQL: SELECT `id`,`title` FROM `ht_area` WHERE ( c_id=12 )  [ RunTime:0.000215s ]

[ 2015-07-15T12:57:16+08:00 ] 172.16.100.11 /?c=Api&a=getDistrictList&partent=ht&key=ht
INFO: [ app_init ] --START--
INFO: Run Behavior\BuildLiteBehavior [ RunTime:0.000022s ]
INFO: [ app_init ] --END-- [ RunTime:0.000454s ]
INFO: [ app_begin ] --START--
INFO: Run Behavior\ReadHtmlCacheBehavior [ RunTime:0.000565s ]
INFO: [ app_begin ] --END-- [ RunTime:0.000667s ]
SQL: SHOW COLUMNS FROM `ht_district` [ RunTime:0.000895s ]
SQL: SELECT `id`,`title` FROM `ht_district` WHERE ( area_id=98 )  [ RunTime:0.000213s ]

[ 2015-07-15T13:01:40+08:00 ] 172.16.100.11 /?c=Api&a=getAreaList&partent=ht&key=ht
INFO: [ app_init ] --START--
INFO: Run Behavior\BuildLiteBehavior [ RunTime:0.000022s ]
INFO: [ app_init ] --END-- [ RunTime:0.000471s ]
INFO: [ app_begin ] --START--
INFO: Run Behavior\ReadHtmlCacheBehavior [ RunTime:0.000580s ]
INFO: [ app_begin ] --END-- [ RunTime:0.000681s ]
SQL: SHOW COLUMNS FROM `ht_area` [ RunTime:0.001624s ]
SQL: SELECT `id`,`title` FROM `ht_area` WHERE ( c_id=12 )  [ RunTime:0.000254s ]

[ 2015-07-15T13:04:00+08:00 ] 172.16.100.11 /?c=Api&a=getClassifyList&partent=ht&key=ht
INFO: [ app_init ] --START--
INFO: Run Behavior\BuildLiteBehavior [ RunTime:0.000023s ]
INFO: [ app_init ] --END-- [ RunTime:0.000459s ]
INFO: [ app_begin ] --START--
INFO: Run Behavior\ReadHtmlCacheBehavior [ RunTime:0.000562s ]
INFO: [ app_begin ] --END-- [ RunTime:0.000662s ]
SQL: SHOW COLUMNS FROM `ht_classify` [ RunTime:0.001762s ]
SQL: SELECT `id`,`title` FROM `ht_classify` WHERE ( is_hidden=0 ) ORDER BY order_num asc,id asc  [ RunTime:0.000345s ]

[ 2015-07-15T13:04:01+08:00 ] 172.16.100.11 /?c=Api&a=getDistrictList&partent=ht&key=ht
INFO: [ app_init ] --START--
INFO: Run Behavior\BuildLiteBehavior [ RunTime:0.000022s ]
INFO: [ app_init ] --END-- [ RunTime:0.000453s ]
INFO: [ app_begin ] --START--
INFO: Run Behavior\ReadHtmlCacheBehavior [ RunTime:0.000567s ]
INFO: [ app_begin ] --END-- [ RunTime:0.000668s ]
SQL: SHOW COLUMNS FROM `ht_district` [ RunTime:0.000832s ]
SQL: SELECT `id`,`title` FROM `ht_district` WHERE ( area_id=98 )  [ RunTime:0.000207s ]

[ 2015-07-15T13:14:29+08:00 ] 172.16.100.11 /?c=Api&a=getClassifyList
INFO: [ app_init ] --START--
INFO: Run Behavior\BuildLiteBehavior [ RunTime:0.000022s ]
INFO: [ app_init ] --END-- [ RunTime:0.000453s ]
INFO: [ app_begin ] --START--
INFO: Run Behavior\ReadHtmlCacheBehavior [ RunTime:0.000575s ]
INFO: [ app_begin ] --END-- [ RunTime:0.000674s ]
SQL: SHOW COLUMNS FROM `ht_classify` [ RunTime:0.001050s ]
SQL: SELECT `id`,`title` FROM `ht_classify` WHERE ( is_hidden=0 ) ORDER BY order_num asc,id asc  [ RunTime:0.000351s ]

[ 2015-07-15T13:17:13+08:00 ] 172.16.100.11 /?c=Api&a=getClassifyList
INFO: [ app_init ] --START--
INFO: Run Behavior\BuildLiteBehavior [ RunTime:0.000023s ]
INFO: [ app_init ] --END-- [ RunTime:0.000454s ]
INFO: [ app_begin ] --START--
INFO: Run Behavior\ReadHtmlCacheBehavior [ RunTime:0.000574s ]
INFO: [ app_begin ] --END-- [ RunTime:0.000674s ]
SQL: SHOW COLUMNS FROM `ht_classify` [ RunTime:0.001129s ]
SQL: SELECT `id`,`title` FROM `ht_classify` WHERE ( parentid=23 and is_hidden=0 ) ORDER BY order_num asc,id asc  [ RunTime:0.000694s ]

[ 2015-07-15T15:57:39+08:00 ] 172.16.100.11 /?c=Api&a=getDistrictList&partent=ht&key=ht
INFO: [ app_init ] --START--
INFO: Run Behavior\BuildLiteBehavior [ RunTime:0.000023s ]
INFO: [ app_init ] --END-- [ RunTime:0.000480s ]
INFO: [ app_begin ] --START--
INFO: Run Behavior\ReadHtmlCacheBehavior [ RunTime:0.000573s ]
INFO: [ app_begin ] --END-- [ RunTime:0.000672s ]
SQL: SHOW COLUMNS FROM `ht_district` [ RunTime:0.000943s ]
SQL: SELECT `id`,`title` FROM `ht_district` WHERE ( area_id=98 )  [ RunTime:0.000212s ]

[ 2015-07-15T16:00:05+08:00 ] 172.16.100.11 /?c=Api&a=getClassifyList&partent=ht&key=ht
INFO: [ app_init ] --START--
INFO: Run Behavior\BuildLiteBehavior [ RunTime:0.000033s ]
INFO: [ app_init ] --END-- [ RunTime:0.000741s ]
INFO: [ app_begin ] --START--
INFO: Run Behavior\ReadHtmlCacheBehavior [ RunTime:0.000729s ]
INFO: [ app_begin ] --END-- [ RunTime:0.000869s ]
SQL: SHOW COLUMNS FROM `ht_classify` [ RunTime:0.001064s ]
SQL: SELECT `id`,`title` FROM `ht_classify` WHERE ( is_hidden=0 ) ORDER BY order_num asc,id asc  [ RunTime:0.000436s ]

[ 2015-07-15T16:00:05+08:00 ] 172.16.100.11 /?c=Api&a=getDistrictList&partent=ht&key=ht
INFO: [ app_init ] --START--
INFO: Run Behavior\BuildLiteBehavior [ RunTime:0.000023s ]
INFO: [ app_init ] --END-- [ RunTime:0.000471s ]
INFO: [ app_begin ] --START--
INFO: Run Behavior\ReadHtmlCacheBehavior [ RunTime:0.000593s ]
INFO: [ app_begin ] --END-- [ RunTime:0.000695s ]
SQL: SHOW COLUMNS FROM `ht_district` [ RunTime:0.000827s ]
SQL: SELECT `id`,`title` FROM `ht_district` WHERE ( area_id=98 )  [ RunTime:0.000209s ]

[ 2015-07-15T16:08:19+08:00 ] 172.16.100.11 /favicon.ico
INFO: [ app_init ] --START--
INFO: Run Behavior\BuildLiteBehavior [ RunTime:0.000023s ]
INFO: [ app_init ] --END-- [ RunTime:0.000462s ]
INFO: [ app_begin ] --START--
INFO: Run Behavior\ReadHtmlCacheBehavior [ RunTime:0.000596s ]
INFO: [ app_begin ] --END-- [ RunTime:0.000695s ]
INFO: [ view_parse ] --START--
INFO: [ template_filter ] --START--
INFO: Run Behavior\ContentReplaceBehavior [ RunTime:0.000072s ]
INFO: [ template_filter ] --END-- [ RunTime:0.000171s ]
INFO: Run Behavior\ParseTemplateBehavior [ RunTime:0.007990s ]
INFO: [ view_parse ] --END-- [ RunTime:0.008089s ]
INFO: [ view_filter ] --START--
INFO: Run Behavior\WriteHtmlCacheBehavior [ RunTime:0.000184s ]
INFO: [ view_filter ] --END-- [ RunTime:0.000267s ]

[ 2015-07-15T17:11:01+08:00 ] 172.16.100.11 /?c=Api&a=getClassifyList&partent=ht&key=ht
INFO: [ app_init ] --START--
INFO: Run Behavior\BuildLiteBehavior [ RunTime:0.000023s ]
INFO: [ app_init ] --END-- [ RunTime:0.000455s ]
INFO: [ app_begin ] --START--
INFO: Run Behavior\ReadHtmlCacheBehavior [ RunTime:0.000564s ]
INFO: [ app_begin ] --END-- [ RunTime:0.000666s ]
SQL: SHOW COLUMNS FROM `ht_classify` [ RunTime:0.000950s ]
SQL: SELECT `id`,`title` FROM `ht_classify` WHERE ( parentid=23 and is_hidden=0 ) ORDER BY order_num asc,id asc  [ RunTime:0.000225s ]

[ 2015-07-15T17:29:24+08:00 ] 172.16.100.11 /?c=Api&a=login&partent=ht&key=ht
INFO: [ app_init ] --START--
INFO: Run Behavior\BuildLiteBehavior [ RunTime:0.000023s ]
INFO: [ app_init ] --END-- [ RunTime:0.000468s ]
INFO: [ app_begin ] --START--
INFO: Run Behavior\ReadHtmlCacheBehavior [ RunTime:0.000582s ]
INFO: [ app_begin ] --END-- [ RunTime:0.000684s ]
SQL: SHOW COLUMNS FROM `ht_member` [ RunTime:0.001180s ]
SQL: SELECT * FROM `ht_member` WHERE ( `login_user` = '15022772483' ) LIMIT 1   [ RunTime:0.000477s ]
SQL: UPDATE `ht_member` SET `login_num`=15,`last_login_time`=1436952564 WHERE ( `id` = 37 ) [ RunTime:0.000459s ]

[ 2015-07-15T17:29:44+08:00 ] 172.16.100.11 /?c=Api&a=getDistrictList&partent=ht&key=ht
INFO: [ app_init ] --START--
INFO: Run Behavior\BuildLiteBehavior [ RunTime:0.000022s ]
INFO: [ app_init ] --END-- [ RunTime:0.000458s ]
INFO: [ app_begin ] --START--
INFO: Run Behavior\ReadHtmlCacheBehavior [ RunTime:0.000575s ]
INFO: [ app_begin ] --END-- [ RunTime:0.000675s ]
SQL: SHOW COLUMNS FROM `ht_district` [ RunTime:0.000814s ]
SQL: SELECT `id`,`title` FROM `ht_district` WHERE ( area_id=98 )  [ RunTime:0.000205s ]

[ 2015-07-15T17:33:53+08:00 ] 172.16.100.11 /?c=Api&a=getClassifyList&partent=ht&key=ht
INFO: [ app_init ] --START--
INFO: Run Behavior\BuildLiteBehavior [ RunTime:0.000023s ]
INFO: [ app_init ] --END-- [ RunTime:0.000457s ]
INFO: [ app_begin ] --START--
INFO: Run Behavior\ReadHtmlCacheBehavior [ RunTime:0.000571s ]
INFO: [ app_begin ] --END-- [ RunTime:0.000672s ]
SQL: SHOW COLUMNS FROM `ht_classify` [ RunTime:0.000923s ]
SQL: SELECT `id`,`title` FROM `ht_classify` WHERE ( parentid=23 and is_hidden=0 ) ORDER BY order_num asc,id asc  [ RunTime:0.000263s ]

[ 2015-07-15T17:34:41+08:00 ] 172.16.100.11 /?c=Api&a=getClassifyList&partent=ht&key=ht
INFO: [ app_init ] --START--
INFO: Run Behavior\BuildLiteBehavior [ RunTime:0.000023s ]
INFO: [ app_init ] --END-- [ RunTime:0.000474s ]
INFO: [ app_begin ] --START--
INFO: Run Behavior\ReadHtmlCacheBehavior [ RunTime:0.000578s ]
INFO: [ app_begin ] --END-- [ RunTime:0.000678s ]
SQL: SHOW COLUMNS FROM `ht_classify` [ RunTime:0.000932s ]
SQL: SELECT `id`,`title` FROM `ht_classify` WHERE ( parentid=23 and is_hidden=0 ) ORDER BY order_num asc,id asc  [ RunTime:0.000275s ]

[ 2015-07-15T17:36:41+08:00 ] 172.16.100.11 /?c=Api&a=login&partent=ht&key=ht
INFO: [ app_init ] --START--
INFO: Run Behavior\BuildLiteBehavior [ RunTime:0.000024s ]
INFO: [ app_init ] --END-- [ RunTime:0.000478s ]
INFO: [ app_begin ] --START--
INFO: Run Behavior\ReadHtmlCacheBehavior [ RunTime:0.000587s ]
INFO: [ app_begin ] --END-- [ RunTime:0.000685s ]
SQL: SHOW COLUMNS FROM `ht_member` [ RunTime:0.001234s ]
SQL: SELECT * FROM `ht_member` WHERE ( `login_user` = '15022772483' ) LIMIT 1   [ RunTime:0.000477s ]
SQL: UPDATE `ht_member` SET `login_num`=19,`last_login_time`=1436953001 WHERE ( `id` = 37 ) [ RunTime:0.000469s ]

[ 2015-07-15T17:36:50+08:00 ] 172.16.100.11 /?c=Api&a=getAreaList&partent=ht&key=ht
INFO: [ app_init ] --START--
INFO: Run Behavior\BuildLiteBehavior [ RunTime:0.000023s ]
INFO: [ app_init ] --END-- [ RunTime:0.000460s ]
INFO: [ app_begin ] --START--
INFO: Run Behavior\ReadHtmlCacheBehavior [ RunTime:0.000562s ]
INFO: [ app_begin ] --END-- [ RunTime:0.000672s ]
SQL: SHOW COLUMNS FROM `ht_area` [ RunTime:0.000875s ]
SQL: SELECT `id`,`title` FROM `ht_area` WHERE ( c_id=12 )  [ RunTime:0.000305s ]

[ 2015-07-15T17:48:43+08:00 ] 172.16.100.11 /?c=Api&a=getClassifyList&partent=ht&key=ht
INFO: [ app_init ] --START--
INFO: Run Behavior\BuildLiteBehavior [ RunTime:0.000023s ]
INFO: [ app_init ] --END-- [ RunTime:0.000456s ]
INFO: [ app_begin ] --START--
INFO: Run Behavior\ReadHtmlCacheBehavior [ RunTime:0.000594s ]
INFO: [ app_begin ] --END-- [ RunTime:0.000696s ]
SQL: SHOW COLUMNS FROM `ht_classify` [ RunTime:0.000940s ]
SQL: SELECT `id`,`title` FROM `ht_classify` WHERE ( parentid=23 and is_hidden=0 ) ORDER BY order_num asc,id asc  [ RunTime:0.000302s ]

[ 2015-07-15T17:48:43+08:00 ] 172.16.100.11 /?c=Api&a=getAreaList&partent=ht&key=ht
INFO: [ app_init ] --START--
INFO: Run Behavior\BuildLiteBehavior [ RunTime:0.000023s ]
INFO: [ app_init ] --END-- [ RunTime:0.000459s ]
INFO: [ app_begin ] --START--
INFO: Run Behavior\ReadHtmlCacheBehavior [ RunTime:0.000571s ]
INFO: [ app_begin ] --END-- [ RunTime:0.000684s ]
SQL: SHOW COLUMNS FROM `ht_area` [ RunTime:0.000941s ]
SQL: SELECT `id`,`title` FROM `ht_area` WHERE ( c_id=12 )  [ RunTime:0.000214s ]

[ 2015-07-15T17:48:43+08:00 ] 172.16.100.11 /?c=Api&a=getDistrictList&partent=ht&key=ht
INFO: [ app_init ] --START--
INFO: Run Behavior\BuildLiteBehavior [ RunTime:0.000023s ]
INFO: [ app_init ] --END-- [ RunTime:0.000510s ]
INFO: [ app_begin ] --START--
INFO: Run Behavior\ReadHtmlCacheBehavior [ RunTime:0.000565s ]
INFO: [ app_begin ] --END-- [ RunTime:0.000677s ]
SQL: SHOW COLUMNS FROM `ht_district` [ RunTime:0.000804s ]
SQL: SELECT `id`,`title` FROM `ht_district` WHERE ( area_id=98 )  [ RunTime:0.000264s ]

[ 2015-07-15T17:52:18+08:00 ] 172.16.100.11 /?c=Api&a=login&partent=ht&key=ht
INFO: [ app_init ] --START--
INFO: Run Behavior\BuildLiteBehavior [ RunTime:0.000034s ]
INFO: [ app_init ] --END-- [ RunTime:0.000575s ]
INFO: [ app_begin ] --START--
INFO: Run Behavior\ReadHtmlCacheBehavior [ RunTime:0.000873s ]
INFO: [ app_begin ] --END-- [ RunTime:0.001029s ]
SQL: SHOW COLUMNS FROM `ht_member` [ RunTime:0.001183s ]
SQL: SELECT * FROM `ht_member` WHERE ( `login_user` = '15022772483' ) LIMIT 1   [ RunTime:0.000539s ]
SQL: UPDATE `ht_member` SET `login_num`=21,`last_login_time`=1436953938 WHERE ( `id` = 37 ) [ RunTime:0.000530s ]

[ 2015-07-15T17:54:10+08:00 ] 172.16.100.11 /?c=Api&a=getClassifyList&partent=ht&key=ht
INFO: [ app_init ] --START--
INFO: Run Behavior\BuildLiteBehavior [ RunTime:0.000023s ]
INFO: [ app_init ] --END-- [ RunTime:0.000475s ]
INFO: [ app_begin ] --START--
INFO: Run Behavior\ReadHtmlCacheBehavior [ RunTime:0.000569s ]
INFO: [ app_begin ] --END-- [ RunTime:0.000671s ]
SQL: SHOW COLUMNS FROM `ht_classify` [ RunTime:0.001011s ]
SQL: SELECT `id`,`title` FROM `ht_classify` WHERE ( parentid=23 and is_hidden=0 ) ORDER BY order_num asc,id asc  [ RunTime:0.000224s ]

[ 2015-07-15T17:58:43+08:00 ] 172.16.100.11 /?c=Api&a=getClassifyList&partent=ht&key=ht
INFO: [ app_init ] --START--
INFO: Run Behavior\BuildLiteBehavior [ RunTime:0.000023s ]
INFO: [ app_init ] --END-- [ RunTime:0.000472s ]
INFO: [ app_begin ] --START--
INFO: Run Behavior\ReadHtmlCacheBehavior [ RunTime:0.000575s ]
INFO: [ app_begin ] --END-- [ RunTime:0.000676s ]
SQL: SHOW COLUMNS FROM `ht_classify` [ RunTime:0.001389s ]
SQL: SELECT `id`,`title` FROM `ht_classify` WHERE ( parentid=23 and is_hidden=0 ) ORDER BY order_num asc,id asc  [ RunTime:0.000238s ]

[ 2015-07-15T18:10:51+08:00 ] 172.16.100.11 /?c=Api&a=login&partent=ht&key=ht
INFO: [ app_init ] --START--
INFO: Run Behavior\BuildLiteBehavior [ RunTime:0.000023s ]
INFO: [ app_init ] --END-- [ RunTime:0.000456s ]
INFO: [ app_begin ] --START--
INFO: Run Behavior\ReadHtmlCacheBehavior [ RunTime:0.000565s ]
INFO: [ app_begin ] --END-- [ RunTime:0.000664s ]
SQL: SHOW COLUMNS FROM `ht_member` [ RunTime:0.001251s ]
SQL: SELECT * FROM `ht_member` WHERE ( `login_user` = '15022772483' ) LIMIT 1   [ RunTime:0.000526s ]
SQL: UPDATE `ht_member` SET `login_num`=24,`last_login_time`=1436955051 WHERE ( `id` = 37 ) [ RunTime:0.000640s ]

[ 2015-07-15T18:10:57+08:00 ] 172.16.100.11 /?c=Api&a=getAreaList&partent=ht&key=ht
INFO: [ app_init ] --START--
INFO: Run Behavior\BuildLiteBehavior [ RunTime:0.000023s ]
INFO: [ app_init ] --END-- [ RunTime:0.000454s ]
INFO: [ app_begin ] --START--
INFO: Run Behavior\ReadHtmlCacheBehavior [ RunTime:0.000562s ]
INFO: [ app_begin ] --END-- [ RunTime:0.000663s ]
SQL: SHOW COLUMNS FROM `ht_area` [ RunTime:0.001311s ]
SQL: SELECT `id`,`title` FROM `ht_area` WHERE ( c_id=12 )  [ RunTime:0.000221s ]

[ 2015-07-15T18:10:57+08:00 ] 172.16.100.11 /?c=Api&a=getDistrictList&partent=ht&key=ht
INFO: [ app_init ] --START--
INFO: Run Behavior\BuildLiteBehavior [ RunTime:0.000022s ]
INFO: [ app_init ] --END-- [ RunTime:0.000465s ]
INFO: [ app_begin ] --START--
INFO: Run Behavior\ReadHtmlCacheBehavior [ RunTime:0.000583s ]
INFO: [ app_begin ] --END-- [ RunTime:0.000683s ]
SQL: SHOW COLUMNS FROM `ht_district` [ RunTime:0.000920s ]
SQL: SELECT `id`,`title` FROM `ht_district` WHERE ( area_id=98 )  [ RunTime:0.000210s ]

[ 2015-07-15T18:14:58+08:00 ] 172.16.100.11 /?c=Api&a=shopbase&partent=ht&key=ht
INFO: [ app_init ] --START--
INFO: Run Behavior\BuildLiteBehavior [ RunTime:0.000022s ]
INFO: [ app_init ] --END-- [ RunTime:0.000461s ]
INFO: [ app_begin ] --START--
INFO: Run Behavior\ReadHtmlCacheBehavior [ RunTime:0.000590s ]
INFO: [ app_begin ] --END-- [ RunTime:0.000685s ]
NOTIC: [2] call_user_func() expects parameter 1 to be a valid callback, no array or string given /data1/vhosts/yaohe/core/ThinkPHP/Library/Think/Upload.class.php 第 171 行.
NOTIC: [2] call_user_func() expects parameter 1 to be a valid callback, no array or string given /data1/vhosts/yaohe/core/ThinkPHP/Library/Think/Upload.class.php 第 171 行.
SQL: SHOW COLUMNS FROM `ht_member` [ RunTime:0.001257s ]
SQL: SELECT * FROM `ht_member` WHERE ( `id` = 37 ) LIMIT 1   [ RunTime:0.000232s ]

[ 2015-07-15T18:15:06+08:00 ] 172.16.100.11 /?c=Api&a=shopbase&partent=ht&key=ht
INFO: [ app_init ] --START--
INFO: Run Behavior\BuildLiteBehavior [ RunTime:0.000024s ]
INFO: [ app_init ] --END-- [ RunTime:0.000466s ]
INFO: [ app_begin ] --START--
INFO: Run Behavior\ReadHtmlCacheBehavior [ RunTime:0.000566s ]
INFO: [ app_begin ] --END-- [ RunTime:0.000664s ]
NOTIC: [2] call_user_func() expects parameter 1 to be a valid callback, no array or string given /data1/vhosts/yaohe/core/ThinkPHP/Library/Think/Upload.class.php 第 171 行.
NOTIC: [2] call_user_func() expects parameter 1 to be a valid callback, no array or string given /data1/vhosts/yaohe/core/ThinkPHP/Library/Think/Upload.class.php 第 171 行.
SQL: SHOW COLUMNS FROM `ht_member` [ RunTime:0.001061s ]
SQL: SELECT * FROM `ht_member` WHERE ( `id` = 37 ) LIMIT 1   [ RunTime:0.000226s ]

[ 2015-07-15T18:15:18+08:00 ] 172.16.100.11 /?c=Api&a=shopbase&partent=ht&key=ht
INFO: [ app_init ] --START--
INFO: Run Behavior\BuildLiteBehavior [ RunTime:0.000023s ]
INFO: [ app_init ] --END-- [ RunTime:0.000461s ]
INFO: [ app_begin ] --START--
INFO: Run Behavior\ReadHtmlCacheBehavior [ RunTime:0.000566s ]
INFO: [ app_begin ] --END-- [ RunTime:0.000675s ]
NOTIC: [2] call_user_func() expects parameter 1 to be a valid callback, no array or string given /data1/vhosts/yaohe/core/ThinkPHP/Library/Think/Upload.class.php 第 171 行.
NOTIC: [2] call_user_func() expects parameter 1 to be a valid callback, no array or string given /data1/vhosts/yaohe/core/ThinkPHP/Library/Think/Upload.class.php 第 171 行.
SQL: SHOW COLUMNS FROM `ht_member` [ RunTime:0.001171s ]
SQL: SELECT * FROM `ht_member` WHERE ( `id` = 37 ) LIMIT 1   [ RunTime:0.000227s ]

[ 2015-07-15T18:16:16+08:00 ] 172.16.100.11 /?c=Api&a=login&partent=ht&key=ht
INFO: [ app_init ] --START--
INFO: Run Behavior\BuildLiteBehavior [ RunTime:0.000024s ]
INFO: [ app_init ] --END-- [ RunTime:0.000462s ]
INFO: [ app_begin ] --START--
INFO: Run Behavior\ReadHtmlCacheBehavior [ RunTime:0.000566s ]
INFO: [ app_begin ] --END-- [ RunTime:0.000667s ]
SQL: SHOW COLUMNS FROM `ht_member` [ RunTime:0.001237s ]
SQL: SELECT * FROM `ht_member` WHERE ( `login_user` = '15022772483' ) LIMIT 1   [ RunTime:0.000450s ]
SQL: UPDATE `ht_member` SET `login_num`=25,`last_login_time`=1436955376 WHERE ( `id` = 37 ) [ RunTime:0.000625s ]

[ 2015-07-15T18:16:18+08:00 ] 172.16.100.11 /?c=Api&a=getAreaList&partent=ht&key=ht
INFO: [ app_init ] --START--
INFO: Run Behavior\BuildLiteBehavior [ RunTime:0.000023s ]
INFO: [ app_init ] --END-- [ RunTime:0.000480s ]
INFO: [ app_begin ] --START--
INFO: Run Behavior\ReadHtmlCacheBehavior [ RunTime:0.000584s ]
INFO: [ app_begin ] --END-- [ RunTime:0.000685s ]
SQL: SHOW COLUMNS FROM `ht_area` [ RunTime:0.001295s ]
SQL: SELECT `id`,`title` FROM `ht_area` WHERE ( c_id=12 )  [ RunTime:0.000238s ]

[ 2015-07-15T18:16:18+08:00 ] 172.16.100.11 /?c=Api&a=getDistrictList&partent=ht&key=ht
INFO: [ app_init ] --START--
INFO: Run Behavior\BuildLiteBehavior [ RunTime:0.000023s ]
INFO: [ app_init ] --END-- [ RunTime:0.000444s ]
INFO: [ app_begin ] --START--
INFO: Run Behavior\ReadHtmlCacheBehavior [ RunTime:0.000562s ]
INFO: [ app_begin ] --END-- [ RunTime:0.000661s ]
SQL: SHOW COLUMNS FROM `ht_district` [ RunTime:0.000818s ]
SQL: SELECT `id`,`title` FROM `ht_district` WHERE ( area_id=98 )  [ RunTime:0.000282s ]

[ 2015-07-15T18:18:00+08:00 ] 172.16.100.11 /?c=Api&a=shopbase&partent=ht&key=ht
INFO: [ app_init ] --START--
INFO: Run Behavior\BuildLiteBehavior [ RunTime:0.000022s ]
INFO: [ app_init ] --END-- [ RunTime:0.000471s ]
INFO: [ app_begin ] --START--
INFO: Run Behavior\ReadHtmlCacheBehavior [ RunTime:0.000576s ]
INFO: [ app_begin ] --END-- [ RunTime:0.000674s ]
NOTIC: [2] call_user_func() expects parameter 1 to be a valid callback, no array or string given /data1/vhosts/yaohe/core/ThinkPHP/Library/Think/Upload.class.php 第 171 行.
NOTIC: [2] call_user_func() expects parameter 1 to be a valid callback, no array or string given /data1/vhosts/yaohe/core/ThinkPHP/Library/Think/Upload.class.php 第 171 行.
SQL: SHOW COLUMNS FROM `ht_member` [ RunTime:0.001190s ]
SQL: SELECT * FROM `ht_member` WHERE ( `id` = 37 ) LIMIT 1   [ RunTime:0.000458s ]

[ 2015-07-15T18:18:21+08:00 ] 172.16.100.11 /?c=Api&a=shopbase&partent=ht&key=ht
INFO: [ app_init ] --START--
INFO: Run Behavior\BuildLiteBehavior [ RunTime:0.000024s ]
INFO: [ app_init ] --END-- [ RunTime:0.000484s ]
INFO: [ app_begin ] --START--
INFO: Run Behavior\ReadHtmlCacheBehavior [ RunTime:0.000577s ]
INFO: [ app_begin ] --END-- [ RunTime:0.000674s ]
NOTIC: [2] call_user_func() expects parameter 1 to be a valid callback, no array or string given /data1/vhosts/yaohe/core/ThinkPHP/Library/Think/Upload.class.php 第 171 行.
NOTIC: [2] call_user_func() expects parameter 1 to be a valid callback, no array or string given /data1/vhosts/yaohe/core/ThinkPHP/Library/Think/Upload.class.php 第 171 行.
SQL: SHOW COLUMNS FROM `ht_member` [ RunTime:0.001518s ]
SQL: SELECT * FROM `ht_member` WHERE ( `id` = 37 ) LIMIT 1   [ RunTime:0.000307s ]

[ 2015-07-15T18:38:15+08:00 ] 172.16.100.11 /?c=Api&a=shopbase&partent=ht&key=ht
INFO: [ app_init ] --START--
INFO: Run Behavior\BuildLiteBehavior [ RunTime:0.000023s ]
INFO: [ app_init ] --END-- [ RunTime:0.000469s ]
INFO: [ app_begin ] --START--
INFO: Run Behavior\ReadHtmlCacheBehavior [ RunTime:0.000571s ]
INFO: [ app_begin ] --END-- [ RunTime:0.000671s ]
NOTIC: [2] call_user_func() expects parameter 1 to be a valid callback, no array or string given /data1/vhosts/yaohe/core/ThinkPHP/Library/Think/Upload.class.php 第 171 行.
NOTIC: [2] call_user_func() expects parameter 1 to be a valid callback, no array or string given /data1/vhosts/yaohe/core/ThinkPHP/Library/Think/Upload.class.php 第 171 行.
SQL: SHOW COLUMNS FROM `ht_member` [ RunTime:0.001209s ]
SQL: SELECT * FROM `ht_member` WHERE ( `id` = 37 ) LIMIT 1   [ RunTime:0.000322s ]
SQL: SHOW COLUMNS FROM `ht_shop` [ RunTime:0.002440s ]
SQL: SELECT * FROM `ht_shop` WHERE ( `member_id` = 37 ) LIMIT 1   [ RunTime:0.000686s ]
SQL: INSERT INTO `ht_shop` (`city_id`,`title`,`one_id`,`industry_class_id`,`area_id`,`district_id`,`address`,`lat`,`business_time`,`subscribe_tel`,`content`,`shopkeeper_name`,`legal_person_card`,`business_licence`) VALUES (12,'我们是一家人',24,24,98,14,'天津市西青区大学城','0.0','12:12-12:13','15022772483','嫩么您咯','赵洋洋','2015-07-15/55a63816f2d21265.jpg','2015-07-15/55a63816f3a5b407.jpg') [ RunTime:0.000607s ]

[ 2015-07-15T18:38:36+08:00 ] 172.16.100.11 /?c=Api&a=login&partent=ht&key=ht
INFO: [ app_init ] --START--
INFO: Run Behavior\BuildLiteBehavior [ RunTime:0.000023s ]
INFO: [ app_init ] --END-- [ RunTime:0.000454s ]
INFO: [ app_begin ] --START--
INFO: Run Behavior\ReadHtmlCacheBehavior [ RunTime:0.000566s ]
INFO: [ app_begin ] --END-- [ RunTime:0.000666s ]
SQL: SHOW COLUMNS FROM `ht_member` [ RunTime:0.001218s ]
SQL: SELECT * FROM `ht_member` WHERE ( `login_user` = '15022772483' ) LIMIT 1   [ RunTime:0.000456s ]
SQL: UPDATE `ht_member` SET `login_num`=26,`last_login_time`=1436956716 WHERE ( `id` = 37 ) [ RunTime:0.000556s ]

[ 2015-07-15T18:38:51+08:00 ] 172.16.100.11 /?c=Api&a=getDistrictList&partent=ht&key=ht
INFO: [ app_init ] --START--
INFO: Run Behavior\BuildLiteBehavior [ RunTime:0.000023s ]
INFO: [ app_init ] --END-- [ RunTime:0.000471s ]
INFO: [ app_begin ] --START--
INFO: Run Behavior\ReadHtmlCacheBehavior [ RunTime:0.000588s ]
INFO: [ app_begin ] --END-- [ RunTime:0.000689s ]
SQL: SHOW COLUMNS FROM `ht_district` [ RunTime:0.000871s ]
SQL: SELECT `id`,`title` FROM `ht_district` WHERE ( area_id=98 )  [ RunTime:0.000207s ]

