[ 2015-09-20T01:26:33+08:00 ] 172.16.100.11 /
INFO: [ app_init ] --START--
INFO: Run Behavior\BuildLiteBehavior [ RunTime:0.000023s ]
INFO: [ app_init ] --END-- [ RunTime:0.000488s ]
INFO: [ app_begin ] --START--
INFO: Run Behavior\ReadHtmlCacheBehavior [ RunTime:0.000597s ]
INFO: [ app_begin ] --END-- [ RunTime:0.000696s ]
INFO: [ view_parse ] --START--
INFO: [ template_filter ] --START--
INFO: Run Behavior\ContentReplaceBehavior [ RunTime:0.000083s ]
INFO: [ template_filter ] --END-- [ RunTime:0.000184s ]
INFO: Run Behavior\ParseTemplateBehavior [ RunTime:0.007979s ]
INFO: [ view_parse ] --END-- [ RunTime:0.008077s ]
INFO: [ view_filter ] --START--
INFO: Run Behavior\WriteHtmlCacheBehavior [ RunTime:0.000194s ]
INFO: [ view_filter ] --END-- [ RunTime:0.000274s ]

[ 2015-09-20T01:28:03+08:00 ] 172.16.100.11 /
INFO: [ app_init ] --START--
INFO: Run Behavior\BuildLiteBehavior [ RunTime:0.000023s ]
INFO: [ app_init ] --END-- [ RunTime:0.000456s ]
INFO: [ app_begin ] --START--
INFO: Run Behavior\ReadHtmlCacheBehavior [ RunTime:0.000565s ]
INFO: [ app_begin ] --END-- [ RunTime:0.000665s ]
INFO: [ view_parse ] --START--
INFO: [ template_filter ] --START--
INFO: Run Behavior\ContentReplaceBehavior [ RunTime:0.000070s ]
INFO: [ template_filter ] --END-- [ RunTime:0.000167s ]
INFO: Run Behavior\ParseTemplateBehavior [ RunTime:0.007962s ]
INFO: [ view_parse ] --END-- [ RunTime:0.008060s ]
INFO: [ view_filter ] --START--
INFO: Run Behavior\WriteHtmlCacheBehavior [ RunTime:0.000185s ]
INFO: [ view_filter ] --END-- [ RunTime:0.000267s ]

[ 2015-09-20T02:28:45+08:00 ] 172.16.100.11 /
INFO: [ app_init ] --START--
INFO: Run Behavior\BuildLiteBehavior [ RunTime:0.000024s ]
INFO: [ app_init ] --END-- [ RunTime:0.000465s ]
INFO: [ app_begin ] --START--
INFO: Run Behavior\ReadHtmlCacheBehavior [ RunTime:0.000576s ]
INFO: [ app_begin ] --END-- [ RunTime:0.000688s ]
INFO: [ view_parse ] --START--
INFO: [ template_filter ] --START--
INFO: Run Behavior\ContentReplaceBehavior [ RunTime:0.000072s ]
INFO: [ template_filter ] --END-- [ RunTime:0.000170s ]
INFO: Run Behavior\ParseTemplateBehavior [ RunTime:0.007964s ]
INFO: [ view_parse ] --END-- [ RunTime:0.008063s ]
INFO: [ view_filter ] --START--
INFO: Run Behavior\WriteHtmlCacheBehavior [ RunTime:0.000183s ]
INFO: [ view_filter ] --END-- [ RunTime:0.000265s ]

[ 2015-09-20T06:06:59+08:00 ] 172.16.100.11 /?c=Api&a=getHomeRotateList&partent=ht&key=ht&city_id=12
INFO: [ app_init ] --START--
INFO: Run Behavior\BuildLiteBehavior [ RunTime:0.000023s ]
INFO: [ app_init ] --END-- [ RunTime:0.000466s ]
INFO: [ app_begin ] --START--
INFO: Run Behavior\ReadHtmlCacheBehavior [ RunTime:0.000596s ]
INFO: [ app_begin ] --END-- [ RunTime:0.000702s ]
SQL: SHOW COLUMNS FROM `ht_rotate` [ RunTime:0.001313s ]
SQL: SELECT `id`,`type`,`content_id`,`link_url`,`title`,`img` FROM `ht_rotate` WHERE ( `city_id` = 12 ) AND ( `status` = 1 ) ORDER BY order_num asc,id desc  [ RunTime:0.000345s ]

[ 2015-09-20T13:41:31+08:00 ] 172.16.100.11 /
INFO: [ app_init ] --START--
INFO: Run Behavior\BuildLiteBehavior [ RunTime:0.000022s ]
INFO: [ app_init ] --END-- [ RunTime:0.000453s ]
INFO: [ app_begin ] --START--
INFO: Run Behavior\ReadHtmlCacheBehavior [ RunTime:0.000567s ]
INFO: [ app_begin ] --END-- [ RunTime:0.000666s ]
INFO: [ view_parse ] --START--
INFO: [ template_filter ] --START--
INFO: Run Behavior\ContentReplaceBehavior [ RunTime:0.000071s ]
INFO: [ template_filter ] --END-- [ RunTime:0.000169s ]
INFO: Run Behavior\ParseTemplateBehavior [ RunTime:0.007950s ]
INFO: [ view_parse ] --END-- [ RunTime:0.008048s ]
INFO: [ view_filter ] --START--
INFO: Run Behavior\WriteHtmlCacheBehavior [ RunTime:0.000182s ]
INFO: [ view_filter ] --END-- [ RunTime:0.000263s ]

[ 2015-09-20T14:41:43+08:00 ] 172.16.100.11 /resource/publication/Journal/LSLHLW09.pdf
INFO: [ app_init ] --START--
INFO: Run Behavior\BuildLiteBehavior [ RunTime:0.000023s ]
INFO: [ app_init ] --END-- [ RunTime:0.000452s ]
INFO: [ app_begin ] --START--
INFO: Run Behavior\ReadHtmlCacheBehavior [ RunTime:0.000566s ]
INFO: [ app_begin ] --END-- [ RunTime:0.000665s ]
INFO: [ view_parse ] --START--
INFO: [ template_filter ] --START--
INFO: Run Behavior\ContentReplaceBehavior [ RunTime:0.000070s ]
INFO: [ template_filter ] --END-- [ RunTime:0.000169s ]
INFO: Run Behavior\ParseTemplateBehavior [ RunTime:0.007904s ]
INFO: [ view_parse ] --END-- [ RunTime:0.008001s ]
INFO: [ view_filter ] --START--
INFO: Run Behavior\WriteHtmlCacheBehavior [ RunTime:0.000184s ]
INFO: [ view_filter ] --END-- [ RunTime:0.000267s ]

[ 2015-09-20T14:59:59+08:00 ] 172.16.100.11 /?c=Api&a=getClassifyList&partent=ht&key=ht
INFO: [ app_init ] --START--
INFO: Run Behavior\BuildLiteBehavior [ RunTime:0.000023s ]
INFO: [ app_init ] --END-- [ RunTime:0.000459s ]
INFO: [ app_begin ] --START--
INFO: Run Behavior\ReadHtmlCacheBehavior [ RunTime:0.000560s ]
INFO: [ app_begin ] --END-- [ RunTime:0.000659s ]
SQL: SHOW COLUMNS FROM `ht_classify` [ RunTime:0.001075s ]
SQL: SELECT `id`,`title` FROM `ht_classify` WHERE ( parentid=0 and is_hidden=0 ) ORDER BY order_num asc,id asc  [ RunTime:0.000217s ]

[ 2015-09-20T15:01:52+08:00 ] 172.16.100.11 /?c=Api&a=getHomeTypeList&partent=ht&key=ht&city_id=12
INFO: [ app_init ] --START--
INFO: Run Behavior\BuildLiteBehavior [ RunTime:0.000024s ]
INFO: [ app_init ] --END-- [ RunTime:0.000470s ]
INFO: [ app_begin ] --START--
INFO: Run Behavior\ReadHtmlCacheBehavior [ RunTime:0.000596s ]
INFO: [ app_begin ] --END-- [ RunTime:0.000696s ]
SQL: SHOW COLUMNS FROM `ht_home_class` [ RunTime:0.001145s ]
SQL: SELECT * FROM `ht_home_class` WHERE ( `city_id` = 12 ) AND ( `is_hidden` = 0 ) ORDER BY order_num asc,id desc  [ RunTime:0.000240s ]

[ 2015-09-20T15:01:56+08:00 ] 172.16.100.11 /?c=Api&a=getHomeTypeList&partent=ht&key=ht&city_id=12
INFO: [ app_init ] --START--
INFO: Run Behavior\BuildLiteBehavior [ RunTime:0.000022s ]
INFO: [ app_init ] --END-- [ RunTime:0.000440s ]
INFO: [ app_begin ] --START--
INFO: Run Behavior\ReadHtmlCacheBehavior [ RunTime:0.000566s ]
INFO: [ app_begin ] --END-- [ RunTime:0.000662s ]
SQL: SHOW COLUMNS FROM `ht_home_class` [ RunTime:0.001000s ]
SQL: SELECT * FROM `ht_home_class` WHERE ( `city_id` = 12 ) AND ( `is_hidden` = 0 ) ORDER BY order_num asc,id desc  [ RunTime:0.000326s ]

[ 2015-09-20T15:01:59+08:00 ] 172.16.100.11 /?c=Api&a=getAreaList&partent=ht&key=ht
INFO: [ app_init ] --START--
INFO: Run Behavior\BuildLiteBehavior [ RunTime:0.000022s ]
INFO: [ app_init ] --END-- [ RunTime:0.000465s ]
INFO: [ app_begin ] --START--
INFO: Run Behavior\ReadHtmlCacheBehavior [ RunTime:0.000574s ]
INFO: [ app_begin ] --END-- [ RunTime:0.000668s ]
SQL: SHOW COLUMNS FROM `ht_area` [ RunTime:0.001267s ]
SQL: SELECT `id`,`title` FROM `ht_area` WHERE ( c_id=12 )  [ RunTime:0.000261s ]

[ 2015-09-20T15:01:59+08:00 ] 172.16.100.11 /?c=Api&a=getHomeCallList&partent=ht&key=ht&city_id=12&member_id=&time=1439550513538
INFO: [ app_init ] --START--
INFO: Run Behavior\BuildLiteBehavior [ RunTime:0.000022s ]
INFO: [ app_init ] --END-- [ RunTime:0.000457s ]
INFO: [ app_begin ] --START--
INFO: Run Behavior\ReadHtmlCacheBehavior [ RunTime:0.000577s ]
INFO: [ app_begin ] --END-- [ RunTime:0.000675s ]
SQL: SHOW COLUMNS FROM `ht_shop_service` [ RunTime:0.001585s ]
SQL: SELECT * FROM `ht_shop_service` WHERE ( `city_id` = 12 ) ORDER BY id desc LIMIT 0,20   [ RunTime:0.000489s ]
SQL: SHOW COLUMNS FROM `ht_call` [ RunTime:0.001469s ]
SQL: SELECT `img1`,`img2`,`img3`,`img4`,`img5`,`img6`,`content` FROM `ht_call` WHERE ( `id` = 70 ) LIMIT 1   [ RunTime:0.000426s ]
SQL: SHOW COLUMNS FROM `ht_shop` [ RunTime:0.002317s ]
SQL: SELECT `id`,`title`,`star`,`fans_num` FROM `ht_shop` WHERE ( `member_id` = 49 ) LIMIT 1   [ RunTime:0.000308s ]
SQL: SHOW COLUMNS FROM `ht_shop_fans` [ RunTime:0.000972s ]
SQL: SELECT * FROM `ht_shop_fans` WHERE ( `shop_id` = 62 ) AND ( `member_id` = 0 ) LIMIT 1   [ RunTime:0.000239s ]
SQL: SELECT `img1`,`img2`,`img3`,`img4`,`img5`,`img6`,`content` FROM `ht_call` WHERE ( `id` = 69 ) LIMIT 1   [ RunTime:0.000327s ]
SQL: SELECT `id`,`title`,`star`,`fans_num` FROM `ht_shop` WHERE ( `member_id` = 49 ) LIMIT 1   [ RunTime:0.000312s ]
SQL: SELECT * FROM `ht_shop_fans` WHERE ( `shop_id` = 62 ) AND ( `member_id` = 0 ) LIMIT 1   [ RunTime:0.000324s ]
SQL: SHOW COLUMNS FROM `ht_new_product` [ RunTime:0.001372s ]
SQL: SELECT `img1`,`img2`,`img3`,`img4`,`img5`,`img6`,title as content FROM `ht_new_product` WHERE ( `id` = 49 ) LIMIT 1   [ RunTime:0.000351s ]
SQL: SELECT `id`,`title`,`star`,`fans_num` FROM `ht_shop` WHERE ( `member_id` = 49 ) LIMIT 1   [ RunTime:0.000233s ]
SQL: SELECT * FROM `ht_shop_fans` WHERE ( `shop_id` = 62 ) AND ( `member_id` = 0 ) LIMIT 1   [ RunTime:0.000267s ]
SQL: SHOW COLUMNS FROM `ht_coupon` [ RunTime:0.001626s ]
SQL: SELECT `img1`,`img2`,`img3`,`img4`,`img5`,`img6`,`content` FROM `ht_coupon` WHERE ( `id` = 95 ) LIMIT 1   [ RunTime:0.000293s ]
SQL: SELECT `id`,`title`,`star`,`fans_num` FROM `ht_shop` WHERE ( `member_id` = 49 ) LIMIT 1   [ RunTime:0.000309s ]
SQL: SELECT * FROM `ht_shop_fans` WHERE ( `shop_id` = 62 ) AND ( `member_id` = 0 ) LIMIT 1   [ RunTime:0.000310s ]
SQL: SHOW COLUMNS FROM `ht_card` [ RunTime:0.001771s ]
SQL: SELECT `img1`,`img2`,`img3`,`img4`,`img5`,`img6`,`content` FROM `ht_card` WHERE ( `id` = 22 ) LIMIT 1   [ RunTime:0.000264s ]
SQL: SELECT `id`,`title`,`star`,`fans_num` FROM `ht_shop` WHERE ( `member_id` = 49 ) LIMIT 1   [ RunTime:0.000274s ]
SQL: SELECT * FROM `ht_shop_fans` WHERE ( `shop_id` = 62 ) AND ( `member_id` = 0 ) LIMIT 1   [ RunTime:0.000203s ]
SQL: SELECT `img1`,`img2`,`img3`,`img4`,`img5`,`img6`,`content` FROM `ht_card` WHERE ( `id` = 21 ) LIMIT 1   [ RunTime:0.000218s ]
SQL: SELECT `id`,`title`,`star`,`fans_num` FROM `ht_shop` WHERE ( `member_id` = 49 ) LIMIT 1   [ RunTime:0.000186s ]
SQL: SELECT * FROM `ht_shop_fans` WHERE ( `shop_id` = 62 ) AND ( `member_id` = 0 ) LIMIT 1   [ RunTime:0.000272s ]
SQL: SELECT `img1`,`img2`,`img3`,`img4`,`img5`,`img6`,`content` FROM `ht_card` WHERE ( `id` = 20 ) LIMIT 1   [ RunTime:0.000310s ]
SQL: SELECT `id`,`title`,`star`,`fans_num` FROM `ht_shop` WHERE ( `member_id` = 49 ) LIMIT 1   [ RunTime:0.000300s ]
SQL: SELECT * FROM `ht_shop_fans` WHERE ( `shop_id` = 62 ) AND ( `member_id` = 0 ) LIMIT 1   [ RunTime:0.000675s ]
SQL: SELECT `img1`,`img2`,`img3`,`img4`,`img5`,`img6`,`content` FROM `ht_coupon` WHERE ( `id` = 95 ) LIMIT 1   [ RunTime:0.000305s ]
SQL: SELECT `id`,`title`,`star`,`fans_num` FROM `ht_shop` WHERE ( `member_id` = 49 ) LIMIT 1   [ RunTime:0.000287s ]
SQL: SELECT * FROM `ht_shop_fans` WHERE ( `shop_id` = 62 ) AND ( `member_id` = 0 ) LIMIT 1   [ RunTime:0.000278s ]
SQL: SELECT `img1`,`img2`,`img3`,`img4`,`img5`,`img6`,`content` FROM `ht_call` WHERE ( `id` = 64 ) LIMIT 1   [ RunTime:0.000291s ]
SQL: SELECT `id`,`title`,`star`,`fans_num` FROM `ht_shop` WHERE ( `member_id` = 55 ) LIMIT 1   [ RunTime:0.000304s ]
SQL: SELECT * FROM `ht_shop_fans` WHERE ( `shop_id` = 80 ) AND ( `member_id` = 0 ) LIMIT 1   [ RunTime:0.000265s ]
SQL: SELECT `img1`,`img2`,`img3`,`img4`,`img5`,`img6`,`content` FROM `ht_coupon` WHERE ( `id` = 94 ) LIMIT 1   [ RunTime:0.000288s ]
SQL: SELECT `id`,`title`,`star`,`fans_num` FROM `ht_shop` WHERE ( `member_id` = 98 ) LIMIT 1   [ RunTime:0.000282s ]
SQL: SELECT * FROM `ht_shop_fans` WHERE ( `shop_id` = 81 ) AND ( `member_id` = 0 ) LIMIT 1   [ RunTime:0.000291s ]
SQL: SHOW COLUMNS FROM `ht_activity` [ RunTime:0.001402s ]
SQL: SELECT `img1`,`img2`,`img3`,`img4`,`img5`,`img6`,`content` FROM `ht_activity` WHERE ( `id` = 35 ) LIMIT 1   [ RunTime:0.000281s ]
SQL: SELECT `id`,`title`,`star`,`fans_num` FROM `ht_shop` WHERE ( `member_id` = 98 ) LIMIT 1   [ RunTime:0.000233s ]
SQL: SELECT * FROM `ht_shop_fans` WHERE ( `shop_id` = 81 ) AND ( `member_id` = 0 ) LIMIT 1   [ RunTime:0.000306s ]
SQL: SELECT `img1`,`img2`,`img3`,`img4`,`img5`,`img6`,`content` FROM `ht_activity` WHERE ( `id` = 35 ) LIMIT 1   [ RunTime:0.000204s ]
SQL: SELECT `id`,`title`,`star`,`fans_num` FROM `ht_shop` WHERE ( `member_id` = 98 ) LIMIT 1   [ RunTime:0.000237s ]
SQL: SELECT * FROM `ht_shop_fans` WHERE ( `shop_id` = 81 ) AND ( `member_id` = 0 ) LIMIT 1   [ RunTime:0.000297s ]
SQL: SELECT `img1`,`img2`,`img3`,`img4`,`img5`,`img6`,title as content FROM `ht_new_product` WHERE ( `id` = 47 ) LIMIT 1   [ RunTime:0.000248s ]
SQL: SELECT `id`,`title`,`star`,`fans_num` FROM `ht_shop` WHERE ( `member_id` = 98 ) LIMIT 1   [ RunTime:0.000271s ]
SQL: SELECT * FROM `ht_shop_fans` WHERE ( `shop_id` = 81 ) AND ( `member_id` = 0 ) LIMIT 1   [ RunTime:0.000242s ]
SQL: SELECT `img1`,`img2`,`img3`,`img4`,`img5`,`img6`,`content` FROM `ht_coupon` WHERE ( `id` = 92 ) LIMIT 1   [ RunTime:0.000289s ]
SQL: SELECT `id`,`title`,`star`,`fans_num` FROM `ht_shop` WHERE ( `member_id` = 98 ) LIMIT 1   [ RunTime:0.000198s ]
SQL: SELECT * FROM `ht_shop_fans` WHERE ( `shop_id` = 81 ) AND ( `member_id` = 0 ) LIMIT 1   [ RunTime:0.000299s ]
SQL: SELECT `img1`,`img2`,`img3`,`img4`,`img5`,`img6`,`content` FROM `ht_call` WHERE ( `id` = 62 ) LIMIT 1   [ RunTime:0.000305s ]
SQL: SELECT `id`,`title`,`star`,`fans_num` FROM `ht_shop` WHERE ( `member_id` = 55 ) LIMIT 1   [ RunTime:0.000271s ]
SQL: SELECT * FROM `ht_shop_fans` WHERE ( `shop_id` = 80 ) AND ( `member_id` = 0 ) LIMIT 1   [ RunTime:0.000257s ]
SQL: SELECT `img1`,`img2`,`img3`,`img4`,`img5`,`img6`,`content` FROM `ht_coupon` WHERE ( `id` = 91 ) LIMIT 1   [ RunTime:0.000242s ]
SQL: SELECT `id`,`title`,`star`,`fans_num` FROM `ht_shop` WHERE ( `member_id` = 98 ) LIMIT 1   [ RunTime:0.000244s ]
SQL: SELECT * FROM `ht_shop_fans` WHERE ( `shop_id` = 81 ) AND ( `member_id` = 0 ) LIMIT 1   [ RunTime:0.000240s ]
SQL: SELECT `img1`,`img2`,`img3`,`img4`,`img5`,`img6`,`content` FROM `ht_activity` WHERE ( `id` = 34 ) LIMIT 1   [ RunTime:0.000250s ]
SQL: SELECT `id`,`title`,`star`,`fans_num` FROM `ht_shop` WHERE ( `member_id` = 98 ) LIMIT 1   [ RunTime:0.000241s ]
SQL: SELECT * FROM `ht_shop_fans` WHERE ( `shop_id` = 81 ) AND ( `member_id` = 0 ) LIMIT 1   [ RunTime:0.000204s ]
SQL: SELECT `img1`,`img2`,`img3`,`img4`,`img5`,`img6`,`content` FROM `ht_call` WHERE ( `id` = 60 ) LIMIT 1   [ RunTime:0.000213s ]
SQL: SELECT `id`,`title`,`star`,`fans_num` FROM `ht_shop` WHERE ( `member_id` = 49 ) LIMIT 1   [ RunTime:0.000200s ]
SQL: SELECT * FROM `ht_shop_fans` WHERE ( `shop_id` = 62 ) AND ( `member_id` = 0 ) LIMIT 1   [ RunTime:0.000214s ]
SQL: SELECT `img1`,`img2`,`img3`,`img4`,`img5`,`img6`,title as content FROM `ht_new_product` WHERE ( `id` = 46 ) LIMIT 1   [ RunTime:0.000293s ]
SQL: SELECT `id`,`title`,`star`,`fans_num` FROM `ht_shop` WHERE ( `member_id` = 49 ) LIMIT 1   [ RunTime:0.000260s ]
SQL: SELECT * FROM `ht_shop_fans` WHERE ( `shop_id` = 62 ) AND ( `member_id` = 0 ) LIMIT 1   [ RunTime:0.000279s ]
SQL: SELECT `img1`,`img2`,`img3`,`img4`,`img5`,`img6`,`content` FROM `ht_activity` WHERE ( `id` = 32 ) LIMIT 1   [ RunTime:0.000288s ]
SQL: SELECT `id`,`title`,`star`,`fans_num` FROM `ht_shop` WHERE ( `member_id` = 52 ) LIMIT 1   [ RunTime:0.000319s ]
SQL: SELECT * FROM `ht_shop_fans` WHERE ( `shop_id` = 78 ) AND ( `member_id` = 0 ) LIMIT 1   [ RunTime:0.000287s ]

[ 2015-09-20T15:03:14+08:00 ] 172.16.100.11 /?c=Api&a=getcitylist
INFO: [ app_init ] --START--
INFO: Run Behavior\BuildLiteBehavior [ RunTime:0.000022s ]
INFO: [ app_init ] --END-- [ RunTime:0.000463s ]
INFO: [ app_begin ] --START--
INFO: Run Behavior\ReadHtmlCacheBehavior [ RunTime:0.000591s ]
INFO: [ app_begin ] --END-- [ RunTime:0.000690s ]
SQL: SHOW COLUMNS FROM `ht_city` [ RunTime:0.001467s ]
SQL: SELECT `id`,`title`,`letter`,`is_hot` FROM `ht_city` WHERE ( `status` = 0 ) AND ( `id` = 295 )  [ RunTime:0.000311s ]

[ 2015-09-20T15:05:43+08:00 ] 172.16.100.11 /?c=Api&a=getSearchShopCallList&partent=ht&key=ht
INFO: [ app_init ] --START--
INFO: Run Behavior\BuildLiteBehavior [ RunTime:0.000022s ]
INFO: [ app_init ] --END-- [ RunTime:0.000452s ]
INFO: [ app_begin ] --START--
INFO: Run Behavior\ReadHtmlCacheBehavior [ RunTime:0.000562s ]
INFO: [ app_begin ] --END-- [ RunTime:0.000663s ]
SQL: SHOW COLUMNS FROM `ht_shop` [ RunTime:0.002712s ]
SQL: SELECT `id`,`member_id`,`title` FROM `ht_shop` WHERE ( `city_id` = 12 ) AND (  title like "%txet4321%" ) ORDER BY id asc  [ RunTime:0.000826s ]
NOTIC: [2] Invalid argument supplied for foreach() /data1/vhosts/yaohe/admin/Apps/Home/Controller/ApiController.class.php 第 2661 行.
SQL: SHOW COLUMNS FROM `ht_shop_service` [ RunTime:0.001452s ]
SQL: SELECT * FROM `ht_shop_service` WHERE ( `city_id` = 12 ) AND (  title like "%txet4321%" ) ORDER BY id desc  [ RunTime:0.000816s ]
NOTIC: [2] Invalid argument supplied for foreach() /data1/vhosts/yaohe/admin/Apps/Home/Controller/ApiController.class.php 第 2674 行.

[ 2015-09-20T15:05:47+08:00 ] 172.16.100.11 /?c=Api&a=getSearchShopCallList&partent=ht&key=ht
INFO: [ app_init ] --START--
INFO: Run Behavior\BuildLiteBehavior [ RunTime:0.000023s ]
INFO: [ app_init ] --END-- [ RunTime:0.000475s ]
INFO: [ app_begin ] --START--
INFO: Run Behavior\ReadHtmlCacheBehavior [ RunTime:0.000578s ]
INFO: [ app_begin ] --END-- [ RunTime:0.000676s ]
SQL: SHOW COLUMNS FROM `ht_shop` [ RunTime:0.002303s ]
SQL: SELECT `id`,`member_id`,`title` FROM `ht_shop` WHERE ( `city_id` = 12 ) AND (  title like "%txet4321%" ) ORDER BY id asc  [ RunTime:0.000199s ]
NOTIC: [2] Invalid argument supplied for foreach() /data1/vhosts/yaohe/admin/Apps/Home/Controller/ApiController.class.php 第 2661 行.
SQL: SHOW COLUMNS FROM `ht_shop_service` [ RunTime:0.001429s ]
SQL: SELECT * FROM `ht_shop_service` WHERE ( `city_id` = 12 ) AND (  title like "%txet4321%" ) ORDER BY id desc  [ RunTime:0.000363s ]
NOTIC: [2] Invalid argument supplied for foreach() /data1/vhosts/yaohe/admin/Apps/Home/Controller/ApiController.class.php 第 2674 行.

[ 2015-09-20T19:44:15+08:00 ] 172.16.100.11 /
INFO: [ app_init ] --START--
INFO: Run Behavior\BuildLiteBehavior [ RunTime:0.000023s ]
INFO: [ app_init ] --END-- [ RunTime:0.000467s ]
INFO: [ app_begin ] --START--
INFO: Run Behavior\ReadHtmlCacheBehavior [ RunTime:0.000573s ]
INFO: [ app_begin ] --END-- [ RunTime:0.000674s ]
INFO: [ view_parse ] --START--
INFO: [ template_filter ] --START--
INFO: Run Behavior\ContentReplaceBehavior [ RunTime:0.000070s ]
INFO: [ template_filter ] --END-- [ RunTime:0.000169s ]
INFO: Run Behavior\ParseTemplateBehavior [ RunTime:0.007953s ]
INFO: [ view_parse ] --END-- [ RunTime:0.008052s ]
INFO: [ view_filter ] --START--
INFO: Run Behavior\WriteHtmlCacheBehavior [ RunTime:0.000191s ]
INFO: [ view_filter ] --END-- [ RunTime:0.000274s ]

[ 2015-09-20T19:56:31+08:00 ] 172.16.100.11 /resource/seminar/111117/Full-Duplex_Fenggang20111117.pptx
INFO: [ app_init ] --START--
INFO: Run Behavior\BuildLiteBehavior [ RunTime:0.000023s ]
INFO: [ app_init ] --END-- [ RunTime:0.000451s ]
INFO: [ app_begin ] --START--
INFO: Run Behavior\ReadHtmlCacheBehavior [ RunTime:0.000562s ]
INFO: [ app_begin ] --END-- [ RunTime:0.000672s ]
INFO: [ view_parse ] --START--
INFO: [ template_filter ] --START--
INFO: Run Behavior\ContentReplaceBehavior [ RunTime:0.000071s ]
INFO: [ template_filter ] --END-- [ RunTime:0.000169s ]
INFO: Run Behavior\ParseTemplateBehavior [ RunTime:0.007938s ]
INFO: [ view_parse ] --END-- [ RunTime:0.008035s ]
INFO: [ view_filter ] --START--
INFO: Run Behavior\WriteHtmlCacheBehavior [ RunTime:0.000184s ]
INFO: [ view_filter ] --END-- [ RunTime:0.000265s ]

[ 2015-09-20T20:48:58+08:00 ] 172.16.100.11 /
INFO: [ app_init ] --START--
INFO: Run Behavior\BuildLiteBehavior [ RunTime:0.000023s ]
INFO: [ app_init ] --END-- [ RunTime:0.000458s ]
INFO: [ app_begin ] --START--
INFO: Run Behavior\ReadHtmlCacheBehavior [ RunTime:0.000579s ]
INFO: [ app_begin ] --END-- [ RunTime:0.000679s ]
INFO: [ view_parse ] --START--
INFO: [ template_filter ] --START--
INFO: Run Behavior\ContentReplaceBehavior [ RunTime:0.000071s ]
INFO: [ template_filter ] --END-- [ RunTime:0.000168s ]
INFO: Run Behavior\ParseTemplateBehavior [ RunTime:0.008015s ]
INFO: [ view_parse ] --END-- [ RunTime:0.008112s ]
INFO: [ view_filter ] --START--
INFO: Run Behavior\WriteHtmlCacheBehavior [ RunTime:0.000183s ]
INFO: [ view_filter ] --END-- [ RunTime:0.000265s ]

[ 2015-09-20T20:50:38+08:00 ] 172.16.100.11 /
INFO: [ app_init ] --START--
INFO: Run Behavior\BuildLiteBehavior [ RunTime:0.000023s ]
INFO: [ app_init ] --END-- [ RunTime:0.000472s ]
INFO: [ app_begin ] --START--
INFO: Run Behavior\ReadHtmlCacheBehavior [ RunTime:0.000593s ]
INFO: [ app_begin ] --END-- [ RunTime:0.000691s ]
INFO: [ view_parse ] --START--
INFO: [ template_filter ] --START--
INFO: Run Behavior\ContentReplaceBehavior [ RunTime:0.000070s ]
INFO: [ template_filter ] --END-- [ RunTime:0.000167s ]
INFO: Run Behavior\ParseTemplateBehavior [ RunTime:0.008059s ]
INFO: [ view_parse ] --END-- [ RunTime:0.008157s ]
INFO: [ view_filter ] --START--
INFO: Run Behavior\WriteHtmlCacheBehavior [ RunTime:0.000184s ]
INFO: [ view_filter ] --END-- [ RunTime:0.000266s ]

[ 2015-09-20T21:02:54+08:00 ] 172.16.100.11 /
INFO: [ app_init ] --START--
INFO: Run Behavior\BuildLiteBehavior [ RunTime:0.000023s ]
INFO: [ app_init ] --END-- [ RunTime:0.000461s ]
INFO: [ app_begin ] --START--
INFO: Run Behavior\ReadHtmlCacheBehavior [ RunTime:0.000570s ]
INFO: [ app_begin ] --END-- [ RunTime:0.000689s ]
INFO: [ view_parse ] --START--
INFO: [ template_filter ] --START--
INFO: Run Behavior\ContentReplaceBehavior [ RunTime:0.000071s ]
INFO: [ template_filter ] --END-- [ RunTime:0.000171s ]
INFO: Run Behavior\ParseTemplateBehavior [ RunTime:0.007916s ]
INFO: [ view_parse ] --END-- [ RunTime:0.008017s ]
INFO: [ view_filter ] --START--
INFO: Run Behavior\WriteHtmlCacheBehavior [ RunTime:0.000185s ]
INFO: [ view_filter ] --END-- [ RunTime:0.000268s ]

[ 2015-09-20T21:59:11+08:00 ] 172.16.100.11 /robots.txt
INFO: [ app_init ] --START--
INFO: Run Behavior\BuildLiteBehavior [ RunTime:0.000022s ]
INFO: [ app_init ] --END-- [ RunTime:0.000477s ]
INFO: [ app_begin ] --START--
INFO: Run Behavior\ReadHtmlCacheBehavior [ RunTime:0.000606s ]
INFO: [ app_begin ] --END-- [ RunTime:0.000706s ]
INFO: [ view_parse ] --START--
INFO: [ template_filter ] --START--
INFO: Run Behavior\ContentReplaceBehavior [ RunTime:0.000072s ]
INFO: [ template_filter ] --END-- [ RunTime:0.000171s ]
INFO: Run Behavior\ParseTemplateBehavior [ RunTime:0.007951s ]
INFO: [ view_parse ] --END-- [ RunTime:0.008056s ]
INFO: [ view_filter ] --START--
INFO: Run Behavior\WriteHtmlCacheBehavior [ RunTime:0.000188s ]
INFO: [ view_filter ] --END-- [ RunTime:0.000282s ]

