[ 2015-09-13T05:00:04+08:00 ] 172.16.100.11 /resource/seminar/090612/CICP%E6%8E%A7%E5%88%B6%E7%AD%96%E7%95%A5.ppt
INFO: [ app_init ] --START--
INFO: Run Behavior\BuildLiteBehavior [ RunTime:0.000023s ]
INFO: [ app_init ] --END-- [ RunTime:0.000458s ]
INFO: [ app_begin ] --START--
INFO: Run Behavior\ReadHtmlCacheBehavior [ RunTime:0.000567s ]
INFO: [ app_begin ] --END-- [ RunTime:0.000666s ]
INFO: [ view_parse ] --START--
INFO: [ template_filter ] --START--
INFO: Run Behavior\ContentReplaceBehavior [ RunTime:0.000072s ]
INFO: [ template_filter ] --END-- [ RunTime:0.000171s ]
INFO: Run Behavior\ParseTemplateBehavior [ RunTime:0.007915s ]
INFO: [ view_parse ] --END-- [ RunTime:0.008013s ]
INFO: [ view_filter ] --START--
INFO: Run Behavior\WriteHtmlCacheBehavior [ RunTime:0.000182s ]
INFO: [ view_filter ] --END-- [ RunTime:0.000265s ]

[ 2015-09-13T08:15:24+08:00 ] 172.16.100.11 /
INFO: [ app_init ] --START--
INFO: Run Behavior\BuildLiteBehavior [ RunTime:0.000022s ]
INFO: [ app_init ] --END-- [ RunTime:0.000454s ]
INFO: [ app_begin ] --START--
INFO: Run Behavior\ReadHtmlCacheBehavior [ RunTime:0.000585s ]
INFO: [ app_begin ] --END-- [ RunTime:0.000684s ]
INFO: [ view_parse ] --START--
INFO: [ template_filter ] --START--
INFO: Run Behavior\ContentReplaceBehavior [ RunTime:0.000071s ]
INFO: [ template_filter ] --END-- [ RunTime:0.000169s ]
INFO: Run Behavior\ParseTemplateBehavior [ RunTime:0.007958s ]
INFO: [ view_parse ] --END-- [ RunTime:0.008057s ]
INFO: [ view_filter ] --START--
INFO: Run Behavior\WriteHtmlCacheBehavior [ RunTime:0.000184s ]
INFO: [ view_filter ] --END-- [ RunTime:0.000265s ]

[ 2015-09-13T08:17:00+08:00 ] 172.16.100.11 /
INFO: [ app_init ] --START--
INFO: Run Behavior\BuildLiteBehavior [ RunTime:0.000023s ]
INFO: [ app_init ] --END-- [ RunTime:0.000462s ]
INFO: [ app_begin ] --START--
INFO: Run Behavior\ReadHtmlCacheBehavior [ RunTime:0.000580s ]
INFO: [ app_begin ] --END-- [ RunTime:0.000678s ]
INFO: [ view_parse ] --START--
INFO: [ template_filter ] --START--
INFO: Run Behavior\ContentReplaceBehavior [ RunTime:0.000071s ]
INFO: [ template_filter ] --END-- [ RunTime:0.000169s ]
INFO: Run Behavior\ParseTemplateBehavior [ RunTime:0.008038s ]
INFO: [ view_parse ] --END-- [ RunTime:0.008135s ]
INFO: [ view_filter ] --START--
INFO: Run Behavior\WriteHtmlCacheBehavior [ RunTime:0.000182s ]
INFO: [ view_filter ] --END-- [ RunTime:0.000265s ]

[ 2015-09-13T11:03:38+08:00 ] 172.16.100.11 /?c=Api&a=getHomeRotateList&partent=ht&key=ht&city_id=12
INFO: [ app_init ] --START--
INFO: Run Behavior\BuildLiteBehavior [ RunTime:0.000024s ]
INFO: [ app_init ] --END-- [ RunTime:0.000456s ]
INFO: [ app_begin ] --START--
INFO: Run Behavior\ReadHtmlCacheBehavior [ RunTime:0.000566s ]
INFO: [ app_begin ] --END-- [ RunTime:0.000664s ]
SQL: SHOW COLUMNS FROM `ht_rotate` [ RunTime:0.001569s ]
SQL: SELECT `id`,`type`,`content_id`,`link_url`,`title`,`img` FROM `ht_rotate` WHERE ( `city_id` = 12 ) AND ( `status` = 1 ) ORDER BY order_num asc,id desc  [ RunTime:0.000316s ]

[ 2015-09-13T11:03:38+08:00 ] 172.16.100.11 /?c=Api&a=getClassifyList&partent=ht&key=ht
INFO: [ app_init ] --START--
INFO: Run Behavior\BuildLiteBehavior [ RunTime:0.000023s ]
INFO: [ app_init ] --END-- [ RunTime:0.000461s ]
INFO: [ app_begin ] --START--
INFO: Run Behavior\ReadHtmlCacheBehavior [ RunTime:0.000590s ]
INFO: [ app_begin ] --END-- [ RunTime:0.000688s ]
SQL: SHOW COLUMNS FROM `ht_classify` [ RunTime:0.000934s ]
SQL: SELECT `id`,`title` FROM `ht_classify` WHERE ( parentid=0 and is_hidden=0 ) ORDER BY order_num asc,id asc  [ RunTime:0.000290s ]

[ 2015-09-13T11:03:38+08:00 ] 172.16.100.11 /?c=Api&a=getAreaList&partent=ht&key=ht
INFO: [ app_init ] --START--
INFO: Run Behavior\BuildLiteBehavior [ RunTime:0.000021s ]
INFO: [ app_init ] --END-- [ RunTime:0.000460s ]
INFO: [ app_begin ] --START--
INFO: Run Behavior\ReadHtmlCacheBehavior [ RunTime:0.000587s ]
INFO: [ app_begin ] --END-- [ RunTime:0.000686s ]
SQL: SHOW COLUMNS FROM `ht_area` [ RunTime:0.000965s ]
SQL: SELECT `id`,`title` FROM `ht_area` WHERE ( c_id=13 )  [ RunTime:0.000211s ]

[ 2015-09-13T11:03:38+08:00 ] 172.16.100.11 /?c=Api&a=getAreaList&partent=ht&key=ht
INFO: [ app_init ] --START--
INFO: Run Behavior\BuildLiteBehavior [ RunTime:0.000023s ]
INFO: [ app_init ] --END-- [ RunTime:0.000451s ]
INFO: [ app_begin ] --START--
INFO: Run Behavior\ReadHtmlCacheBehavior [ RunTime:0.000559s ]
INFO: [ app_begin ] --END-- [ RunTime:0.000656s ]
SQL: SHOW COLUMNS FROM `ht_area` [ RunTime:0.000887s ]
SQL: SELECT `id`,`title` FROM `ht_area` WHERE ( c_id=13 )  [ RunTime:0.000285s ]

[ 2015-09-13T11:23:45+08:00 ] 172.16.100.11 /?c=Api&a=getClassifyList&partent=ht&key=ht
INFO: [ app_init ] --START--
INFO: Run Behavior\BuildLiteBehavior [ RunTime:0.000023s ]
INFO: [ app_init ] --END-- [ RunTime:0.000453s ]
INFO: [ app_begin ] --START--
INFO: Run Behavior\ReadHtmlCacheBehavior [ RunTime:0.000561s ]
INFO: [ app_begin ] --END-- [ RunTime:0.000656s ]
SQL: SHOW COLUMNS FROM `ht_classify` [ RunTime:0.000946s ]
SQL: SELECT `id`,`title` FROM `ht_classify` WHERE ( parentid=0 and is_hidden=0 ) ORDER BY order_num asc,id asc  [ RunTime:0.000219s ]

[ 2015-09-13T11:23:46+08:00 ] 172.16.100.11 /?c=Api&a=getHomeCallList&partent=ht&key=ht&city_id=12&member_id=66&time=1442114625223
INFO: [ app_init ] --START--
INFO: Run Behavior\BuildLiteBehavior [ RunTime:0.000022s ]
INFO: [ app_init ] --END-- [ RunTime:0.000450s ]
INFO: [ app_begin ] --START--
INFO: Run Behavior\ReadHtmlCacheBehavior [ RunTime:0.000570s ]
INFO: [ app_begin ] --END-- [ RunTime:0.000687s ]
SQL: SHOW COLUMNS FROM `ht_shop_service` [ RunTime:0.001465s ]
SQL: SELECT * FROM `ht_shop_service` WHERE ( `city_id` = 12 ) ORDER BY id desc LIMIT 0,20   [ RunTime:0.000414s ]
SQL: SHOW COLUMNS FROM `ht_coupon` [ RunTime:0.001645s ]
SQL: SELECT `img1`,`img2`,`img3`,`img4`,`img5`,`img6`,`content` FROM `ht_coupon` WHERE ( `id` = 94 ) LIMIT 1   [ RunTime:0.000303s ]
SQL: SHOW COLUMNS FROM `ht_shop` [ RunTime:0.002335s ]
SQL: SELECT `id`,`title`,`star`,`fans_num` FROM `ht_shop` WHERE ( `member_id` = 98 ) LIMIT 1   [ RunTime:0.000217s ]
SQL: SHOW COLUMNS FROM `ht_shop_fans` [ RunTime:0.000938s ]
SQL: SELECT * FROM `ht_shop_fans` WHERE ( `shop_id` = 81 ) AND ( `member_id` = 66 ) LIMIT 1   [ RunTime:0.000221s ]
SQL: SHOW COLUMNS FROM `ht_activity` [ RunTime:0.001581s ]
SQL: SELECT `img1`,`img2`,`img3`,`img4`,`img5`,`img6`,`content` FROM `ht_activity` WHERE ( `id` = 35 ) LIMIT 1   [ RunTime:0.000319s ]
SQL: SELECT `id`,`title`,`star`,`fans_num` FROM `ht_shop` WHERE ( `member_id` = 98 ) LIMIT 1   [ RunTime:0.000202s ]
SQL: SELECT * FROM `ht_shop_fans` WHERE ( `shop_id` = 81 ) AND ( `member_id` = 66 ) LIMIT 1   [ RunTime:0.000244s ]
SQL: SELECT `img1`,`img2`,`img3`,`img4`,`img5`,`img6`,`content` FROM `ht_activity` WHERE ( `id` = 35 ) LIMIT 1   [ RunTime:0.000209s ]
SQL: SELECT `id`,`title`,`star`,`fans_num` FROM `ht_shop` WHERE ( `member_id` = 98 ) LIMIT 1   [ RunTime:0.000253s ]
SQL: SELECT * FROM `ht_shop_fans` WHERE ( `shop_id` = 81 ) AND ( `member_id` = 66 ) LIMIT 1   [ RunTime:0.000283s ]
SQL: SHOW COLUMNS FROM `ht_new_product` [ RunTime:0.001420s ]
SQL: SELECT `img1`,`img2`,`img3`,`img4`,`img5`,`img6`,title as content FROM `ht_new_product` WHERE ( `id` = 47 ) LIMIT 1   [ RunTime:0.000302s ]
SQL: SELECT `id`,`title`,`star`,`fans_num` FROM `ht_shop` WHERE ( `member_id` = 98 ) LIMIT 1   [ RunTime:0.000310s ]
SQL: SELECT * FROM `ht_shop_fans` WHERE ( `shop_id` = 81 ) AND ( `member_id` = 66 ) LIMIT 1   [ RunTime:0.000212s ]
SQL: SELECT `img1`,`img2`,`img3`,`img4`,`img5`,`img6`,`content` FROM `ht_coupon` WHERE ( `id` = 92 ) LIMIT 1   [ RunTime:0.000295s ]
SQL: SELECT `id`,`title`,`star`,`fans_num` FROM `ht_shop` WHERE ( `member_id` = 98 ) LIMIT 1   [ RunTime:0.000197s ]
SQL: SELECT * FROM `ht_shop_fans` WHERE ( `shop_id` = 81 ) AND ( `member_id` = 66 ) LIMIT 1   [ RunTime:0.000270s ]
SQL: SHOW COLUMNS FROM `ht_call` [ RunTime:0.001401s ]
SQL: SELECT `img1`,`img2`,`img3`,`img4`,`img5`,`img6`,`content` FROM `ht_call` WHERE ( `id` = 62 ) LIMIT 1   [ RunTime:0.000220s ]
SQL: SELECT `id`,`title`,`star`,`fans_num` FROM `ht_shop` WHERE ( `member_id` = 55 ) LIMIT 1   [ RunTime:0.000244s ]
SQL: SELECT * FROM `ht_shop_fans` WHERE ( `shop_id` = 80 ) AND ( `member_id` = 66 ) LIMIT 1   [ RunTime:0.000274s ]
SQL: SELECT `img1`,`img2`,`img3`,`img4`,`img5`,`img6`,`content` FROM `ht_coupon` WHERE ( `id` = 91 ) LIMIT 1   [ RunTime:0.000255s ]
SQL: SELECT `id`,`title`,`star`,`fans_num` FROM `ht_shop` WHERE ( `member_id` = 98 ) LIMIT 1   [ RunTime:0.000294s ]
SQL: SELECT * FROM `ht_shop_fans` WHERE ( `shop_id` = 81 ) AND ( `member_id` = 66 ) LIMIT 1   [ RunTime:0.000219s ]
SQL: SELECT `img1`,`img2`,`img3`,`img4`,`img5`,`img6`,`content` FROM `ht_activity` WHERE ( `id` = 34 ) LIMIT 1   [ RunTime:0.000201s ]
SQL: SELECT `id`,`title`,`star`,`fans_num` FROM `ht_shop` WHERE ( `member_id` = 98 ) LIMIT 1   [ RunTime:0.000193s ]
SQL: SELECT * FROM `ht_shop_fans` WHERE ( `shop_id` = 81 ) AND ( `member_id` = 66 ) LIMIT 1   [ RunTime:0.000284s ]
SQL: SELECT `img1`,`img2`,`img3`,`img4`,`img5`,`img6`,`content` FROM `ht_call` WHERE ( `id` = 60 ) LIMIT 1   [ RunTime:0.000301s ]
SQL: SELECT `id`,`title`,`star`,`fans_num` FROM `ht_shop` WHERE ( `member_id` = 49 ) LIMIT 1   [ RunTime:0.000284s ]
SQL: SELECT * FROM `ht_shop_fans` WHERE ( `shop_id` = 62 ) AND ( `member_id` = 66 ) LIMIT 1   [ RunTime:0.000295s ]
SQL: SELECT `img1`,`img2`,`img3`,`img4`,`img5`,`img6`,title as content FROM `ht_new_product` WHERE ( `id` = 46 ) LIMIT 1   [ RunTime:0.000302s ]
SQL: SELECT `id`,`title`,`star`,`fans_num` FROM `ht_shop` WHERE ( `member_id` = 49 ) LIMIT 1   [ RunTime:0.000234s ]
SQL: SELECT * FROM `ht_shop_fans` WHERE ( `shop_id` = 62 ) AND ( `member_id` = 66 ) LIMIT 1   [ RunTime:0.000307s ]
SQL: SELECT `img1`,`img2`,`img3`,`img4`,`img5`,`img6`,`content` FROM `ht_coupon` WHERE ( `id` = 90 ) LIMIT 1   [ RunTime:0.000296s ]
SQL: SELECT `id`,`title`,`star`,`fans_num` FROM `ht_shop` WHERE ( `member_id` = 40 ) LIMIT 1   [ RunTime:0.000314s ]
SQL: SELECT * FROM `ht_shop_fans` WHERE ( `shop_id` = 53 ) AND ( `member_id` = 66 ) LIMIT 1   [ RunTime:0.000281s ]
SQL: SELECT `img1`,`img2`,`img3`,`img4`,`img5`,`img6`,`content` FROM `ht_coupon` WHERE ( `id` = 89 ) LIMIT 1   [ RunTime:0.000291s ]
SQL: SELECT `id`,`title`,`star`,`fans_num` FROM `ht_shop` WHERE ( `member_id` = 40 ) LIMIT 1   [ RunTime:0.000300s ]
SQL: SELECT * FROM `ht_shop_fans` WHERE ( `shop_id` = 53 ) AND ( `member_id` = 66 ) LIMIT 1   [ RunTime:0.000296s ]
SQL: SELECT `img1`,`img2`,`img3`,`img4`,`img5`,`img6`,`content` FROM `ht_activity` WHERE ( `id` = 32 ) LIMIT 1   [ RunTime:0.000292s ]
SQL: SELECT `id`,`title`,`star`,`fans_num` FROM `ht_shop` WHERE ( `member_id` = 52 ) LIMIT 1   [ RunTime:0.000281s ]
SQL: SELECT * FROM `ht_shop_fans` WHERE ( `shop_id` = 78 ) AND ( `member_id` = 66 ) LIMIT 1   [ RunTime:0.000281s ]
SQL: SHOW COLUMNS FROM `ht_card` [ RunTime:0.001437s ]
SQL: SELECT `img1`,`img2`,`img3`,`img4`,`img5`,`img6`,`content` FROM `ht_card` WHERE ( `id` = 16 ) LIMIT 1   [ RunTime:0.000220s ]
SQL: SELECT `id`,`title`,`star`,`fans_num` FROM `ht_shop` WHERE ( `member_id` = 52 ) LIMIT 1   [ RunTime:0.000274s ]
SQL: SELECT * FROM `ht_shop_fans` WHERE ( `shop_id` = 78 ) AND ( `member_id` = 66 ) LIMIT 1   [ RunTime:0.000266s ]
SQL: SELECT `img1`,`img2`,`img3`,`img4`,`img5`,`img6`,`content` FROM `ht_coupon` WHERE ( `id` = 84 ) LIMIT 1   [ RunTime:0.000243s ]
SQL: SELECT `id`,`title`,`star`,`fans_num` FROM `ht_shop` WHERE ( `member_id` = 52 ) LIMIT 1   [ RunTime:0.000191s ]
SQL: SELECT * FROM `ht_shop_fans` WHERE ( `shop_id` = 78 ) AND ( `member_id` = 66 ) LIMIT 1   [ RunTime:0.000231s ]
SQL: SELECT `img1`,`img2`,`img3`,`img4`,`img5`,`img6`,title as content FROM `ht_new_product` WHERE ( `id` = 43 ) LIMIT 1   [ RunTime:0.000281s ]
SQL: SELECT `id`,`title`,`star`,`fans_num` FROM `ht_shop` WHERE ( `member_id` = 52 ) LIMIT 1   [ RunTime:0.000259s ]
SQL: SELECT * FROM `ht_shop_fans` WHERE ( `shop_id` = 78 ) AND ( `member_id` = 66 ) LIMIT 1   [ RunTime:0.000285s ]
SQL: SELECT `img1`,`img2`,`img3`,`img4`,`img5`,`img6`,`content` FROM `ht_coupon` WHERE ( `id` = 83 ) LIMIT 1   [ RunTime:0.000213s ]
SQL: SELECT `id`,`title`,`star`,`fans_num` FROM `ht_shop` WHERE ( `member_id` = 77 ) LIMIT 1   [ RunTime:0.000236s ]
SQL: SELECT * FROM `ht_shop_fans` WHERE ( `shop_id` = 68 ) AND ( `member_id` = 66 ) LIMIT 1   [ RunTime:0.000267s ]
SQL: SELECT `img1`,`img2`,`img3`,`img4`,`img5`,`img6`,`content` FROM `ht_coupon` WHERE ( `id` = 77 ) LIMIT 1   [ RunTime:0.000275s ]
SQL: SELECT `id`,`title`,`star`,`fans_num` FROM `ht_shop` WHERE ( `member_id` = 77 ) LIMIT 1   [ RunTime:0.000308s ]
SQL: SELECT * FROM `ht_shop_fans` WHERE ( `shop_id` = 68 ) AND ( `member_id` = 66 ) LIMIT 1   [ RunTime:0.000284s ]
SQL: SELECT `img1`,`img2`,`img3`,`img4`,`img5`,`img6`,`content` FROM `ht_coupon` WHERE ( `id` = 73 ) LIMIT 1   [ RunTime:0.000205s ]
SQL: SELECT `id`,`title`,`star`,`fans_num` FROM `ht_shop` WHERE ( `member_id` = 6 ) LIMIT 1   [ RunTime:0.000209s ]
SQL: SELECT * FROM `ht_shop_fans` WHERE ( `shop_id` = 6 ) AND ( `member_id` = 66 ) LIMIT 1   [ RunTime:0.000193s ]
SQL: SELECT `img1`,`img2`,`img3`,`img4`,`img5`,`img6`,title as content FROM `ht_new_product` WHERE ( `id` = 38 ) LIMIT 1   [ RunTime:0.000225s ]
SQL: SELECT `id`,`title`,`star`,`fans_num` FROM `ht_shop` WHERE ( `member_id` = 81 ) LIMIT 1   [ RunTime:0.000193s ]
SQL: SELECT * FROM `ht_shop_fans` WHERE ( `shop_id` = 72 ) AND ( `member_id` = 66 ) LIMIT 1   [ RunTime:0.000206s ]

[ 2015-09-13T11:23:46+08:00 ] 172.16.100.11 /?c=Api&a=getAreaList&partent=ht&key=ht
INFO: [ app_init ] --START--
INFO: Run Behavior\BuildLiteBehavior [ RunTime:0.000023s ]
INFO: [ app_init ] --END-- [ RunTime:0.000460s ]
INFO: [ app_begin ] --START--
INFO: Run Behavior\ReadHtmlCacheBehavior [ RunTime:0.000571s ]
INFO: [ app_begin ] --END-- [ RunTime:0.000670s ]
SQL: SHOW COLUMNS FROM `ht_area` [ RunTime:0.000915s ]
SQL: SELECT `id`,`title` FROM `ht_area` WHERE ( c_id=13 )  [ RunTime:0.000283s ]

[ 2015-09-13T11:23:54+08:00 ] 172.16.100.11 /?c=Api&a=getUserBase&partent=ht&key=ht
INFO: [ app_init ] --START--
INFO: Run Behavior\BuildLiteBehavior [ RunTime:0.000023s ]
INFO: [ app_init ] --END-- [ RunTime:0.000457s ]
INFO: [ app_begin ] --START--
INFO: Run Behavior\ReadHtmlCacheBehavior [ RunTime:0.000575s ]
INFO: [ app_begin ] --END-- [ RunTime:0.000675s ]
SQL: SHOW COLUMNS FROM `ht_member` [ RunTime:0.001134s ]
SQL: SELECT * FROM `ht_member` WHERE ( `id` = 66 ) LIMIT 1   [ RunTime:0.000295s ]
SQL: SHOW COLUMNS FROM `ht_personal` [ RunTime:0.001017s ]
SQL: SELECT * FROM `ht_personal` WHERE ( `member_id` = 66 ) LIMIT 1   [ RunTime:0.000270s ]

[ 2015-09-13T11:26:01+08:00 ] 172.16.100.11 /?c=Api&a=getHomeTypeList&partent=ht&key=ht&city_id=13
INFO: [ app_init ] --START--
INFO: Run Behavior\BuildLiteBehavior [ RunTime:0.000022s ]
INFO: [ app_init ] --END-- [ RunTime:0.000461s ]
INFO: [ app_begin ] --START--
INFO: Run Behavior\ReadHtmlCacheBehavior [ RunTime:0.000572s ]
INFO: [ app_begin ] --END-- [ RunTime:0.000671s ]
SQL: SHOW COLUMNS FROM `ht_home_class` [ RunTime:0.001154s ]
SQL: SELECT * FROM `ht_home_class` WHERE ( `city_id` = 13 ) AND ( `is_hidden` = 0 ) ORDER BY order_num asc,id desc  [ RunTime:0.000247s ]

[ 2015-09-13T11:26:01+08:00 ] 172.16.100.11 /?c=Api&a=getHomeCallList&partent=ht&key=ht&city_id=12&member_id=66&time=1442114759560
INFO: [ app_init ] --START--
INFO: Run Behavior\BuildLiteBehavior [ RunTime:0.000022s ]
INFO: [ app_init ] --END-- [ RunTime:0.000467s ]
INFO: [ app_begin ] --START--
INFO: Run Behavior\ReadHtmlCacheBehavior [ RunTime:0.000598s ]
INFO: [ app_begin ] --END-- [ RunTime:0.000693s ]
SQL: SHOW COLUMNS FROM `ht_shop_service` [ RunTime:0.001502s ]
SQL: SELECT * FROM `ht_shop_service` WHERE ( `city_id` = 12 ) ORDER BY id desc LIMIT 0,20   [ RunTime:0.000408s ]
SQL: SHOW COLUMNS FROM `ht_coupon` [ RunTime:0.001721s ]
SQL: SELECT `img1`,`img2`,`img3`,`img4`,`img5`,`img6`,`content` FROM `ht_coupon` WHERE ( `id` = 94 ) LIMIT 1   [ RunTime:0.000319s ]
SQL: SHOW COLUMNS FROM `ht_shop` [ RunTime:0.002406s ]
SQL: SELECT `id`,`title`,`star`,`fans_num` FROM `ht_shop` WHERE ( `member_id` = 98 ) LIMIT 1   [ RunTime:0.000309s ]
SQL: SHOW COLUMNS FROM `ht_shop_fans` [ RunTime:0.000952s ]
SQL: SELECT * FROM `ht_shop_fans` WHERE ( `shop_id` = 81 ) AND ( `member_id` = 66 ) LIMIT 1   [ RunTime:0.000295s ]
SQL: SHOW COLUMNS FROM `ht_activity` [ RunTime:0.001524s ]
SQL: SELECT `img1`,`img2`,`img3`,`img4`,`img5`,`img6`,`content` FROM `ht_activity` WHERE ( `id` = 35 ) LIMIT 1   [ RunTime:0.000231s ]
SQL: SELECT `id`,`title`,`star`,`fans_num` FROM `ht_shop` WHERE ( `member_id` = 98 ) LIMIT 1   [ RunTime:0.000283s ]
SQL: SELECT * FROM `ht_shop_fans` WHERE ( `shop_id` = 81 ) AND ( `member_id` = 66 ) LIMIT 1   [ RunTime:0.000319s ]
SQL: SELECT `img1`,`img2`,`img3`,`img4`,`img5`,`img6`,`content` FROM `ht_activity` WHERE ( `id` = 35 ) LIMIT 1   [ RunTime:0.000251s ]
SQL: SELECT `id`,`title`,`star`,`fans_num` FROM `ht_shop` WHERE ( `member_id` = 98 ) LIMIT 1   [ RunTime:0.000283s ]
SQL: SELECT * FROM `ht_shop_fans` WHERE ( `shop_id` = 81 ) AND ( `member_id` = 66 ) LIMIT 1   [ RunTime:0.000200s ]
SQL: SHOW COLUMNS FROM `ht_new_product` [ RunTime:0.001322s ]
SQL: SELECT `img1`,`img2`,`img3`,`img4`,`img5`,`img6`,title as content FROM `ht_new_product` WHERE ( `id` = 47 ) LIMIT 1   [ RunTime:0.000295s ]
SQL: SELECT `id`,`title`,`star`,`fans_num` FROM `ht_shop` WHERE ( `member_id` = 98 ) LIMIT 1   [ RunTime:0.000247s ]
SQL: SELECT * FROM `ht_shop_fans` WHERE ( `shop_id` = 81 ) AND ( `member_id` = 66 ) LIMIT 1   [ RunTime:0.000290s ]
SQL: SELECT `img1`,`img2`,`img3`,`img4`,`img5`,`img6`,`content` FROM `ht_coupon` WHERE ( `id` = 92 ) LIMIT 1   [ RunTime:0.000238s ]
SQL: SELECT `id`,`title`,`star`,`fans_num` FROM `ht_shop` WHERE ( `member_id` = 98 ) LIMIT 1   [ RunTime:0.000244s ]
SQL: SELECT * FROM `ht_shop_fans` WHERE ( `shop_id` = 81 ) AND ( `member_id` = 66 ) LIMIT 1   [ RunTime:0.000282s ]
SQL: SHOW COLUMNS FROM `ht_call` [ RunTime:0.001393s ]
SQL: SELECT `img1`,`img2`,`img3`,`img4`,`img5`,`img6`,`content` FROM `ht_call` WHERE ( `id` = 62 ) LIMIT 1   [ RunTime:0.000290s ]
SQL: SELECT `id`,`title`,`star`,`fans_num` FROM `ht_shop` WHERE ( `member_id` = 55 ) LIMIT 1   [ RunTime:0.000274s ]
SQL: SELECT * FROM `ht_shop_fans` WHERE ( `shop_id` = 80 ) AND ( `member_id` = 66 ) LIMIT 1   [ RunTime:0.000239s ]
SQL: SELECT `img1`,`img2`,`img3`,`img4`,`img5`,`img6`,`content` FROM `ht_coupon` WHERE ( `id` = 91 ) LIMIT 1   [ RunTime:0.000275s ]
SQL: SELECT `id`,`title`,`star`,`fans_num` FROM `ht_shop` WHERE ( `member_id` = 98 ) LIMIT 1   [ RunTime:0.000220s ]
SQL: SELECT * FROM `ht_shop_fans` WHERE ( `shop_id` = 81 ) AND ( `member_id` = 66 ) LIMIT 1   [ RunTime:0.000285s ]
SQL: SELECT `img1`,`img2`,`img3`,`img4`,`img5`,`img6`,`content` FROM `ht_activity` WHERE ( `id` = 34 ) LIMIT 1   [ RunTime:0.000207s ]
SQL: SELECT `id`,`title`,`star`,`fans_num` FROM `ht_shop` WHERE ( `member_id` = 98 ) LIMIT 1   [ RunTime:0.000233s ]
SQL: SELECT * FROM `ht_shop_fans` WHERE ( `shop_id` = 81 ) AND ( `member_id` = 66 ) LIMIT 1   [ RunTime:0.000303s ]
SQL: SELECT `img1`,`img2`,`img3`,`img4`,`img5`,`img6`,`content` FROM `ht_call` WHERE ( `id` = 60 ) LIMIT 1   [ RunTime:0.000243s ]
SQL: SELECT `id`,`title`,`star`,`fans_num` FROM `ht_shop` WHERE ( `member_id` = 49 ) LIMIT 1   [ RunTime:0.000263s ]
SQL: SELECT * FROM `ht_shop_fans` WHERE ( `shop_id` = 62 ) AND ( `member_id` = 66 ) LIMIT 1   [ RunTime:0.000242s ]
SQL: SELECT `img1`,`img2`,`img3`,`img4`,`img5`,`img6`,title as content FROM `ht_new_product` WHERE ( `id` = 46 ) LIMIT 1   [ RunTime:0.000306s ]
SQL: SELECT `id`,`title`,`star`,`fans_num` FROM `ht_shop` WHERE ( `member_id` = 49 ) LIMIT 1   [ RunTime:0.000279s ]
SQL: SELECT * FROM `ht_shop_fans` WHERE ( `shop_id` = 62 ) AND ( `member_id` = 66 ) LIMIT 1   [ RunTime:0.000282s ]
SQL: SELECT `img1`,`img2`,`img3`,`img4`,`img5`,`img6`,`content` FROM `ht_coupon` WHERE ( `id` = 90 ) LIMIT 1   [ RunTime:0.000294s ]
SQL: SELECT `id`,`title`,`star`,`fans_num` FROM `ht_shop` WHERE ( `member_id` = 40 ) LIMIT 1   [ RunTime:0.000337s ]
SQL: SELECT * FROM `ht_shop_fans` WHERE ( `shop_id` = 53 ) AND ( `member_id` = 66 ) LIMIT 1   [ RunTime:0.000297s ]
SQL: SELECT `img1`,`img2`,`img3`,`img4`,`img5`,`img6`,`content` FROM `ht_coupon` WHERE ( `id` = 89 ) LIMIT 1   [ RunTime:0.000250s ]
SQL: SELECT `id`,`title`,`star`,`fans_num` FROM `ht_shop` WHERE ( `member_id` = 40 ) LIMIT 1   [ RunTime:0.000191s ]
SQL: SELECT * FROM `ht_shop_fans` WHERE ( `shop_id` = 53 ) AND ( `member_id` = 66 ) LIMIT 1   [ RunTime:0.000192s ]
SQL: SELECT `img1`,`img2`,`img3`,`img4`,`img5`,`img6`,`content` FROM `ht_activity` WHERE ( `id` = 32 ) LIMIT 1   [ RunTime:0.000205s ]
SQL: SELECT `id`,`title`,`star`,`fans_num` FROM `ht_shop` WHERE ( `member_id` = 52 ) LIMIT 1   [ RunTime:0.000191s ]
SQL: SELECT * FROM `ht_shop_fans` WHERE ( `shop_id` = 78 ) AND ( `member_id` = 66 ) LIMIT 1   [ RunTime:0.000193s ]
SQL: SHOW COLUMNS FROM `ht_card` [ RunTime:0.001469s ]
SQL: SELECT `img1`,`img2`,`img3`,`img4`,`img5`,`img6`,`content` FROM `ht_card` WHERE ( `id` = 16 ) LIMIT 1   [ RunTime:0.000216s ]
SQL: SELECT `id`,`title`,`star`,`fans_num` FROM `ht_shop` WHERE ( `member_id` = 52 ) LIMIT 1   [ RunTime:0.000230s ]
SQL: SELECT * FROM `ht_shop_fans` WHERE ( `shop_id` = 78 ) AND ( `member_id` = 66 ) LIMIT 1   [ RunTime:0.000280s ]
SQL: SELECT `img1`,`img2`,`img3`,`img4`,`img5`,`img6`,`content` FROM `ht_coupon` WHERE ( `id` = 84 ) LIMIT 1   [ RunTime:0.000246s ]
SQL: SELECT `id`,`title`,`star`,`fans_num` FROM `ht_shop` WHERE ( `member_id` = 52 ) LIMIT 1   [ RunTime:0.000284s ]
SQL: SELECT * FROM `ht_shop_fans` WHERE ( `shop_id` = 78 ) AND ( `member_id` = 66 ) LIMIT 1   [ RunTime:0.000195s ]
SQL: SELECT `img1`,`img2`,`img3`,`img4`,`img5`,`img6`,title as content FROM `ht_new_product` WHERE ( `id` = 43 ) LIMIT 1   [ RunTime:0.000293s ]
SQL: SELECT `id`,`title`,`star`,`fans_num` FROM `ht_shop` WHERE ( `member_id` = 52 ) LIMIT 1   [ RunTime:0.000193s ]
SQL: SELECT * FROM `ht_shop_fans` WHERE ( `shop_id` = 78 ) AND ( `member_id` = 66 ) LIMIT 1   [ RunTime:0.000250s ]
SQL: SELECT `img1`,`img2`,`img3`,`img4`,`img5`,`img6`,`content` FROM `ht_coupon` WHERE ( `id` = 83 ) LIMIT 1   [ RunTime:0.000308s ]
SQL: SELECT `id`,`title`,`star`,`fans_num` FROM `ht_shop` WHERE ( `member_id` = 77 ) LIMIT 1   [ RunTime:0.000239s ]
SQL: SELECT * FROM `ht_shop_fans` WHERE ( `shop_id` = 68 ) AND ( `member_id` = 66 ) LIMIT 1   [ RunTime:0.000278s ]
SQL: SELECT `img1`,`img2`,`img3`,`img4`,`img5`,`img6`,`content` FROM `ht_coupon` WHERE ( `id` = 77 ) LIMIT 1   [ RunTime:0.000305s ]
SQL: SELECT `id`,`title`,`star`,`fans_num` FROM `ht_shop` WHERE ( `member_id` = 77 ) LIMIT 1   [ RunTime:0.000299s ]
SQL: SELECT * FROM `ht_shop_fans` WHERE ( `shop_id` = 68 ) AND ( `member_id` = 66 ) LIMIT 1   [ RunTime:0.000310s ]
SQL: SELECT `img1`,`img2`,`img3`,`img4`,`img5`,`img6`,`content` FROM `ht_coupon` WHERE ( `id` = 73 ) LIMIT 1   [ RunTime:0.000286s ]
SQL: SELECT `id`,`title`,`star`,`fans_num` FROM `ht_shop` WHERE ( `member_id` = 6 ) LIMIT 1   [ RunTime:0.000282s ]
SQL: SELECT * FROM `ht_shop_fans` WHERE ( `shop_id` = 6 ) AND ( `member_id` = 66 ) LIMIT 1   [ RunTime:0.000303s ]
SQL: SELECT `img1`,`img2`,`img3`,`img4`,`img5`,`img6`,title as content FROM `ht_new_product` WHERE ( `id` = 38 ) LIMIT 1   [ RunTime:0.000305s ]
SQL: SELECT `id`,`title`,`star`,`fans_num` FROM `ht_shop` WHERE ( `member_id` = 81 ) LIMIT 1   [ RunTime:0.000299s ]
SQL: SELECT * FROM `ht_shop_fans` WHERE ( `shop_id` = 72 ) AND ( `member_id` = 66 ) LIMIT 1   [ RunTime:0.000252s ]

[ 2015-09-13T12:12:25+08:00 ] 172.16.100.11 /?c=Api&a=getHomeCallList&partent=ht&key=ht&city_id=12&member_id=&time=1442117545230
INFO: [ app_init ] --START--
INFO: Run Behavior\BuildLiteBehavior [ RunTime:0.000023s ]
INFO: [ app_init ] --END-- [ RunTime:0.000474s ]
INFO: [ app_begin ] --START--
INFO: Run Behavior\ReadHtmlCacheBehavior [ RunTime:0.000584s ]
INFO: [ app_begin ] --END-- [ RunTime:0.000680s ]
SQL: SHOW COLUMNS FROM `ht_shop_service` [ RunTime:0.001566s ]
SQL: SELECT * FROM `ht_shop_service` WHERE ( `city_id` = 12 ) ORDER BY id desc LIMIT 0,20   [ RunTime:0.000386s ]
SQL: SHOW COLUMNS FROM `ht_coupon` [ RunTime:0.001667s ]
SQL: SELECT `img1`,`img2`,`img3`,`img4`,`img5`,`img6`,`content` FROM `ht_coupon` WHERE ( `id` = 94 ) LIMIT 1   [ RunTime:0.000301s ]
SQL: SHOW COLUMNS FROM `ht_shop` [ RunTime:0.002409s ]
SQL: SELECT `id`,`title`,`star`,`fans_num` FROM `ht_shop` WHERE ( `member_id` = 98 ) LIMIT 1   [ RunTime:0.000287s ]
SQL: SHOW COLUMNS FROM `ht_shop_fans` [ RunTime:0.001012s ]
SQL: SELECT * FROM `ht_shop_fans` WHERE ( `shop_id` = 81 ) AND ( `member_id` = 0 ) LIMIT 1   [ RunTime:0.000599s ]
SQL: SHOW COLUMNS FROM `ht_activity` [ RunTime:0.001538s ]
SQL: SELECT `img1`,`img2`,`img3`,`img4`,`img5`,`img6`,`content` FROM `ht_activity` WHERE ( `id` = 35 ) LIMIT 1   [ RunTime:0.000264s ]
SQL: SELECT `id`,`title`,`star`,`fans_num` FROM `ht_shop` WHERE ( `member_id` = 98 ) LIMIT 1   [ RunTime:0.000268s ]
SQL: SELECT * FROM `ht_shop_fans` WHERE ( `shop_id` = 81 ) AND ( `member_id` = 0 ) LIMIT 1   [ RunTime:0.000203s ]
SQL: SELECT `img1`,`img2`,`img3`,`img4`,`img5`,`img6`,`content` FROM `ht_activity` WHERE ( `id` = 35 ) LIMIT 1   [ RunTime:0.000250s ]
SQL: SELECT `id`,`title`,`star`,`fans_num` FROM `ht_shop` WHERE ( `member_id` = 98 ) LIMIT 1   [ RunTime:0.000283s ]
SQL: SELECT * FROM `ht_shop_fans` WHERE ( `shop_id` = 81 ) AND ( `member_id` = 0 ) LIMIT 1   [ RunTime:0.000238s ]
SQL: SHOW COLUMNS FROM `ht_new_product` [ RunTime:0.001321s ]
SQL: SELECT `img1`,`img2`,`img3`,`img4`,`img5`,`img6`,title as content FROM `ht_new_product` WHERE ( `id` = 47 ) LIMIT 1   [ RunTime:0.000226s ]
SQL: SELECT `id`,`title`,`star`,`fans_num` FROM `ht_shop` WHERE ( `member_id` = 98 ) LIMIT 1   [ RunTime:0.000233s ]
SQL: SELECT * FROM `ht_shop_fans` WHERE ( `shop_id` = 81 ) AND ( `member_id` = 0 ) LIMIT 1   [ RunTime:0.000192s ]
SQL: SELECT `img1`,`img2`,`img3`,`img4`,`img5`,`img6`,`content` FROM `ht_coupon` WHERE ( `id` = 92 ) LIMIT 1   [ RunTime:0.000244s ]
SQL: SELECT `id`,`title`,`star`,`fans_num` FROM `ht_shop` WHERE ( `member_id` = 98 ) LIMIT 1   [ RunTime:0.000208s ]
SQL: SELECT * FROM `ht_shop_fans` WHERE ( `shop_id` = 81 ) AND ( `member_id` = 0 ) LIMIT 1   [ RunTime:0.000237s ]
SQL: SHOW COLUMNS FROM `ht_call` [ RunTime:0.001268s ]
SQL: SELECT `img1`,`img2`,`img3`,`img4`,`img5`,`img6`,`content` FROM `ht_call` WHERE ( `id` = 62 ) LIMIT 1   [ RunTime:0.000218s ]
SQL: SELECT `id`,`title`,`star`,`fans_num` FROM `ht_shop` WHERE ( `member_id` = 55 ) LIMIT 1   [ RunTime:0.000191s ]
SQL: SELECT * FROM `ht_shop_fans` WHERE ( `shop_id` = 80 ) AND ( `member_id` = 0 ) LIMIT 1   [ RunTime:0.000446s ]
SQL: SELECT `img1`,`img2`,`img3`,`img4`,`img5`,`img6`,`content` FROM `ht_coupon` WHERE ( `id` = 91 ) LIMIT 1   [ RunTime:0.000238s ]
SQL: SELECT `id`,`title`,`star`,`fans_num` FROM `ht_shop` WHERE ( `member_id` = 98 ) LIMIT 1   [ RunTime:0.000286s ]
SQL: SELECT * FROM `ht_shop_fans` WHERE ( `shop_id` = 81 ) AND ( `member_id` = 0 ) LIMIT 1   [ RunTime:0.000201s ]
SQL: SELECT `img1`,`img2`,`img3`,`img4`,`img5`,`img6`,`content` FROM `ht_activity` WHERE ( `id` = 34 ) LIMIT 1   [ RunTime:0.000289s ]
SQL: SELECT `id`,`title`,`star`,`fans_num` FROM `ht_shop` WHERE ( `member_id` = 98 ) LIMIT 1   [ RunTime:0.000190s ]
SQL: SELECT * FROM `ht_shop_fans` WHERE ( `shop_id` = 81 ) AND ( `member_id` = 0 ) LIMIT 1   [ RunTime:0.000229s ]
SQL: SELECT `img1`,`img2`,`img3`,`img4`,`img5`,`img6`,`content` FROM `ht_call` WHERE ( `id` = 60 ) LIMIT 1   [ RunTime:0.000201s ]
SQL: SELECT `id`,`title`,`star`,`fans_num` FROM `ht_shop` WHERE ( `member_id` = 49 ) LIMIT 1   [ RunTime:0.000237s ]
SQL: SELECT * FROM `ht_shop_fans` WHERE ( `shop_id` = 62 ) AND ( `member_id` = 0 ) LIMIT 1   [ RunTime:0.000450s ]
SQL: SELECT `img1`,`img2`,`img3`,`img4`,`img5`,`img6`,title as content FROM `ht_new_product` WHERE ( `id` = 46 ) LIMIT 1   [ RunTime:0.000299s ]
SQL: SELECT `id`,`title`,`star`,`fans_num` FROM `ht_shop` WHERE ( `member_id` = 49 ) LIMIT 1   [ RunTime:0.000289s ]
SQL: SELECT * FROM `ht_shop_fans` WHERE ( `shop_id` = 62 ) AND ( `member_id` = 0 ) LIMIT 1   [ RunTime:0.000282s ]
SQL: SELECT `img1`,`img2`,`img3`,`img4`,`img5`,`img6`,`content` FROM `ht_coupon` WHERE ( `id` = 90 ) LIMIT 1   [ RunTime:0.000314s ]
SQL: SELECT `id`,`title`,`star`,`fans_num` FROM `ht_shop` WHERE ( `member_id` = 40 ) LIMIT 1   [ RunTime:0.000303s ]
SQL: SELECT * FROM `ht_shop_fans` WHERE ( `shop_id` = 53 ) AND ( `member_id` = 0 ) LIMIT 1   [ RunTime:0.000561s ]
SQL: SELECT `img1`,`img2`,`img3`,`img4`,`img5`,`img6`,`content` FROM `ht_coupon` WHERE ( `id` = 89 ) LIMIT 1   [ RunTime:0.000293s ]
SQL: SELECT `id`,`title`,`star`,`fans_num` FROM `ht_shop` WHERE ( `member_id` = 40 ) LIMIT 1   [ RunTime:0.000294s ]
SQL: SELECT * FROM `ht_shop_fans` WHERE ( `shop_id` = 53 ) AND ( `member_id` = 0 ) LIMIT 1   [ RunTime:0.000276s ]
SQL: SELECT `img1`,`img2`,`img3`,`img4`,`img5`,`img6`,`content` FROM `ht_activity` WHERE ( `id` = 32 ) LIMIT 1   [ RunTime:0.000297s ]
SQL: SELECT `id`,`title`,`star`,`fans_num` FROM `ht_shop` WHERE ( `member_id` = 52 ) LIMIT 1   [ RunTime:0.000283s ]
SQL: SELECT * FROM `ht_shop_fans` WHERE ( `shop_id` = 78 ) AND ( `member_id` = 0 ) LIMIT 1   [ RunTime:0.000572s ]
SQL: SHOW COLUMNS FROM `ht_card` [ RunTime:0.001536s ]
SQL: SELECT `img1`,`img2`,`img3`,`img4`,`img5`,`img6`,`content` FROM `ht_card` WHERE ( `id` = 16 ) LIMIT 1   [ RunTime:0.000278s ]
SQL: SELECT `id`,`title`,`star`,`fans_num` FROM `ht_shop` WHERE ( `member_id` = 52 ) LIMIT 1   [ RunTime:0.000195s ]
SQL: SELECT * FROM `ht_shop_fans` WHERE ( `shop_id` = 78 ) AND ( `member_id` = 0 ) LIMIT 1   [ RunTime:0.000244s ]
SQL: SELECT `img1`,`img2`,`img3`,`img4`,`img5`,`img6`,`content` FROM `ht_coupon` WHERE ( `id` = 84 ) LIMIT 1   [ RunTime:0.000197s ]
SQL: SELECT `id`,`title`,`star`,`fans_num` FROM `ht_shop` WHERE ( `member_id` = 52 ) LIMIT 1   [ RunTime:0.000228s ]
SQL: SELECT * FROM `ht_shop_fans` WHERE ( `shop_id` = 78 ) AND ( `member_id` = 0 ) LIMIT 1   [ RunTime:0.000194s ]
SQL: SELECT `img1`,`img2`,`img3`,`img4`,`img5`,`img6`,title as content FROM `ht_new_product` WHERE ( `id` = 43 ) LIMIT 1   [ RunTime:0.000241s ]
SQL: SELECT `id`,`title`,`star`,`fans_num` FROM `ht_shop` WHERE ( `member_id` = 52 ) LIMIT 1   [ RunTime:0.000264s ]
SQL: SELECT * FROM `ht_shop_fans` WHERE ( `shop_id` = 78 ) AND ( `member_id` = 0 ) LIMIT 1   [ RunTime:0.000269s ]
SQL: SELECT `img1`,`img2`,`img3`,`img4`,`img5`,`img6`,`content` FROM `ht_coupon` WHERE ( `id` = 83 ) LIMIT 1   [ RunTime:0.000296s ]
SQL: SELECT `id`,`title`,`star`,`fans_num` FROM `ht_shop` WHERE ( `member_id` = 77 ) LIMIT 1   [ RunTime:0.000199s ]
SQL: SELECT * FROM `ht_shop_fans` WHERE ( `shop_id` = 68 ) AND ( `member_id` = 0 ) LIMIT 1   [ RunTime:0.000515s ]
SQL: SELECT `img1`,`img2`,`img3`,`img4`,`img5`,`img6`,`content` FROM `ht_coupon` WHERE ( `id` = 77 ) LIMIT 1   [ RunTime:0.000288s ]
SQL: SELECT `id`,`title`,`star`,`fans_num` FROM `ht_shop` WHERE ( `member_id` = 77 ) LIMIT 1   [ RunTime:0.000282s ]
SQL: SELECT * FROM `ht_shop_fans` WHERE ( `shop_id` = 68 ) AND ( `member_id` = 0 ) LIMIT 1   [ RunTime:0.000282s ]
SQL: SELECT `img1`,`img2`,`img3`,`img4`,`img5`,`img6`,`content` FROM `ht_coupon` WHERE ( `id` = 73 ) LIMIT 1   [ RunTime:0.000294s ]
SQL: SELECT `id`,`title`,`star`,`fans_num` FROM `ht_shop` WHERE ( `member_id` = 6 ) LIMIT 1   [ RunTime:0.000297s ]
SQL: SELECT * FROM `ht_shop_fans` WHERE ( `shop_id` = 6 ) AND ( `member_id` = 0 ) LIMIT 1   [ RunTime:0.000575s ]
SQL: SELECT `img1`,`img2`,`img3`,`img4`,`img5`,`img6`,title as content FROM `ht_new_product` WHERE ( `id` = 38 ) LIMIT 1   [ RunTime:0.000267s ]
SQL: SELECT `id`,`title`,`star`,`fans_num` FROM `ht_shop` WHERE ( `member_id` = 81 ) LIMIT 1   [ RunTime:0.000234s ]
SQL: SELECT * FROM `ht_shop_fans` WHERE ( `shop_id` = 72 ) AND ( `member_id` = 0 ) LIMIT 1   [ RunTime:0.000488s ]

[ 2015-09-13T12:12:28+08:00 ] 172.16.100.11 /?c=Api&a=getAreaList&partent=ht&key=ht
INFO: [ app_init ] --START--
INFO: Run Behavior\BuildLiteBehavior [ RunTime:0.000023s ]
INFO: [ app_init ] --END-- [ RunTime:0.000457s ]
INFO: [ app_begin ] --START--
INFO: Run Behavior\ReadHtmlCacheBehavior [ RunTime:0.000560s ]
INFO: [ app_begin ] --END-- [ RunTime:0.000659s ]
SQL: SHOW COLUMNS FROM `ht_area` [ RunTime:0.000883s ]
SQL: SELECT `id`,`title` FROM `ht_area` WHERE ( c_id=12 )  [ RunTime:0.000215s ]

[ 2015-09-13T12:12:29+08:00 ] 172.16.100.11 /?c=Api&a=getAreaList&partent=ht&key=ht
INFO: [ app_init ] --START--
INFO: Run Behavior\BuildLiteBehavior [ RunTime:0.000022s ]
INFO: [ app_init ] --END-- [ RunTime:0.000452s ]
INFO: [ app_begin ] --START--
INFO: Run Behavior\ReadHtmlCacheBehavior [ RunTime:0.000566s ]
INFO: [ app_begin ] --END-- [ RunTime:0.000676s ]
SQL: SHOW COLUMNS FROM `ht_area` [ RunTime:0.000857s ]
SQL: SELECT `id`,`title` FROM `ht_area` WHERE ( c_id=12 )  [ RunTime:0.000213s ]

[ 2015-09-13T12:13:15+08:00 ] 172.16.100.11 /?c=Api&a=register_sms&partent=ht&key=ht
INFO: [ app_init ] --START--
INFO: Run Behavior\BuildLiteBehavior [ RunTime:0.000023s ]
INFO: [ app_init ] --END-- [ RunTime:0.000458s ]
INFO: [ app_begin ] --START--
INFO: Run Behavior\ReadHtmlCacheBehavior [ RunTime:0.000566s ]
INFO: [ app_begin ] --END-- [ RunTime:0.000664s ]
SQL: SHOW COLUMNS FROM `ht_member` [ RunTime:0.001325s ]
SQL: SELECT * FROM `ht_member` WHERE ( `login_user` = '13810074572' ) LIMIT 1   [ RunTime:0.000536s ]

[ 2015-09-13T12:13:29+08:00 ] 172.16.100.11 /?c=Api&a=login&partent=ht&key=ht
INFO: [ app_init ] --START--
INFO: Run Behavior\BuildLiteBehavior [ RunTime:0.000024s ]
INFO: [ app_init ] --END-- [ RunTime:0.000485s ]
INFO: [ app_begin ] --START--
INFO: Run Behavior\ReadHtmlCacheBehavior [ RunTime:0.000583s ]
INFO: [ app_begin ] --END-- [ RunTime:0.000681s ]
SQL: SHOW COLUMNS FROM `ht_member` [ RunTime:0.001309s ]
SQL: SELECT * FROM `ht_member` WHERE ( `login_user` = '13810074572' ) LIMIT 1   [ RunTime:0.000238s ]
SQL: UPDATE `ht_member` SET `login_num`=14,`last_login_time`=1442117609 WHERE ( `id` = 48 ) [ RunTime:0.002078s ]

[ 2015-09-13T12:13:29+08:00 ] 172.16.100.11 /?c=Api&a=getShopBase&partent=ht&key=ht
INFO: [ app_init ] --START--
INFO: Run Behavior\BuildLiteBehavior [ RunTime:0.000022s ]
INFO: [ app_init ] --END-- [ RunTime:0.000466s ]
INFO: [ app_begin ] --START--
INFO: Run Behavior\ReadHtmlCacheBehavior [ RunTime:0.000598s ]
INFO: [ app_begin ] --END-- [ RunTime:0.000696s ]
SQL: SHOW COLUMNS FROM `ht_member` [ RunTime:0.001126s ]
SQL: SELECT * FROM `ht_member` WHERE ( `id` = 48 ) LIMIT 1   [ RunTime:0.000231s ]
SQL: SHOW COLUMNS FROM `ht_shop` [ RunTime:0.002200s ]
SQL: SELECT `id`,`title`,`star`,`one_id` FROM `ht_shop` WHERE ( `member_id` = 48 ) LIMIT 1   [ RunTime:0.000299s ]
SQL: SHOW COLUMNS FROM `ht_classify` [ RunTime:0.000951s ]
SQL: SELECT * FROM `ht_classify` WHERE ( `id` = 23 ) LIMIT 1   [ RunTime:0.000303s ]

[ 2015-09-13T12:13:44+08:00 ] 172.16.100.11 /?c=Api&a=getHomeTypeList&partent=ht&key=ht&city_id=12
INFO: [ app_init ] --START--
INFO: Run Behavior\BuildLiteBehavior [ RunTime:0.000023s ]
INFO: [ app_init ] --END-- [ RunTime:0.000464s ]
INFO: [ app_begin ] --START--
INFO: Run Behavior\ReadHtmlCacheBehavior [ RunTime:0.000579s ]
INFO: [ app_begin ] --END-- [ RunTime:0.000676s ]
SQL: SHOW COLUMNS FROM `ht_home_class` [ RunTime:0.001143s ]
SQL: SELECT * FROM `ht_home_class` WHERE ( `city_id` = 12 ) AND ( `is_hidden` = 0 ) ORDER BY order_num asc,id desc  [ RunTime:0.000236s ]

[ 2015-09-13T12:13:44+08:00 ] 172.16.100.11 /?c=Api&a=getHomeCallList&partent=ht&key=ht&city_id=12&member_id=48&time=1442117623886
INFO: [ app_init ] --START--
INFO: Run Behavior\BuildLiteBehavior [ RunTime:0.000022s ]
INFO: [ app_init ] --END-- [ RunTime:0.000471s ]
INFO: [ app_begin ] --START--
INFO: Run Behavior\ReadHtmlCacheBehavior [ RunTime:0.000593s ]
INFO: [ app_begin ] --END-- [ RunTime:0.000687s ]
SQL: SHOW COLUMNS FROM `ht_shop_service` [ RunTime:0.001579s ]
SQL: SELECT * FROM `ht_shop_service` WHERE ( `city_id` = 12 ) ORDER BY id desc LIMIT 0,20   [ RunTime:0.000333s ]
SQL: SHOW COLUMNS FROM `ht_coupon` [ RunTime:0.001635s ]
SQL: SELECT `img1`,`img2`,`img3`,`img4`,`img5`,`img6`,`content` FROM `ht_coupon` WHERE ( `id` = 94 ) LIMIT 1   [ RunTime:0.000257s ]
SQL: SHOW COLUMNS FROM `ht_shop` [ RunTime:0.002441s ]
SQL: SELECT `id`,`title`,`star`,`fans_num` FROM `ht_shop` WHERE ( `member_id` = 98 ) LIMIT 1   [ RunTime:0.000295s ]
SQL: SHOW COLUMNS FROM `ht_shop_fans` [ RunTime:0.000957s ]
SQL: SELECT * FROM `ht_shop_fans` WHERE ( `shop_id` = 81 ) AND ( `member_id` = 48 ) LIMIT 1   [ RunTime:0.000690s ]
SQL: SHOW COLUMNS FROM `ht_activity` [ RunTime:0.001654s ]
SQL: SELECT `img1`,`img2`,`img3`,`img4`,`img5`,`img6`,`content` FROM `ht_activity` WHERE ( `id` = 35 ) LIMIT 1   [ RunTime:0.000320s ]
SQL: SELECT `id`,`title`,`star`,`fans_num` FROM `ht_shop` WHERE ( `member_id` = 98 ) LIMIT 1   [ RunTime:0.000203s ]
SQL: SELECT * FROM `ht_shop_fans` WHERE ( `shop_id` = 81 ) AND ( `member_id` = 48 ) LIMIT 1   [ RunTime:0.000246s ]
SQL: SELECT `img1`,`img2`,`img3`,`img4`,`img5`,`img6`,`content` FROM `ht_activity` WHERE ( `id` = 35 ) LIMIT 1   [ RunTime:0.000213s ]
SQL: SELECT `id`,`title`,`star`,`fans_num` FROM `ht_shop` WHERE ( `member_id` = 98 ) LIMIT 1   [ RunTime:0.000235s ]
SQL: SELECT * FROM `ht_shop_fans` WHERE ( `shop_id` = 81 ) AND ( `member_id` = 48 ) LIMIT 1   [ RunTime:0.000280s ]
SQL: SHOW COLUMNS FROM `ht_new_product` [ RunTime:0.001312s ]
SQL: SELECT `img1`,`img2`,`img3`,`img4`,`img5`,`img6`,title as content FROM `ht_new_product` WHERE ( `id` = 47 ) LIMIT 1   [ RunTime:0.000320s ]
SQL: SELECT `id`,`title`,`star`,`fans_num` FROM `ht_shop` WHERE ( `member_id` = 98 ) LIMIT 1   [ RunTime:0.000194s ]
SQL: SELECT * FROM `ht_shop_fans` WHERE ( `shop_id` = 81 ) AND ( `member_id` = 48 ) LIMIT 1   [ RunTime:0.000236s ]
SQL: SELECT `img1`,`img2`,`img3`,`img4`,`img5`,`img6`,`content` FROM `ht_coupon` WHERE ( `id` = 92 ) LIMIT 1   [ RunTime:0.000314s ]
SQL: SELECT `id`,`title`,`star`,`fans_num` FROM `ht_shop` WHERE ( `member_id` = 98 ) LIMIT 1   [ RunTime:0.000192s ]
SQL: SELECT * FROM `ht_shop_fans` WHERE ( `shop_id` = 81 ) AND ( `member_id` = 48 ) LIMIT 1   [ RunTime:0.000190s ]
SQL: SHOW COLUMNS FROM `ht_call` [ RunTime:0.001366s ]
SQL: SELECT `img1`,`img2`,`img3`,`img4`,`img5`,`img6`,`content` FROM `ht_call` WHERE ( `id` = 62 ) LIMIT 1   [ RunTime:0.000212s ]
SQL: SELECT `id`,`title`,`star`,`fans_num` FROM `ht_shop` WHERE ( `member_id` = 55 ) LIMIT 1   [ RunTime:0.000304s ]
SQL: SELECT * FROM `ht_shop_fans` WHERE ( `shop_id` = 80 ) AND ( `member_id` = 48 ) LIMIT 1   [ RunTime:0.000515s ]
SQL: SELECT `img1`,`img2`,`img3`,`img4`,`img5`,`img6`,`content` FROM `ht_coupon` WHERE ( `id` = 91 ) LIMIT 1   [ RunTime:0.000208s ]
SQL: SELECT `id`,`title`,`star`,`fans_num` FROM `ht_shop` WHERE ( `member_id` = 98 ) LIMIT 1   [ RunTime:0.000189s ]
SQL: SELECT * FROM `ht_shop_fans` WHERE ( `shop_id` = 81 ) AND ( `member_id` = 48 ) LIMIT 1   [ RunTime:0.000259s ]
SQL: SELECT `img1`,`img2`,`img3`,`img4`,`img5`,`img6`,`content` FROM `ht_activity` WHERE ( `id` = 34 ) LIMIT 1   [ RunTime:0.000226s ]
SQL: SELECT `id`,`title`,`star`,`fans_num` FROM `ht_shop` WHERE ( `member_id` = 98 ) LIMIT 1   [ RunTime:0.000266s ]
SQL: SELECT * FROM `ht_shop_fans` WHERE ( `shop_id` = 81 ) AND ( `member_id` = 48 ) LIMIT 1   [ RunTime:0.000293s ]
SQL: SELECT `img1`,`img2`,`img3`,`img4`,`img5`,`img6`,`content` FROM `ht_call` WHERE ( `id` = 60 ) LIMIT 1   [ RunTime:0.000306s ]
SQL: SELECT `id`,`title`,`star`,`fans_num` FROM `ht_shop` WHERE ( `member_id` = 49 ) LIMIT 1   [ RunTime:0.000289s ]
SQL: SELECT * FROM `ht_shop_fans` WHERE ( `shop_id` = 62 ) AND ( `member_id` = 48 ) LIMIT 1   [ RunTime:0.000572s ]
SQL: SELECT `img1`,`img2`,`img3`,`img4`,`img5`,`img6`,title as content FROM `ht_new_product` WHERE ( `id` = 46 ) LIMIT 1   [ RunTime:0.000291s ]
SQL: SELECT `id`,`title`,`star`,`fans_num` FROM `ht_shop` WHERE ( `member_id` = 49 ) LIMIT 1   [ RunTime:0.000254s ]
SQL: SELECT * FROM `ht_shop_fans` WHERE ( `shop_id` = 62 ) AND ( `member_id` = 48 ) LIMIT 1   [ RunTime:0.000281s ]
SQL: SELECT `img1`,`img2`,`img3`,`img4`,`img5`,`img6`,`content` FROM `ht_coupon` WHERE ( `id` = 90 ) LIMIT 1   [ RunTime:0.000291s ]
SQL: SELECT `id`,`title`,`star`,`fans_num` FROM `ht_shop` WHERE ( `member_id` = 40 ) LIMIT 1   [ RunTime:0.000281s ]
SQL: SELECT * FROM `ht_shop_fans` WHERE ( `shop_id` = 53 ) AND ( `member_id` = 48 ) LIMIT 1   [ RunTime:0.000551s ]
SQL: SELECT `img1`,`img2`,`img3`,`img4`,`img5`,`img6`,`content` FROM `ht_coupon` WHERE ( `id` = 89 ) LIMIT 1   [ RunTime:0.000297s ]
SQL: SELECT `id`,`title`,`star`,`fans_num` FROM `ht_shop` WHERE ( `member_id` = 40 ) LIMIT 1   [ RunTime:0.000276s ]
SQL: SELECT * FROM `ht_shop_fans` WHERE ( `shop_id` = 53 ) AND ( `member_id` = 48 ) LIMIT 1   [ RunTime:0.000281s ]
SQL: SELECT `img1`,`img2`,`img3`,`img4`,`img5`,`img6`,`content` FROM `ht_activity` WHERE ( `id` = 32 ) LIMIT 1   [ RunTime:0.000311s ]
SQL: SELECT `id`,`title`,`star`,`fans_num` FROM `ht_shop` WHERE ( `member_id` = 52 ) LIMIT 1   [ RunTime:0.000236s ]
SQL: SELECT * FROM `ht_shop_fans` WHERE ( `shop_id` = 78 ) AND ( `member_id` = 48 ) LIMIT 1   [ RunTime:0.000503s ]
SQL: SHOW COLUMNS FROM `ht_card` [ RunTime:0.001470s ]
SQL: SELECT `img1`,`img2`,`img3`,`img4`,`img5`,`img6`,`content` FROM `ht_card` WHERE ( `id` = 16 ) LIMIT 1   [ RunTime:0.000287s ]
SQL: SELECT `id`,`title`,`star`,`fans_num` FROM `ht_shop` WHERE ( `member_id` = 52 ) LIMIT 1   [ RunTime:0.000193s ]
SQL: SELECT * FROM `ht_shop_fans` WHERE ( `shop_id` = 78 ) AND ( `member_id` = 48 ) LIMIT 1   [ RunTime:0.000295s ]
SQL: SELECT `img1`,`img2`,`img3`,`img4`,`img5`,`img6`,`content` FROM `ht_coupon` WHERE ( `id` = 84 ) LIMIT 1   [ RunTime:0.000202s ]
SQL: SELECT `id`,`title`,`star`,`fans_num` FROM `ht_shop` WHERE ( `member_id` = 52 ) LIMIT 1   [ RunTime:0.000235s ]
SQL: SELECT * FROM `ht_shop_fans` WHERE ( `shop_id` = 78 ) AND ( `member_id` = 48 ) LIMIT 1   [ RunTime:0.000190s ]
SQL: SELECT `img1`,`img2`,`img3`,`img4`,`img5`,`img6`,title as content FROM `ht_new_product` WHERE ( `id` = 43 ) LIMIT 1   [ RunTime:0.000279s ]
SQL: SELECT `id`,`title`,`star`,`fans_num` FROM `ht_shop` WHERE ( `member_id` = 52 ) LIMIT 1   [ RunTime:0.000268s ]
SQL: SELECT * FROM `ht_shop_fans` WHERE ( `shop_id` = 78 ) AND ( `member_id` = 48 ) LIMIT 1   [ RunTime:0.000263s ]
SQL: SELECT `img1`,`img2`,`img3`,`img4`,`img5`,`img6`,`content` FROM `ht_coupon` WHERE ( `id` = 83 ) LIMIT 1   [ RunTime:0.000290s ]
SQL: SELECT `id`,`title`,`star`,`fans_num` FROM `ht_shop` WHERE ( `member_id` = 77 ) LIMIT 1   [ RunTime:0.000208s ]
SQL: SELECT * FROM `ht_shop_fans` WHERE ( `shop_id` = 68 ) AND ( `member_id` = 48 ) LIMIT 1   [ RunTime:0.000561s ]
SQL: SELECT `img1`,`img2`,`img3`,`img4`,`img5`,`img6`,`content` FROM `ht_coupon` WHERE ( `id` = 77 ) LIMIT 1   [ RunTime:0.000318s ]
SQL: SELECT `id`,`title`,`star`,`fans_num` FROM `ht_shop` WHERE ( `member_id` = 77 ) LIMIT 1   [ RunTime:0.000241s ]
SQL: SELECT * FROM `ht_shop_fans` WHERE ( `shop_id` = 68 ) AND ( `member_id` = 48 ) LIMIT 1   [ RunTime:0.000201s ]
SQL: SELECT `img1`,`img2`,`img3`,`img4`,`img5`,`img6`,`content` FROM `ht_coupon` WHERE ( `id` = 73 ) LIMIT 1   [ RunTime:0.000197s ]
SQL: SELECT `id`,`title`,`star`,`fans_num` FROM `ht_shop` WHERE ( `member_id` = 6 ) LIMIT 1   [ RunTime:0.000240s ]
SQL: SELECT * FROM `ht_shop_fans` WHERE ( `shop_id` = 6 ) AND ( `member_id` = 48 ) LIMIT 1   [ RunTime:0.000461s ]
SQL: SELECT `img1`,`img2`,`img3`,`img4`,`img5`,`img6`,title as content FROM `ht_new_product` WHERE ( `id` = 38 ) LIMIT 1   [ RunTime:0.000212s ]
SQL: SELECT `id`,`title`,`star`,`fans_num` FROM `ht_shop` WHERE ( `member_id` = 81 ) LIMIT 1   [ RunTime:0.000293s ]
SQL: SELECT * FROM `ht_shop_fans` WHERE ( `shop_id` = 72 ) AND ( `member_id` = 48 ) LIMIT 1   [ RunTime:0.000462s ]

[ 2015-09-13T12:13:50+08:00 ] 172.16.100.11 /?c=Api&a=shopFollow&partent=ht&key=ht
INFO: [ app_init ] --START--
INFO: Run Behavior\BuildLiteBehavior [ RunTime:0.000024s ]
INFO: [ app_init ] --END-- [ RunTime:0.000483s ]
INFO: [ app_begin ] --START--
INFO: Run Behavior\ReadHtmlCacheBehavior [ RunTime:0.000579s ]
INFO: [ app_begin ] --END-- [ RunTime:0.000677s ]
SQL: SHOW COLUMNS FROM `ht_shop` [ RunTime:0.002894s ]
SQL: SELECT * FROM `ht_shop` WHERE ( `id` = 81 ) LIMIT 1   [ RunTime:0.000386s ]
SQL: SHOW COLUMNS FROM `ht_member` [ RunTime:0.001346s ]
SQL: SELECT * FROM `ht_member` WHERE ( `id` = 48 ) LIMIT 1   [ RunTime:0.000244s ]

[ 2015-09-13T12:13:59+08:00 ] 172.16.100.11 /?c=Api&a=getShopInfo&partent=ht&key=ht
INFO: [ app_init ] --START--
INFO: Run Behavior\BuildLiteBehavior [ RunTime:0.000023s ]
INFO: [ app_init ] --END-- [ RunTime:0.000465s ]
INFO: [ app_begin ] --START--
INFO: Run Behavior\ReadHtmlCacheBehavior [ RunTime:0.000587s ]
INFO: [ app_begin ] --END-- [ RunTime:0.000684s ]
SQL: SHOW COLUMNS FROM `ht_shop` [ RunTime:0.002300s ]
SQL: SELECT `id`,title as full_name,`fans_num`,`star`,`content`,`address`,`subscribe_tel`,`business_time` FROM `ht_shop` WHERE ( `id` = 63 ) LIMIT 1   [ RunTime:0.000762s ]
SQL: SHOW COLUMNS FROM `ht_shop_fans` [ RunTime:0.000948s ]
SQL: SELECT * FROM `ht_shop_fans` WHERE ( `shop_id` = 63 ) AND ( `member_id` = 62 ) LIMIT 1   [ RunTime:0.000702s ]
SQL: SHOW COLUMNS FROM `ht_shop_service` [ RunTime:0.001516s ]
SQL: SELECT COUNT(*) AS tp_count FROM `ht_shop_service` WHERE ( `member_id` = 62 ) AND ( `type` = 0 ) LIMIT 1   [ RunTime:0.000730s ]
SQL: SELECT COUNT(*) AS tp_count FROM `ht_shop_service` WHERE ( `member_id` = 62 ) AND ( `type` = 1 ) LIMIT 1   [ RunTime:0.000531s ]
SQL: SELECT COUNT(*) AS tp_count FROM `ht_shop_service` WHERE ( `member_id` = 62 ) AND ( `type` = 2 ) LIMIT 1   [ RunTime:0.000494s ]
SQL: SELECT COUNT(*) AS tp_count FROM `ht_shop_service` WHERE ( `member_id` = 62 ) AND ( `type` = 3 ) LIMIT 1   [ RunTime:0.000650s ]
SQL: SELECT * FROM `ht_shop_service` WHERE ( `member_id` = 62 ) ORDER BY id desc LIMIT 0,3   [ RunTime:0.001183s ]
NOTIC: [8] Undefined variable: new_calllist /data1/vhosts/yaohe/admin/Apps/Home/Controller/ApiController.class.php 第 803 行.

[ 2015-09-13T14:12:24+08:00 ] 172.16.100.11 /robots.txt
INFO: [ app_init ] --START--
INFO: Run Behavior\BuildLiteBehavior [ RunTime:0.000024s ]
INFO: [ app_init ] --END-- [ RunTime:0.000465s ]
INFO: [ app_begin ] --START--
INFO: Run Behavior\ReadHtmlCacheBehavior [ RunTime:0.000575s ]
INFO: [ app_begin ] --END-- [ RunTime:0.000676s ]
INFO: [ view_parse ] --START--
INFO: [ template_filter ] --START--
INFO: Run Behavior\ContentReplaceBehavior [ RunTime:0.000071s ]
INFO: [ template_filter ] --END-- [ RunTime:0.000170s ]
INFO: Run Behavior\ParseTemplateBehavior [ RunTime:0.007986s ]
INFO: [ view_parse ] --END-- [ RunTime:0.008085s ]
INFO: [ view_filter ] --START--
INFO: Run Behavior\WriteHtmlCacheBehavior [ RunTime:0.000192s ]
INFO: [ view_filter ] --END-- [ RunTime:0.000274s ]

[ 2015-09-13T14:12:24+08:00 ] 172.16.100.11 /resource/publication/Conference/PLW06.pdf
INFO: [ app_init ] --START--
INFO: Run Behavior\BuildLiteBehavior [ RunTime:0.000022s ]
INFO: [ app_init ] --END-- [ RunTime:0.000450s ]
INFO: [ app_begin ] --START--
INFO: Run Behavior\ReadHtmlCacheBehavior [ RunTime:0.000567s ]
INFO: [ app_begin ] --END-- [ RunTime:0.000683s ]
INFO: [ view_parse ] --START--
INFO: [ template_filter ] --START--
INFO: Run Behavior\ContentReplaceBehavior [ RunTime:0.000071s ]
INFO: [ template_filter ] --END-- [ RunTime:0.000170s ]
INFO: Run Behavior\ParseTemplateBehavior [ RunTime:0.007830s ]
INFO: [ view_parse ] --END-- [ RunTime:0.007931s ]
INFO: [ view_filter ] --START--
INFO: Run Behavior\WriteHtmlCacheBehavior [ RunTime:0.000182s ]
INFO: [ view_filter ] --END-- [ RunTime:0.000265s ]

[ 2015-09-13T17:15:20+08:00 ] 172.16.100.11 /resource/seminar/080425/Tips%20for%20Hunting%20Jobs.ppt
INFO: [ app_init ] --START--
INFO: Run Behavior\BuildLiteBehavior [ RunTime:0.000023s ]
INFO: [ app_init ] --END-- [ RunTime:0.000458s ]
INFO: [ app_begin ] --START--
INFO: Run Behavior\ReadHtmlCacheBehavior [ RunTime:0.000574s ]
INFO: [ app_begin ] --END-- [ RunTime:0.000670s ]
INFO: [ view_parse ] --START--
INFO: [ template_filter ] --START--
INFO: Run Behavior\ContentReplaceBehavior [ RunTime:0.000071s ]
INFO: [ template_filter ] --END-- [ RunTime:0.000168s ]
INFO: Run Behavior\ParseTemplateBehavior [ RunTime:0.007960s ]
INFO: [ view_parse ] --END-- [ RunTime:0.008059s ]
INFO: [ view_filter ] --START--
INFO: Run Behavior\WriteHtmlCacheBehavior [ RunTime:0.000183s ]
INFO: [ view_filter ] --END-- [ RunTime:0.000265s ]

[ 2015-09-13T18:03:59+08:00 ] 172.16.100.11 /resource/publication/Conference/CSW10.pdf
INFO: [ app_init ] --START--
INFO: Run Behavior\BuildLiteBehavior [ RunTime:0.000024s ]
INFO: [ app_init ] --END-- [ RunTime:0.000461s ]
INFO: [ app_begin ] --START--
INFO: Run Behavior\ReadHtmlCacheBehavior [ RunTime:0.000573s ]
INFO: [ app_begin ] --END-- [ RunTime:0.000692s ]
INFO: [ view_parse ] --START--
INFO: [ template_filter ] --START--
INFO: Run Behavior\ContentReplaceBehavior [ RunTime:0.000071s ]
INFO: [ template_filter ] --END-- [ RunTime:0.000168s ]
INFO: Run Behavior\ParseTemplateBehavior [ RunTime:0.007959s ]
INFO: [ view_parse ] --END-- [ RunTime:0.008055s ]
INFO: [ view_filter ] --START--
INFO: Run Behavior\WriteHtmlCacheBehavior [ RunTime:0.000186s ]
INFO: [ view_filter ] --END-- [ RunTime:0.000267s ]

[ 2015-09-13T18:37:19+08:00 ] 172.16.100.11 /?c=Login
INFO: [ app_init ] --START--
INFO: Run Behavior\BuildLiteBehavior [ RunTime:0.000024s ]
INFO: [ app_init ] --END-- [ RunTime:0.000463s ]
INFO: [ app_begin ] --START--
INFO: Run Behavior\ReadHtmlCacheBehavior [ RunTime:0.000576s ]
INFO: [ app_begin ] --END-- [ RunTime:0.000676s ]
INFO: [ view_parse ] --START--
INFO: [ template_filter ] --START--
INFO: Run Behavior\ContentReplaceBehavior [ RunTime:0.000081s ]
INFO: [ template_filter ] --END-- [ RunTime:0.000181s ]
INFO: Run Behavior\ParseTemplateBehavior [ RunTime:0.007814s ]
INFO: [ view_parse ] --END-- [ RunTime:0.007913s ]
INFO: [ view_filter ] --START--
INFO: Run Behavior\WriteHtmlCacheBehavior [ RunTime:0.000180s ]
INFO: [ view_filter ] --END-- [ RunTime:0.000261s ]
INFO: [ app_end ] --START--
INFO: Run Behavior\ShowPageTraceBehavior [ RunTime:0.000654s ]
INFO: [ app_end ] --END-- [ RunTime:0.000741s ]

[ 2015-09-13T18:37:21+08:00 ] 172.16.100.11 /?c=Login&a=captcha
INFO: [ app_init ] --START--
INFO: Run Behavior\BuildLiteBehavior [ RunTime:0.000024s ]
INFO: [ app_init ] --END-- [ RunTime:0.000461s ]
INFO: [ app_begin ] --START--
INFO: Run Behavior\ReadHtmlCacheBehavior [ RunTime:0.000570s ]
INFO: [ app_begin ] --END-- [ RunTime:0.000668s ]
INFO: [ app_end ] --START--
INFO: Run Behavior\ShowPageTraceBehavior [ RunTime:0.000605s ]
INFO: [ app_end ] --END-- [ RunTime:0.000714s ]

[ 2015-09-13T19:10:38+08:00 ] 172.16.100.11 /static/images/favicon.ico?v=1
INFO: [ app_init ] --START--
INFO: Run Behavior\BuildLiteBehavior [ RunTime:0.000023s ]
INFO: [ app_init ] --END-- [ RunTime:0.000475s ]
INFO: [ app_begin ] --START--
INFO: Run Behavior\ReadHtmlCacheBehavior [ RunTime:0.000601s ]
INFO: [ app_begin ] --END-- [ RunTime:0.000701s ]
INFO: [ view_parse ] --START--
INFO: [ template_filter ] --START--
INFO: Run Behavior\ContentReplaceBehavior [ RunTime:0.000072s ]
INFO: [ template_filter ] --END-- [ RunTime:0.000171s ]
INFO: Run Behavior\ParseTemplateBehavior [ RunTime:0.007988s ]
INFO: [ view_parse ] --END-- [ RunTime:0.008100s ]
INFO: [ view_filter ] --START--
INFO: Run Behavior\WriteHtmlCacheBehavior [ RunTime:0.000184s ]
INFO: [ view_filter ] --END-- [ RunTime:0.000266s ]

[ 2015-09-13T21:57:23+08:00 ] 172.16.100.11 /robots.txt
INFO: [ app_init ] --START--
INFO: Run Behavior\BuildLiteBehavior [ RunTime:0.000023s ]
INFO: [ app_init ] --END-- [ RunTime:0.000455s ]
INFO: [ app_begin ] --START--
INFO: Run Behavior\ReadHtmlCacheBehavior [ RunTime:0.000568s ]
INFO: [ app_begin ] --END-- [ RunTime:0.000667s ]
INFO: [ view_parse ] --START--
INFO: [ template_filter ] --START--
INFO: Run Behavior\ContentReplaceBehavior [ RunTime:0.000071s ]
INFO: [ template_filter ] --END-- [ RunTime:0.000169s ]
INFO: Run Behavior\ParseTemplateBehavior [ RunTime:0.007914s ]
INFO: [ view_parse ] --END-- [ RunTime:0.008012s ]
INFO: [ view_filter ] --START--
INFO: Run Behavior\WriteHtmlCacheBehavior [ RunTime:0.000185s ]
INFO: [ view_filter ] --END-- [ RunTime:0.000267s ]

[ 2015-09-13T22:50:16+08:00 ] 172.16.100.11 /?c=Api&a=getClassifyList&partent=ht&key=ht
INFO: [ app_init ] --START--
INFO: Run Behavior\BuildLiteBehavior [ RunTime:0.000022s ]
INFO: [ app_init ] --END-- [ RunTime:0.000493s ]
INFO: [ app_begin ] --START--
INFO: Run Behavior\ReadHtmlCacheBehavior [ RunTime:0.000591s ]
INFO: [ app_begin ] --END-- [ RunTime:0.000691s ]
SQL: SHOW COLUMNS FROM `ht_classify` [ RunTime:0.001058s ]
SQL: SELECT `id`,`title` FROM `ht_classify` WHERE ( parentid=0 and is_hidden=0 ) ORDER BY order_num asc,id asc  [ RunTime:0.000291s ]

[ 2015-09-13T22:50:18+08:00 ] 172.16.100.11 /?c=Api&a=getHomeTypeList&partent=ht&key=ht&city_id=12
INFO: [ app_init ] --START--
INFO: Run Behavior\BuildLiteBehavior [ RunTime:0.000022s ]
INFO: [ app_init ] --END-- [ RunTime:0.000460s ]
INFO: [ app_begin ] --START--
INFO: Run Behavior\ReadHtmlCacheBehavior [ RunTime:0.000587s ]
INFO: [ app_begin ] --END-- [ RunTime:0.000685s ]
SQL: SHOW COLUMNS FROM `ht_home_class` [ RunTime:0.001260s ]
SQL: SELECT * FROM `ht_home_class` WHERE ( `city_id` = 12 ) AND ( `is_hidden` = 0 ) ORDER BY order_num asc,id desc  [ RunTime:0.000317s ]

[ 2015-09-13T22:50:20+08:00 ] 172.16.100.11 /?c=Api&a=getAreaList&partent=ht&key=ht
INFO: [ app_init ] --START--
INFO: Run Behavior\BuildLiteBehavior [ RunTime:0.000024s ]
INFO: [ app_init ] --END-- [ RunTime:0.000470s ]
INFO: [ app_begin ] --START--
INFO: Run Behavior\ReadHtmlCacheBehavior [ RunTime:0.000584s ]
INFO: [ app_begin ] --END-- [ RunTime:0.000682s ]
SQL: SHOW COLUMNS FROM `ht_area` [ RunTime:0.000957s ]
SQL: SELECT `id`,`title` FROM `ht_area` WHERE ( c_id=13 )  [ RunTime:0.000251s ]

[ 2015-09-13T22:51:00+08:00 ] 172.16.100.11 /resource/publication/Conference/PLW06.pdf
INFO: [ app_init ] --START--
INFO: Run Behavior\BuildLiteBehavior [ RunTime:0.000023s ]
INFO: [ app_init ] --END-- [ RunTime:0.000458s ]
INFO: [ app_begin ] --START--
INFO: Run Behavior\ReadHtmlCacheBehavior [ RunTime:0.000566s ]
INFO: [ app_begin ] --END-- [ RunTime:0.000666s ]
INFO: [ view_parse ] --START--
INFO: [ template_filter ] --START--
INFO: Run Behavior\ContentReplaceBehavior [ RunTime:0.000070s ]
INFO: [ template_filter ] --END-- [ RunTime:0.000169s ]
INFO: Run Behavior\ParseTemplateBehavior [ RunTime:0.007956s ]
INFO: [ view_parse ] --END-- [ RunTime:0.008053s ]
INFO: [ view_filter ] --START--
INFO: Run Behavior\WriteHtmlCacheBehavior [ RunTime:0.000184s ]
INFO: [ view_filter ] --END-- [ RunTime:0.000266s ]

[ 2015-09-13T23:20:14+08:00 ] 172.16.100.11 /resource/publication/Conference/CWJS10.pdf
INFO: [ app_init ] --START--
INFO: Run Behavior\BuildLiteBehavior [ RunTime:0.000023s ]
INFO: [ app_init ] --END-- [ RunTime:0.000468s ]
INFO: [ app_begin ] --START--
INFO: Run Behavior\ReadHtmlCacheBehavior [ RunTime:0.000594s ]
INFO: [ app_begin ] --END-- [ RunTime:0.000694s ]
INFO: [ view_parse ] --START--
INFO: [ template_filter ] --START--
INFO: Run Behavior\ContentReplaceBehavior [ RunTime:0.000081s ]
INFO: [ template_filter ] --END-- [ RunTime:0.000181s ]
INFO: Run Behavior\ParseTemplateBehavior [ RunTime:0.007957s ]
INFO: [ view_parse ] --END-- [ RunTime:0.008055s ]
INFO: [ view_filter ] --START--
INFO: Run Behavior\WriteHtmlCacheBehavior [ RunTime:0.000197s ]
INFO: [ view_filter ] --END-- [ RunTime:0.000277s ]

[ 2015-09-13T23:53:17+08:00 ] 172.16.100.11 /robots.txt
INFO: [ app_init ] --START--
INFO: Run Behavior\BuildLiteBehavior [ RunTime:0.000023s ]
INFO: [ app_init ] --END-- [ RunTime:0.000458s ]
INFO: [ app_begin ] --START--
INFO: Run Behavior\ReadHtmlCacheBehavior [ RunTime:0.000575s ]
INFO: [ app_begin ] --END-- [ RunTime:0.000674s ]
INFO: [ view_parse ] --START--
INFO: [ template_filter ] --START--
INFO: Run Behavior\ContentReplaceBehavior [ RunTime:0.000071s ]
INFO: [ template_filter ] --END-- [ RunTime:0.000181s ]
INFO: Run Behavior\ParseTemplateBehavior [ RunTime:0.007997s ]
INFO: [ view_parse ] --END-- [ RunTime:0.008094s ]
INFO: [ view_filter ] --START--
INFO: Run Behavior\WriteHtmlCacheBehavior [ RunTime:0.000195s ]
INFO: [ view_filter ] --END-- [ RunTime:0.000276s ]

[ 2015-09-13T23:53:17+08:00 ] 172.16.100.11 /resource/publication/Conference/PLSW07.pdf
INFO: [ app_init ] --START--
INFO: Run Behavior\BuildLiteBehavior [ RunTime:0.000024s ]
INFO: [ app_init ] --END-- [ RunTime:0.000478s ]
INFO: [ app_begin ] --START--
INFO: Run Behavior\ReadHtmlCacheBehavior [ RunTime:0.000582s ]
INFO: [ app_begin ] --END-- [ RunTime:0.000681s ]
INFO: [ view_parse ] --START--
INFO: [ template_filter ] --START--
INFO: Run Behavior\ContentReplaceBehavior [ RunTime:0.000070s ]
INFO: [ template_filter ] --END-- [ RunTime:0.000169s ]
INFO: Run Behavior\ParseTemplateBehavior [ RunTime:0.007975s ]
INFO: [ view_parse ] --END-- [ RunTime:0.008074s ]
INFO: [ view_filter ] --START--
INFO: Run Behavior\WriteHtmlCacheBehavior [ RunTime:0.000183s ]
INFO: [ view_filter ] --END-- [ RunTime:0.000265s ]

