[ 2015-08-22T01:45:54+08:00 ] 172.16.100.11 /robots.txt
INFO: [ app_init ] --START--
INFO: Run Behavior\BuildLiteBehavior [ RunTime:0.000024s ]
INFO: [ app_init ] --END-- [ RunTime:0.000480s ]
INFO: [ app_begin ] --START--
INFO: Run Behavior\ReadHtmlCacheBehavior [ RunTime:0.000583s ]
INFO: [ app_begin ] --END-- [ RunTime:0.000683s ]
INFO: [ view_parse ] --START--
INFO: [ template_filter ] --START--
INFO: Run Behavior\ContentReplaceBehavior [ RunTime:0.000073s ]
INFO: [ template_filter ] --END-- [ RunTime:0.000172s ]
INFO: Run Behavior\ParseTemplateBehavior [ RunTime:0.007911s ]
INFO: [ view_parse ] --END-- [ RunTime:0.008010s ]
INFO: [ view_filter ] --START--
INFO: Run Behavior\WriteHtmlCacheBehavior [ RunTime:0.000182s ]
INFO: [ view_filter ] --END-- [ RunTime:0.000264s ]

[ 2015-08-22T01:45:54+08:00 ] 172.16.100.11 /?c=Login
INFO: [ app_init ] --START--
INFO: Run Behavior\BuildLiteBehavior [ RunTime:0.000022s ]
INFO: [ app_init ] --END-- [ RunTime:0.000455s ]
INFO: [ app_begin ] --START--
INFO: Run Behavior\ReadHtmlCacheBehavior [ RunTime:0.000574s ]
INFO: [ app_begin ] --END-- [ RunTime:0.000691s ]
INFO: [ view_parse ] --START--
INFO: [ template_filter ] --START--
INFO: Run Behavior\ContentReplaceBehavior [ RunTime:0.000079s ]
INFO: [ template_filter ] --END-- [ RunTime:0.000179s ]
INFO: Run Behavior\ParseTemplateBehavior [ RunTime:0.007759s ]
INFO: [ view_parse ] --END-- [ RunTime:0.007857s ]
INFO: [ view_filter ] --START--
INFO: Run Behavior\WriteHtmlCacheBehavior [ RunTime:0.000181s ]
INFO: [ view_filter ] --END-- [ RunTime:0.000262s ]
INFO: [ app_end ] --START--
INFO: Run Behavior\ShowPageTraceBehavior [ RunTime:0.000653s ]
INFO: [ app_end ] --END-- [ RunTime:0.000741s ]

[ 2015-08-22T02:33:11+08:00 ] 172.16.100.11 /
INFO: [ app_init ] --START--
INFO: Run Behavior\BuildLiteBehavior [ RunTime:0.000023s ]
INFO: [ app_init ] --END-- [ RunTime:0.000458s ]
INFO: [ app_begin ] --START--
INFO: Run Behavior\ReadHtmlCacheBehavior [ RunTime:0.000580s ]
INFO: [ app_begin ] --END-- [ RunTime:0.000680s ]
INFO: [ view_parse ] --START--
INFO: [ template_filter ] --START--
INFO: Run Behavior\ContentReplaceBehavior [ RunTime:0.000072s ]
INFO: [ template_filter ] --END-- [ RunTime:0.000179s ]
INFO: Run Behavior\ParseTemplateBehavior [ RunTime:0.007979s ]
INFO: [ view_parse ] --END-- [ RunTime:0.008078s ]
INFO: [ view_filter ] --START--
INFO: Run Behavior\WriteHtmlCacheBehavior [ RunTime:0.000200s ]
INFO: [ view_filter ] --END-- [ RunTime:0.000283s ]

[ 2015-08-22T02:54:21+08:00 ] 172.16.100.11 /robots.txt
INFO: [ app_init ] --START--
INFO: Run Behavior\BuildLiteBehavior [ RunTime:0.000022s ]
INFO: [ app_init ] --END-- [ RunTime:0.000465s ]
INFO: [ app_begin ] --START--
INFO: Run Behavior\ReadHtmlCacheBehavior [ RunTime:0.000596s ]
INFO: [ app_begin ] --END-- [ RunTime:0.000694s ]
INFO: [ view_parse ] --START--
INFO: [ template_filter ] --START--
INFO: Run Behavior\ContentReplaceBehavior [ RunTime:0.000072s ]
INFO: [ template_filter ] --END-- [ RunTime:0.000172s ]
INFO: Run Behavior\ParseTemplateBehavior [ RunTime:0.008014s ]
INFO: [ view_parse ] --END-- [ RunTime:0.008120s ]
INFO: [ view_filter ] --START--
INFO: Run Behavior\WriteHtmlCacheBehavior [ RunTime:0.000186s ]
INFO: [ view_filter ] --END-- [ RunTime:0.000269s ]

[ 2015-08-22T02:55:33+08:00 ] 172.16.100.11 /
INFO: [ app_init ] --START--
INFO: Run Behavior\BuildLiteBehavior [ RunTime:0.000024s ]
INFO: [ app_init ] --END-- [ RunTime:0.000462s ]
INFO: [ app_begin ] --START--
INFO: Run Behavior\ReadHtmlCacheBehavior [ RunTime:0.000583s ]
INFO: [ app_begin ] --END-- [ RunTime:0.000680s ]
INFO: [ view_parse ] --START--
INFO: [ template_filter ] --START--
INFO: Run Behavior\ContentReplaceBehavior [ RunTime:0.000072s ]
INFO: [ template_filter ] --END-- [ RunTime:0.000170s ]
INFO: Run Behavior\ParseTemplateBehavior [ RunTime:0.007853s ]
INFO: [ view_parse ] --END-- [ RunTime:0.007950s ]
INFO: [ view_filter ] --START--
INFO: Run Behavior\WriteHtmlCacheBehavior [ RunTime:0.000177s ]
INFO: [ view_filter ] --END-- [ RunTime:0.000258s ]

[ 2015-08-22T06:31:57+08:00 ] 172.16.100.11 /
INFO: [ app_init ] --START--
INFO: Run Behavior\BuildLiteBehavior [ RunTime:0.000023s ]
INFO: [ app_init ] --END-- [ RunTime:0.000454s ]
INFO: [ app_begin ] --START--
INFO: Run Behavior\ReadHtmlCacheBehavior [ RunTime:0.000568s ]
INFO: [ app_begin ] --END-- [ RunTime:0.000666s ]
INFO: [ view_parse ] --START--
INFO: [ template_filter ] --START--
INFO: Run Behavior\ContentReplaceBehavior [ RunTime:0.000071s ]
INFO: [ template_filter ] --END-- [ RunTime:0.000168s ]
INFO: Run Behavior\ParseTemplateBehavior [ RunTime:0.007947s ]
INFO: [ view_parse ] --END-- [ RunTime:0.008046s ]
INFO: [ view_filter ] --START--
INFO: Run Behavior\WriteHtmlCacheBehavior [ RunTime:0.000184s ]
INFO: [ view_filter ] --END-- [ RunTime:0.000265s ]

[ 2015-08-22T06:52:49+08:00 ] 172.16.100.11 /?c=Api&a=getClassifyList&partent=ht&key=ht
INFO: [ app_init ] --START--
INFO: Run Behavior\BuildLiteBehavior [ RunTime:0.000023s ]
INFO: [ app_init ] --END-- [ RunTime:0.000481s ]
INFO: [ app_begin ] --START--
INFO: Run Behavior\ReadHtmlCacheBehavior [ RunTime:0.000580s ]
INFO: [ app_begin ] --END-- [ RunTime:0.000678s ]
SQL: SHOW COLUMNS FROM `ht_classify` [ RunTime:0.001038s ]
SQL: SELECT `id`,`title` FROM `ht_classify` WHERE ( parentid=0 and is_hidden=0 ) ORDER BY order_num asc,id asc  [ RunTime:0.000317s ]

[ 2015-08-22T06:52:51+08:00 ] 172.16.100.11 /?c=Api&a=getAreaList&partent=ht&key=ht
INFO: [ app_init ] --START--
INFO: Run Behavior\BuildLiteBehavior [ RunTime:0.000024s ]
INFO: [ app_init ] --END-- [ RunTime:0.000464s ]
INFO: [ app_begin ] --START--
INFO: Run Behavior\ReadHtmlCacheBehavior [ RunTime:0.000580s ]
INFO: [ app_begin ] --END-- [ RunTime:0.000679s ]
SQL: SHOW COLUMNS FROM `ht_area` [ RunTime:0.000929s ]
SQL: SELECT `id`,`title` FROM `ht_area` WHERE ( c_id=12 )  [ RunTime:0.000215s ]

[ 2015-08-22T06:52:51+08:00 ] 172.16.100.11 /?c=Api&a=getHomeCallList&partent=ht&key=ht&city_id=12
INFO: [ app_init ] --START--
INFO: Run Behavior\BuildLiteBehavior [ RunTime:0.000023s ]
INFO: [ app_init ] --END-- [ RunTime:0.000466s ]
INFO: [ app_begin ] --START--
INFO: Run Behavior\ReadHtmlCacheBehavior [ RunTime:0.000574s ]
INFO: [ app_begin ] --END-- [ RunTime:0.000671s ]
SQL: SHOW COLUMNS FROM `ht_shop_service` [ RunTime:0.001180s ]
SQL: SELECT * FROM `ht_shop_service` WHERE ( `city_id` = 12 ) ORDER BY id desc LIMIT 0,20   [ RunTime:0.000361s ]
SQL: SHOW COLUMNS FROM `ht_activity` [ RunTime:0.001636s ]
SQL: SELECT `img1`,`img2`,`img3`,`img4`,`img5`,`img6`,`content` FROM `ht_activity` WHERE ( `id` = 28 ) LIMIT 1   [ RunTime:0.000321s ]
SQL: SHOW COLUMNS FROM `ht_shop` [ RunTime:0.002354s ]
SQL: SELECT `id`,`title`,`star`,`fans_num` FROM `ht_shop` WHERE ( `member_id` = 76 ) LIMIT 1   [ RunTime:0.000317s ]
SQL: SHOW COLUMNS FROM `ht_shop_fans` [ RunTime:0.000981s ]
SQL: SELECT * FROM `ht_shop_fans` WHERE ( `shop_id` = 67 ) AND ( `member_id` = 0 ) LIMIT 1   [ RunTime:0.000567s ]
SQL: SHOW COLUMNS FROM `ht_card` [ RunTime:0.001537s ]
SQL: SELECT `img1`,`img2`,`img3`,`img4`,`img5`,`img6`,`content` FROM `ht_card` WHERE ( `id` = 14 ) LIMIT 1   [ RunTime:0.000224s ]
SQL: SELECT `id`,`title`,`star`,`fans_num` FROM `ht_shop` WHERE ( `member_id` = 76 ) LIMIT 1   [ RunTime:0.000245s ]
SQL: SELECT * FROM `ht_shop_fans` WHERE ( `shop_id` = 67 ) AND ( `member_id` = 0 ) LIMIT 1   [ RunTime:0.000307s ]
SQL: SHOW COLUMNS FROM `ht_coupon` [ RunTime:0.001656s ]
SQL: SELECT `img1`,`img2`,`img3`,`img4`,`img5`,`img6`,`content` FROM `ht_coupon` WHERE ( `id` = 27 ) LIMIT 1   [ RunTime:0.000238s ]
SQL: SELECT `id`,`title`,`star`,`fans_num` FROM `ht_shop` WHERE ( `member_id` = 74 ) LIMIT 1   [ RunTime:0.000198s ]
SQL: SELECT * FROM `ht_shop_fans` WHERE ( `shop_id` = 65 ) AND ( `member_id` = 0 ) LIMIT 1   [ RunTime:0.000431s ]
SQL: SHOW COLUMNS FROM `ht_new_product` [ RunTime:0.001269s ]
SQL: SELECT `img1`,title as content FROM `ht_new_product` WHERE ( `id` = 36 ) LIMIT 1   [ RunTime:0.000286s ]
SQL: SELECT `id`,`title`,`star`,`fans_num` FROM `ht_shop` WHERE ( `member_id` = 74 ) LIMIT 1   [ RunTime:0.000205s ]
SQL: SELECT * FROM `ht_shop_fans` WHERE ( `shop_id` = 65 ) AND ( `member_id` = 0 ) LIMIT 1   [ RunTime:0.000190s ]
SQL: SELECT `img1`,`img2`,`img3`,`img4`,`img5`,`img6`,`content` FROM `ht_coupon` WHERE ( `id` = 69 ) LIMIT 1   [ RunTime:0.000199s ]
SQL: SELECT `id`,`title`,`star`,`fans_num` FROM `ht_shop` WHERE ( `member_id` = 74 ) LIMIT 1   [ RunTime:0.000233s ]
SQL: SELECT * FROM `ht_shop_fans` WHERE ( `shop_id` = 65 ) AND ( `member_id` = 0 ) LIMIT 1   [ RunTime:0.000219s ]
SQL: SELECT `img1`,`img2`,`img3`,`img4`,`img5`,`img6`,`content` FROM `ht_card` WHERE ( `id` = 13 ) LIMIT 1   [ RunTime:0.000260s ]
SQL: SELECT `id`,`title`,`star`,`fans_num` FROM `ht_shop` WHERE ( `member_id` = 75 ) LIMIT 1   [ RunTime:0.000192s ]
SQL: SELECT * FROM `ht_shop_fans` WHERE ( `shop_id` = 66 ) AND ( `member_id` = 0 ) LIMIT 1   [ RunTime:0.000896s ]
SQL: SELECT `img1`,`img2`,`img3`,`img4`,`img5`,`img6`,`content` FROM `ht_coupon` WHERE ( `id` = 26 ) LIMIT 1   [ RunTime:0.000205s ]
SQL: SELECT `id`,`title`,`star`,`fans_num` FROM `ht_shop` WHERE ( `member_id` = 65 ) LIMIT 1   [ RunTime:0.000275s ]
SQL: SELECT * FROM `ht_shop_fans` WHERE ( `shop_id` = 64 ) AND ( `member_id` = 0 ) LIMIT 1   [ RunTime:0.000514s ]
SQL: SELECT `img1`,title as content FROM `ht_new_product` WHERE ( `id` = 35 ) LIMIT 1   [ RunTime:0.000283s ]
SQL: SELECT `id`,`title`,`star`,`fans_num` FROM `ht_shop` WHERE ( `member_id` = 65 ) LIMIT 1   [ RunTime:0.000277s ]
SQL: SELECT * FROM `ht_shop_fans` WHERE ( `shop_id` = 64 ) AND ( `member_id` = 0 ) LIMIT 1   [ RunTime:0.000286s ]
SQL: SELECT `img1`,`img2`,`img3`,`img4`,`img5`,`img6`,`content` FROM `ht_card` WHERE ( `id` = 12 ) LIMIT 1   [ RunTime:0.000292s ]
SQL: SELECT `id`,`title`,`star`,`fans_num` FROM `ht_shop` WHERE ( `member_id` = 65 ) LIMIT 1   [ RunTime:0.000275s ]
SQL: SELECT * FROM `ht_shop_fans` WHERE ( `shop_id` = 64 ) AND ( `member_id` = 0 ) LIMIT 1   [ RunTime:0.000288s ]
SQL: SELECT `img1`,`img2`,`img3`,`img4`,`img5`,`img6`,`content` FROM `ht_coupon` WHERE ( `id` = 68 ) LIMIT 1   [ RunTime:0.000328s ]
SQL: SELECT `id`,`title`,`star`,`fans_num` FROM `ht_shop` WHERE ( `member_id` = 65 ) LIMIT 1   [ RunTime:0.000286s ]
SQL: SELECT * FROM `ht_shop_fans` WHERE ( `shop_id` = 64 ) AND ( `member_id` = 0 ) LIMIT 1   [ RunTime:0.000301s ]
SQL: SELECT `img1`,`img2`,`img3`,`img4`,`img5`,`img6`,`content` FROM `ht_coupon` WHERE ( `id` = 67 ) LIMIT 1   [ RunTime:0.000291s ]
SQL: SELECT `id`,`title`,`star`,`fans_num` FROM `ht_shop` WHERE ( `member_id` = 40 ) LIMIT 1   [ RunTime:0.000294s ]
SQL: SELECT * FROM `ht_shop_fans` WHERE ( `shop_id` = 53 ) AND ( `member_id` = 0 ) LIMIT 1   [ RunTime:0.000498s ]
SQL: SHOW COLUMNS FROM `ht_call` [ RunTime:0.001353s ]
SQL: SELECT `img1`,`img2`,`img3`,`img4`,`img5`,`img6`,`content` FROM `ht_call` WHERE ( `id` = 50 ) LIMIT 1   [ RunTime:0.000213s ]
SQL: SELECT `id`,`title`,`star`,`fans_num` FROM `ht_shop` WHERE ( `member_id` = 40 ) LIMIT 1   [ RunTime:0.000280s ]
SQL: SELECT * FROM `ht_shop_fans` WHERE ( `shop_id` = 53 ) AND ( `member_id` = 0 ) LIMIT 1   [ RunTime:0.000207s ]
SQL: SELECT `img1`,`img2`,`img3`,`img4`,`img5`,`img6`,`content` FROM `ht_call` WHERE ( `id` = 49 ) LIMIT 1   [ RunTime:0.000201s ]
SQL: SELECT `id`,`title`,`star`,`fans_num` FROM `ht_shop` WHERE ( `member_id` = 40 ) LIMIT 1   [ RunTime:0.000193s ]
SQL: SELECT * FROM `ht_shop_fans` WHERE ( `shop_id` = 53 ) AND ( `member_id` = 0 ) LIMIT 1   [ RunTime:0.000293s ]
SQL: SELECT `img1`,`img2`,`img3`,`img4`,`img5`,`img6`,`content` FROM `ht_call` WHERE ( `id` = 48 ) LIMIT 1   [ RunTime:0.000225s ]
SQL: SELECT `id`,`title`,`star`,`fans_num` FROM `ht_shop` WHERE ( `member_id` = 48 ) LIMIT 1   [ RunTime:0.000219s ]
SQL: SELECT * FROM `ht_shop_fans` WHERE ( `shop_id` = 54 ) AND ( `member_id` = 0 ) LIMIT 1   [ RunTime:0.000569s ]
SQL: SELECT `img1`,`img2`,`img3`,`img4`,`img5`,`img6`,`content` FROM `ht_activity` WHERE ( `id` = 25 ) LIMIT 1   [ RunTime:0.000217s ]
SQL: SELECT `id`,`title`,`star`,`fans_num` FROM `ht_shop` WHERE ( `member_id` = 48 ) LIMIT 1   [ RunTime:0.000282s ]
SQL: SELECT * FROM `ht_shop_fans` WHERE ( `shop_id` = 54 ) AND ( `member_id` = 0 ) LIMIT 1   [ RunTime:0.000193s ]
SQL: SELECT `img1`,`img2`,`img3`,`img4`,`img5`,`img6`,`content` FROM `ht_card` WHERE ( `id` = 11 ) LIMIT 1   [ RunTime:0.000242s ]
SQL: SELECT `id`,`title`,`star`,`fans_num` FROM `ht_shop` WHERE ( `member_id` = 48 ) LIMIT 1   [ RunTime:0.000192s ]
SQL: SELECT * FROM `ht_shop_fans` WHERE ( `shop_id` = 54 ) AND ( `member_id` = 0 ) LIMIT 1   [ RunTime:0.000266s ]
SQL: SELECT `img1`,`img2`,`img3`,`img4`,`img5`,`img6`,`content` FROM `ht_coupon` WHERE ( `id` = 66 ) LIMIT 1   [ RunTime:0.000311s ]
SQL: SELECT `id`,`title`,`star`,`fans_num` FROM `ht_shop` WHERE ( `member_id` = 48 ) LIMIT 1   [ RunTime:0.000277s ]
SQL: SELECT * FROM `ht_shop_fans` WHERE ( `shop_id` = 54 ) AND ( `member_id` = 0 ) LIMIT 1   [ RunTime:0.000309s ]
SQL: SELECT `img1`,`img2`,`img3`,`img4`,`img5`,`img6`,`content` FROM `ht_call` WHERE ( `id` = 47 ) LIMIT 1   [ RunTime:0.000292s ]
SQL: SELECT `id`,`title`,`star`,`fans_num` FROM `ht_shop` WHERE ( `member_id` = 48 ) LIMIT 1   [ RunTime:0.000260s ]
SQL: SELECT * FROM `ht_shop_fans` WHERE ( `shop_id` = 54 ) AND ( `member_id` = 0 ) LIMIT 1   [ RunTime:0.000247s ]
SQL: SELECT `img1`,`img2`,`img3`,`img4`,`img5`,`img6`,`content` FROM `ht_call` WHERE ( `id` = 46 ) LIMIT 1   [ RunTime:0.000240s ]
SQL: SELECT `id`,`title`,`star`,`fans_num` FROM `ht_shop` WHERE ( `member_id` = 40 ) LIMIT 1   [ RunTime:0.000246s ]
SQL: SELECT * FROM `ht_shop_fans` WHERE ( `shop_id` = 53 ) AND ( `member_id` = 0 ) LIMIT 1   [ RunTime:0.000238s ]
SQL: SELECT `img1`,`img2`,`img3`,`img4`,`img5`,`img6`,`content` FROM `ht_call` WHERE ( `id` = 45 ) LIMIT 1   [ RunTime:0.000251s ]
SQL: SELECT `id`,`title`,`star`,`fans_num` FROM `ht_shop` WHERE ( `member_id` = 40 ) LIMIT 1   [ RunTime:0.000246s ]
SQL: SELECT * FROM `ht_shop_fans` WHERE ( `shop_id` = 53 ) AND ( `member_id` = 0 ) LIMIT 1   [ RunTime:0.000234s ]

[ 2015-08-22T06:53:49+08:00 ] 172.16.100.11 /?c=Api&a=getHomeRotateList&partent=ht&key=ht&city_id=12
INFO: [ app_init ] --START--
INFO: Run Behavior\BuildLiteBehavior [ RunTime:0.000023s ]
INFO: [ app_init ] --END-- [ RunTime:0.000462s ]
INFO: [ app_begin ] --START--
INFO: Run Behavior\ReadHtmlCacheBehavior [ RunTime:0.000569s ]
INFO: [ app_begin ] --END-- [ RunTime:0.000670s ]
SQL: SHOW COLUMNS FROM `ht_rotate` [ RunTime:0.001428s ]
SQL: SELECT `id`,`type`,`content_id`,`link_url`,`title`,`img` FROM `ht_rotate` WHERE ( `city_id` = 12 ) AND ( `status` = 1 ) ORDER BY order_num asc,id desc  [ RunTime:0.000251s ]

[ 2015-08-22T06:53:51+08:00 ] 172.16.100.11 /?c=Api&a=getHomeCallList&partent=ht&key=ht&city_id=12&member_id=48
INFO: [ app_init ] --START--
INFO: Run Behavior\BuildLiteBehavior [ RunTime:0.000023s ]
INFO: [ app_init ] --END-- [ RunTime:0.000456s ]
INFO: [ app_begin ] --START--
INFO: Run Behavior\ReadHtmlCacheBehavior [ RunTime:0.000569s ]
INFO: [ app_begin ] --END-- [ RunTime:0.000665s ]
SQL: SHOW COLUMNS FROM `ht_shop_service` [ RunTime:0.001227s ]
SQL: SELECT * FROM `ht_shop_service` WHERE ( `city_id` = 12 ) ORDER BY id desc LIMIT 0,20   [ RunTime:0.000442s ]
SQL: SHOW COLUMNS FROM `ht_activity` [ RunTime:0.001580s ]
SQL: SELECT `img1`,`img2`,`img3`,`img4`,`img5`,`img6`,`content` FROM `ht_activity` WHERE ( `id` = 28 ) LIMIT 1   [ RunTime:0.000337s ]
SQL: SHOW COLUMNS FROM `ht_shop` [ RunTime:0.002326s ]
SQL: SELECT `id`,`title`,`star`,`fans_num` FROM `ht_shop` WHERE ( `member_id` = 76 ) LIMIT 1   [ RunTime:0.000315s ]
SQL: SHOW COLUMNS FROM `ht_shop_fans` [ RunTime:0.001016s ]
SQL: SELECT * FROM `ht_shop_fans` WHERE ( `shop_id` = 67 ) AND ( `member_id` = 48 ) LIMIT 1   [ RunTime:0.000533s ]
SQL: SHOW COLUMNS FROM `ht_card` [ RunTime:0.001551s ]
SQL: SELECT `img1`,`img2`,`img3`,`img4`,`img5`,`img6`,`content` FROM `ht_card` WHERE ( `id` = 14 ) LIMIT 1   [ RunTime:0.000331s ]
SQL: SELECT `id`,`title`,`star`,`fans_num` FROM `ht_shop` WHERE ( `member_id` = 76 ) LIMIT 1   [ RunTime:0.000238s ]
SQL: SELECT * FROM `ht_shop_fans` WHERE ( `shop_id` = 67 ) AND ( `member_id` = 48 ) LIMIT 1   [ RunTime:0.000242s ]
SQL: SHOW COLUMNS FROM `ht_coupon` [ RunTime:0.001577s ]
SQL: SELECT `img1`,`img2`,`img3`,`img4`,`img5`,`img6`,`content` FROM `ht_coupon` WHERE ( `id` = 27 ) LIMIT 1   [ RunTime:0.000323s ]
SQL: SELECT `id`,`title`,`star`,`fans_num` FROM `ht_shop` WHERE ( `member_id` = 74 ) LIMIT 1   [ RunTime:0.000332s ]
SQL: SELECT * FROM `ht_shop_fans` WHERE ( `shop_id` = 65 ) AND ( `member_id` = 48 ) LIMIT 1   [ RunTime:0.000487s ]
SQL: SHOW COLUMNS FROM `ht_new_product` [ RunTime:0.001334s ]
SQL: SELECT `img1`,title as content FROM `ht_new_product` WHERE ( `id` = 36 ) LIMIT 1   [ RunTime:0.000315s ]
SQL: SELECT `id`,`title`,`star`,`fans_num` FROM `ht_shop` WHERE ( `member_id` = 74 ) LIMIT 1   [ RunTime:0.000331s ]
SQL: SELECT * FROM `ht_shop_fans` WHERE ( `shop_id` = 65 ) AND ( `member_id` = 48 ) LIMIT 1   [ RunTime:0.000319s ]
SQL: SELECT `img1`,`img2`,`img3`,`img4`,`img5`,`img6`,`content` FROM `ht_coupon` WHERE ( `id` = 69 ) LIMIT 1   [ RunTime:0.000354s ]
SQL: SELECT `id`,`title`,`star`,`fans_num` FROM `ht_shop` WHERE ( `member_id` = 74 ) LIMIT 1   [ RunTime:0.000232s ]
SQL: SELECT * FROM `ht_shop_fans` WHERE ( `shop_id` = 65 ) AND ( `member_id` = 48 ) LIMIT 1   [ RunTime:0.000312s ]
SQL: SELECT `img1`,`img2`,`img3`,`img4`,`img5`,`img6`,`content` FROM `ht_card` WHERE ( `id` = 13 ) LIMIT 1   [ RunTime:0.000307s ]
SQL: SELECT `id`,`title`,`star`,`fans_num` FROM `ht_shop` WHERE ( `member_id` = 75 ) LIMIT 1   [ RunTime:0.000303s ]
SQL: SELECT * FROM `ht_shop_fans` WHERE ( `shop_id` = 66 ) AND ( `member_id` = 48 ) LIMIT 1   [ RunTime:0.000436s ]
SQL: SELECT `img1`,`img2`,`img3`,`img4`,`img5`,`img6`,`content` FROM `ht_coupon` WHERE ( `id` = 26 ) LIMIT 1   [ RunTime:0.000295s ]
SQL: SELECT `id`,`title`,`star`,`fans_num` FROM `ht_shop` WHERE ( `member_id` = 65 ) LIMIT 1   [ RunTime:0.000290s ]
SQL: SELECT * FROM `ht_shop_fans` WHERE ( `shop_id` = 64 ) AND ( `member_id` = 48 ) LIMIT 1   [ RunTime:0.000477s ]
SQL: SELECT `img1`,title as content FROM `ht_new_product` WHERE ( `id` = 35 ) LIMIT 1   [ RunTime:0.000204s ]
SQL: SELECT `id`,`title`,`star`,`fans_num` FROM `ht_shop` WHERE ( `member_id` = 65 ) LIMIT 1   [ RunTime:0.000311s ]
SQL: SELECT * FROM `ht_shop_fans` WHERE ( `shop_id` = 64 ) AND ( `member_id` = 48 ) LIMIT 1   [ RunTime:0.000287s ]
SQL: SELECT `img1`,`img2`,`img3`,`img4`,`img5`,`img6`,`content` FROM `ht_card` WHERE ( `id` = 12 ) LIMIT 1   [ RunTime:0.000296s ]
SQL: SELECT `id`,`title`,`star`,`fans_num` FROM `ht_shop` WHERE ( `member_id` = 65 ) LIMIT 1   [ RunTime:0.000284s ]
SQL: SELECT * FROM `ht_shop_fans` WHERE ( `shop_id` = 64 ) AND ( `member_id` = 48 ) LIMIT 1   [ RunTime:0.000301s ]
SQL: SELECT `img1`,`img2`,`img3`,`img4`,`img5`,`img6`,`content` FROM `ht_coupon` WHERE ( `id` = 68 ) LIMIT 1   [ RunTime:0.000329s ]
SQL: SELECT `id`,`title`,`star`,`fans_num` FROM `ht_shop` WHERE ( `member_id` = 65 ) LIMIT 1   [ RunTime:0.000319s ]
SQL: SELECT * FROM `ht_shop_fans` WHERE ( `shop_id` = 64 ) AND ( `member_id` = 48 ) LIMIT 1   [ RunTime:0.000310s ]
SQL: SELECT `img1`,`img2`,`img3`,`img4`,`img5`,`img6`,`content` FROM `ht_coupon` WHERE ( `id` = 67 ) LIMIT 1   [ RunTime:0.000377s ]
SQL: SELECT `id`,`title`,`star`,`fans_num` FROM `ht_shop` WHERE ( `member_id` = 40 ) LIMIT 1   [ RunTime:0.000289s ]
SQL: SELECT * FROM `ht_shop_fans` WHERE ( `shop_id` = 53 ) AND ( `member_id` = 48 ) LIMIT 1   [ RunTime:0.000532s ]
SQL: SHOW COLUMNS FROM `ht_call` [ RunTime:0.001457s ]
SQL: SELECT `img1`,`img2`,`img3`,`img4`,`img5`,`img6`,`content` FROM `ht_call` WHERE ( `id` = 50 ) LIMIT 1   [ RunTime:0.000292s ]
SQL: SELECT `id`,`title`,`star`,`fans_num` FROM `ht_shop` WHERE ( `member_id` = 40 ) LIMIT 1   [ RunTime:0.000216s ]
SQL: SELECT * FROM `ht_shop_fans` WHERE ( `shop_id` = 53 ) AND ( `member_id` = 48 ) LIMIT 1   [ RunTime:0.000287s ]
SQL: SELECT `img1`,`img2`,`img3`,`img4`,`img5`,`img6`,`content` FROM `ht_call` WHERE ( `id` = 49 ) LIMIT 1   [ RunTime:0.000220s ]
SQL: SELECT `id`,`title`,`star`,`fans_num` FROM `ht_shop` WHERE ( `member_id` = 40 ) LIMIT 1   [ RunTime:0.000251s ]
SQL: SELECT * FROM `ht_shop_fans` WHERE ( `shop_id` = 53 ) AND ( `member_id` = 48 ) LIMIT 1   [ RunTime:0.000299s ]
SQL: SELECT `img1`,`img2`,`img3`,`img4`,`img5`,`img6`,`content` FROM `ht_call` WHERE ( `id` = 48 ) LIMIT 1   [ RunTime:0.000199s ]
SQL: SELECT `id`,`title`,`star`,`fans_num` FROM `ht_shop` WHERE ( `member_id` = 48 ) LIMIT 1   [ RunTime:0.000268s ]
SQL: SELECT * FROM `ht_shop_fans` WHERE ( `shop_id` = 54 ) AND ( `member_id` = 48 ) LIMIT 1   [ RunTime:0.000208s ]
SQL: SELECT `img1`,`img2`,`img3`,`img4`,`img5`,`img6`,`content` FROM `ht_activity` WHERE ( `id` = 25 ) LIMIT 1   [ RunTime:0.000246s ]
SQL: SELECT `id`,`title`,`star`,`fans_num` FROM `ht_shop` WHERE ( `member_id` = 48 ) LIMIT 1   [ RunTime:0.000298s ]
SQL: SELECT * FROM `ht_shop_fans` WHERE ( `shop_id` = 54 ) AND ( `member_id` = 48 ) LIMIT 1   [ RunTime:0.000278s ]
SQL: SELECT `img1`,`img2`,`img3`,`img4`,`img5`,`img6`,`content` FROM `ht_card` WHERE ( `id` = 11 ) LIMIT 1   [ RunTime:0.000289s ]
SQL: SELECT `id`,`title`,`star`,`fans_num` FROM `ht_shop` WHERE ( `member_id` = 48 ) LIMIT 1   [ RunTime:0.000278s ]
SQL: SELECT * FROM `ht_shop_fans` WHERE ( `shop_id` = 54 ) AND ( `member_id` = 48 ) LIMIT 1   [ RunTime:0.000209s ]
SQL: SELECT `img1`,`img2`,`img3`,`img4`,`img5`,`img6`,`content` FROM `ht_coupon` WHERE ( `id` = 66 ) LIMIT 1   [ RunTime:0.000209s ]
SQL: SELECT `id`,`title`,`star`,`fans_num` FROM `ht_shop` WHERE ( `member_id` = 48 ) LIMIT 1   [ RunTime:0.000185s ]
SQL: SELECT * FROM `ht_shop_fans` WHERE ( `shop_id` = 54 ) AND ( `member_id` = 48 ) LIMIT 1   [ RunTime:0.000198s ]
SQL: SELECT `img1`,`img2`,`img3`,`img4`,`img5`,`img6`,`content` FROM `ht_call` WHERE ( `id` = 47 ) LIMIT 1   [ RunTime:0.000194s ]
SQL: SELECT `id`,`title`,`star`,`fans_num` FROM `ht_shop` WHERE ( `member_id` = 48 ) LIMIT 1   [ RunTime:0.000197s ]
SQL: SELECT * FROM `ht_shop_fans` WHERE ( `shop_id` = 54 ) AND ( `member_id` = 48 ) LIMIT 1   [ RunTime:0.000189s ]
SQL: SELECT `img1`,`img2`,`img3`,`img4`,`img5`,`img6`,`content` FROM `ht_call` WHERE ( `id` = 46 ) LIMIT 1   [ RunTime:0.000195s ]
SQL: SELECT `id`,`title`,`star`,`fans_num` FROM `ht_shop` WHERE ( `member_id` = 40 ) LIMIT 1   [ RunTime:0.000188s ]
SQL: SELECT * FROM `ht_shop_fans` WHERE ( `shop_id` = 53 ) AND ( `member_id` = 48 ) LIMIT 1   [ RunTime:0.000188s ]
SQL: SELECT `img1`,`img2`,`img3`,`img4`,`img5`,`img6`,`content` FROM `ht_call` WHERE ( `id` = 45 ) LIMIT 1   [ RunTime:0.000202s ]
SQL: SELECT `id`,`title`,`star`,`fans_num` FROM `ht_shop` WHERE ( `member_id` = 40 ) LIMIT 1   [ RunTime:0.000189s ]
SQL: SELECT * FROM `ht_shop_fans` WHERE ( `shop_id` = 53 ) AND ( `member_id` = 48 ) LIMIT 1   [ RunTime:0.000189s ]

[ 2015-08-22T06:54:11+08:00 ] 172.16.100.11 /?c=Api&a=getMyServiceList&partent=ht&key=ht
INFO: [ app_init ] --START--
INFO: Run Behavior\BuildLiteBehavior [ RunTime:0.000022s ]
INFO: [ app_init ] --END-- [ RunTime:0.000456s ]
INFO: [ app_begin ] --START--
INFO: Run Behavior\ReadHtmlCacheBehavior [ RunTime:0.000569s ]
INFO: [ app_begin ] --END-- [ RunTime:0.000666s ]
SQL: SHOW COLUMNS FROM `ht_shop_service` [ RunTime:0.001373s ]
SQL: SELECT * FROM `ht_shop_service` WHERE ( `member_id` = 48 ) ORDER BY id desc LIMIT 0,20   [ RunTime:0.000771s ]
SQL: SHOW COLUMNS FROM `ht_call` [ RunTime:0.001408s ]
SQL: SELECT `content`,`img1` FROM `ht_call` WHERE ( `id` = 48 ) LIMIT 1   [ RunTime:0.000589s ]
SQL: SHOW COLUMNS FROM `ht_activity` [ RunTime:0.001469s ]
SQL: SELECT `content`,`img1` FROM `ht_activity` WHERE ( `id` = 25 ) LIMIT 1   [ RunTime:0.000466s ]
SQL: SHOW COLUMNS FROM `ht_card` [ RunTime:0.001523s ]
SQL: SELECT `content`,`img1` FROM `ht_card` WHERE ( `id` = 11 ) LIMIT 1   [ RunTime:0.000515s ]
SQL: SHOW COLUMNS FROM `ht_coupon` [ RunTime:0.001689s ]
SQL: SELECT `content`,`img1` FROM `ht_coupon` WHERE ( `id` = 66 ) LIMIT 1   [ RunTime:0.000574s ]
SQL: SELECT `content`,`img1` FROM `ht_call` WHERE ( `id` = 47 ) LIMIT 1   [ RunTime:0.000565s ]
SQL: SELECT `content`,`img1` FROM `ht_call` WHERE ( `id` = 25 ) LIMIT 1   [ RunTime:0.000566s ]
SQL: SELECT `content`,`img1` FROM `ht_call` WHERE ( `id` = 24 ) LIMIT 1   [ RunTime:0.000567s ]
SQL: SELECT `content`,`img1` FROM `ht_call` WHERE ( `id` = 23 ) LIMIT 1   [ RunTime:0.000354s ]
SQL: SELECT `content`,`img1` FROM `ht_coupon` WHERE ( `id` = 60 ) LIMIT 1   [ RunTime:0.000336s ]

[ 2015-08-22T06:54:53+08:00 ] 172.16.100.11 /?c=Api&a=getHomeTypeList&partent=ht&key=ht&city_id=12
INFO: [ app_init ] --START--
INFO: Run Behavior\BuildLiteBehavior [ RunTime:0.000023s ]
INFO: [ app_init ] --END-- [ RunTime:0.000473s ]
INFO: [ app_begin ] --START--
INFO: Run Behavior\ReadHtmlCacheBehavior [ RunTime:0.000579s ]
INFO: [ app_begin ] --END-- [ RunTime:0.000676s ]
SQL: SHOW COLUMNS FROM `ht_home_class` [ RunTime:0.001203s ]
SQL: SELECT * FROM `ht_home_class` WHERE ( `city_id` = 12 ) AND ( `is_hidden` = 0 ) ORDER BY order_num asc,id desc  [ RunTime:0.000240s ]

[ 2015-08-22T06:57:05+08:00 ] 172.16.100.11 /?c=Api&a=getHomeTypeList&partent=ht&key=ht&city_id=12
INFO: [ app_init ] --START--
INFO: Run Behavior\BuildLiteBehavior [ RunTime:0.000023s ]
INFO: [ app_init ] --END-- [ RunTime:0.000472s ]
INFO: [ app_begin ] --START--
INFO: Run Behavior\ReadHtmlCacheBehavior [ RunTime:0.000589s ]
INFO: [ app_begin ] --END-- [ RunTime:0.000688s ]
SQL: SHOW COLUMNS FROM `ht_home_class` [ RunTime:0.001102s ]
SQL: SELECT * FROM `ht_home_class` WHERE ( `city_id` = 12 ) AND ( `is_hidden` = 0 ) ORDER BY order_num asc,id desc  [ RunTime:0.000292s ]

[ 2015-08-22T06:58:19+08:00 ] 172.16.100.11 /?c=Api&a=getHomeTypeList&partent=ht&key=ht&city_id=12
INFO: [ app_init ] --START--
INFO: Run Behavior\BuildLiteBehavior [ RunTime:0.000024s ]
INFO: [ app_init ] --END-- [ RunTime:0.000464s ]
INFO: [ app_begin ] --START--
INFO: Run Behavior\ReadHtmlCacheBehavior [ RunTime:0.000571s ]
INFO: [ app_begin ] --END-- [ RunTime:0.000671s ]
SQL: SHOW COLUMNS FROM `ht_home_class` [ RunTime:0.000943s ]
SQL: SELECT * FROM `ht_home_class` WHERE ( `city_id` = 12 ) AND ( `is_hidden` = 0 ) ORDER BY order_num asc,id desc  [ RunTime:0.000284s ]

[ 2015-08-22T07:00:34+08:00 ] 172.16.100.11 /?c=Api&a=getHomeTypeList&partent=ht&key=ht&city_id=12
INFO: [ app_init ] --START--
INFO: Run Behavior\BuildLiteBehavior [ RunTime:0.000025s ]
INFO: [ app_init ] --END-- [ RunTime:0.000487s ]
INFO: [ app_begin ] --START--
INFO: Run Behavior\ReadHtmlCacheBehavior [ RunTime:0.000595s ]
INFO: [ app_begin ] --END-- [ RunTime:0.000694s ]
SQL: SHOW COLUMNS FROM `ht_home_class` [ RunTime:0.001165s ]
SQL: SELECT * FROM `ht_home_class` WHERE ( `city_id` = 12 ) AND ( `is_hidden` = 0 ) ORDER BY order_num asc,id desc  [ RunTime:0.000231s ]

[ 2015-08-22T07:01:49+08:00 ] 172.16.100.11 /?c=Api&a=getHomeTypeList&partent=ht&key=ht&city_id=12
INFO: [ app_init ] --START--
INFO: Run Behavior\BuildLiteBehavior [ RunTime:0.000023s ]
INFO: [ app_init ] --END-- [ RunTime:0.000456s ]
INFO: [ app_begin ] --START--
INFO: Run Behavior\ReadHtmlCacheBehavior [ RunTime:0.000566s ]
INFO: [ app_begin ] --END-- [ RunTime:0.000665s ]
SQL: SHOW COLUMNS FROM `ht_home_class` [ RunTime:0.001215s ]
SQL: SELECT * FROM `ht_home_class` WHERE ( `city_id` = 12 ) AND ( `is_hidden` = 0 ) ORDER BY order_num asc,id desc  [ RunTime:0.000315s ]

[ 2015-08-22T07:03:52+08:00 ] 172.16.100.11 /?c=Api&a=getHomeTypeList&partent=ht&key=ht&city_id=12
INFO: [ app_init ] --START--
INFO: Run Behavior\BuildLiteBehavior [ RunTime:0.000022s ]
INFO: [ app_init ] --END-- [ RunTime:0.000458s ]
INFO: [ app_begin ] --START--
INFO: Run Behavior\ReadHtmlCacheBehavior [ RunTime:0.000568s ]
INFO: [ app_begin ] --END-- [ RunTime:0.000669s ]
SQL: SHOW COLUMNS FROM `ht_home_class` [ RunTime:0.001117s ]
SQL: SELECT * FROM `ht_home_class` WHERE ( `city_id` = 12 ) AND ( `is_hidden` = 0 ) ORDER BY order_num asc,id desc  [ RunTime:0.000246s ]

[ 2015-08-22T07:04:52+08:00 ] 172.16.100.11 /?c=Api&a=getHomeTypeList&partent=ht&key=ht&city_id=12
INFO: [ app_init ] --START--
INFO: Run Behavior\BuildLiteBehavior [ RunTime:0.000023s ]
INFO: [ app_init ] --END-- [ RunTime:0.000473s ]
INFO: [ app_begin ] --START--
INFO: Run Behavior\ReadHtmlCacheBehavior [ RunTime:0.000586s ]
INFO: [ app_begin ] --END-- [ RunTime:0.000683s ]
SQL: SHOW COLUMNS FROM `ht_home_class` [ RunTime:0.001138s ]
SQL: SELECT * FROM `ht_home_class` WHERE ( `city_id` = 12 ) AND ( `is_hidden` = 0 ) ORDER BY order_num asc,id desc  [ RunTime:0.000322s ]

[ 2015-08-22T07:05:53+08:00 ] 172.16.100.11 /?c=Api&a=getHomeTypeList&partent=ht&key=ht&city_id=12
INFO: [ app_init ] --START--
INFO: Run Behavior\BuildLiteBehavior [ RunTime:0.000023s ]
INFO: [ app_init ] --END-- [ RunTime:0.000468s ]
INFO: [ app_begin ] --START--
INFO: Run Behavior\ReadHtmlCacheBehavior [ RunTime:0.000580s ]
INFO: [ app_begin ] --END-- [ RunTime:0.000680s ]
SQL: SHOW COLUMNS FROM `ht_home_class` [ RunTime:0.001191s ]
SQL: SELECT * FROM `ht_home_class` WHERE ( `city_id` = 12 ) AND ( `is_hidden` = 0 ) ORDER BY order_num asc,id desc  [ RunTime:0.000241s ]

[ 2015-08-22T07:06:53+08:00 ] 172.16.100.11 /?c=Api&a=getHomeTypeList&partent=ht&key=ht&city_id=12
INFO: [ app_init ] --START--
INFO: Run Behavior\BuildLiteBehavior [ RunTime:0.000024s ]
INFO: [ app_init ] --END-- [ RunTime:0.000476s ]
INFO: [ app_begin ] --START--
INFO: Run Behavior\ReadHtmlCacheBehavior [ RunTime:0.000587s ]
INFO: [ app_begin ] --END-- [ RunTime:0.000685s ]
SQL: SHOW COLUMNS FROM `ht_home_class` [ RunTime:0.001179s ]
SQL: SELECT * FROM `ht_home_class` WHERE ( `city_id` = 12 ) AND ( `is_hidden` = 0 ) ORDER BY order_num asc,id desc  [ RunTime:0.000303s ]

[ 2015-08-22T07:07:55+08:00 ] 172.16.100.11 /?c=Api&a=getHomeTypeList&partent=ht&key=ht&city_id=12
INFO: [ app_init ] --START--
INFO: Run Behavior\BuildLiteBehavior [ RunTime:0.000022s ]
INFO: [ app_init ] --END-- [ RunTime:0.000467s ]
INFO: [ app_begin ] --START--
INFO: Run Behavior\ReadHtmlCacheBehavior [ RunTime:0.000589s ]
INFO: [ app_begin ] --END-- [ RunTime:0.000687s ]
SQL: SHOW COLUMNS FROM `ht_home_class` [ RunTime:0.001193s ]
SQL: SELECT * FROM `ht_home_class` WHERE ( `city_id` = 12 ) AND ( `is_hidden` = 0 ) ORDER BY order_num asc,id desc  [ RunTime:0.000268s ]

[ 2015-08-22T07:12:52+08:00 ] 172.16.100.11 /?c=Api&a=getHomeTypeList&partent=ht&key=ht&city_id=12
INFO: [ app_init ] --START--
INFO: Run Behavior\BuildLiteBehavior [ RunTime:0.000033s ]
INFO: [ app_init ] --END-- [ RunTime:0.000464s ]
INFO: [ app_begin ] --START--
INFO: Run Behavior\ReadHtmlCacheBehavior [ RunTime:0.000595s ]
INFO: [ app_begin ] --END-- [ RunTime:0.000692s ]
SQL: SHOW COLUMNS FROM `ht_home_class` [ RunTime:0.001137s ]
SQL: SELECT * FROM `ht_home_class` WHERE ( `city_id` = 12 ) AND ( `is_hidden` = 0 ) ORDER BY order_num asc,id desc  [ RunTime:0.000232s ]

[ 2015-08-22T07:13:56+08:00 ] 172.16.100.11 /?c=Api&a=getHomeTypeList&partent=ht&key=ht&city_id=12
INFO: [ app_init ] --START--
INFO: Run Behavior\BuildLiteBehavior [ RunTime:0.000022s ]
INFO: [ app_init ] --END-- [ RunTime:0.000465s ]
INFO: [ app_begin ] --START--
INFO: Run Behavior\ReadHtmlCacheBehavior [ RunTime:0.000587s ]
INFO: [ app_begin ] --END-- [ RunTime:0.000686s ]
SQL: SHOW COLUMNS FROM `ht_home_class` [ RunTime:0.001187s ]
SQL: SELECT * FROM `ht_home_class` WHERE ( `city_id` = 12 ) AND ( `is_hidden` = 0 ) ORDER BY order_num asc,id desc  [ RunTime:0.000232s ]

[ 2015-08-22T07:22:10+08:00 ] 172.16.100.11 /?c=Api&a=getHomeTypeList&partent=ht&key=ht&city_id=12
INFO: [ app_init ] --START--
INFO: Run Behavior\BuildLiteBehavior [ RunTime:0.000022s ]
INFO: [ app_init ] --END-- [ RunTime:0.000452s ]
INFO: [ app_begin ] --START--
INFO: Run Behavior\ReadHtmlCacheBehavior [ RunTime:0.000572s ]
INFO: [ app_begin ] --END-- [ RunTime:0.000690s ]
SQL: SHOW COLUMNS FROM `ht_home_class` [ RunTime:0.001216s ]
SQL: SELECT * FROM `ht_home_class` WHERE ( `city_id` = 12 ) AND ( `is_hidden` = 0 ) ORDER BY order_num asc,id desc  [ RunTime:0.000319s ]

[ 2015-08-22T07:27:43+08:00 ] 172.16.100.11 /?c=Api&a=getHomeTypeList&partent=ht&key=ht&city_id=12
INFO: [ app_init ] --START--
INFO: Run Behavior\BuildLiteBehavior [ RunTime:0.000023s ]
INFO: [ app_init ] --END-- [ RunTime:0.000479s ]
INFO: [ app_begin ] --START--
INFO: Run Behavior\ReadHtmlCacheBehavior [ RunTime:0.000586s ]
INFO: [ app_begin ] --END-- [ RunTime:0.000686s ]
SQL: SHOW COLUMNS FROM `ht_home_class` [ RunTime:0.001201s ]
SQL: SELECT * FROM `ht_home_class` WHERE ( `city_id` = 12 ) AND ( `is_hidden` = 0 ) ORDER BY order_num asc,id desc  [ RunTime:0.000233s ]

[ 2015-08-22T08:16:41+08:00 ] 172.16.100.11 /robots.txt
INFO: [ app_init ] --START--
INFO: Run Behavior\BuildLiteBehavior [ RunTime:0.000022s ]
INFO: [ app_init ] --END-- [ RunTime:0.000453s ]
INFO: [ app_begin ] --START--
INFO: Run Behavior\ReadHtmlCacheBehavior [ RunTime:0.000577s ]
INFO: [ app_begin ] --END-- [ RunTime:0.000676s ]
INFO: [ view_parse ] --START--
INFO: [ template_filter ] --START--
INFO: Run Behavior\ContentReplaceBehavior [ RunTime:0.000072s ]
INFO: [ template_filter ] --END-- [ RunTime:0.000169s ]
INFO: Run Behavior\ParseTemplateBehavior [ RunTime:0.007984s ]
INFO: [ view_parse ] --END-- [ RunTime:0.008083s ]
INFO: [ view_filter ] --START--
INFO: Run Behavior\WriteHtmlCacheBehavior [ RunTime:0.000194s ]
INFO: [ view_filter ] --END-- [ RunTime:0.000274s ]

[ 2015-08-22T08:19:07+08:00 ] 172.16.100.11 /index.php?app=search&cate_id=276
INFO: [ app_init ] --START--
INFO: Run Behavior\BuildLiteBehavior [ RunTime:0.000022s ]
INFO: [ app_init ] --END-- [ RunTime:0.000466s ]
INFO: [ app_begin ] --START--
INFO: Run Behavior\ReadHtmlCacheBehavior [ RunTime:0.000584s ]
INFO: [ app_begin ] --END-- [ RunTime:0.000684s ]
INFO: [ view_parse ] --START--
INFO: [ template_filter ] --START--
INFO: Run Behavior\ContentReplaceBehavior [ RunTime:0.000072s ]
INFO: [ template_filter ] --END-- [ RunTime:0.000171s ]
INFO: Run Behavior\ParseTemplateBehavior [ RunTime:0.007974s ]
INFO: [ view_parse ] --END-- [ RunTime:0.008072s ]
INFO: [ view_filter ] --START--
INFO: Run Behavior\WriteHtmlCacheBehavior [ RunTime:0.000184s ]
INFO: [ view_filter ] --END-- [ RunTime:0.000267s ]

[ 2015-08-22T08:20:07+08:00 ] 172.16.100.11 /?c=Api&a=getHomeTypeList&partent=ht&key=ht&city_id=12
INFO: [ app_init ] --START--
INFO: Run Behavior\BuildLiteBehavior [ RunTime:0.000024s ]
INFO: [ app_init ] --END-- [ RunTime:0.000477s ]
INFO: [ app_begin ] --START--
INFO: Run Behavior\ReadHtmlCacheBehavior [ RunTime:0.000581s ]
INFO: [ app_begin ] --END-- [ RunTime:0.000681s ]
SQL: SHOW COLUMNS FROM `ht_home_class` [ RunTime:0.001186s ]
SQL: SELECT * FROM `ht_home_class` WHERE ( `city_id` = 12 ) AND ( `is_hidden` = 0 ) ORDER BY order_num asc,id desc  [ RunTime:0.000311s ]

[ 2015-08-22T08:26:55+08:00 ] 172.16.100.11 /?c=Api&a=getHomeTypeList&partent=ht&key=ht&city_id=12
INFO: [ app_init ] --START--
INFO: Run Behavior\BuildLiteBehavior [ RunTime:0.000022s ]
INFO: [ app_init ] --END-- [ RunTime:0.000454s ]
INFO: [ app_begin ] --START--
INFO: Run Behavior\ReadHtmlCacheBehavior [ RunTime:0.000567s ]
INFO: [ app_begin ] --END-- [ RunTime:0.000666s ]
SQL: SHOW COLUMNS FROM `ht_home_class` [ RunTime:0.001139s ]
SQL: SELECT * FROM `ht_home_class` WHERE ( `city_id` = 12 ) AND ( `is_hidden` = 0 ) ORDER BY order_num asc,id desc  [ RunTime:0.000246s ]

[ 2015-08-22T08:32:00+08:00 ] 172.16.100.11 /?c=Api&a=getHomeTypeList&partent=ht&key=ht&city_id=12
INFO: [ app_init ] --START--
INFO: Run Behavior\BuildLiteBehavior [ RunTime:0.000024s ]
INFO: [ app_init ] --END-- [ RunTime:0.000469s ]
INFO: [ app_begin ] --START--
INFO: Run Behavior\ReadHtmlCacheBehavior [ RunTime:0.000591s ]
INFO: [ app_begin ] --END-- [ RunTime:0.000687s ]
SQL: SHOW COLUMNS FROM `ht_home_class` [ RunTime:0.001147s ]
SQL: SELECT * FROM `ht_home_class` WHERE ( `city_id` = 12 ) AND ( `is_hidden` = 0 ) ORDER BY order_num asc,id desc  [ RunTime:0.000230s ]

[ 2015-08-22T08:39:25+08:00 ] 172.16.100.11 /?c=Api&a=getHomeTypeList&partent=ht&key=ht&city_id=12
INFO: [ app_init ] --START--
INFO: Run Behavior\BuildLiteBehavior [ RunTime:0.000023s ]
INFO: [ app_init ] --END-- [ RunTime:0.000467s ]
INFO: [ app_begin ] --START--
INFO: Run Behavior\ReadHtmlCacheBehavior [ RunTime:0.000592s ]
INFO: [ app_begin ] --END-- [ RunTime:0.000690s ]
SQL: SHOW COLUMNS FROM `ht_home_class` [ RunTime:0.001202s ]
SQL: SELECT * FROM `ht_home_class` WHERE ( `city_id` = 12 ) AND ( `is_hidden` = 0 ) ORDER BY order_num asc,id desc  [ RunTime:0.000339s ]

[ 2015-08-22T08:42:41+08:00 ] 172.16.100.11 /?c=Api&a=getHomeTypeList&partent=ht&key=ht&city_id=12
INFO: [ app_init ] --START--
INFO: Run Behavior\BuildLiteBehavior [ RunTime:0.000023s ]
INFO: [ app_init ] --END-- [ RunTime:0.000472s ]
INFO: [ app_begin ] --START--
INFO: Run Behavior\ReadHtmlCacheBehavior [ RunTime:0.000584s ]
INFO: [ app_begin ] --END-- [ RunTime:0.000682s ]
SQL: SHOW COLUMNS FROM `ht_home_class` [ RunTime:0.001100s ]
SQL: SELECT * FROM `ht_home_class` WHERE ( `city_id` = 12 ) AND ( `is_hidden` = 0 ) ORDER BY order_num asc,id desc  [ RunTime:0.000234s ]

[ 2015-08-22T08:47:02+08:00 ] 172.16.100.11 /?c=Api&a=getHomeTypeList&partent=ht&key=ht&city_id=12
INFO: [ app_init ] --START--
INFO: Run Behavior\BuildLiteBehavior [ RunTime:0.000023s ]
INFO: [ app_init ] --END-- [ RunTime:0.000454s ]
INFO: [ app_begin ] --START--
INFO: Run Behavior\ReadHtmlCacheBehavior [ RunTime:0.000589s ]
INFO: [ app_begin ] --END-- [ RunTime:0.000686s ]
SQL: SHOW COLUMNS FROM `ht_home_class` [ RunTime:0.001160s ]
SQL: SELECT * FROM `ht_home_class` WHERE ( `city_id` = 12 ) AND ( `is_hidden` = 0 ) ORDER BY order_num asc,id desc  [ RunTime:0.000230s ]

[ 2015-08-22T08:54:26+08:00 ] 172.16.100.11 /?c=Api&a=getHomeTypeList&partent=ht&key=ht&city_id=12
INFO: [ app_init ] --START--
INFO: Run Behavior\BuildLiteBehavior [ RunTime:0.000023s ]
INFO: [ app_init ] --END-- [ RunTime:0.000475s ]
INFO: [ app_begin ] --START--
INFO: Run Behavior\ReadHtmlCacheBehavior [ RunTime:0.000578s ]
INFO: [ app_begin ] --END-- [ RunTime:0.000679s ]
SQL: SHOW COLUMNS FROM `ht_home_class` [ RunTime:0.001167s ]
SQL: SELECT * FROM `ht_home_class` WHERE ( `city_id` = 12 ) AND ( `is_hidden` = 0 ) ORDER BY order_num asc,id desc  [ RunTime:0.000231s ]

[ 2015-08-22T09:04:27+08:00 ] 172.16.100.11 /?c=Api&a=getHomeTypeList&partent=ht&key=ht&city_id=12
INFO: [ app_init ] --START--
INFO: Run Behavior\BuildLiteBehavior [ RunTime:0.000023s ]
INFO: [ app_init ] --END-- [ RunTime:0.000472s ]
INFO: [ app_begin ] --START--
INFO: Run Behavior\ReadHtmlCacheBehavior [ RunTime:0.000583s ]
INFO: [ app_begin ] --END-- [ RunTime:0.000680s ]
SQL: SHOW COLUMNS FROM `ht_home_class` [ RunTime:0.001144s ]
SQL: SELECT * FROM `ht_home_class` WHERE ( `city_id` = 12 ) AND ( `is_hidden` = 0 ) ORDER BY order_num asc,id desc  [ RunTime:0.000306s ]

[ 2015-08-22T09:09:57+08:00 ] 172.16.100.11 /?c=Api&a=getHomeTypeList&partent=ht&key=ht&city_id=12
INFO: [ app_init ] --START--
INFO: Run Behavior\BuildLiteBehavior [ RunTime:0.000023s ]
INFO: [ app_init ] --END-- [ RunTime:0.000456s ]
INFO: [ app_begin ] --START--
INFO: Run Behavior\ReadHtmlCacheBehavior [ RunTime:0.000563s ]
INFO: [ app_begin ] --END-- [ RunTime:0.000663s ]
SQL: SHOW COLUMNS FROM `ht_home_class` [ RunTime:0.001189s ]
SQL: SELECT * FROM `ht_home_class` WHERE ( `city_id` = 12 ) AND ( `is_hidden` = 0 ) ORDER BY order_num asc,id desc  [ RunTime:0.000240s ]

[ 2015-08-22T11:10:23+08:00 ] 172.16.100.11 /?c=Login
INFO: [ app_init ] --START--
INFO: Run Behavior\BuildLiteBehavior [ RunTime:0.000023s ]
INFO: [ app_init ] --END-- [ RunTime:0.000477s ]
INFO: [ app_begin ] --START--
INFO: Run Behavior\ReadHtmlCacheBehavior [ RunTime:0.000586s ]
INFO: [ app_begin ] --END-- [ RunTime:0.000685s ]
INFO: [ view_parse ] --START--
INFO: [ template_filter ] --START--
INFO: Run Behavior\ContentReplaceBehavior [ RunTime:0.000089s ]
INFO: [ template_filter ] --END-- [ RunTime:0.000189s ]
INFO: Run Behavior\ParseTemplateBehavior [ RunTime:0.007778s ]
INFO: [ view_parse ] --END-- [ RunTime:0.007874s ]
INFO: [ view_filter ] --START--
INFO: Run Behavior\WriteHtmlCacheBehavior [ RunTime:0.000185s ]
INFO: [ view_filter ] --END-- [ RunTime:0.000265s ]
INFO: [ app_end ] --START--
INFO: Run Behavior\ShowPageTraceBehavior [ RunTime:0.000629s ]
INFO: [ app_end ] --END-- [ RunTime:0.000728s ]

[ 2015-08-22T11:32:01+08:00 ] 172.16.100.11 /?c=Api&a=getAreaList&partent=ht&key=ht
INFO: [ app_init ] --START--
INFO: Run Behavior\BuildLiteBehavior [ RunTime:0.000035s ]
INFO: [ app_init ] --END-- [ RunTime:0.000494s ]
INFO: [ app_begin ] --START--
INFO: Run Behavior\ReadHtmlCacheBehavior [ RunTime:0.000607s ]
INFO: [ app_begin ] --END-- [ RunTime:0.000706s ]
SQL: SHOW COLUMNS FROM `ht_area` [ RunTime:0.000883s ]
SQL: SELECT `id`,`title` FROM `ht_area` WHERE ( c_id=13 )  [ RunTime:0.000252s ]

[ 2015-08-22T11:32:01+08:00 ] 172.16.100.11 /?c=Api&a=getClassifyList&partent=ht&key=ht
INFO: [ app_init ] --START--
INFO: Run Behavior\BuildLiteBehavior [ RunTime:0.000023s ]
INFO: [ app_init ] --END-- [ RunTime:0.000473s ]
INFO: [ app_begin ] --START--
INFO: Run Behavior\ReadHtmlCacheBehavior [ RunTime:0.000581s ]
INFO: [ app_begin ] --END-- [ RunTime:0.000680s ]
SQL: SHOW COLUMNS FROM `ht_classify` [ RunTime:0.000892s ]
SQL: SELECT `id`,`title` FROM `ht_classify` WHERE ( parentid=0 and is_hidden=0 ) ORDER BY order_num asc,id asc  [ RunTime:0.000232s ]

[ 2015-08-22T11:32:01+08:00 ] 172.16.100.11 /?c=Api&a=getHomeRotateList&partent=ht&key=ht&city_id=13
INFO: [ app_init ] --START--
INFO: Run Behavior\BuildLiteBehavior [ RunTime:0.000023s ]
INFO: [ app_init ] --END-- [ RunTime:0.000449s ]
INFO: [ app_begin ] --START--
INFO: Run Behavior\ReadHtmlCacheBehavior [ RunTime:0.000573s ]
INFO: [ app_begin ] --END-- [ RunTime:0.000667s ]
SQL: SHOW COLUMNS FROM `ht_rotate` [ RunTime:0.002189s ]
SQL: SELECT `id`,`type`,`content_id`,`link_url`,`title`,`img` FROM `ht_rotate` WHERE ( `city_id` = 13 ) AND ( `status` = 1 ) ORDER BY order_num asc,id desc  [ RunTime:0.000255s ]

[ 2015-08-22T11:32:01+08:00 ] 172.16.100.11 /?c=Api&a=getHomeCallList&partent=ht&key=ht&city_id=13
INFO: [ app_init ] --START--
INFO: Run Behavior\BuildLiteBehavior [ RunTime:0.000024s ]
INFO: [ app_init ] --END-- [ RunTime:0.000455s ]
INFO: [ app_begin ] --START--
INFO: Run Behavior\ReadHtmlCacheBehavior [ RunTime:0.000575s ]
INFO: [ app_begin ] --END-- [ RunTime:0.000672s ]
SQL: SHOW COLUMNS FROM `ht_shop_service` [ RunTime:0.002170s ]
SQL: SELECT * FROM `ht_shop_service` WHERE ( `city_id` = 13 ) ORDER BY id desc LIMIT 0,20   [ RunTime:0.000695s ]
SQL: SHOW COLUMNS FROM `ht_call` [ RunTime:0.001479s ]
SQL: SELECT `img1`,`img2`,`img3`,`img4`,`img5`,`img6`,`content` FROM `ht_call` WHERE ( `id` = 22 ) LIMIT 1   [ RunTime:0.000334s ]
SQL: SHOW COLUMNS FROM `ht_shop` [ RunTime:0.002419s ]
SQL: SELECT `id`,`title`,`star`,`fans_num` FROM `ht_shop` WHERE ( `member_id` = 40 ) LIMIT 1   [ RunTime:0.000282s ]
SQL: SHOW COLUMNS FROM `ht_shop_fans` [ RunTime:0.000874s ]
SQL: SELECT * FROM `ht_shop_fans` WHERE ( `shop_id` = 53 ) AND ( `member_id` = 0 ) LIMIT 1   [ RunTime:0.000212s ]
SQL: SHOW COLUMNS FROM `ht_card` [ RunTime:0.001496s ]
SQL: SELECT `img1`,`img2`,`img3`,`img4`,`img5`,`img6`,`content` FROM `ht_card` WHERE ( `id` = 1 ) LIMIT 1   [ RunTime:0.001843s ]
SQL: SELECT `id`,`title`,`star`,`fans_num` FROM `ht_shop` WHERE ( `member_id` = 1 ) LIMIT 1   [ RunTime:0.000866s ]
SQL: SELECT * FROM `ht_shop_fans` WHERE ( `shop_id` = 1 ) AND ( `member_id` = 0 ) LIMIT 1   [ RunTime:0.000958s ]
SQL: SHOW COLUMNS FROM `ht_coupon` [ RunTime:0.003070s ]
SQL: SELECT `img1`,`img2`,`img3`,`img4`,`img5`,`img6`,`content` FROM `ht_coupon` WHERE ( `id` = 45 ) LIMIT 1   [ RunTime:0.002257s ]
SQL: SELECT `id`,`title`,`star`,`fans_num` FROM `ht_shop` WHERE ( `member_id` = 1 ) LIMIT 1   [ RunTime:0.000210s ]
SQL: SELECT * FROM `ht_shop_fans` WHERE ( `shop_id` = 1 ) AND ( `member_id` = 0 ) LIMIT 1   [ RunTime:0.000200s ]

[ 2015-08-22T11:32:08+08:00 ] 172.16.100.11 /?c=Api&a=getFollowShopList&partent=ht&key=ht&city_id=13&member_id=44
INFO: [ app_init ] --START--
INFO: Run Behavior\BuildLiteBehavior [ RunTime:0.000023s ]
INFO: [ app_init ] --END-- [ RunTime:0.000463s ]
INFO: [ app_begin ] --START--
INFO: Run Behavior\ReadHtmlCacheBehavior [ RunTime:0.000578s ]
INFO: [ app_begin ] --END-- [ RunTime:0.000675s ]
SQL: SHOW COLUMNS FROM `ht_shop_fans` [ RunTime:0.001204s ]
SQL: SELECT `to_member_id` FROM `ht_shop_fans` WHERE ( `member_id` = 44 )  [ RunTime:0.000499s ]
SQL: SHOW COLUMNS FROM `ht_shop_service` [ RunTime:0.001309s ]
SQL: SELECT `id`,`member_id`,`service_id`,`title`,`type`,`collection_num`,`zan_num`,`comment_num`,`addtime` FROM `ht_shop_service` WHERE ( `member_id` IN ('40','48','3') ) ORDER BY id desc  [ RunTime:0.000886s ]
SQL: SHOW COLUMNS FROM `ht_coupon` [ RunTime:0.002482s ]
SQL: SELECT `img1`,`content` FROM `ht_coupon` WHERE ( `id` = 67 ) LIMIT 1   [ RunTime:0.000289s ]
SQL: SHOW COLUMNS FROM `ht_shop` [ RunTime:0.003936s ]
SQL: SELECT `id`,`title`,`star`,`fans_num` FROM `ht_shop` WHERE ( `member_id` = 40 ) LIMIT 1   [ RunTime:0.000300s ]
SQL: SHOW COLUMNS FROM `ht_call` [ RunTime:0.002357s ]
SQL: SELECT `img1`,`content` FROM `ht_call` WHERE ( `id` = 50 ) LIMIT 1   [ RunTime:0.000220s ]
SQL: SELECT `id`,`title`,`star`,`fans_num` FROM `ht_shop` WHERE ( `member_id` = 40 ) LIMIT 1   [ RunTime:0.000231s ]
SQL: SELECT `img1`,`content` FROM `ht_call` WHERE ( `id` = 49 ) LIMIT 1   [ RunTime:0.000213s ]
SQL: SELECT `id`,`title`,`star`,`fans_num` FROM `ht_shop` WHERE ( `member_id` = 40 ) LIMIT 1   [ RunTime:0.000218s ]
SQL: SELECT `img1`,`content` FROM `ht_call` WHERE ( `id` = 48 ) LIMIT 1   [ RunTime:0.000215s ]
SQL: SELECT `id`,`title`,`star`,`fans_num` FROM `ht_shop` WHERE ( `member_id` = 48 ) LIMIT 1   [ RunTime:0.000227s ]
SQL: SHOW COLUMNS FROM `ht_activity` [ RunTime:0.001871s ]
SQL: SELECT `img1`,`content` FROM `ht_activity` WHERE ( `id` = 25 ) LIMIT 1   [ RunTime:0.000213s ]
SQL: SELECT `id`,`title`,`star`,`fans_num` FROM `ht_shop` WHERE ( `member_id` = 48 ) LIMIT 1   [ RunTime:0.000232s ]
SQL: SHOW COLUMNS FROM `ht_card` [ RunTime:0.001884s ]
SQL: SELECT `img1`,`content` FROM `ht_card` WHERE ( `id` = 11 ) LIMIT 1   [ RunTime:0.000214s ]
SQL: SELECT `id`,`title`,`star`,`fans_num` FROM `ht_shop` WHERE ( `member_id` = 48 ) LIMIT 1   [ RunTime:0.000238s ]
SQL: SELECT `img1`,`content` FROM `ht_coupon` WHERE ( `id` = 66 ) LIMIT 1   [ RunTime:0.000238s ]
SQL: SELECT `id`,`title`,`star`,`fans_num` FROM `ht_shop` WHERE ( `member_id` = 48 ) LIMIT 1   [ RunTime:0.000315s ]
SQL: SELECT `img1`,`content` FROM `ht_call` WHERE ( `id` = 47 ) LIMIT 1   [ RunTime:0.000225s ]
SQL: SELECT `id`,`title`,`star`,`fans_num` FROM `ht_shop` WHERE ( `member_id` = 48 ) LIMIT 1   [ RunTime:0.000219s ]
SQL: SELECT `img1`,`content` FROM `ht_call` WHERE ( `id` = 46 ) LIMIT 1   [ RunTime:0.000206s ]
SQL: SELECT `id`,`title`,`star`,`fans_num` FROM `ht_shop` WHERE ( `member_id` = 40 ) LIMIT 1   [ RunTime:0.000199s ]
SQL: SELECT `img1`,`content` FROM `ht_call` WHERE ( `id` = 45 ) LIMIT 1   [ RunTime:0.000320s ]
SQL: SELECT `id`,`title`,`star`,`fans_num` FROM `ht_shop` WHERE ( `member_id` = 40 ) LIMIT 1   [ RunTime:0.000280s ]
SQL: SELECT `img1`,`content` FROM `ht_call` WHERE ( `id` = 44 ) LIMIT 1   [ RunTime:0.000349s ]
SQL: SELECT `id`,`title`,`star`,`fans_num` FROM `ht_shop` WHERE ( `member_id` = 40 ) LIMIT 1   [ RunTime:0.000344s ]
SQL: SELECT `img1`,`content` FROM `ht_call` WHERE ( `id` = 43 ) LIMIT 1   [ RunTime:0.000317s ]
SQL: SELECT `id`,`title`,`star`,`fans_num` FROM `ht_shop` WHERE ( `member_id` = 40 ) LIMIT 1   [ RunTime:0.000321s ]
SQL: SHOW COLUMNS FROM `ht_new_product` [ RunTime:0.002489s ]
SQL: SELECT `img1`,`content` FROM `ht_new_product` WHERE ( `id` = 34 ) LIMIT 1   [ RunTime:0.000335s ]
ERR: 1054:Unknown column 'content' in 'field list'
 [ SQL语句 ] : SELECT `img1`,`content` FROM `ht_new_product` WHERE ( `id` = 34 ) LIMIT 1  
SQL: SELECT `id`,`title`,`star`,`fans_num` FROM `ht_shop` WHERE ( `member_id` = 40 ) LIMIT 1   [ RunTime:0.000259s ]
SQL: SELECT `img1`,`content` FROM `ht_call` WHERE ( `id` = 42 ) LIMIT 1   [ RunTime:0.000198s ]
SQL: SELECT `id`,`title`,`star`,`fans_num` FROM `ht_shop` WHERE ( `member_id` = 40 ) LIMIT 1   [ RunTime:0.000197s ]
SQL: SELECT `img1`,`content` FROM `ht_call` WHERE ( `id` = 41 ) LIMIT 1   [ RunTime:0.000262s ]
SQL: SELECT `id`,`title`,`star`,`fans_num` FROM `ht_shop` WHERE ( `member_id` = 40 ) LIMIT 1   [ RunTime:0.000306s ]
SQL: SELECT `img1`,`content` FROM `ht_call` WHERE ( `id` = 40 ) LIMIT 1   [ RunTime:0.000233s ]
SQL: SELECT `id`,`title`,`star`,`fans_num` FROM `ht_shop` WHERE ( `member_id` = 40 ) LIMIT 1   [ RunTime:0.000338s ]
SQL: SELECT `img1`,`content` FROM `ht_call` WHERE ( `id` = 39 ) LIMIT 1   [ RunTime:0.000238s ]
SQL: SELECT `id`,`title`,`star`,`fans_num` FROM `ht_shop` WHERE ( `member_id` = 40 ) LIMIT 1   [ RunTime:0.000237s ]
SQL: SELECT `img1`,`content` FROM `ht_call` WHERE ( `id` = 38 ) LIMIT 1   [ RunTime:0.000248s ]
SQL: SELECT `id`,`title`,`star`,`fans_num` FROM `ht_shop` WHERE ( `member_id` = 40 ) LIMIT 1   [ RunTime:0.000249s ]
SQL: SELECT `img1`,`content` FROM `ht_new_product` WHERE ( `id` = 33 ) LIMIT 1   [ RunTime:0.000703s ]
ERR: 1054:Unknown column 'content' in 'field list'
 [ SQL语句 ] : SELECT `img1`,`content` FROM `ht_new_product` WHERE ( `id` = 33 ) LIMIT 1  
SQL: SELECT `id`,`title`,`star`,`fans_num` FROM `ht_shop` WHERE ( `member_id` = 40 ) LIMIT 1   [ RunTime:0.000245s ]
SQL: SELECT `img1`,`content` FROM `ht_call` WHERE ( `id` = 37 ) LIMIT 1   [ RunTime:0.000259s ]
SQL: SELECT `id`,`title`,`star`,`fans_num` FROM `ht_shop` WHERE ( `member_id` = 40 ) LIMIT 1   [ RunTime:0.000227s ]
SQL: SELECT `img1`,`content` FROM `ht_coupon` WHERE ( `id` = 65 ) LIMIT 1   [ RunTime:0.000217s ]
SQL: SELECT `id`,`title`,`star`,`fans_num` FROM `ht_shop` WHERE ( `member_id` = 40 ) LIMIT 1   [ RunTime:0.000219s ]
SQL: SELECT `img1`,`content` FROM `ht_activity` WHERE ( `id` = 24 ) LIMIT 1   [ RunTime:0.000210s ]
SQL: SELECT `id`,`title`,`star`,`fans_num` FROM `ht_shop` WHERE ( `member_id` = 40 ) LIMIT 1   [ RunTime:0.000220s ]
SQL: SELECT `img1`,`content` FROM `ht_card` WHERE ( `id` = 10 ) LIMIT 1   [ RunTime:0.000209s ]
SQL: SELECT `id`,`title`,`star`,`fans_num` FROM `ht_shop` WHERE ( `member_id` = 40 ) LIMIT 1   [ RunTime:0.000217s ]
SQL: SELECT `img1`,`content` FROM `ht_coupon` WHERE ( `id` = 64 ) LIMIT 1   [ RunTime:0.000223s ]
SQL: SELECT `id`,`title`,`star`,`fans_num` FROM `ht_shop` WHERE ( `member_id` = 40 ) LIMIT 1   [ RunTime:0.000238s ]
SQL: SELECT `img1`,`content` FROM `ht_call` WHERE ( `id` = 36 ) LIMIT 1   [ RunTime:0.000205s ]
SQL: SELECT `id`,`title`,`star`,`fans_num` FROM `ht_shop` WHERE ( `member_id` = 40 ) LIMIT 1   [ RunTime:0.000232s ]
SQL: SELECT `img1`,`content` FROM `ht_call` WHERE ( `id` = 35 ) LIMIT 1   [ RunTime:0.000202s ]
SQL: SELECT `id`,`title`,`star`,`fans_num` FROM `ht_shop` WHERE ( `member_id` = 40 ) LIMIT 1   [ RunTime:0.000206s ]
SQL: SELECT `img1`,`content` FROM `ht_card` WHERE ( `id` = 9 ) LIMIT 1   [ RunTime:0.000213s ]
SQL: SELECT `id`,`title`,`star`,`fans_num` FROM `ht_shop` WHERE ( `member_id` = 40 ) LIMIT 1   [ RunTime:0.000195s ]
SQL: SELECT `img1`,`content` FROM `ht_call` WHERE ( `id` = 34 ) LIMIT 1   [ RunTime:0.000185s ]
SQL: SELECT `id`,`title`,`star`,`fans_num` FROM `ht_shop` WHERE ( `member_id` = 40 ) LIMIT 1   [ RunTime:0.000189s ]
SQL: SELECT `img1`,`content` FROM `ht_call` WHERE ( `id` = 33 ) LIMIT 1   [ RunTime:0.000181s ]
SQL: SELECT `id`,`title`,`star`,`fans_num` FROM `ht_shop` WHERE ( `member_id` = 40 ) LIMIT 1   [ RunTime:0.000192s ]
SQL: SELECT `img1`,`content` FROM `ht_call` WHERE ( `id` = 32 ) LIMIT 1   [ RunTime:0.000180s ]
SQL: SELECT `id`,`title`,`star`,`fans_num` FROM `ht_shop` WHERE ( `member_id` = 40 ) LIMIT 1   [ RunTime:0.000188s ]
SQL: SELECT `img1`,`content` FROM `ht_coupon` WHERE ( `id` = 63 ) LIMIT 1   [ RunTime:0.000227s ]
SQL: SELECT `id`,`title`,`star`,`fans_num` FROM `ht_shop` WHERE ( `member_id` = 40 ) LIMIT 1   [ RunTime:0.000210s ]
SQL: SELECT `img1`,`content` FROM `ht_coupon` WHERE ( `id` = 62 ) LIMIT 1   [ RunTime:0.000364s ]
SQL: SELECT `id`,`title`,`star`,`fans_num` FROM `ht_shop` WHERE ( `member_id` = 40 ) LIMIT 1   [ RunTime:0.000245s ]
SQL: SELECT `img1`,`content` FROM `ht_coupon` WHERE ( `id` = 61 ) LIMIT 1   [ RunTime:0.000512s ]
SQL: SELECT `id`,`title`,`star`,`fans_num` FROM `ht_shop` WHERE ( `member_id` = 40 ) LIMIT 1   [ RunTime:0.000208s ]
SQL: SELECT `img1`,`content` FROM `ht_call` WHERE ( `id` = 31 ) LIMIT 1   [ RunTime:0.000204s ]
SQL: SELECT `id`,`title`,`star`,`fans_num` FROM `ht_shop` WHERE ( `member_id` = 40 ) LIMIT 1   [ RunTime:0.000199s ]
SQL: SELECT `img1`,`content` FROM `ht_call` WHERE ( `id` = 30 ) LIMIT 1   [ RunTime:0.000206s ]
SQL: SELECT `id`,`title`,`star`,`fans_num` FROM `ht_shop` WHERE ( `member_id` = 40 ) LIMIT 1   [ RunTime:0.000214s ]
SQL: SELECT `img1`,`content` FROM `ht_call` WHERE ( `id` = 29 ) LIMIT 1   [ RunTime:0.000206s ]
SQL: SELECT `id`,`title`,`star`,`fans_num` FROM `ht_shop` WHERE ( `member_id` = 40 ) LIMIT 1   [ RunTime:0.000191s ]
SQL: SELECT `img1`,`content` FROM `ht_call` WHERE ( `id` = 28 ) LIMIT 1   [ RunTime:0.000184s ]
SQL: SELECT `id`,`title`,`star`,`fans_num` FROM `ht_shop` WHERE ( `member_id` = 40 ) LIMIT 1   [ RunTime:0.000188s ]
SQL: SELECT `img1`,`content` FROM `ht_call` WHERE ( `id` = 27 ) LIMIT 1   [ RunTime:0.000180s ]
SQL: SELECT `id`,`title`,`star`,`fans_num` FROM `ht_shop` WHERE ( `member_id` = 40 ) LIMIT 1   [ RunTime:0.000191s ]
SQL: SELECT `img1`,`content` FROM `ht_call` WHERE ( `id` = 26 ) LIMIT 1   [ RunTime:0.000187s ]
SQL: SELECT `id`,`title`,`star`,`fans_num` FROM `ht_shop` WHERE ( `member_id` = 40 ) LIMIT 1   [ RunTime:0.000192s ]
SQL: SELECT `img1`,`content` FROM `ht_call` WHERE ( `id` = 25 ) LIMIT 1   [ RunTime:0.000186s ]
SQL: SELECT `id`,`title`,`star`,`fans_num` FROM `ht_shop` WHERE ( `member_id` = 48 ) LIMIT 1   [ RunTime:0.000188s ]
SQL: SELECT `img1`,`content` FROM `ht_call` WHERE ( `id` = 24 ) LIMIT 1   [ RunTime:0.000179s ]
SQL: SELECT `id`,`title`,`star`,`fans_num` FROM `ht_shop` WHERE ( `member_id` = 48 ) LIMIT 1   [ RunTime:0.000178s ]
SQL: SELECT `img1`,`content` FROM `ht_call` WHERE ( `id` = 23 ) LIMIT 1   [ RunTime:0.000196s ]
SQL: SELECT `id`,`title`,`star`,`fans_num` FROM `ht_shop` WHERE ( `member_id` = 48 ) LIMIT 1   [ RunTime:0.000203s ]
SQL: SELECT `img1`,`content` FROM `ht_card` WHERE ( `id` = 8 ) LIMIT 1   [ RunTime:0.000221s ]
SQL: SELECT `id`,`title`,`star`,`fans_num` FROM `ht_shop` WHERE ( `member_id` = 40 ) LIMIT 1   [ RunTime:0.000214s ]
SQL: SELECT `img1`,`content` FROM `ht_new_product` WHERE ( `id` = 32 ) LIMIT 1   [ RunTime:0.000299s ]
ERR: 1054:Unknown column 'content' in 'field list'
 [ SQL语句 ] : SELECT `img1`,`content` FROM `ht_new_product` WHERE ( `id` = 32 ) LIMIT 1  
SQL: SELECT `id`,`title`,`star`,`fans_num` FROM `ht_shop` WHERE ( `member_id` = 40 ) LIMIT 1   [ RunTime:0.000220s ]
SQL: SELECT `img1`,`content` FROM `ht_new_product` WHERE ( `id` = 31 ) LIMIT 1   [ RunTime:0.000295s ]
ERR: 1054:Unknown column 'content' in 'field list'
 [ SQL语句 ] : SELECT `img1`,`content` FROM `ht_new_product` WHERE ( `id` = 31 ) LIMIT 1  
SQL: SELECT `id`,`title`,`star`,`fans_num` FROM `ht_shop` WHERE ( `member_id` = 40 ) LIMIT 1   [ RunTime:0.000224s ]
SQL: SELECT `img1`,`content` FROM `ht_new_product` WHERE ( `id` = 30 ) LIMIT 1   [ RunTime:0.000322s ]
ERR: 1054:Unknown column 'content' in 'field list'
 [ SQL语句 ] : SELECT `img1`,`content` FROM `ht_new_product` WHERE ( `id` = 30 ) LIMIT 1  
SQL: SELECT `id`,`title`,`star`,`fans_num` FROM `ht_shop` WHERE ( `member_id` = 40 ) LIMIT 1   [ RunTime:0.000222s ]
SQL: SELECT `img1`,`content` FROM `ht_new_product` WHERE ( `id` = 29 ) LIMIT 1   [ RunTime:0.000352s ]
ERR: 1054:Unknown column 'content' in 'field list'
 [ SQL语句 ] : SELECT `img1`,`content` FROM `ht_new_product` WHERE ( `id` = 29 ) LIMIT 1  
SQL: SELECT `id`,`title`,`star`,`fans_num` FROM `ht_shop` WHERE ( `member_id` = 40 ) LIMIT 1   [ RunTime:0.000222s ]
SQL: SELECT `img1`,`content` FROM `ht_activity` WHERE ( `id` = 23 ) LIMIT 1   [ RunTime:0.000227s ]
SQL: SELECT `id`,`title`,`star`,`fans_num` FROM `ht_shop` WHERE ( `member_id` = 40 ) LIMIT 1   [ RunTime:0.000209s ]
SQL: SELECT `img1`,`content` FROM `ht_card` WHERE ( `id` = 7 ) LIMIT 1   [ RunTime:0.000199s ]
SQL: SELECT `id`,`title`,`star`,`fans_num` FROM `ht_shop` WHERE ( `member_id` = 40 ) LIMIT 1   [ RunTime:0.000189s ]
SQL: SELECT `img1`,`content` FROM `ht_card` WHERE ( `id` = 6 ) LIMIT 1   [ RunTime:0.000182s ]
SQL: SELECT `id`,`title`,`star`,`fans_num` FROM `ht_shop` WHERE ( `member_id` = 40 ) LIMIT 1   [ RunTime:0.000187s ]
SQL: SELECT `img1`,`content` FROM `ht_call` WHERE ( `id` = 22 ) LIMIT 1   [ RunTime:0.000189s ]
SQL: SELECT `id`,`title`,`star`,`fans_num` FROM `ht_shop` WHERE ( `member_id` = 40 ) LIMIT 1   [ RunTime:0.000187s ]
SQL: SELECT `img1`,`content` FROM `ht_activity` WHERE ( `id` = 22 ) LIMIT 1   [ RunTime:0.000192s ]
SQL: SELECT `id`,`title`,`star`,`fans_num` FROM `ht_shop` WHERE ( `member_id` = 3 ) LIMIT 1   [ RunTime:0.000182s ]
SQL: SELECT `img1`,`content` FROM `ht_call` WHERE ( `id` = 21 ) LIMIT 1   [ RunTime:0.000182s ]
SQL: SELECT `id`,`title`,`star`,`fans_num` FROM `ht_shop` WHERE ( `member_id` = 40 ) LIMIT 1   [ RunTime:0.000188s ]
SQL: SELECT `img1`,`content` FROM `ht_call` WHERE ( `id` = 20 ) LIMIT 1   [ RunTime:0.000188s ]
SQL: SELECT `id`,`title`,`star`,`fans_num` FROM `ht_shop` WHERE ( `member_id` = 40 ) LIMIT 1   [ RunTime:0.000189s ]
SQL: SELECT `img1`,`content` FROM `ht_call` WHERE ( `id` = 19 ) LIMIT 1   [ RunTime:0.000193s ]
SQL: SELECT `id`,`title`,`star`,`fans_num` FROM `ht_shop` WHERE ( `member_id` = 40 ) LIMIT 1   [ RunTime:0.000188s ]
SQL: SELECT `img1`,`content` FROM `ht_call` WHERE ( `id` = 18 ) LIMIT 1   [ RunTime:0.000181s ]
SQL: SELECT `id`,`title`,`star`,`fans_num` FROM `ht_shop` WHERE ( `member_id` = 40 ) LIMIT 1   [ RunTime:0.000184s ]
SQL: SELECT `img1`,`content` FROM `ht_call` WHERE ( `id` = 17 ) LIMIT 1   [ RunTime:0.000232s ]
SQL: SELECT `id`,`title`,`star`,`fans_num` FROM `ht_shop` WHERE ( `member_id` = 40 ) LIMIT 1   [ RunTime:0.000217s ]
SQL: SELECT `img1`,`content` FROM `ht_new_product` WHERE ( `id` = 28 ) LIMIT 1   [ RunTime:0.000301s ]
ERR: 1054:Unknown column 'content' in 'field list'
 [ SQL语句 ] : SELECT `img1`,`content` FROM `ht_new_product` WHERE ( `id` = 28 ) LIMIT 1  
SQL: SELECT `id`,`title`,`star`,`fans_num` FROM `ht_shop` WHERE ( `member_id` = 3 ) LIMIT 1   [ RunTime:0.000211s ]
SQL: SELECT `img1`,`content` FROM `ht_coupon` WHERE ( `id` = 60 ) LIMIT 1   [ RunTime:0.000362s ]
SQL: SELECT `id`,`title`,`star`,`fans_num` FROM `ht_shop` WHERE ( `member_id` = 48 ) LIMIT 1   [ RunTime:0.000210s ]
SQL: SELECT `img1`,`content` FROM `ht_coupon` WHERE ( `id` = 44 ) LIMIT 1   [ RunTime:0.000339s ]
SQL: SELECT `id`,`title`,`star`,`fans_num` FROM `ht_shop` WHERE ( `member_id` = 3 ) LIMIT 1   [ RunTime:0.000207s ]

[ 2015-08-22T11:32:08+08:00 ] 172.16.100.11 /?c=Api&a=getFollowShopList&partent=ht&key=ht&city_id=13&member_id=44
INFO: [ app_init ] --START--
INFO: Run Behavior\BuildLiteBehavior [ RunTime:0.000031s ]
INFO: [ app_init ] --END-- [ RunTime:0.000506s ]
INFO: [ app_begin ] --START--
INFO: Run Behavior\ReadHtmlCacheBehavior [ RunTime:0.000582s ]
INFO: [ app_begin ] --END-- [ RunTime:0.000677s ]
SQL: SHOW COLUMNS FROM `ht_shop_fans` [ RunTime:0.001109s ]
SQL: SELECT `to_member_id` FROM `ht_shop_fans` WHERE ( `member_id` = 44 )  [ RunTime:0.000238s ]
SQL: SHOW COLUMNS FROM `ht_shop_service` [ RunTime:0.001296s ]
SQL: SELECT `id`,`member_id`,`service_id`,`title`,`type`,`collection_num`,`zan_num`,`comment_num`,`addtime` FROM `ht_shop_service` WHERE ( `member_id` IN ('40','48','3') ) ORDER BY id desc  [ RunTime:0.000358s ]
SQL: SHOW COLUMNS FROM `ht_coupon` [ RunTime:0.002350s ]
SQL: SELECT `img1`,`content` FROM `ht_coupon` WHERE ( `id` = 67 ) LIMIT 1   [ RunTime:0.000220s ]
SQL: SHOW COLUMNS FROM `ht_shop` [ RunTime:0.003772s ]
SQL: SELECT `id`,`title`,`star`,`fans_num` FROM `ht_shop` WHERE ( `member_id` = 40 ) LIMIT 1   [ RunTime:0.000300s ]
SQL: SHOW COLUMNS FROM `ht_call` [ RunTime:0.001583s ]
SQL: SELECT `img1`,`content` FROM `ht_call` WHERE ( `id` = 50 ) LIMIT 1   [ RunTime:0.000296s ]
SQL: SELECT `id`,`title`,`star`,`fans_num` FROM `ht_shop` WHERE ( `member_id` = 40 ) LIMIT 1   [ RunTime:0.000226s ]
SQL: SELECT `img1`,`content` FROM `ht_call` WHERE ( `id` = 49 ) LIMIT 1   [ RunTime:0.000208s ]
SQL: SELECT `id`,`title`,`star`,`fans_num` FROM `ht_shop` WHERE ( `member_id` = 40 ) LIMIT 1   [ RunTime:0.000258s ]
SQL: SELECT `img1`,`content` FROM `ht_call` WHERE ( `id` = 48 ) LIMIT 1   [ RunTime:0.000209s ]
SQL: SELECT `id`,`title`,`star`,`fans_num` FROM `ht_shop` WHERE ( `member_id` = 48 ) LIMIT 1   [ RunTime:0.000212s ]
SQL: SHOW COLUMNS FROM `ht_activity` [ RunTime:0.001979s ]
SQL: SELECT `img1`,`content` FROM `ht_activity` WHERE ( `id` = 25 ) LIMIT 1   [ RunTime:0.000233s ]
SQL: SELECT `id`,`title`,`star`,`fans_num` FROM `ht_shop` WHERE ( `member_id` = 48 ) LIMIT 1   [ RunTime:0.000216s ]
SQL: SHOW COLUMNS FROM `ht_card` [ RunTime:0.001908s ]
SQL: SELECT `img1`,`content` FROM `ht_card` WHERE ( `id` = 11 ) LIMIT 1   [ RunTime:0.000233s ]
SQL: SELECT `id`,`title`,`star`,`fans_num` FROM `ht_shop` WHERE ( `member_id` = 48 ) LIMIT 1   [ RunTime:0.000219s ]
SQL: SELECT `img1`,`content` FROM `ht_coupon` WHERE ( `id` = 66 ) LIMIT 1   [ RunTime:0.000418s ]
SQL: SELECT `id`,`title`,`star`,`fans_num` FROM `ht_shop` WHERE ( `member_id` = 48 ) LIMIT 1   [ RunTime:0.000624s ]
SQL: SELECT `img1`,`content` FROM `ht_call` WHERE ( `id` = 47 ) LIMIT 1   [ RunTime:0.000224s ]
SQL: SELECT `id`,`title`,`star`,`fans_num` FROM `ht_shop` WHERE ( `member_id` = 48 ) LIMIT 1   [ RunTime:0.000285s ]
SQL: SELECT `img1`,`content` FROM `ht_call` WHERE ( `id` = 46 ) LIMIT 1   [ RunTime:0.000218s ]
SQL: SELECT `id`,`title`,`star`,`fans_num` FROM `ht_shop` WHERE ( `member_id` = 40 ) LIMIT 1   [ RunTime:0.000224s ]
SQL: SELECT `img1`,`content` FROM `ht_call` WHERE ( `id` = 45 ) LIMIT 1   [ RunTime:0.000306s ]
SQL: SELECT `id`,`title`,`star`,`fans_num` FROM `ht_shop` WHERE ( `member_id` = 40 ) LIMIT 1   [ RunTime:0.000292s ]
SQL: SELECT `img1`,`content` FROM `ht_call` WHERE ( `id` = 44 ) LIMIT 1   [ RunTime:0.000339s ]
SQL: SELECT `id`,`title`,`star`,`fans_num` FROM `ht_shop` WHERE ( `member_id` = 40 ) LIMIT 1   [ RunTime:0.000373s ]
SQL: SELECT `img1`,`content` FROM `ht_call` WHERE ( `id` = 43 ) LIMIT 1   [ RunTime:0.000329s ]
SQL: SELECT `id`,`title`,`star`,`fans_num` FROM `ht_shop` WHERE ( `member_id` = 40 ) LIMIT 1   [ RunTime:0.000298s ]
SQL: SHOW COLUMNS FROM `ht_new_product` [ RunTime:0.001391s ]
SQL: SELECT `img1`,`content` FROM `ht_new_product` WHERE ( `id` = 34 ) LIMIT 1   [ RunTime:0.000360s ]
ERR: 1054:Unknown column 'content' in 'field list'
 [ SQL语句 ] : SELECT `img1`,`content` FROM `ht_new_product` WHERE ( `id` = 34 ) LIMIT 1  
SQL: SELECT `id`,`title`,`star`,`fans_num` FROM `ht_shop` WHERE ( `member_id` = 40 ) LIMIT 1   [ RunTime:0.000227s ]
SQL: SELECT `img1`,`content` FROM `ht_call` WHERE ( `id` = 42 ) LIMIT 1   [ RunTime:0.000628s ]
SQL: SELECT `id`,`title`,`star`,`fans_num` FROM `ht_shop` WHERE ( `member_id` = 40 ) LIMIT 1   [ RunTime:0.000279s ]
SQL: SELECT `img1`,`content` FROM `ht_call` WHERE ( `id` = 41 ) LIMIT 1   [ RunTime:0.000221s ]
SQL: SELECT `id`,`title`,`star`,`fans_num` FROM `ht_shop` WHERE ( `member_id` = 40 ) LIMIT 1   [ RunTime:0.000268s ]
SQL: SELECT `img1`,`content` FROM `ht_call` WHERE ( `id` = 40 ) LIMIT 1   [ RunTime:0.000319s ]
SQL: SELECT `id`,`title`,`star`,`fans_num` FROM `ht_shop` WHERE ( `member_id` = 40 ) LIMIT 1   [ RunTime:0.000229s ]
SQL: SELECT `img1`,`content` FROM `ht_call` WHERE ( `id` = 39 ) LIMIT 1   [ RunTime:0.000319s ]
SQL: SELECT `id`,`title`,`star`,`fans_num` FROM `ht_shop` WHERE ( `member_id` = 40 ) LIMIT 1   [ RunTime:0.000219s ]
SQL: SELECT `img1`,`content` FROM `ht_call` WHERE ( `id` = 38 ) LIMIT 1   [ RunTime:0.000227s ]
SQL: SELECT `id`,`title`,`star`,`fans_num` FROM `ht_shop` WHERE ( `member_id` = 40 ) LIMIT 1   [ RunTime:0.000226s ]
SQL: SELECT `img1`,`content` FROM `ht_new_product` WHERE ( `id` = 33 ) LIMIT 1   [ RunTime:0.000363s ]
ERR: 1054:Unknown column 'content' in 'field list'
 [ SQL语句 ] : SELECT `img1`,`content` FROM `ht_new_product` WHERE ( `id` = 33 ) LIMIT 1  
SQL: SELECT `id`,`title`,`star`,`fans_num` FROM `ht_shop` WHERE ( `member_id` = 40 ) LIMIT 1   [ RunTime:0.000233s ]
SQL: SELECT `img1`,`content` FROM `ht_call` WHERE ( `id` = 37 ) LIMIT 1   [ RunTime:0.000320s ]
SQL: SELECT `id`,`title`,`star`,`fans_num` FROM `ht_shop` WHERE ( `member_id` = 40 ) LIMIT 1   [ RunTime:0.000213s ]
SQL: SELECT `img1`,`content` FROM `ht_coupon` WHERE ( `id` = 65 ) LIMIT 1   [ RunTime:0.000443s ]
SQL: SELECT `id`,`title`,`star`,`fans_num` FROM `ht_shop` WHERE ( `member_id` = 40 ) LIMIT 1   [ RunTime:0.000216s ]
SQL: SELECT `img1`,`content` FROM `ht_activity` WHERE ( `id` = 24 ) LIMIT 1   [ RunTime:0.000204s ]
SQL: SELECT `id`,`title`,`star`,`fans_num` FROM `ht_shop` WHERE ( `member_id` = 40 ) LIMIT 1   [ RunTime:0.000209s ]
SQL: SELECT `img1`,`content` FROM `ht_card` WHERE ( `id` = 10 ) LIMIT 1   [ RunTime:0.000208s ]
SQL: SELECT `id`,`title`,`star`,`fans_num` FROM `ht_shop` WHERE ( `member_id` = 40 ) LIMIT 1   [ RunTime:0.000210s ]
SQL: SELECT `img1`,`content` FROM `ht_coupon` WHERE ( `id` = 64 ) LIMIT 1   [ RunTime:0.000349s ]
SQL: SELECT `id`,`title`,`star`,`fans_num` FROM `ht_shop` WHERE ( `member_id` = 40 ) LIMIT 1   [ RunTime:0.000234s ]
SQL: SELECT `img1`,`content` FROM `ht_call` WHERE ( `id` = 36 ) LIMIT 1   [ RunTime:0.000244s ]
SQL: SELECT `id`,`title`,`star`,`fans_num` FROM `ht_shop` WHERE ( `member_id` = 40 ) LIMIT 1   [ RunTime:0.000262s ]
SQL: SELECT `img1`,`content` FROM `ht_call` WHERE ( `id` = 35 ) LIMIT 1   [ RunTime:0.000257s ]
SQL: SELECT `id`,`title`,`star`,`fans_num` FROM `ht_shop` WHERE ( `member_id` = 40 ) LIMIT 1   [ RunTime:0.000261s ]
SQL: SELECT `img1`,`content` FROM `ht_card` WHERE ( `id` = 9 ) LIMIT 1   [ RunTime:0.000256s ]
SQL: SELECT `id`,`title`,`star`,`fans_num` FROM `ht_shop` WHERE ( `member_id` = 40 ) LIMIT 1   [ RunTime:0.000215s ]
SQL: SELECT `img1`,`content` FROM `ht_call` WHERE ( `id` = 34 ) LIMIT 1   [ RunTime:0.000203s ]
SQL: SELECT `id`,`title`,`star`,`fans_num` FROM `ht_shop` WHERE ( `member_id` = 40 ) LIMIT 1   [ RunTime:0.000191s ]
SQL: SELECT `img1`,`content` FROM `ht_call` WHERE ( `id` = 33 ) LIMIT 1   [ RunTime:0.000184s ]
SQL: SELECT `id`,`title`,`star`,`fans_num` FROM `ht_shop` WHERE ( `member_id` = 40 ) LIMIT 1   [ RunTime:0.000189s ]
SQL: SELECT `img1`,`content` FROM `ht_call` WHERE ( `id` = 32 ) LIMIT 1   [ RunTime:0.000182s ]
SQL: SELECT `id`,`title`,`star`,`fans_num` FROM `ht_shop` WHERE ( `member_id` = 40 ) LIMIT 1   [ RunTime:0.000189s ]
SQL: SELECT `img1`,`content` FROM `ht_coupon` WHERE ( `id` = 63 ) LIMIT 1   [ RunTime:0.000343s ]
SQL: SELECT `id`,`title`,`star`,`fans_num` FROM `ht_shop` WHERE ( `member_id` = 40 ) LIMIT 1   [ RunTime:0.000207s ]
SQL: SELECT `img1`,`content` FROM `ht_coupon` WHERE ( `id` = 62 ) LIMIT 1   [ RunTime:0.000390s ]
SQL: SELECT `id`,`title`,`star`,`fans_num` FROM `ht_shop` WHERE ( `member_id` = 40 ) LIMIT 1   [ RunTime:0.000240s ]
SQL: SELECT `img1`,`content` FROM `ht_coupon` WHERE ( `id` = 61 ) LIMIT 1   [ RunTime:0.000347s ]
SQL: SELECT `id`,`title`,`star`,`fans_num` FROM `ht_shop` WHERE ( `member_id` = 40 ) LIMIT 1   [ RunTime:0.000221s ]
SQL: SELECT `img1`,`content` FROM `ht_call` WHERE ( `id` = 31 ) LIMIT 1   [ RunTime:0.000204s ]
SQL: SELECT `id`,`title`,`star`,`fans_num` FROM `ht_shop` WHERE ( `member_id` = 40 ) LIMIT 1   [ RunTime:0.000225s ]
SQL: SELECT `img1`,`content` FROM `ht_call` WHERE ( `id` = 30 ) LIMIT 1   [ RunTime:0.000230s ]
SQL: SELECT `id`,`title`,`star`,`fans_num` FROM `ht_shop` WHERE ( `member_id` = 40 ) LIMIT 1   [ RunTime:0.000212s ]
SQL: SELECT `img1`,`content` FROM `ht_call` WHERE ( `id` = 29 ) LIMIT 1   [ RunTime:0.000193s ]
SQL: SELECT `id`,`title`,`star`,`fans_num` FROM `ht_shop` WHERE ( `member_id` = 40 ) LIMIT 1   [ RunTime:0.000195s ]
SQL: SELECT `img1`,`content` FROM `ht_call` WHERE ( `id` = 28 ) LIMIT 1   [ RunTime:0.000186s ]
SQL: SELECT `id`,`title`,`star`,`fans_num` FROM `ht_shop` WHERE ( `member_id` = 40 ) LIMIT 1   [ RunTime:0.000193s ]
SQL: SELECT `img1`,`content` FROM `ht_call` WHERE ( `id` = 27 ) LIMIT 1   [ RunTime:0.000184s ]
SQL: SELECT `id`,`title`,`star`,`fans_num` FROM `ht_shop` WHERE ( `member_id` = 40 ) LIMIT 1   [ RunTime:0.000193s ]
SQL: SELECT `img1`,`content` FROM `ht_call` WHERE ( `id` = 26 ) LIMIT 1   [ RunTime:0.000188s ]
SQL: SELECT `id`,`title`,`star`,`fans_num` FROM `ht_shop` WHERE ( `member_id` = 40 ) LIMIT 1   [ RunTime:0.000191s ]
SQL: SELECT `img1`,`content` FROM `ht_call` WHERE ( `id` = 25 ) LIMIT 1   [ RunTime:0.000186s ]
SQL: SELECT `id`,`title`,`star`,`fans_num` FROM `ht_shop` WHERE ( `member_id` = 48 ) LIMIT 1   [ RunTime:0.000192s ]
SQL: SELECT `img1`,`content` FROM `ht_call` WHERE ( `id` = 24 ) LIMIT 1   [ RunTime:0.000198s ]
SQL: SELECT `id`,`title`,`star`,`fans_num` FROM `ht_shop` WHERE ( `member_id` = 48 ) LIMIT 1   [ RunTime:0.000204s ]
SQL: SELECT `img1`,`content` FROM `ht_call` WHERE ( `id` = 23 ) LIMIT 1   [ RunTime:0.000213s ]
SQL: SELECT `id`,`title`,`star`,`fans_num` FROM `ht_shop` WHERE ( `member_id` = 48 ) LIMIT 1   [ RunTime:0.000226s ]
SQL: SELECT `img1`,`content` FROM `ht_card` WHERE ( `id` = 8 ) LIMIT 1   [ RunTime:0.000598s ]
SQL: SELECT `id`,`title`,`star`,`fans_num` FROM `ht_shop` WHERE ( `member_id` = 40 ) LIMIT 1   [ RunTime:0.000214s ]
SQL: SELECT `img1`,`content` FROM `ht_new_product` WHERE ( `id` = 32 ) LIMIT 1   [ RunTime:0.000291s ]
ERR: 1054:Unknown column 'content' in 'field list'
 [ SQL语句 ] : SELECT `img1`,`content` FROM `ht_new_product` WHERE ( `id` = 32 ) LIMIT 1  
SQL: SELECT `id`,`title`,`star`,`fans_num` FROM `ht_shop` WHERE ( `member_id` = 40 ) LIMIT 1   [ RunTime:0.000210s ]
SQL: SELECT `img1`,`content` FROM `ht_new_product` WHERE ( `id` = 31 ) LIMIT 1   [ RunTime:0.000292s ]
ERR: 1054:Unknown column 'content' in 'field list'
 [ SQL语句 ] : SELECT `img1`,`content` FROM `ht_new_product` WHERE ( `id` = 31 ) LIMIT 1  
SQL: SELECT `id`,`title`,`star`,`fans_num` FROM `ht_shop` WHERE ( `member_id` = 40 ) LIMIT 1   [ RunTime:0.000219s ]
SQL: SELECT `img1`,`content` FROM `ht_new_product` WHERE ( `id` = 30 ) LIMIT 1   [ RunTime:0.000301s ]
ERR: 1054:Unknown column 'content' in 'field list'
 [ SQL语句 ] : SELECT `img1`,`content` FROM `ht_new_product` WHERE ( `id` = 30 ) LIMIT 1  
SQL: SELECT `id`,`title`,`star`,`fans_num` FROM `ht_shop` WHERE ( `member_id` = 40 ) LIMIT 1   [ RunTime:0.000212s ]
SQL: SELECT `img1`,`content` FROM `ht_new_product` WHERE ( `id` = 29 ) LIMIT 1   [ RunTime:0.000298s ]
ERR: 1054:Unknown column 'content' in 'field list'
 [ SQL语句 ] : SELECT `img1`,`content` FROM `ht_new_product` WHERE ( `id` = 29 ) LIMIT 1  
SQL: SELECT `id`,`title`,`star`,`fans_num` FROM `ht_shop` WHERE ( `member_id` = 40 ) LIMIT 1   [ RunTime:0.000233s ]
SQL: SELECT `img1`,`content` FROM `ht_activity` WHERE ( `id` = 23 ) LIMIT 1   [ RunTime:0.000185s ]
SQL: SELECT `id`,`title`,`star`,`fans_num` FROM `ht_shop` WHERE ( `member_id` = 40 ) LIMIT 1   [ RunTime:0.000191s ]
SQL: SELECT `img1`,`content` FROM `ht_card` WHERE ( `id` = 7 ) LIMIT 1   [ RunTime:0.000183s ]
SQL: SELECT `id`,`title`,`star`,`fans_num` FROM `ht_shop` WHERE ( `member_id` = 40 ) LIMIT 1   [ RunTime:0.000192s ]
SQL: SELECT `img1`,`content` FROM `ht_card` WHERE ( `id` = 6 ) LIMIT 1   [ RunTime:0.000179s ]
SQL: SELECT `id`,`title`,`star`,`fans_num` FROM `ht_shop` WHERE ( `member_id` = 40 ) LIMIT 1   [ RunTime:0.000187s ]
SQL: SELECT `img1`,`content` FROM `ht_call` WHERE ( `id` = 22 ) LIMIT 1   [ RunTime:0.000185s ]
SQL: SELECT `id`,`title`,`star`,`fans_num` FROM `ht_shop` WHERE ( `member_id` = 40 ) LIMIT 1   [ RunTime:0.000188s ]
SQL: SELECT `img1`,`content` FROM `ht_activity` WHERE ( `id` = 22 ) LIMIT 1   [ RunTime:0.000181s ]
SQL: SELECT `id`,`title`,`star`,`fans_num` FROM `ht_shop` WHERE ( `member_id` = 3 ) LIMIT 1   [ RunTime:0.000195s ]
SQL: SELECT `img1`,`content` FROM `ht_call` WHERE ( `id` = 21 ) LIMIT 1   [ RunTime:0.000183s ]
SQL: SELECT `id`,`title`,`star`,`fans_num` FROM `ht_shop` WHERE ( `member_id` = 40 ) LIMIT 1   [ RunTime:0.000218s ]
SQL: SELECT `img1`,`content` FROM `ht_call` WHERE ( `id` = 20 ) LIMIT 1   [ RunTime:0.000188s ]
SQL: SELECT `id`,`title`,`star`,`fans_num` FROM `ht_shop` WHERE ( `member_id` = 40 ) LIMIT 1   [ RunTime:0.000216s ]
SQL: SELECT `img1`,`content` FROM `ht_call` WHERE ( `id` = 19 ) LIMIT 1   [ RunTime:0.000197s ]
SQL: SELECT `id`,`title`,`star`,`fans_num` FROM `ht_shop` WHERE ( `member_id` = 40 ) LIMIT 1   [ RunTime:0.000221s ]
SQL: SELECT `img1`,`content` FROM `ht_call` WHERE ( `id` = 18 ) LIMIT 1   [ RunTime:0.000209s ]
SQL: SELECT `id`,`title`,`star`,`fans_num` FROM `ht_shop` WHERE ( `member_id` = 40 ) LIMIT 1   [ RunTime:0.000591s ]
SQL: SELECT `img1`,`content` FROM `ht_call` WHERE ( `id` = 17 ) LIMIT 1   [ RunTime:0.000208s ]
SQL: SELECT `id`,`title`,`star`,`fans_num` FROM `ht_shop` WHERE ( `member_id` = 40 ) LIMIT 1   [ RunTime:0.000226s ]
SQL: SELECT `img1`,`content` FROM `ht_new_product` WHERE ( `id` = 28 ) LIMIT 1   [ RunTime:0.000291s ]
ERR: 1054:Unknown column 'content' in 'field list'
 [ SQL语句 ] : SELECT `img1`,`content` FROM `ht_new_product` WHERE ( `id` = 28 ) LIMIT 1  
SQL: SELECT `id`,`title`,`star`,`fans_num` FROM `ht_shop` WHERE ( `member_id` = 3 ) LIMIT 1   [ RunTime:0.000227s ]
SQL: SELECT `img1`,`content` FROM `ht_coupon` WHERE ( `id` = 60 ) LIMIT 1   [ RunTime:0.000210s ]
SQL: SELECT `id`,`title`,`star`,`fans_num` FROM `ht_shop` WHERE ( `member_id` = 48 ) LIMIT 1   [ RunTime:0.000224s ]
SQL: SELECT `img1`,`content` FROM `ht_coupon` WHERE ( `id` = 44 ) LIMIT 1   [ RunTime:0.000233s ]
SQL: SELECT `id`,`title`,`star`,`fans_num` FROM `ht_shop` WHERE ( `member_id` = 3 ) LIMIT 1   [ RunTime:0.000214s ]

[ 2015-08-22T11:32:15+08:00 ] 172.16.100.11 /?c=Api&a=getTypeCallList&partent=ht&key=ht&city_id=13&one_id=12
INFO: [ app_init ] --START--
INFO: Run Behavior\BuildLiteBehavior [ RunTime:0.000022s ]
INFO: [ app_init ] --END-- [ RunTime:0.000449s ]
INFO: [ app_begin ] --START--
INFO: Run Behavior\ReadHtmlCacheBehavior [ RunTime:0.000568s ]
INFO: [ app_begin ] --END-- [ RunTime:0.000663s ]
SQL: SHOW COLUMNS FROM `ht_shop_service` [ RunTime:0.002074s ]
SQL: SELECT * FROM `ht_shop_service` WHERE ( `city_id` = 13 ) AND ( `one_id` = 12 ) ORDER BY id desc LIMIT 0,20   [ RunTime:0.000594s ]

[ 2015-08-22T11:32:15+08:00 ] 172.16.100.11 /?c=Api&a=getTypeCallList&partent=ht&key=ht&city_id=13&one_id=12
INFO: [ app_init ] --START--
INFO: Run Behavior\BuildLiteBehavior [ RunTime:0.000022s ]
INFO: [ app_init ] --END-- [ RunTime:0.000443s ]
INFO: [ app_begin ] --START--
INFO: Run Behavior\ReadHtmlCacheBehavior [ RunTime:0.000743s ]
INFO: [ app_begin ] --END-- [ RunTime:0.000864s ]
SQL: SHOW COLUMNS FROM `ht_shop_service` [ RunTime:0.002679s ]
SQL: SELECT * FROM `ht_shop_service` WHERE ( `city_id` = 13 ) AND ( `one_id` = 12 ) ORDER BY id desc LIMIT 0,20   [ RunTime:0.000279s ]

[ 2015-08-22T11:32:23+08:00 ] 172.16.100.11 /?c=Api&a=getNearbyList&partent=ht&key=ht
INFO: [ app_init ] --START--
INFO: Run Behavior\BuildLiteBehavior [ RunTime:0.000023s ]
INFO: [ app_init ] --END-- [ RunTime:0.000451s ]
INFO: [ app_begin ] --START--
INFO: Run Behavior\ReadHtmlCacheBehavior [ RunTime:0.000558s ]
INFO: [ app_begin ] --END-- [ RunTime:0.000673s ]
SQL: SHOW COLUMNS FROM `ht_shop` [ RunTime:0.002462s ]
SQL: SELECT `id`,`lng`,`lat` FROM `ht_shop` WHERE ( `city_id` = 13 ) AND ( `status` = 1 )  [ RunTime:0.000685s ]
NOTIC: [8] Undefined variable: keyid /data1/vhosts/yaohe/admin/Apps/Home/Controller/ApiController.class.php 第 1283 行.
NOTIC: [8] Undefined index:  /data1/vhosts/yaohe/admin/Apps/Home/Controller/ApiController.class.php 第 1283 行.

[ 2015-08-22T11:39:16+08:00 ] 172.16.100.11 /?c=Api&a=getFollowShopList&partent=ht&key=ht&city_id=13&member_id=44
INFO: [ app_init ] --START--
INFO: Run Behavior\BuildLiteBehavior [ RunTime:0.000024s ]
INFO: [ app_init ] --END-- [ RunTime:0.000460s ]
INFO: [ app_begin ] --START--
INFO: Run Behavior\ReadHtmlCacheBehavior [ RunTime:0.000574s ]
INFO: [ app_begin ] --END-- [ RunTime:0.000681s ]
SQL: SHOW COLUMNS FROM `ht_shop_fans` [ RunTime:0.001095s ]
SQL: SELECT `to_member_id` FROM `ht_shop_fans` WHERE ( `member_id` = 44 )  [ RunTime:0.000215s ]
SQL: SHOW COLUMNS FROM `ht_shop_service` [ RunTime:0.001296s ]
SQL: SELECT `id`,`member_id`,`service_id`,`title`,`type`,`collection_num`,`zan_num`,`comment_num`,`addtime` FROM `ht_shop_service` WHERE ( `member_id` IN ('40','48','3') ) ORDER BY id desc  [ RunTime:0.000382s ]
SQL: SHOW COLUMNS FROM `ht_coupon` [ RunTime:0.001687s ]
SQL: SELECT `img1`,`content` FROM `ht_coupon` WHERE ( `id` = 67 ) LIMIT 1   [ RunTime:0.000305s ]
SQL: SHOW COLUMNS FROM `ht_shop` [ RunTime:0.002287s ]
SQL: SELECT `id`,`title`,`star`,`fans_num` FROM `ht_shop` WHERE ( `member_id` = 40 ) LIMIT 1   [ RunTime:0.000217s ]
SQL: SHOW COLUMNS FROM `ht_call` [ RunTime:0.001418s ]
SQL: SELECT `img1`,`content` FROM `ht_call` WHERE ( `id` = 50 ) LIMIT 1   [ RunTime:0.000237s ]
SQL: SELECT `id`,`title`,`star`,`fans_num` FROM `ht_shop` WHERE ( `member_id` = 40 ) LIMIT 1   [ RunTime:0.000211s ]
SQL: SELECT `img1`,`content` FROM `ht_call` WHERE ( `id` = 49 ) LIMIT 1   [ RunTime:0.000291s ]
SQL: SELECT `id`,`title`,`star`,`fans_num` FROM `ht_shop` WHERE ( `member_id` = 40 ) LIMIT 1   [ RunTime:0.000200s ]
SQL: SELECT `img1`,`content` FROM `ht_call` WHERE ( `id` = 48 ) LIMIT 1   [ RunTime:0.000241s ]
SQL: SELECT `id`,`title`,`star`,`fans_num` FROM `ht_shop` WHERE ( `member_id` = 48 ) LIMIT 1   [ RunTime:0.000193s ]
SQL: SHOW COLUMNS FROM `ht_activity` [ RunTime:0.001524s ]
SQL: SELECT `img1`,`content` FROM `ht_activity` WHERE ( `id` = 25 ) LIMIT 1   [ RunTime:0.000288s ]
SQL: SELECT `id`,`title`,`star`,`fans_num` FROM `ht_shop` WHERE ( `member_id` = 48 ) LIMIT 1   [ RunTime:0.000282s ]
SQL: SHOW COLUMNS FROM `ht_card` [ RunTime:0.001539s ]
SQL: SELECT `img1`,`content` FROM `ht_card` WHERE ( `id` = 11 ) LIMIT 1   [ RunTime:0.000204s ]
SQL: SELECT `id`,`title`,`star`,`fans_num` FROM `ht_shop` WHERE ( `member_id` = 48 ) LIMIT 1   [ RunTime:0.000280s ]
SQL: SELECT `img1`,`content` FROM `ht_coupon` WHERE ( `id` = 66 ) LIMIT 1   [ RunTime:0.000189s ]
SQL: SELECT `id`,`title`,`star`,`fans_num` FROM `ht_shop` WHERE ( `member_id` = 48 ) LIMIT 1   [ RunTime:0.000190s ]
SQL: SELECT `img1`,`content` FROM `ht_call` WHERE ( `id` = 47 ) LIMIT 1   [ RunTime:0.000191s ]
SQL: SELECT `id`,`title`,`star`,`fans_num` FROM `ht_shop` WHERE ( `member_id` = 48 ) LIMIT 1   [ RunTime:0.000224s ]
SQL: SELECT `img1`,`content` FROM `ht_call` WHERE ( `id` = 46 ) LIMIT 1   [ RunTime:0.000310s ]
SQL: SELECT `id`,`title`,`star`,`fans_num` FROM `ht_shop` WHERE ( `member_id` = 40 ) LIMIT 1   [ RunTime:0.000253s ]
SQL: SELECT `img1`,`content` FROM `ht_call` WHERE ( `id` = 45 ) LIMIT 1   [ RunTime:0.000303s ]
SQL: SELECT `id`,`title`,`star`,`fans_num` FROM `ht_shop` WHERE ( `member_id` = 40 ) LIMIT 1   [ RunTime:0.000309s ]
SQL: SELECT `img1`,`content` FROM `ht_call` WHERE ( `id` = 44 ) LIMIT 1   [ RunTime:0.000300s ]
SQL: SELECT `id`,`title`,`star`,`fans_num` FROM `ht_shop` WHERE ( `member_id` = 40 ) LIMIT 1   [ RunTime:0.000308s ]
SQL: SELECT `img1`,`content` FROM `ht_call` WHERE ( `id` = 43 ) LIMIT 1   [ RunTime:0.000295s ]
SQL: SELECT `id`,`title`,`star`,`fans_num` FROM `ht_shop` WHERE ( `member_id` = 40 ) LIMIT 1   [ RunTime:0.000301s ]
SQL: SHOW COLUMNS FROM `ht_new_product` [ RunTime:0.001392s ]
SQL: SELECT `img1`,`content` FROM `ht_new_product` WHERE ( `id` = 34 ) LIMIT 1   [ RunTime:0.000431s ]
ERR: 1054:Unknown column 'content' in 'field list'
 [ SQL语句 ] : SELECT `img1`,`content` FROM `ht_new_product` WHERE ( `id` = 34 ) LIMIT 1  
SQL: SELECT `id`,`title`,`star`,`fans_num` FROM `ht_shop` WHERE ( `member_id` = 40 ) LIMIT 1   [ RunTime:0.000203s ]
SQL: SELECT `img1`,`content` FROM `ht_call` WHERE ( `id` = 42 ) LIMIT 1   [ RunTime:0.000289s ]
SQL: SELECT `id`,`title`,`star`,`fans_num` FROM `ht_shop` WHERE ( `member_id` = 40 ) LIMIT 1   [ RunTime:0.000240s ]
SQL: SELECT `img1`,`content` FROM `ht_call` WHERE ( `id` = 41 ) LIMIT 1   [ RunTime:0.000281s ]
SQL: SELECT `id`,`title`,`star`,`fans_num` FROM `ht_shop` WHERE ( `member_id` = 40 ) LIMIT 1   [ RunTime:0.000239s ]
SQL: SELECT `img1`,`content` FROM `ht_call` WHERE ( `id` = 40 ) LIMIT 1   [ RunTime:0.000275s ]
SQL: SELECT `id`,`title`,`star`,`fans_num` FROM `ht_shop` WHERE ( `member_id` = 40 ) LIMIT 1   [ RunTime:0.000205s ]
SQL: SELECT `img1`,`content` FROM `ht_call` WHERE ( `id` = 39 ) LIMIT 1   [ RunTime:0.000182s ]
SQL: SELECT `id`,`title`,`star`,`fans_num` FROM `ht_shop` WHERE ( `member_id` = 40 ) LIMIT 1   [ RunTime:0.000194s ]
SQL: SELECT `img1`,`content` FROM `ht_call` WHERE ( `id` = 38 ) LIMIT 1   [ RunTime:0.000183s ]
SQL: SELECT `id`,`title`,`star`,`fans_num` FROM `ht_shop` WHERE ( `member_id` = 40 ) LIMIT 1   [ RunTime:0.000190s ]
SQL: SELECT `img1`,`content` FROM `ht_new_product` WHERE ( `id` = 33 ) LIMIT 1   [ RunTime:0.000447s ]
ERR: 1054:Unknown column 'content' in 'field list'
 [ SQL语句 ] : SELECT `img1`,`content` FROM `ht_new_product` WHERE ( `id` = 33 ) LIMIT 1  
SQL: SELECT `id`,`title`,`star`,`fans_num` FROM `ht_shop` WHERE ( `member_id` = 40 ) LIMIT 1   [ RunTime:0.000206s ]
SQL: SELECT `img1`,`content` FROM `ht_call` WHERE ( `id` = 37 ) LIMIT 1   [ RunTime:0.000274s ]
SQL: SELECT `id`,`title`,`star`,`fans_num` FROM `ht_shop` WHERE ( `member_id` = 40 ) LIMIT 1   [ RunTime:0.000281s ]
SQL: SELECT `img1`,`content` FROM `ht_coupon` WHERE ( `id` = 65 ) LIMIT 1   [ RunTime:0.000274s ]
SQL: SELECT `id`,`title`,`star`,`fans_num` FROM `ht_shop` WHERE ( `member_id` = 40 ) LIMIT 1   [ RunTime:0.000305s ]
SQL: SELECT `img1`,`content` FROM `ht_activity` WHERE ( `id` = 24 ) LIMIT 1   [ RunTime:0.000296s ]
SQL: SELECT `id`,`title`,`star`,`fans_num` FROM `ht_shop` WHERE ( `member_id` = 40 ) LIMIT 1   [ RunTime:0.000310s ]
SQL: SELECT `img1`,`content` FROM `ht_card` WHERE ( `id` = 10 ) LIMIT 1   [ RunTime:0.000303s ]
SQL: SELECT `id`,`title`,`star`,`fans_num` FROM `ht_shop` WHERE ( `member_id` = 40 ) LIMIT 1   [ RunTime:0.000309s ]
SQL: SELECT `img1`,`content` FROM `ht_coupon` WHERE ( `id` = 64 ) LIMIT 1   [ RunTime:0.000306s ]
SQL: SELECT `id`,`title`,`star`,`fans_num` FROM `ht_shop` WHERE ( `member_id` = 40 ) LIMIT 1   [ RunTime:0.000263s ]
SQL: SELECT `img1`,`content` FROM `ht_call` WHERE ( `id` = 36 ) LIMIT 1   [ RunTime:0.000260s ]
SQL: SELECT `id`,`title`,`star`,`fans_num` FROM `ht_shop` WHERE ( `member_id` = 40 ) LIMIT 1   [ RunTime:0.000267s ]
SQL: SELECT `img1`,`content` FROM `ht_call` WHERE ( `id` = 35 ) LIMIT 1   [ RunTime:0.000254s ]
SQL: SELECT `id`,`title`,`star`,`fans_num` FROM `ht_shop` WHERE ( `member_id` = 40 ) LIMIT 1   [ RunTime:0.000265s ]
SQL: SELECT `img1`,`content` FROM `ht_card` WHERE ( `id` = 9 ) LIMIT 1   [ RunTime:0.000247s ]
SQL: SELECT `id`,`title`,`star`,`fans_num` FROM `ht_shop` WHERE ( `member_id` = 40 ) LIMIT 1   [ RunTime:0.000272s ]
SQL: SELECT `img1`,`content` FROM `ht_call` WHERE ( `id` = 34 ) LIMIT 1   [ RunTime:0.000267s ]
SQL: SELECT `id`,`title`,`star`,`fans_num` FROM `ht_shop` WHERE ( `member_id` = 40 ) LIMIT 1   [ RunTime:0.000267s ]
SQL: SELECT `img1`,`content` FROM `ht_call` WHERE ( `id` = 33 ) LIMIT 1   [ RunTime:0.000269s ]
SQL: SELECT `id`,`title`,`star`,`fans_num` FROM `ht_shop` WHERE ( `member_id` = 40 ) LIMIT 1   [ RunTime:0.000248s ]
SQL: SELECT `img1`,`content` FROM `ht_call` WHERE ( `id` = 32 ) LIMIT 1   [ RunTime:0.000286s ]
SQL: SELECT `id`,`title`,`star`,`fans_num` FROM `ht_shop` WHERE ( `member_id` = 40 ) LIMIT 1   [ RunTime:0.000266s ]
SQL: SELECT `img1`,`content` FROM `ht_coupon` WHERE ( `id` = 63 ) LIMIT 1   [ RunTime:0.000242s ]
SQL: SELECT `id`,`title`,`star`,`fans_num` FROM `ht_shop` WHERE ( `member_id` = 40 ) LIMIT 1   [ RunTime:0.000267s ]
SQL: SELECT `img1`,`content` FROM `ht_coupon` WHERE ( `id` = 62 ) LIMIT 1   [ RunTime:0.000255s ]
SQL: SELECT `id`,`title`,`star`,`fans_num` FROM `ht_shop` WHERE ( `member_id` = 40 ) LIMIT 1   [ RunTime:0.000264s ]
SQL: SELECT `img1`,`content` FROM `ht_coupon` WHERE ( `id` = 61 ) LIMIT 1   [ RunTime:0.000257s ]
SQL: SELECT `id`,`title`,`star`,`fans_num` FROM `ht_shop` WHERE ( `member_id` = 40 ) LIMIT 1   [ RunTime:0.000279s ]
SQL: SELECT `img1`,`content` FROM `ht_call` WHERE ( `id` = 31 ) LIMIT 1   [ RunTime:0.000273s ]
SQL: SELECT `id`,`title`,`star`,`fans_num` FROM `ht_shop` WHERE ( `member_id` = 40 ) LIMIT 1   [ RunTime:0.000266s ]
SQL: SELECT `img1`,`content` FROM `ht_call` WHERE ( `id` = 30 ) LIMIT 1   [ RunTime:0.000260s ]
SQL: SELECT `id`,`title`,`star`,`fans_num` FROM `ht_shop` WHERE ( `member_id` = 40 ) LIMIT 1   [ RunTime:0.000267s ]
SQL: SELECT `img1`,`content` FROM `ht_call` WHERE ( `id` = 29 ) LIMIT 1   [ RunTime:0.000314s ]
SQL: SELECT `id`,`title`,`star`,`fans_num` FROM `ht_shop` WHERE ( `member_id` = 40 ) LIMIT 1   [ RunTime:0.000310s ]
SQL: SELECT `img1`,`content` FROM `ht_call` WHERE ( `id` = 28 ) LIMIT 1   [ RunTime:0.000315s ]
SQL: SELECT `id`,`title`,`star`,`fans_num` FROM `ht_shop` WHERE ( `member_id` = 40 ) LIMIT 1   [ RunTime:0.000327s ]
SQL: SELECT `img1`,`content` FROM `ht_call` WHERE ( `id` = 27 ) LIMIT 1   [ RunTime:0.000306s ]
SQL: SELECT `id`,`title`,`star`,`fans_num` FROM `ht_shop` WHERE ( `member_id` = 40 ) LIMIT 1   [ RunTime:0.000261s ]
SQL: SELECT `img1`,`content` FROM `ht_call` WHERE ( `id` = 26 ) LIMIT 1   [ RunTime:0.000285s ]
SQL: SELECT `id`,`title`,`star`,`fans_num` FROM `ht_shop` WHERE ( `member_id` = 40 ) LIMIT 1   [ RunTime:0.000218s ]
SQL: SELECT `img1`,`content` FROM `ht_call` WHERE ( `id` = 25 ) LIMIT 1   [ RunTime:0.000211s ]
SQL: SELECT `id`,`title`,`star`,`fans_num` FROM `ht_shop` WHERE ( `member_id` = 48 ) LIMIT 1   [ RunTime:0.000207s ]
SQL: SELECT `img1`,`content` FROM `ht_call` WHERE ( `id` = 24 ) LIMIT 1   [ RunTime:0.000218s ]
SQL: SELECT `id`,`title`,`star`,`fans_num` FROM `ht_shop` WHERE ( `member_id` = 48 ) LIMIT 1   [ RunTime:0.000214s ]
SQL: SELECT `img1`,`content` FROM `ht_call` WHERE ( `id` = 23 ) LIMIT 1   [ RunTime:0.000215s ]
SQL: SELECT `id`,`title`,`star`,`fans_num` FROM `ht_shop` WHERE ( `member_id` = 48 ) LIMIT 1   [ RunTime:0.000263s ]
SQL: SELECT `img1`,`content` FROM `ht_card` WHERE ( `id` = 8 ) LIMIT 1   [ RunTime:0.000221s ]
SQL: SELECT `id`,`title`,`star`,`fans_num` FROM `ht_shop` WHERE ( `member_id` = 40 ) LIMIT 1   [ RunTime:0.000213s ]
SQL: SELECT `img1`,`content` FROM `ht_new_product` WHERE ( `id` = 32 ) LIMIT 1   [ RunTime:0.000374s ]
ERR: 1054:Unknown column 'content' in 'field list'
 [ SQL语句 ] : SELECT `img1`,`content` FROM `ht_new_product` WHERE ( `id` = 32 ) LIMIT 1  
SQL: SELECT `id`,`title`,`star`,`fans_num` FROM `ht_shop` WHERE ( `member_id` = 40 ) LIMIT 1   [ RunTime:0.000226s ]
SQL: SELECT `img1`,`content` FROM `ht_new_product` WHERE ( `id` = 31 ) LIMIT 1   [ RunTime:0.000363s ]
ERR: 1054:Unknown column 'content' in 'field list'
 [ SQL语句 ] : SELECT `img1`,`content` FROM `ht_new_product` WHERE ( `id` = 31 ) LIMIT 1  
SQL: SELECT `id`,`title`,`star`,`fans_num` FROM `ht_shop` WHERE ( `member_id` = 40 ) LIMIT 1   [ RunTime:0.000232s ]
SQL: SELECT `img1`,`content` FROM `ht_new_product` WHERE ( `id` = 30 ) LIMIT 1   [ RunTime:0.000345s ]
ERR: 1054:Unknown column 'content' in 'field list'
 [ SQL语句 ] : SELECT `img1`,`content` FROM `ht_new_product` WHERE ( `id` = 30 ) LIMIT 1  
SQL: SELECT `id`,`title`,`star`,`fans_num` FROM `ht_shop` WHERE ( `member_id` = 40 ) LIMIT 1   [ RunTime:0.000230s ]
SQL: SELECT `img1`,`content` FROM `ht_new_product` WHERE ( `id` = 29 ) LIMIT 1   [ RunTime:0.000352s ]
ERR: 1054:Unknown column 'content' in 'field list'
 [ SQL语句 ] : SELECT `img1`,`content` FROM `ht_new_product` WHERE ( `id` = 29 ) LIMIT 1  
SQL: SELECT `id`,`title`,`star`,`fans_num` FROM `ht_shop` WHERE ( `member_id` = 40 ) LIMIT 1   [ RunTime:0.000226s ]
SQL: SELECT `img1`,`content` FROM `ht_activity` WHERE ( `id` = 23 ) LIMIT 1   [ RunTime:0.000211s ]
SQL: SELECT `id`,`title`,`star`,`fans_num` FROM `ht_shop` WHERE ( `member_id` = 40 ) LIMIT 1   [ RunTime:0.000217s ]
SQL: SELECT `img1`,`content` FROM `ht_card` WHERE ( `id` = 7 ) LIMIT 1   [ RunTime:0.000211s ]
SQL: SELECT `id`,`title`,`star`,`fans_num` FROM `ht_shop` WHERE ( `member_id` = 40 ) LIMIT 1   [ RunTime:0.000215s ]
SQL: SELECT `img1`,`content` FROM `ht_card` WHERE ( `id` = 6 ) LIMIT 1   [ RunTime:0.000214s ]
SQL: SELECT `id`,`title`,`star`,`fans_num` FROM `ht_shop` WHERE ( `member_id` = 40 ) LIMIT 1   [ RunTime:0.000218s ]
SQL: SELECT `img1`,`content` FROM `ht_call` WHERE ( `id` = 22 ) LIMIT 1   [ RunTime:0.000213s ]
SQL: SELECT `id`,`title`,`star`,`fans_num` FROM `ht_shop` WHERE ( `member_id` = 40 ) LIMIT 1   [ RunTime:0.000213s ]
SQL: SELECT `img1`,`content` FROM `ht_activity` WHERE ( `id` = 22 ) LIMIT 1   [ RunTime:0.000207s ]
SQL: SELECT `id`,`title`,`star`,`fans_num` FROM `ht_shop` WHERE ( `member_id` = 3 ) LIMIT 1   [ RunTime:0.000217s ]
SQL: SELECT `img1`,`content` FROM `ht_call` WHERE ( `id` = 21 ) LIMIT 1   [ RunTime:0.000210s ]
SQL: SELECT `id`,`title`,`star`,`fans_num` FROM `ht_shop` WHERE ( `member_id` = 40 ) LIMIT 1   [ RunTime:0.000215s ]
SQL: SELECT `img1`,`content` FROM `ht_call` WHERE ( `id` = 20 ) LIMIT 1   [ RunTime:0.000212s ]
SQL: SELECT `id`,`title`,`star`,`fans_num` FROM `ht_shop` WHERE ( `member_id` = 40 ) LIMIT 1   [ RunTime:0.000216s ]
SQL: SELECT `img1`,`content` FROM `ht_call` WHERE ( `id` = 19 ) LIMIT 1   [ RunTime:0.000209s ]
SQL: SELECT `id`,`title`,`star`,`fans_num` FROM `ht_shop` WHERE ( `member_id` = 40 ) LIMIT 1   [ RunTime:0.000221s ]
SQL: SELECT `img1`,`content` FROM `ht_call` WHERE ( `id` = 18 ) LIMIT 1   [ RunTime:0.000207s ]
SQL: SELECT `id`,`title`,`star`,`fans_num` FROM `ht_shop` WHERE ( `member_id` = 40 ) LIMIT 1   [ RunTime:0.000216s ]
SQL: SELECT `img1`,`content` FROM `ht_call` WHERE ( `id` = 17 ) LIMIT 1   [ RunTime:0.000210s ]
SQL: SELECT `id`,`title`,`star`,`fans_num` FROM `ht_shop` WHERE ( `member_id` = 40 ) LIMIT 1   [ RunTime:0.000220s ]
SQL: SELECT `img1`,`content` FROM `ht_new_product` WHERE ( `id` = 28 ) LIMIT 1   [ RunTime:0.000346s ]
ERR: 1054:Unknown column 'content' in 'field list'
 [ SQL语句 ] : SELECT `img1`,`content` FROM `ht_new_product` WHERE ( `id` = 28 ) LIMIT 1  
SQL: SELECT `id`,`title`,`star`,`fans_num` FROM `ht_shop` WHERE ( `member_id` = 3 ) LIMIT 1   [ RunTime:0.000226s ]
SQL: SELECT `img1`,`content` FROM `ht_coupon` WHERE ( `id` = 60 ) LIMIT 1   [ RunTime:0.000214s ]
SQL: SELECT `id`,`title`,`star`,`fans_num` FROM `ht_shop` WHERE ( `member_id` = 48 ) LIMIT 1   [ RunTime:0.000213s ]
SQL: SELECT `img1`,`content` FROM `ht_coupon` WHERE ( `id` = 44 ) LIMIT 1   [ RunTime:0.000231s ]
SQL: SELECT `id`,`title`,`star`,`fans_num` FROM `ht_shop` WHERE ( `member_id` = 3 ) LIMIT 1   [ RunTime:0.000223s ]

[ 2015-08-22T11:39:16+08:00 ] 172.16.100.11 /?c=Api&a=getHomeTypeList&partent=ht&key=ht&city_id=13
INFO: [ app_init ] --START--
INFO: Run Behavior\BuildLiteBehavior [ RunTime:0.000029s ]
INFO: [ app_init ] --END-- [ RunTime:0.000761s ]
INFO: [ app_begin ] --START--
INFO: Run Behavior\ReadHtmlCacheBehavior [ RunTime:0.000910s ]
INFO: [ app_begin ] --END-- [ RunTime:0.001062s ]
SQL: SHOW COLUMNS FROM `ht_home_class` [ RunTime:0.001019s ]
SQL: SELECT * FROM `ht_home_class` WHERE ( `city_id` = 13 ) AND ( `is_hidden` = 0 ) ORDER BY order_num asc,id desc  [ RunTime:0.000366s ]

[ 2015-08-22T17:34:53+08:00 ] 172.16.100.11 /robots.txt
INFO: [ app_init ] --START--
INFO: Run Behavior\BuildLiteBehavior [ RunTime:0.000023s ]
INFO: [ app_init ] --END-- [ RunTime:0.000487s ]
INFO: [ app_begin ] --START--
INFO: Run Behavior\ReadHtmlCacheBehavior [ RunTime:0.000592s ]
INFO: [ app_begin ] --END-- [ RunTime:0.000691s ]
INFO: [ view_parse ] --START--
INFO: [ template_filter ] --START--
INFO: Run Behavior\ContentReplaceBehavior [ RunTime:0.000072s ]
INFO: [ template_filter ] --END-- [ RunTime:0.000170s ]
INFO: Run Behavior\ParseTemplateBehavior [ RunTime:0.007909s ]
INFO: [ view_parse ] --END-- [ RunTime:0.008017s ]
INFO: [ view_filter ] --START--
INFO: Run Behavior\WriteHtmlCacheBehavior [ RunTime:0.000185s ]
INFO: [ view_filter ] --END-- [ RunTime:0.000268s ]

[ 2015-08-22T19:32:06+08:00 ] 172.16.100.11 /?c=Api&a=getHomeRotateList&partent=ht&key=ht&city_id=13
INFO: [ app_init ] --START--
INFO: Run Behavior\BuildLiteBehavior [ RunTime:0.000023s ]
INFO: [ app_init ] --END-- [ RunTime:0.000469s ]
INFO: [ app_begin ] --START--
INFO: Run Behavior\ReadHtmlCacheBehavior [ RunTime:0.000590s ]
INFO: [ app_begin ] --END-- [ RunTime:0.000690s ]
SQL: SHOW COLUMNS FROM `ht_rotate` [ RunTime:0.001392s ]
SQL: SELECT `id`,`type`,`content_id`,`link_url`,`title`,`img` FROM `ht_rotate` WHERE ( `city_id` = 13 ) AND ( `status` = 1 ) ORDER BY order_num asc,id desc  [ RunTime:0.000333s ]

[ 2015-08-22T19:32:06+08:00 ] 172.16.100.11 /?c=Api&a=getHomeCallList&partent=ht&key=ht&city_id=13&member_id=40
INFO: [ app_init ] --START--
INFO: Run Behavior\BuildLiteBehavior [ RunTime:0.000031s ]
INFO: [ app_init ] --END-- [ RunTime:0.000696s ]
INFO: [ app_begin ] --START--
INFO: Run Behavior\ReadHtmlCacheBehavior [ RunTime:0.000889s ]
INFO: [ app_begin ] --END-- [ RunTime:0.001059s ]
SQL: SHOW COLUMNS FROM `ht_shop_service` [ RunTime:0.001505s ]
SQL: SELECT * FROM `ht_shop_service` WHERE ( `city_id` = 13 ) ORDER BY id desc LIMIT 0,20   [ RunTime:0.000333s ]
SQL: SHOW COLUMNS FROM `ht_call` [ RunTime:0.003262s ]
SQL: SELECT `img1`,`img2`,`img3`,`img4`,`img5`,`img6`,`content` FROM `ht_call` WHERE ( `id` = 22 ) LIMIT 1   [ RunTime:0.000254s ]
SQL: SHOW COLUMNS FROM `ht_shop` [ RunTime:0.002592s ]
SQL: SELECT `id`,`title`,`star`,`fans_num` FROM `ht_shop` WHERE ( `member_id` = 40 ) LIMIT 1   [ RunTime:0.000233s ]
SQL: SHOW COLUMNS FROM `ht_shop_fans` [ RunTime:0.001728s ]
SQL: SELECT * FROM `ht_shop_fans` WHERE ( `shop_id` = 53 ) AND ( `member_id` = 40 ) LIMIT 1   [ RunTime:0.000257s ]
SQL: SHOW COLUMNS FROM `ht_card` [ RunTime:0.002716s ]
SQL: SELECT `img1`,`img2`,`img3`,`img4`,`img5`,`img6`,`content` FROM `ht_card` WHERE ( `id` = 1 ) LIMIT 1   [ RunTime:0.000246s ]
SQL: SELECT `id`,`title`,`star`,`fans_num` FROM `ht_shop` WHERE ( `member_id` = 1 ) LIMIT 1   [ RunTime:0.000227s ]
SQL: SELECT * FROM `ht_shop_fans` WHERE ( `shop_id` = 1 ) AND ( `member_id` = 40 ) LIMIT 1   [ RunTime:0.001367s ]
SQL: SHOW COLUMNS FROM `ht_coupon` [ RunTime:0.001790s ]
SQL: SELECT `img1`,`img2`,`img3`,`img4`,`img5`,`img6`,`content` FROM `ht_coupon` WHERE ( `id` = 45 ) LIMIT 1   [ RunTime:0.000216s ]
SQL: SELECT `id`,`title`,`star`,`fans_num` FROM `ht_shop` WHERE ( `member_id` = 1 ) LIMIT 1   [ RunTime:0.000510s ]
SQL: SELECT * FROM `ht_shop_fans` WHERE ( `shop_id` = 1 ) AND ( `member_id` = 40 ) LIMIT 1   [ RunTime:0.000247s ]

[ 2015-08-22T19:32:06+08:00 ] 172.16.100.11 /?c=Api&a=getAreaList&partent=ht&key=ht
INFO: [ app_init ] --START--
INFO: Run Behavior\BuildLiteBehavior [ RunTime:0.000023s ]
INFO: [ app_init ] --END-- [ RunTime:0.000444s ]
INFO: [ app_begin ] --START--
INFO: Run Behavior\ReadHtmlCacheBehavior [ RunTime:0.000553s ]
INFO: [ app_begin ] --END-- [ RunTime:0.000652s ]
SQL: SHOW COLUMNS FROM `ht_area` [ RunTime:0.000964s ]
SQL: SELECT `id`,`title` FROM `ht_area` WHERE ( c_id=13 )  [ RunTime:0.000217s ]

[ 2015-08-22T23:00:44+08:00 ] 172.16.100.11 /robots.txt
INFO: [ app_init ] --START--
INFO: Run Behavior\BuildLiteBehavior [ RunTime:0.000022s ]
INFO: [ app_init ] --END-- [ RunTime:0.000456s ]
INFO: [ app_begin ] --START--
INFO: Run Behavior\ReadHtmlCacheBehavior [ RunTime:0.000563s ]
INFO: [ app_begin ] --END-- [ RunTime:0.000662s ]
INFO: [ view_parse ] --START--
INFO: [ template_filter ] --START--
INFO: Run Behavior\ContentReplaceBehavior [ RunTime:0.000073s ]
INFO: [ template_filter ] --END-- [ RunTime:0.000171s ]
INFO: Run Behavior\ParseTemplateBehavior [ RunTime:0.007923s ]
INFO: [ view_parse ] --END-- [ RunTime:0.008021s ]
INFO: [ view_filter ] --START--
INFO: Run Behavior\WriteHtmlCacheBehavior [ RunTime:0.000183s ]
INFO: [ view_filter ] --END-- [ RunTime:0.000266s ]

