[ 2015-10-07T04:05:59+08:00 ] 172.16.100.12 /robots.txt
INFO: [ app_init ] --START--
INFO: Run Behavior\BuildLiteBehavior [ RunTime:0.000023s ]
INFO: [ app_init ] --END-- [ RunTime:0.000466s ]
INFO: [ app_begin ] --START--
INFO: Run Behavior\ReadHtmlCacheBehavior [ RunTime:0.000585s ]
INFO: [ app_begin ] --END-- [ RunTime:0.000683s ]
INFO: [ view_parse ] --START--
INFO: [ template_filter ] --START--
INFO: Run Behavior\ContentReplaceBehavior [ RunTime:0.000072s ]
INFO: [ template_filter ] --END-- [ RunTime:0.000170s ]
INFO: Run Behavior\ParseTemplateBehavior [ RunTime:0.007964s ]
INFO: [ view_parse ] --END-- [ RunTime:0.008062s ]
INFO: [ view_filter ] --START--
INFO: Run Behavior\WriteHtmlCacheBehavior [ RunTime:0.000182s ]
INFO: [ view_filter ] --END-- [ RunTime:0.000265s ]

[ 2015-10-07T05:46:08+08:00 ] 172.16.100.12 /
INFO: [ app_init ] --START--
INFO: Run Behavior\BuildLiteBehavior [ RunTime:0.000023s ]
INFO: [ app_init ] --END-- [ RunTime:0.000457s ]
INFO: [ app_begin ] --START--
INFO: Run Behavior\ReadHtmlCacheBehavior [ RunTime:0.000566s ]
INFO: [ app_begin ] --END-- [ RunTime:0.000679s ]
INFO: [ view_parse ] --START--
INFO: [ template_filter ] --START--
INFO: Run Behavior\ContentReplaceBehavior [ RunTime:0.000071s ]
INFO: [ template_filter ] --END-- [ RunTime:0.000168s ]
INFO: Run Behavior\ParseTemplateBehavior [ RunTime:0.007912s ]
INFO: [ view_parse ] --END-- [ RunTime:0.008012s ]
INFO: [ view_filter ] --START--
INFO: Run Behavior\WriteHtmlCacheBehavior [ RunTime:0.000184s ]
INFO: [ view_filter ] --END-- [ RunTime:0.000266s ]

[ 2015-10-07T17:00:31+08:00 ] 172.16.100.12 /?c=Api&a=getHomeRotateList&partent=ht&key=ht&city_id=null
INFO: [ app_init ] --START--
INFO: Run Behavior\BuildLiteBehavior [ RunTime:0.000023s ]
INFO: [ app_init ] --END-- [ RunTime:0.000483s ]
INFO: [ app_begin ] --START--
INFO: Run Behavior\ReadHtmlCacheBehavior [ RunTime:0.000595s ]
INFO: [ app_begin ] --END-- [ RunTime:0.000694s ]
SQL: SHOW COLUMNS FROM `ht_rotate` [ RunTime:0.001600s ]
SQL: SELECT `id`,`type`,`content_id`,`link_url`,`title`,`img` FROM `ht_rotate` WHERE ( `city_id` = 0 ) AND ( `status` = 1 ) ORDER BY order_num asc,id desc  [ RunTime:0.000319s ]

[ 2015-10-07T17:00:33+08:00 ] 172.16.100.12 /?c=Api&a=getHomeRotateList&partent=ht&key=ht&city_id=12
INFO: [ app_init ] --START--
INFO: Run Behavior\BuildLiteBehavior [ RunTime:0.000023s ]
INFO: [ app_init ] --END-- [ RunTime:0.000474s ]
INFO: [ app_begin ] --START--
INFO: Run Behavior\ReadHtmlCacheBehavior [ RunTime:0.000589s ]
INFO: [ app_begin ] --END-- [ RunTime:0.000688s ]
SQL: SHOW COLUMNS FROM `ht_rotate` [ RunTime:0.001384s ]
SQL: SELECT `id`,`type`,`content_id`,`link_url`,`title`,`img` FROM `ht_rotate` WHERE ( `city_id` = 12 ) AND ( `status` = 1 ) ORDER BY order_num asc,id desc  [ RunTime:0.000244s ]

[ 2015-10-07T17:00:33+08:00 ] 172.16.100.12 /?c=Api&a=getHomeCallList&partent=ht&key=ht&city_id=12&member_id=&time=1444208431498
INFO: [ app_init ] --START--
INFO: Run Behavior\BuildLiteBehavior [ RunTime:0.000023s ]
INFO: [ app_init ] --END-- [ RunTime:0.000451s ]
INFO: [ app_begin ] --START--
INFO: Run Behavior\ReadHtmlCacheBehavior [ RunTime:0.000574s ]
INFO: [ app_begin ] --END-- [ RunTime:0.000669s ]
SQL: SHOW COLUMNS FROM `ht_shop_service` [ RunTime:0.001544s ]
SQL: SELECT * FROM `ht_shop_service` WHERE ( `city_id` = 12 ) ORDER BY id desc LIMIT 0,20   [ RunTime:0.000423s ]
SQL: SHOW COLUMNS FROM `ht_new_product` [ RunTime:0.001358s ]
SQL: SELECT `img1`,`img2`,`img3`,`img4`,`img5`,`img6`,title as content FROM `ht_new_product` WHERE ( `id` = 53 ) LIMIT 1   [ RunTime:0.000262s ]
SQL: SHOW COLUMNS FROM `ht_shop` [ RunTime:0.002392s ]
SQL: SELECT `id`,`title`,`star`,`fans_num` FROM `ht_shop` WHERE ( `member_id` = 49 ) LIMIT 1   [ RunTime:0.000292s ]
SQL: SHOW COLUMNS FROM `ht_shop_fans` [ RunTime:0.000984s ]
SQL: SELECT * FROM `ht_shop_fans` WHERE ( `shop_id` = 62 ) AND ( `member_id` = 0 ) LIMIT 1   [ RunTime:0.000238s ]
SQL: SHOW COLUMNS FROM `ht_coupon` [ RunTime:0.001666s ]
SQL: SELECT `img1`,`img2`,`img3`,`img4`,`img5`,`img6`,`content` FROM `ht_coupon` WHERE ( `id` = 101 ) LIMIT 1   [ RunTime:0.000239s ]
SQL: SELECT `id`,`title`,`star`,`fans_num` FROM `ht_shop` WHERE ( `member_id` = 49 ) LIMIT 1   [ RunTime:0.000197s ]
SQL: SELECT * FROM `ht_shop_fans` WHERE ( `shop_id` = 62 ) AND ( `member_id` = 0 ) LIMIT 1   [ RunTime:0.000220s ]
SQL: SELECT `img1`,`img2`,`img3`,`img4`,`img5`,`img6`,`content` FROM `ht_coupon` WHERE ( `id` = 100 ) LIMIT 1   [ RunTime:0.000258s ]
SQL: SELECT `id`,`title`,`star`,`fans_num` FROM `ht_shop` WHERE ( `member_id` = 49 ) LIMIT 1   [ RunTime:0.000193s ]
SQL: SELECT * FROM `ht_shop_fans` WHERE ( `shop_id` = 62 ) AND ( `member_id` = 0 ) LIMIT 1   [ RunTime:0.000230s ]
SQL: SHOW COLUMNS FROM `ht_call` [ RunTime:0.001311s ]
SQL: SELECT `img1`,`img2`,`img3`,`img4`,`img5`,`img6`,`content` FROM `ht_call` WHERE ( `id` = 75 ) LIMIT 1   [ RunTime:0.000261s ]
SQL: SELECT `id`,`title`,`star`,`fans_num` FROM `ht_shop` WHERE ( `member_id` = 49 ) LIMIT 1   [ RunTime:0.000229s ]
SQL: SELECT * FROM `ht_shop_fans` WHERE ( `shop_id` = 62 ) AND ( `member_id` = 0 ) LIMIT 1   [ RunTime:0.000196s ]
SQL: SELECT `img1`,`img2`,`img3`,`img4`,`img5`,`img6`,`content` FROM `ht_call` WHERE ( `id` = 74 ) LIMIT 1   [ RunTime:0.000238s ]
SQL: SELECT `id`,`title`,`star`,`fans_num` FROM `ht_shop` WHERE ( `member_id` = 49 ) LIMIT 1   [ RunTime:0.000192s ]
SQL: SELECT * FROM `ht_shop_fans` WHERE ( `shop_id` = 62 ) AND ( `member_id` = 0 ) LIMIT 1   [ RunTime:0.000233s ]
SQL: SELECT `img1`,`img2`,`img3`,`img4`,`img5`,`img6`,`content` FROM `ht_coupon` WHERE ( `id` = 99 ) LIMIT 1   [ RunTime:0.000204s ]
SQL: SELECT `id`,`title`,`star`,`fans_num` FROM `ht_shop` WHERE ( `member_id` = 49 ) LIMIT 1   [ RunTime:0.000230s ]
SQL: SELECT * FROM `ht_shop_fans` WHERE ( `shop_id` = 62 ) AND ( `member_id` = 0 ) LIMIT 1   [ RunTime:0.000279s ]
SQL: SHOW COLUMNS FROM `ht_activity` [ RunTime:0.001474s ]
SQL: SELECT `img1`,`img2`,`img3`,`img4`,`img5`,`img6`,`content` FROM `ht_activity` WHERE ( `id` = 40 ) LIMIT 1   [ RunTime:0.000217s ]
SQL: SELECT `id`,`title`,`star`,`fans_num` FROM `ht_shop` WHERE ( `member_id` = 49 ) LIMIT 1   [ RunTime:0.000298s ]
SQL: SELECT * FROM `ht_shop_fans` WHERE ( `shop_id` = 62 ) AND ( `member_id` = 0 ) LIMIT 1   [ RunTime:0.000194s ]
SQL: SELECT `img1`,`img2`,`img3`,`img4`,`img5`,`img6`,`content` FROM `ht_coupon` WHERE ( `id` = 99 ) LIMIT 1   [ RunTime:0.000283s ]
SQL: SELECT `id`,`title`,`star`,`fans_num` FROM `ht_shop` WHERE ( `member_id` = 49 ) LIMIT 1   [ RunTime:0.000209s ]
SQL: SELECT * FROM `ht_shop_fans` WHERE ( `shop_id` = 62 ) AND ( `member_id` = 0 ) LIMIT 1   [ RunTime:0.000276s ]
SQL: SELECT `img1`,`img2`,`img3`,`img4`,`img5`,`img6`,`content` FROM `ht_coupon` WHERE ( `id` = 98 ) LIMIT 1   [ RunTime:0.000200s ]
SQL: SELECT `id`,`title`,`star`,`fans_num` FROM `ht_shop` WHERE ( `member_id` = 49 ) LIMIT 1   [ RunTime:0.000229s ]
SQL: SELECT * FROM `ht_shop_fans` WHERE ( `shop_id` = 62 ) AND ( `member_id` = 0 ) LIMIT 1   [ RunTime:0.000189s ]
SQL: SELECT `img1`,`img2`,`img3`,`img4`,`img5`,`img6`,`content` FROM `ht_call` WHERE ( `id` = 72 ) LIMIT 1   [ RunTime:0.000245s ]
SQL: SELECT `id`,`title`,`star`,`fans_num` FROM `ht_shop` WHERE ( `member_id` = 49 ) LIMIT 1   [ RunTime:0.000189s ]
SQL: SELECT * FROM `ht_shop_fans` WHERE ( `shop_id` = 62 ) AND ( `member_id` = 0 ) LIMIT 1   [ RunTime:0.000244s ]
SQL: SELECT `img1`,`img2`,`img3`,`img4`,`img5`,`img6`,`content` FROM `ht_call` WHERE ( `id` = 71 ) LIMIT 1   [ RunTime:0.000203s ]
SQL: SELECT `id`,`title`,`star`,`fans_num` FROM `ht_shop` WHERE ( `member_id` = 48 ) LIMIT 1   [ RunTime:0.000286s ]
SQL: SELECT * FROM `ht_shop_fans` WHERE ( `shop_id` = 54 ) AND ( `member_id` = 0 ) LIMIT 1   [ RunTime:0.000277s ]
SQL: SELECT `img1`,`img2`,`img3`,`img4`,`img5`,`img6`,`content` FROM `ht_call` WHERE ( `id` = 70 ) LIMIT 1   [ RunTime:0.000359s ]
SQL: SELECT `id`,`title`,`star`,`fans_num` FROM `ht_shop` WHERE ( `member_id` = 49 ) LIMIT 1   [ RunTime:0.000287s ]
SQL: SELECT * FROM `ht_shop_fans` WHERE ( `shop_id` = 62 ) AND ( `member_id` = 0 ) LIMIT 1   [ RunTime:0.000204s ]
SQL: SELECT `img1`,`img2`,`img3`,`img4`,`img5`,`img6`,`content` FROM `ht_call` WHERE ( `id` = 69 ) LIMIT 1   [ RunTime:0.000259s ]
SQL: SELECT `id`,`title`,`star`,`fans_num` FROM `ht_shop` WHERE ( `member_id` = 49 ) LIMIT 1   [ RunTime:0.000190s ]
SQL: SELECT * FROM `ht_shop_fans` WHERE ( `shop_id` = 62 ) AND ( `member_id` = 0 ) LIMIT 1   [ RunTime:0.000191s ]
SQL: SELECT `img1`,`img2`,`img3`,`img4`,`img5`,`img6`,title as content FROM `ht_new_product` WHERE ( `id` = 49 ) LIMIT 1   [ RunTime:0.000210s ]
SQL: SELECT `id`,`title`,`star`,`fans_num` FROM `ht_shop` WHERE ( `member_id` = 49 ) LIMIT 1   [ RunTime:0.000188s ]
SQL: SELECT * FROM `ht_shop_fans` WHERE ( `shop_id` = 62 ) AND ( `member_id` = 0 ) LIMIT 1   [ RunTime:0.000191s ]
SQL: SELECT `img1`,`img2`,`img3`,`img4`,`img5`,`img6`,`content` FROM `ht_coupon` WHERE ( `id` = 95 ) LIMIT 1   [ RunTime:0.000200s ]
SQL: SELECT `id`,`title`,`star`,`fans_num` FROM `ht_shop` WHERE ( `member_id` = 49 ) LIMIT 1   [ RunTime:0.000194s ]
SQL: SELECT * FROM `ht_shop_fans` WHERE ( `shop_id` = 62 ) AND ( `member_id` = 0 ) LIMIT 1   [ RunTime:0.000192s ]
SQL: SHOW COLUMNS FROM `ht_card` [ RunTime:0.001490s ]
SQL: SELECT `img1`,`img2`,`img3`,`img4`,`img5`,`img6`,`content` FROM `ht_card` WHERE ( `id` = 22 ) LIMIT 1   [ RunTime:0.000211s ]
SQL: SELECT `id`,`title`,`star`,`fans_num` FROM `ht_shop` WHERE ( `member_id` = 49 ) LIMIT 1   [ RunTime:0.000216s ]
SQL: SELECT * FROM `ht_shop_fans` WHERE ( `shop_id` = 62 ) AND ( `member_id` = 0 ) LIMIT 1   [ RunTime:0.000196s ]
SQL: SELECT `img1`,`img2`,`img3`,`img4`,`img5`,`img6`,`content` FROM `ht_card` WHERE ( `id` = 21 ) LIMIT 1   [ RunTime:0.000253s ]
SQL: SELECT `id`,`title`,`star`,`fans_num` FROM `ht_shop` WHERE ( `member_id` = 49 ) LIMIT 1   [ RunTime:0.000302s ]
SQL: SELECT * FROM `ht_shop_fans` WHERE ( `shop_id` = 62 ) AND ( `member_id` = 0 ) LIMIT 1   [ RunTime:0.000254s ]
SQL: SELECT `img1`,`img2`,`img3`,`img4`,`img5`,`img6`,`content` FROM `ht_card` WHERE ( `id` = 20 ) LIMIT 1   [ RunTime:0.000201s ]
SQL: SELECT `id`,`title`,`star`,`fans_num` FROM `ht_shop` WHERE ( `member_id` = 49 ) LIMIT 1   [ RunTime:0.000195s ]
SQL: SELECT * FROM `ht_shop_fans` WHERE ( `shop_id` = 62 ) AND ( `member_id` = 0 ) LIMIT 1   [ RunTime:0.000188s ]
SQL: SELECT `img1`,`img2`,`img3`,`img4`,`img5`,`img6`,`content` FROM `ht_coupon` WHERE ( `id` = 95 ) LIMIT 1   [ RunTime:0.000204s ]
SQL: SELECT `id`,`title`,`star`,`fans_num` FROM `ht_shop` WHERE ( `member_id` = 49 ) LIMIT 1   [ RunTime:0.000188s ]
SQL: SELECT * FROM `ht_shop_fans` WHERE ( `shop_id` = 62 ) AND ( `member_id` = 0 ) LIMIT 1   [ RunTime:0.000206s ]
SQL: SELECT `img1`,`img2`,`img3`,`img4`,`img5`,`img6`,`content` FROM `ht_call` WHERE ( `id` = 64 ) LIMIT 1   [ RunTime:0.000286s ]
SQL: SELECT `id`,`title`,`star`,`fans_num` FROM `ht_shop` WHERE ( `member_id` = 55 ) LIMIT 1   [ RunTime:0.000315s ]
SQL: SELECT * FROM `ht_shop_fans` WHERE ( `shop_id` = 80 ) AND ( `member_id` = 0 ) LIMIT 1   [ RunTime:0.000284s ]

[ 2015-10-07T17:00:35+08:00 ] 172.16.100.12 /?c=Api&a=getAreaList&partent=ht&key=ht
INFO: [ app_init ] --START--
INFO: Run Behavior\BuildLiteBehavior [ RunTime:0.000023s ]
INFO: [ app_init ] --END-- [ RunTime:0.000467s ]
INFO: [ app_begin ] --START--
INFO: Run Behavior\ReadHtmlCacheBehavior [ RunTime:0.000569s ]
INFO: [ app_begin ] --END-- [ RunTime:0.000667s ]
SQL: SHOW COLUMNS FROM `ht_area` [ RunTime:0.000928s ]
SQL: SELECT `id`,`title` FROM `ht_area` WHERE ( c_id=12 )  [ RunTime:0.000256s ]

[ 2015-10-07T17:00:49+08:00 ] 172.16.100.12 /?c=Api&a=getHomeCallList&partent=ht&key=ht&city_id=12&member_id=&time=1444208450594
INFO: [ app_init ] --START--
INFO: Run Behavior\BuildLiteBehavior [ RunTime:0.000024s ]
INFO: [ app_init ] --END-- [ RunTime:0.000472s ]
INFO: [ app_begin ] --START--
INFO: Run Behavior\ReadHtmlCacheBehavior [ RunTime:0.000572s ]
INFO: [ app_begin ] --END-- [ RunTime:0.000669s ]
SQL: SHOW COLUMNS FROM `ht_shop_service` [ RunTime:0.001805s ]
SQL: SELECT * FROM `ht_shop_service` WHERE ( `city_id` = 12 ) ORDER BY id desc LIMIT 0,20   [ RunTime:0.000431s ]
SQL: SHOW COLUMNS FROM `ht_new_product` [ RunTime:0.001357s ]
SQL: SELECT `img1`,`img2`,`img3`,`img4`,`img5`,`img6`,title as content FROM `ht_new_product` WHERE ( `id` = 53 ) LIMIT 1   [ RunTime:0.000240s ]
SQL: SHOW COLUMNS FROM `ht_shop` [ RunTime:0.002396s ]
SQL: SELECT `id`,`title`,`star`,`fans_num` FROM `ht_shop` WHERE ( `member_id` = 49 ) LIMIT 1   [ RunTime:0.000288s ]
SQL: SHOW COLUMNS FROM `ht_shop_fans` [ RunTime:0.000957s ]
SQL: SELECT * FROM `ht_shop_fans` WHERE ( `shop_id` = 62 ) AND ( `member_id` = 0 ) LIMIT 1   [ RunTime:0.000302s ]
SQL: SHOW COLUMNS FROM `ht_coupon` [ RunTime:0.001732s ]
SQL: SELECT `img1`,`img2`,`img3`,`img4`,`img5`,`img6`,`content` FROM `ht_coupon` WHERE ( `id` = 101 ) LIMIT 1   [ RunTime:0.000231s ]
SQL: SELECT `id`,`title`,`star`,`fans_num` FROM `ht_shop` WHERE ( `member_id` = 49 ) LIMIT 1   [ RunTime:0.000234s ]
SQL: SELECT * FROM `ht_shop_fans` WHERE ( `shop_id` = 62 ) AND ( `member_id` = 0 ) LIMIT 1   [ RunTime:0.000286s ]
SQL: SELECT `img1`,`img2`,`img3`,`img4`,`img5`,`img6`,`content` FROM `ht_coupon` WHERE ( `id` = 100 ) LIMIT 1   [ RunTime:0.000270s ]
SQL: SELECT `id`,`title`,`star`,`fans_num` FROM `ht_shop` WHERE ( `member_id` = 49 ) LIMIT 1   [ RunTime:0.000191s ]
SQL: SELECT * FROM `ht_shop_fans` WHERE ( `shop_id` = 62 ) AND ( `member_id` = 0 ) LIMIT 1   [ RunTime:0.000190s ]
SQL: SHOW COLUMNS FROM `ht_call` [ RunTime:0.001505s ]
SQL: SELECT `img1`,`img2`,`img3`,`img4`,`img5`,`img6`,`content` FROM `ht_call` WHERE ( `id` = 75 ) LIMIT 1   [ RunTime:0.000297s ]
SQL: SELECT `id`,`title`,`star`,`fans_num` FROM `ht_shop` WHERE ( `member_id` = 49 ) LIMIT 1   [ RunTime:0.000198s ]
SQL: SELECT * FROM `ht_shop_fans` WHERE ( `shop_id` = 62 ) AND ( `member_id` = 0 ) LIMIT 1   [ RunTime:0.000237s ]
SQL: SELECT `img1`,`img2`,`img3`,`img4`,`img5`,`img6`,`content` FROM `ht_call` WHERE ( `id` = 74 ) LIMIT 1   [ RunTime:0.000201s ]
SQL: SELECT `id`,`title`,`star`,`fans_num` FROM `ht_shop` WHERE ( `member_id` = 49 ) LIMIT 1   [ RunTime:0.000233s ]
SQL: SELECT * FROM `ht_shop_fans` WHERE ( `shop_id` = 62 ) AND ( `member_id` = 0 ) LIMIT 1   [ RunTime:0.000261s ]
SQL: SELECT `img1`,`img2`,`img3`,`img4`,`img5`,`img6`,`content` FROM `ht_coupon` WHERE ( `id` = 99 ) LIMIT 1   [ RunTime:0.000246s ]
SQL: SELECT `id`,`title`,`star`,`fans_num` FROM `ht_shop` WHERE ( `member_id` = 49 ) LIMIT 1   [ RunTime:0.000269s ]
SQL: SELECT * FROM `ht_shop_fans` WHERE ( `shop_id` = 62 ) AND ( `member_id` = 0 ) LIMIT 1   [ RunTime:0.000206s ]
SQL: SHOW COLUMNS FROM `ht_activity` [ RunTime:0.001572s ]
SQL: SELECT `img1`,`img2`,`img3`,`img4`,`img5`,`img6`,`content` FROM `ht_activity` WHERE ( `id` = 40 ) LIMIT 1   [ RunTime:0.000297s ]
SQL: SELECT `id`,`title`,`star`,`fans_num` FROM `ht_shop` WHERE ( `member_id` = 49 ) LIMIT 1   [ RunTime:0.000201s ]
SQL: SELECT * FROM `ht_shop_fans` WHERE ( `shop_id` = 62 ) AND ( `member_id` = 0 ) LIMIT 1   [ RunTime:0.000241s ]
SQL: SELECT `img1`,`img2`,`img3`,`img4`,`img5`,`img6`,`content` FROM `ht_coupon` WHERE ( `id` = 99 ) LIMIT 1   [ RunTime:0.000207s ]
SQL: SELECT `id`,`title`,`star`,`fans_num` FROM `ht_shop` WHERE ( `member_id` = 49 ) LIMIT 1   [ RunTime:0.000237s ]
SQL: SELECT * FROM `ht_shop_fans` WHERE ( `shop_id` = 62 ) AND ( `member_id` = 0 ) LIMIT 1   [ RunTime:0.000278s ]
SQL: SELECT `img1`,`img2`,`img3`,`img4`,`img5`,`img6`,`content` FROM `ht_coupon` WHERE ( `id` = 98 ) LIMIT 1   [ RunTime:0.000210s ]
SQL: SELECT `id`,`title`,`star`,`fans_num` FROM `ht_shop` WHERE ( `member_id` = 49 ) LIMIT 1   [ RunTime:0.001000s ]
SQL: SELECT * FROM `ht_shop_fans` WHERE ( `shop_id` = 62 ) AND ( `member_id` = 0 ) LIMIT 1   [ RunTime:0.000309s ]
SQL: SELECT `img1`,`img2`,`img3`,`img4`,`img5`,`img6`,`content` FROM `ht_call` WHERE ( `id` = 72 ) LIMIT 1   [ RunTime:0.000275s ]
SQL: SELECT `id`,`title`,`star`,`fans_num` FROM `ht_shop` WHERE ( `member_id` = 49 ) LIMIT 1   [ RunTime:0.000247s ]
SQL: SELECT * FROM `ht_shop_fans` WHERE ( `shop_id` = 62 ) AND ( `member_id` = 0 ) LIMIT 1   [ RunTime:0.000200s ]
SQL: SELECT `img1`,`img2`,`img3`,`img4`,`img5`,`img6`,`content` FROM `ht_call` WHERE ( `id` = 71 ) LIMIT 1   [ RunTime:0.000269s ]
SQL: SELECT `id`,`title`,`star`,`fans_num` FROM `ht_shop` WHERE ( `member_id` = 48 ) LIMIT 1   [ RunTime:0.000303s ]
SQL: SELECT * FROM `ht_shop_fans` WHERE ( `shop_id` = 54 ) AND ( `member_id` = 0 ) LIMIT 1   [ RunTime:0.000267s ]
SQL: SELECT `img1`,`img2`,`img3`,`img4`,`img5`,`img6`,`content` FROM `ht_call` WHERE ( `id` = 70 ) LIMIT 1   [ RunTime:0.000378s ]
SQL: SELECT `id`,`title`,`star`,`fans_num` FROM `ht_shop` WHERE ( `member_id` = 49 ) LIMIT 1   [ RunTime:0.000282s ]
SQL: SELECT * FROM `ht_shop_fans` WHERE ( `shop_id` = 62 ) AND ( `member_id` = 0 ) LIMIT 1   [ RunTime:0.000286s ]
SQL: SELECT `img1`,`img2`,`img3`,`img4`,`img5`,`img6`,`content` FROM `ht_call` WHERE ( `id` = 69 ) LIMIT 1   [ RunTime:0.000284s ]
SQL: SELECT `id`,`title`,`star`,`fans_num` FROM `ht_shop` WHERE ( `member_id` = 49 ) LIMIT 1   [ RunTime:0.000234s ]
SQL: SELECT * FROM `ht_shop_fans` WHERE ( `shop_id` = 62 ) AND ( `member_id` = 0 ) LIMIT 1   [ RunTime:0.000226s ]
SQL: SELECT `img1`,`img2`,`img3`,`img4`,`img5`,`img6`,title as content FROM `ht_new_product` WHERE ( `id` = 49 ) LIMIT 1   [ RunTime:0.000209s ]
SQL: SELECT `id`,`title`,`star`,`fans_num` FROM `ht_shop` WHERE ( `member_id` = 49 ) LIMIT 1   [ RunTime:0.000196s ]
SQL: SELECT * FROM `ht_shop_fans` WHERE ( `shop_id` = 62 ) AND ( `member_id` = 0 ) LIMIT 1   [ RunTime:0.000189s ]
SQL: SELECT `img1`,`img2`,`img3`,`img4`,`img5`,`img6`,`content` FROM `ht_coupon` WHERE ( `id` = 95 ) LIMIT 1   [ RunTime:0.000204s ]
SQL: SELECT `id`,`title`,`star`,`fans_num` FROM `ht_shop` WHERE ( `member_id` = 49 ) LIMIT 1   [ RunTime:0.000190s ]
SQL: SELECT * FROM `ht_shop_fans` WHERE ( `shop_id` = 62 ) AND ( `member_id` = 0 ) LIMIT 1   [ RunTime:0.000199s ]
SQL: SHOW COLUMNS FROM `ht_card` [ RunTime:0.001524s ]
SQL: SELECT `img1`,`img2`,`img3`,`img4`,`img5`,`img6`,`content` FROM `ht_card` WHERE ( `id` = 22 ) LIMIT 1   [ RunTime:0.000282s ]
SQL: SELECT `id`,`title`,`star`,`fans_num` FROM `ht_shop` WHERE ( `member_id` = 49 ) LIMIT 1   [ RunTime:0.000221s ]
SQL: SELECT * FROM `ht_shop_fans` WHERE ( `shop_id` = 62 ) AND ( `member_id` = 0 ) LIMIT 1   [ RunTime:0.000237s ]
SQL: SELECT `img1`,`img2`,`img3`,`img4`,`img5`,`img6`,`content` FROM `ht_card` WHERE ( `id` = 21 ) LIMIT 1   [ RunTime:0.000270s ]
SQL: SELECT `id`,`title`,`star`,`fans_num` FROM `ht_shop` WHERE ( `member_id` = 49 ) LIMIT 1   [ RunTime:0.000231s ]
SQL: SELECT * FROM `ht_shop_fans` WHERE ( `shop_id` = 62 ) AND ( `member_id` = 0 ) LIMIT 1   [ RunTime:0.000282s ]
SQL: SELECT `img1`,`img2`,`img3`,`img4`,`img5`,`img6`,`content` FROM `ht_card` WHERE ( `id` = 20 ) LIMIT 1   [ RunTime:0.000204s ]
SQL: SELECT `id`,`title`,`star`,`fans_num` FROM `ht_shop` WHERE ( `member_id` = 49 ) LIMIT 1   [ RunTime:0.000243s ]
SQL: SELECT * FROM `ht_shop_fans` WHERE ( `shop_id` = 62 ) AND ( `member_id` = 0 ) LIMIT 1   [ RunTime:0.000190s ]
SQL: SELECT `img1`,`img2`,`img3`,`img4`,`img5`,`img6`,`content` FROM `ht_coupon` WHERE ( `id` = 95 ) LIMIT 1   [ RunTime:0.000246s ]
SQL: SELECT `id`,`title`,`star`,`fans_num` FROM `ht_shop` WHERE ( `member_id` = 49 ) LIMIT 1   [ RunTime:0.000190s ]
SQL: SELECT * FROM `ht_shop_fans` WHERE ( `shop_id` = 62 ) AND ( `member_id` = 0 ) LIMIT 1   [ RunTime:0.000279s ]
SQL: SELECT `img1`,`img2`,`img3`,`img4`,`img5`,`img6`,`content` FROM `ht_call` WHERE ( `id` = 64 ) LIMIT 1   [ RunTime:0.000267s ]
SQL: SELECT `id`,`title`,`star`,`fans_num` FROM `ht_shop` WHERE ( `member_id` = 55 ) LIMIT 1   [ RunTime:0.000296s ]
SQL: SELECT * FROM `ht_shop_fans` WHERE ( `shop_id` = 80 ) AND ( `member_id` = 0 ) LIMIT 1   [ RunTime:0.000286s ]

[ 2015-10-07T17:01:28+08:00 ] 172.16.100.12 /?c=Api&a=getTypeCallList&partent=ht&key=ht&city_id=12&one_id=27
INFO: [ app_init ] --START--
INFO: Run Behavior\BuildLiteBehavior [ RunTime:0.000023s ]
INFO: [ app_init ] --END-- [ RunTime:0.000476s ]
INFO: [ app_begin ] --START--
INFO: Run Behavior\ReadHtmlCacheBehavior [ RunTime:0.000603s ]
INFO: [ app_begin ] --END-- [ RunTime:0.000700s ]
SQL: SHOW COLUMNS FROM `ht_shop_service` [ RunTime:0.001801s ]
SQL: SELECT * FROM `ht_shop_service` WHERE ( `city_id` = 12 ) AND ( `one_id` = 27 ) ORDER BY id desc LIMIT 0,20   [ RunTime:0.000598s ]
NOTIC: [8] Undefined variable: service /data1/vhosts/yaohe/admin/Apps/Home/Controller/ApiController.class.php 第 1323 行.
SQL: SHOW COLUMNS FROM `ht_shop` [ RunTime:0.002819s ]
SQL: SELECT `id`,`title`,`star`,`fans_num` FROM `ht_shop` WHERE ( `member_id` = 49 ) LIMIT 1   [ RunTime:0.000223s ]
NOTIC: [8] Undefined variable: service /data1/vhosts/yaohe/admin/Apps/Home/Controller/ApiController.class.php 第 1323 行.
SQL: SELECT `id`,`title`,`star`,`fans_num` FROM `ht_shop` WHERE ( `member_id` = 49 ) LIMIT 1   [ RunTime:0.000230s ]
SQL: SHOW COLUMNS FROM `ht_new_product` [ RunTime:0.001818s ]
SQL: SELECT `img1`,`im2`,`img3`,`img4`,`img5`,`img6`,title as content FROM `ht_new_product` WHERE ( `id` = 49 ) LIMIT 1   [ RunTime:0.000413s ]
ERR: 1054:Unknown column 'im2' in 'field list'
 [ SQL语句 ] : SELECT `img1`,`im2`,`img3`,`img4`,`img5`,`img6`,title as content FROM `ht_new_product` WHERE ( `id` = 49 ) LIMIT 1  
SQL: SELECT `id`,`title`,`star`,`fans_num` FROM `ht_shop` WHERE ( `member_id` = 49 ) LIMIT 1   [ RunTime:0.000218s ]
SQL: SHOW COLUMNS FROM `ht_coupon` [ RunTime:0.002222s ]
SQL: SELECT `img1`,`im2`,`img3`,`img4`,`img5`,`img6`,`content` FROM `ht_coupon` WHERE ( `id` = 95 ) LIMIT 1   [ RunTime:0.000382s ]
ERR: 1054:Unknown column 'im2' in 'field list'
 [ SQL语句 ] : SELECT `img1`,`im2`,`img3`,`img4`,`img5`,`img6`,`content` FROM `ht_coupon` WHERE ( `id` = 95 ) LIMIT 1  
SQL: SELECT `id`,`title`,`star`,`fans_num` FROM `ht_shop` WHERE ( `member_id` = 49 ) LIMIT 1   [ RunTime:0.000214s ]
SQL: SHOW COLUMNS FROM `ht_card` [ RunTime:0.002200s ]
SQL: SELECT `img1`,`im2`,`img3`,`img4`,`img5`,`img6`,`content` FROM `ht_card` WHERE ( `id` = 22 ) LIMIT 1   [ RunTime:0.000341s ]
ERR: 1054:Unknown column 'im2' in 'field list'
 [ SQL语句 ] : SELECT `img1`,`im2`,`img3`,`img4`,`img5`,`img6`,`content` FROM `ht_card` WHERE ( `id` = 22 ) LIMIT 1  
SQL: SELECT `id`,`title`,`star`,`fans_num` FROM `ht_shop` WHERE ( `member_id` = 49 ) LIMIT 1   [ RunTime:0.000213s ]
SQL: SELECT `img1`,`im2`,`img3`,`img4`,`img5`,`img6`,`content` FROM `ht_card` WHERE ( `id` = 21 ) LIMIT 1   [ RunTime:0.000312s ]
ERR: 1054:Unknown column 'im2' in 'field list'
 [ SQL语句 ] : SELECT `img1`,`im2`,`img3`,`img4`,`img5`,`img6`,`content` FROM `ht_card` WHERE ( `id` = 21 ) LIMIT 1  
SQL: SELECT `id`,`title`,`star`,`fans_num` FROM `ht_shop` WHERE ( `member_id` = 49 ) LIMIT 1   [ RunTime:0.000205s ]
SQL: SELECT `img1`,`im2`,`img3`,`img4`,`img5`,`img6`,`content` FROM `ht_card` WHERE ( `id` = 20 ) LIMIT 1   [ RunTime:0.000336s ]
ERR: 1054:Unknown column 'im2' in 'field list'
 [ SQL语句 ] : SELECT `img1`,`im2`,`img3`,`img4`,`img5`,`img6`,`content` FROM `ht_card` WHERE ( `id` = 20 ) LIMIT 1  
SQL: SELECT `id`,`title`,`star`,`fans_num` FROM `ht_shop` WHERE ( `member_id` = 49 ) LIMIT 1   [ RunTime:0.000244s ]
SQL: SELECT `img1`,`im2`,`img3`,`img4`,`img5`,`img6`,`content` FROM `ht_coupon` WHERE ( `id` = 95 ) LIMIT 1   [ RunTime:0.000369s ]
ERR: 1054:Unknown column 'im2' in 'field list'
 [ SQL语句 ] : SELECT `img1`,`im2`,`img3`,`img4`,`img5`,`img6`,`content` FROM `ht_coupon` WHERE ( `id` = 95 ) LIMIT 1  
SQL: SELECT `id`,`title`,`star`,`fans_num` FROM `ht_shop` WHERE ( `member_id` = 49 ) LIMIT 1   [ RunTime:0.000279s ]
SQL: SELECT `id`,`title`,`star`,`fans_num` FROM `ht_shop` WHERE ( `member_id` = 49 ) LIMIT 1   [ RunTime:0.000312s ]
SQL: SELECT `img1`,`im2`,`img3`,`img4`,`img5`,`img6`,title as content FROM `ht_new_product` WHERE ( `id` = 46 ) LIMIT 1   [ RunTime:0.000427s ]
ERR: 1054:Unknown column 'im2' in 'field list'
 [ SQL语句 ] : SELECT `img1`,`im2`,`img3`,`img4`,`img5`,`img6`,title as content FROM `ht_new_product` WHERE ( `id` = 46 ) LIMIT 1  
SQL: SELECT `id`,`title`,`star`,`fans_num` FROM `ht_shop` WHERE ( `member_id` = 49 ) LIMIT 1   [ RunTime:0.000327s ]

[ 2015-10-07T17:01:28+08:00 ] 172.16.100.12 /?c=Api&a=getTypeCallList&partent=ht&key=ht&city_id=12&one_id=27
INFO: [ app_init ] --START--
INFO: Run Behavior\BuildLiteBehavior [ RunTime:0.000022s ]
INFO: [ app_init ] --END-- [ RunTime:0.000440s ]
INFO: [ app_begin ] --START--
INFO: Run Behavior\ReadHtmlCacheBehavior [ RunTime:0.000571s ]
INFO: [ app_begin ] --END-- [ RunTime:0.000663s ]
SQL: SHOW COLUMNS FROM `ht_shop_service` [ RunTime:0.001490s ]
SQL: SELECT * FROM `ht_shop_service` WHERE ( `city_id` = 12 ) AND ( `one_id` = 27 ) ORDER BY id desc LIMIT 0,20   [ RunTime:0.000393s ]
NOTIC: [8] Undefined variable: service /data1/vhosts/yaohe/admin/Apps/Home/Controller/ApiController.class.php 第 1323 行.
SQL: SHOW COLUMNS FROM `ht_shop` [ RunTime:0.002185s ]
SQL: SELECT `id`,`title`,`star`,`fans_num` FROM `ht_shop` WHERE ( `member_id` = 49 ) LIMIT 1   [ RunTime:0.000267s ]
NOTIC: [8] Undefined variable: service /data1/vhosts/yaohe/admin/Apps/Home/Controller/ApiController.class.php 第 1323 行.
SQL: SELECT `id`,`title`,`star`,`fans_num` FROM `ht_shop` WHERE ( `member_id` = 49 ) LIMIT 1   [ RunTime:0.000205s ]
SQL: SHOW COLUMNS FROM `ht_new_product` [ RunTime:0.001308s ]
SQL: SELECT `img1`,`im2`,`img3`,`img4`,`img5`,`img6`,title as content FROM `ht_new_product` WHERE ( `id` = 49 ) LIMIT 1   [ RunTime:0.000421s ]
ERR: 1054:Unknown column 'im2' in 'field list'
 [ SQL语句 ] : SELECT `img1`,`im2`,`img3`,`img4`,`img5`,`img6`,title as content FROM `ht_new_product` WHERE ( `id` = 49 ) LIMIT 1  
SQL: SELECT `id`,`title`,`star`,`fans_num` FROM `ht_shop` WHERE ( `member_id` = 49 ) LIMIT 1   [ RunTime:0.000286s ]
SQL: SHOW COLUMNS FROM `ht_coupon` [ RunTime:0.001608s ]
SQL: SELECT `img1`,`im2`,`img3`,`img4`,`img5`,`img6`,`content` FROM `ht_coupon` WHERE ( `id` = 95 ) LIMIT 1   [ RunTime:0.000330s ]
ERR: 1054:Unknown column 'im2' in 'field list'
 [ SQL语句 ] : SELECT `img1`,`im2`,`img3`,`img4`,`img5`,`img6`,`content` FROM `ht_coupon` WHERE ( `id` = 95 ) LIMIT 1  
SQL: SELECT `id`,`title`,`star`,`fans_num` FROM `ht_shop` WHERE ( `member_id` = 49 ) LIMIT 1   [ RunTime:0.000202s ]
SQL: SHOW COLUMNS FROM `ht_card` [ RunTime:0.001399s ]
SQL: SELECT `img1`,`im2`,`img3`,`img4`,`img5`,`img6`,`content` FROM `ht_card` WHERE ( `id` = 22 ) LIMIT 1   [ RunTime:0.000323s ]
ERR: 1054:Unknown column 'im2' in 'field list'
 [ SQL语句 ] : SELECT `img1`,`im2`,`img3`,`img4`,`img5`,`img6`,`content` FROM `ht_card` WHERE ( `id` = 22 ) LIMIT 1  
SQL: SELECT `id`,`title`,`star`,`fans_num` FROM `ht_shop` WHERE ( `member_id` = 49 ) LIMIT 1   [ RunTime:0.000277s ]
SQL: SELECT `img1`,`im2`,`img3`,`img4`,`img5`,`img6`,`content` FROM `ht_card` WHERE ( `id` = 21 ) LIMIT 1   [ RunTime:0.000314s ]
ERR: 1054:Unknown column 'im2' in 'field list'
 [ SQL语句 ] : SELECT `img1`,`im2`,`img3`,`img4`,`img5`,`img6`,`content` FROM `ht_card` WHERE ( `id` = 21 ) LIMIT 1  
SQL: SELECT `id`,`title`,`star`,`fans_num` FROM `ht_shop` WHERE ( `member_id` = 49 ) LIMIT 1   [ RunTime:0.000236s ]
SQL: SELECT `img1`,`im2`,`img3`,`img4`,`img5`,`img6`,`content` FROM `ht_card` WHERE ( `id` = 20 ) LIMIT 1   [ RunTime:0.000281s ]
ERR: 1054:Unknown column 'im2' in 'field list'
 [ SQL语句 ] : SELECT `img1`,`im2`,`img3`,`img4`,`img5`,`img6`,`content` FROM `ht_card` WHERE ( `id` = 20 ) LIMIT 1  
SQL: SELECT `id`,`title`,`star`,`fans_num` FROM `ht_shop` WHERE ( `member_id` = 49 ) LIMIT 1   [ RunTime:0.000270s ]
SQL: SELECT `img1`,`im2`,`img3`,`img4`,`img5`,`img6`,`content` FROM `ht_coupon` WHERE ( `id` = 95 ) LIMIT 1   [ RunTime:0.000402s ]
ERR: 1054:Unknown column 'im2' in 'field list'
 [ SQL语句 ] : SELECT `img1`,`im2`,`img3`,`img4`,`img5`,`img6`,`content` FROM `ht_coupon` WHERE ( `id` = 95 ) LIMIT 1  
SQL: SELECT `id`,`title`,`star`,`fans_num` FROM `ht_shop` WHERE ( `member_id` = 49 ) LIMIT 1   [ RunTime:0.000204s ]
SQL: SELECT `id`,`title`,`star`,`fans_num` FROM `ht_shop` WHERE ( `member_id` = 49 ) LIMIT 1   [ RunTime:0.000292s ]
SQL: SELECT `img1`,`im2`,`img3`,`img4`,`img5`,`img6`,title as content FROM `ht_new_product` WHERE ( `id` = 46 ) LIMIT 1   [ RunTime:0.000403s ]
ERR: 1054:Unknown column 'im2' in 'field list'
 [ SQL语句 ] : SELECT `img1`,`im2`,`img3`,`img4`,`img5`,`img6`,title as content FROM `ht_new_product` WHERE ( `id` = 46 ) LIMIT 1  
SQL: SELECT `id`,`title`,`star`,`fans_num` FROM `ht_shop` WHERE ( `member_id` = 49 ) LIMIT 1   [ RunTime:0.000286s ]

[ 2015-10-07T17:01:30+08:00 ] 172.16.100.12 /?c=Api&a=getTypeCallList&partent=ht&key=ht&city_id=12&one_id=26
INFO: [ app_init ] --START--
INFO: Run Behavior\BuildLiteBehavior [ RunTime:0.000023s ]
INFO: [ app_init ] --END-- [ RunTime:0.000448s ]
INFO: [ app_begin ] --START--
INFO: Run Behavior\ReadHtmlCacheBehavior [ RunTime:0.000566s ]
INFO: [ app_begin ] --END-- [ RunTime:0.000664s ]
SQL: SHOW COLUMNS FROM `ht_shop_service` [ RunTime:0.001562s ]
SQL: SELECT * FROM `ht_shop_service` WHERE ( `city_id` = 12 ) AND ( `one_id` = 26 ) ORDER BY id desc LIMIT 0,20   [ RunTime:0.000308s ]

