[ 2015-10-20T18:44:08+08:00 ] ::1 /admin/
INFO: [ app_init ] --START--
INFO: Run Behavior\BuildLiteBehavior [ RunTime:0.000036s ]
INFO: [ app_init ] --END-- [ RunTime:0.000805s ]
INFO: [ app_begin ] --START--
INFO: Run Behavior\ReadHtmlCacheBehavior [ RunTime:0.001252s ]
INFO: [ app_begin ] --END-- [ RunTime:0.001410s ]
INFO: [ view_parse ] --START--
INFO: [ template_filter ] --START--
INFO: Run Behavior\ContentReplaceBehavior [ RunTime:0.000063s ]
INFO: [ template_filter ] --END-- [ RunTime:0.000150s ]
INFO: Run Behavior\ParseTemplateBehavior [ RunTime:0.008569s ]
INFO: [ view_parse ] --END-- [ RunTime:0.008686s ]
INFO: [ view_filter ] --START--
INFO: Run Behavior\WriteHtmlCacheBehavior [ RunTime:0.000405s ]
INFO: [ view_filter ] --END-- [ RunTime:0.000469s ]

[ 2015-10-20T18:44:18+08:00 ] ::1 /admin/?c=Login
INFO: [ app_init ] --START--
INFO: Run Behavior\BuildLiteBehavior [ RunTime:0.000026s ]
INFO: [ app_init ] --END-- [ RunTime:0.000578s ]
INFO: [ app_begin ] --START--
INFO: Run Behavior\ReadHtmlCacheBehavior [ RunTime:0.000728s ]
INFO: [ app_begin ] --END-- [ RunTime:0.000823s ]
INFO: [ view_parse ] --START--
INFO: [ template_filter ] --START--
INFO: Run Behavior\ContentReplaceBehavior [ RunTime:0.000069s ]
INFO: [ template_filter ] --END-- [ RunTime:0.000157s ]
INFO: Run Behavior\ParseTemplateBehavior [ RunTime:0.009047s ]
INFO: [ view_parse ] --END-- [ RunTime:0.009140s ]
INFO: [ view_filter ] --START--
INFO: Run Behavior\WriteHtmlCacheBehavior [ RunTime:0.000438s ]
INFO: [ view_filter ] --END-- [ RunTime:0.000503s ]
INFO: [ app_end ] --START--
INFO: Run Behavior\ShowPageTraceBehavior [ RunTime:0.000695s ]
INFO: [ app_end ] --END-- [ RunTime:0.000766s ]

[ 2015-10-20T18:44:19+08:00 ] ::1 /admin/?c=Login&a=captcha
INFO: [ app_init ] --START--
INFO: Run Behavior\BuildLiteBehavior [ RunTime:0.000031s ]
INFO: [ app_init ] --END-- [ RunTime:0.000673s ]
INFO: [ app_begin ] --START--
INFO: Run Behavior\ReadHtmlCacheBehavior [ RunTime:0.000801s ]
INFO: [ app_begin ] --END-- [ RunTime:0.000908s ]
NOTIC: [8] Memcache::connect() [<a href='memcache.connect'>memcache.connect</a>]: Server 172.16.100.31 (tcp 11211, udp 0) failed with: ÓÉÓÚÄ¿±ê¼ÆËã»ú»ý¼«¾Ü¾ø£¬ÎÞ·¨Á¬½Ó¡£
 (10061) D:\EvanPHPProject\Yaohe\yaohephp\core\ThinkPHP\Library\Think\Cache\Driver\Memcache.class.php ç¬¬ 44 è¡Œ.
NOTIC: [2] Memcache::connect() [<a href='memcache.connect'>memcache.connect</a>]: Can't connect to 172.16.100.31:11211, ÓÉÓÚÄ¿±ê¼ÆËã»ú»ý¼«¾Ü¾ø£¬ÎÞ·¨Á¬½Ó¡£
 (10061) D:\EvanPHPProject\Yaohe\yaohephp\core\ThinkPHP\Library\Think\Cache\Driver\Memcache.class.php ç¬¬ 44 è¡Œ.
INFO: [ app_end ] --START--
INFO: Run Behavior\ShowPageTraceBehavior [ RunTime:0.001028s ]
INFO: [ app_end ] --END-- [ RunTime:0.001196s ]

[ 2015-10-20T18:44:26+08:00 ] ::1 /admin/?c=Login&a=auth
INFO: [ app_init ] --START--
INFO: Run Behavior\BuildLiteBehavior [ RunTime:0.000029s ]
INFO: [ app_init ] --END-- [ RunTime:0.000627s ]
INFO: [ app_begin ] --START--
INFO: Run Behavior\ReadHtmlCacheBehavior [ RunTime:0.000745s ]
INFO: [ app_begin ] --END-- [ RunTime:0.000847s ]
NOTIC: [8] Memcache::connect() [<a href='memcache.connect'>memcache.connect</a>]: Server 172.16.100.31 (tcp 11211, udp 0) failed with: ÓÉÓÚÄ¿±ê¼ÆËã»ú»ý¼«¾Ü¾ø£¬ÎÞ·¨Á¬½Ó¡£
 (10061) D:\EvanPHPProject\Yaohe\yaohephp\core\ThinkPHP\Library\Think\Cache\Driver\Memcache.class.php ç¬¬ 44 è¡Œ.
NOTIC: [2] Memcache::connect() [<a href='memcache.connect'>memcache.connect</a>]: Can't connect to 172.16.100.31:11211, ÓÉÓÚÄ¿±ê¼ÆËã»ú»ý¼«¾Ü¾ø£¬ÎÞ·¨Á¬½Ó¡£
 (10061) D:\EvanPHPProject\Yaohe\yaohephp\core\ThinkPHP\Library\Think\Cache\Driver\Memcache.class.php ç¬¬ 44 è¡Œ.
INFO: [ view_parse ] --START--
INFO: [ template_filter ] --START--
INFO: Run Behavior\ContentReplaceBehavior [ RunTime:0.000096s ]
INFO: [ template_filter ] --END-- [ RunTime:0.000238s ]
INFO: Run Behavior\ParseTemplateBehavior [ RunTime:0.008076s ]
INFO: [ view_parse ] --END-- [ RunTime:0.008197s ]
INFO: [ view_filter ] --START--
INFO: Run Behavior\WriteHtmlCacheBehavior [ RunTime:0.000458s ]
INFO: [ view_filter ] --END-- [ RunTime:0.000547s ]

[ 2015-10-20T18:53:45+08:00 ] ::1 /admin/?c=Login
INFO: [ app_init ] --START--
INFO: Run Behavior\BuildLiteBehavior [ RunTime:0.000020s ]
INFO: [ app_init ] --END-- [ RunTime:0.000521s ]
INFO: [ app_begin ] --START--
INFO: Run Behavior\ReadHtmlCacheBehavior [ RunTime:0.000693s ]
INFO: [ app_begin ] --END-- [ RunTime:0.000766s ]
INFO: [ view_parse ] --START--
INFO: [ template_filter ] --START--
INFO: Run Behavior\ContentReplaceBehavior [ RunTime:0.000105s ]
INFO: [ template_filter ] --END-- [ RunTime:0.000336s ]
INFO: Run Behavior\ParseTemplateBehavior [ RunTime:0.007134s ]
INFO: [ view_parse ] --END-- [ RunTime:0.007227s ]
INFO: [ view_filter ] --START--
INFO: Run Behavior\WriteHtmlCacheBehavior [ RunTime:0.000550s ]
INFO: [ view_filter ] --END-- [ RunTime:0.000643s ]
INFO: [ app_end ] --START--
INFO: Run Behavior\ShowPageTraceBehavior [ RunTime:0.001303s ]
INFO: [ app_end ] --END-- [ RunTime:0.001455s ]

[ 2015-10-20T18:53:46+08:00 ] ::1 /admin/?c=Login&a=captcha
INFO: [ app_init ] --START--
INFO: Run Behavior\BuildLiteBehavior [ RunTime:0.000032s ]
INFO: [ app_init ] --END-- [ RunTime:0.000703s ]
INFO: [ app_begin ] --START--
INFO: Run Behavior\ReadHtmlCacheBehavior [ RunTime:0.000833s ]
INFO: [ app_begin ] --END-- [ RunTime:0.000955s ]
NOTIC: [8] Memcache::connect() [<a href='memcache.connect'>memcache.connect</a>]: Server 172.16.100.31 (tcp 11211, udp 0) failed with: ÓÉÓÚÄ¿±ê¼ÆËã»ú»ý¼«¾Ü¾ø£¬ÎÞ·¨Á¬½Ó¡£
 (10061) D:\EvanPHPProject\Yaohe\yaohephp\core\ThinkPHP\Library\Think\Cache\Driver\Memcache.class.php ç¬¬ 44 è¡Œ.
NOTIC: [2] Memcache::connect() [<a href='memcache.connect'>memcache.connect</a>]: Can't connect to 172.16.100.31:11211, ÓÉÓÚÄ¿±ê¼ÆËã»ú»ý¼«¾Ü¾ø£¬ÎÞ·¨Á¬½Ó¡£
 (10061) D:\EvanPHPProject\Yaohe\yaohephp\core\ThinkPHP\Library\Think\Cache\Driver\Memcache.class.php ç¬¬ 44 è¡Œ.
INFO: [ app_end ] --START--
INFO: Run Behavior\ShowPageTraceBehavior [ RunTime:0.001625s ]
INFO: [ app_end ] --END-- [ RunTime:0.001802s ]

[ 2015-10-20T18:53:56+08:00 ] ::1 /admin/?c=Login&a=auth
INFO: [ app_init ] --START--
INFO: Run Behavior\BuildLiteBehavior [ RunTime:0.000022s ]
INFO: [ app_init ] --END-- [ RunTime:0.000529s ]
INFO: [ app_begin ] --START--
INFO: Run Behavior\ReadHtmlCacheBehavior [ RunTime:0.001215s ]
INFO: [ app_begin ] --END-- [ RunTime:0.001348s ]
NOTIC: [8] Memcache::connect() [<a href='memcache.connect'>memcache.connect</a>]: Server 172.16.100.31 (tcp 11211, udp 0) failed with: ÓÉÓÚÄ¿±ê¼ÆËã»ú»ý¼«¾Ü¾ø£¬ÎÞ·¨Á¬½Ó¡£
 (10061) D:\EvanPHPProject\Yaohe\yaohephp\core\ThinkPHP\Library\Think\Cache\Driver\Memcache.class.php ç¬¬ 44 è¡Œ.
NOTIC: [2] Memcache::connect() [<a href='memcache.connect'>memcache.connect</a>]: Can't connect to 172.16.100.31:11211, ÓÉÓÚÄ¿±ê¼ÆËã»ú»ý¼«¾Ü¾ø£¬ÎÞ·¨Á¬½Ó¡£
 (10061) D:\EvanPHPProject\Yaohe\yaohephp\core\ThinkPHP\Library\Think\Cache\Driver\Memcache.class.php ç¬¬ 44 è¡Œ.
INFO: [ view_parse ] --START--
INFO: [ template_filter ] --START--
INFO: Run Behavior\ContentReplaceBehavior [ RunTime:0.000199s ]
INFO: [ template_filter ] --END-- [ RunTime:0.000521s ]
INFO: Run Behavior\ParseTemplateBehavior [ RunTime:0.028163s ]
INFO: [ view_parse ] --END-- [ RunTime:0.028541s ]
INFO: [ view_filter ] --START--
INFO: Run Behavior\WriteHtmlCacheBehavior [ RunTime:0.001647s ]
INFO: [ view_filter ] --END-- [ RunTime:0.001919s ]

[ 2015-10-20T18:54:52+08:00 ] ::1 /admin/?c=Login&a=auth
INFO: [ app_init ] --START--
INFO: Run Behavior\BuildLiteBehavior [ RunTime:0.000030s ]
INFO: [ app_init ] --END-- [ RunTime:0.000541s ]
INFO: [ app_begin ] --START--
INFO: Run Behavior\ReadHtmlCacheBehavior [ RunTime:0.000660s ]
INFO: [ app_begin ] --END-- [ RunTime:0.000731s ]
NOTIC: [8] Memcache::connect() [<a href='memcache.connect'>memcache.connect</a>]: Server 172.16.100.31 (tcp 11211, udp 0) failed with: ÓÉÓÚÄ¿±ê¼ÆËã»ú»ý¼«¾Ü¾ø£¬ÎÞ·¨Á¬½Ó¡£
 (10061) D:\EvanPHPProject\Yaohe\yaohephp\core\ThinkPHP\Library\Think\Cache\Driver\Memcache.class.php ç¬¬ 44 è¡Œ.
NOTIC: [2] Memcache::connect() [<a href='memcache.connect'>memcache.connect</a>]: Can't connect to 172.16.100.31:11211, ÓÉÓÚÄ¿±ê¼ÆËã»ú»ý¼«¾Ü¾ø£¬ÎÞ·¨Á¬½Ó¡£
 (10061) D:\EvanPHPProject\Yaohe\yaohephp\core\ThinkPHP\Library\Think\Cache\Driver\Memcache.class.php ç¬¬ 44 è¡Œ.
INFO: [ view_parse ] --START--
INFO: [ template_filter ] --START--
INFO: Run Behavior\ContentReplaceBehavior [ RunTime:0.000228s ]
INFO: [ template_filter ] --END-- [ RunTime:0.000587s ]
INFO: Run Behavior\ParseTemplateBehavior [ RunTime:0.022680s ]
INFO: [ view_parse ] --END-- [ RunTime:0.022952s ]
INFO: [ view_filter ] --START--
INFO: Run Behavior\WriteHtmlCacheBehavior [ RunTime:0.000832s ]
INFO: [ view_filter ] --END-- [ RunTime:0.001106s ]

[ 2015-10-20T18:54:52+08:00 ] ::1 /admin/?c=Login
INFO: [ app_init ] --START--
INFO: Run Behavior\BuildLiteBehavior [ RunTime:0.000039s ]
INFO: [ app_init ] --END-- [ RunTime:0.000733s ]
INFO: [ app_begin ] --START--
INFO: Run Behavior\ReadHtmlCacheBehavior [ RunTime:0.000756s ]
INFO: [ app_begin ] --END-- [ RunTime:0.000862s ]
INFO: [ view_parse ] --START--
INFO: [ template_filter ] --START--
INFO: Run Behavior\ContentReplaceBehavior [ RunTime:0.000069s ]
INFO: [ template_filter ] --END-- [ RunTime:0.000158s ]
INFO: Run Behavior\ParseTemplateBehavior [ RunTime:0.006551s ]
INFO: [ view_parse ] --END-- [ RunTime:0.006647s ]
INFO: [ view_filter ] --START--
INFO: Run Behavior\WriteHtmlCacheBehavior [ RunTime:0.000315s ]
INFO: [ view_filter ] --END-- [ RunTime:0.000378s ]
INFO: [ app_end ] --START--
INFO: Run Behavior\ShowPageTraceBehavior [ RunTime:0.000714s ]
INFO: [ app_end ] --END-- [ RunTime:0.000781s ]

[ 2015-10-20T18:54:53+08:00 ] ::1 /admin/?c=Login&a=captcha
INFO: [ app_init ] --START--
INFO: Run Behavior\BuildLiteBehavior [ RunTime:0.000020s ]
INFO: [ app_init ] --END-- [ RunTime:0.000506s ]
INFO: [ app_begin ] --START--
INFO: Run Behavior\ReadHtmlCacheBehavior [ RunTime:0.000709s ]
INFO: [ app_begin ] --END-- [ RunTime:0.000788s ]
NOTIC: [8] Memcache::connect() [<a href='memcache.connect'>memcache.connect</a>]: Server 172.16.100.31 (tcp 11211, udp 0) failed with: ÓÉÓÚÄ¿±ê¼ÆËã»ú»ý¼«¾Ü¾ø£¬ÎÞ·¨Á¬½Ó¡£
 (10061) D:\EvanPHPProject\Yaohe\yaohephp\core\ThinkPHP\Library\Think\Cache\Driver\Memcache.class.php ç¬¬ 44 è¡Œ.
NOTIC: [2] Memcache::connect() [<a href='memcache.connect'>memcache.connect</a>]: Can't connect to 172.16.100.31:11211, ÓÉÓÚÄ¿±ê¼ÆËã»ú»ý¼«¾Ü¾ø£¬ÎÞ·¨Á¬½Ó¡£
 (10061) D:\EvanPHPProject\Yaohe\yaohephp\core\ThinkPHP\Library\Think\Cache\Driver\Memcache.class.php ç¬¬ 44 è¡Œ.
INFO: [ app_end ] --START--
INFO: Run Behavior\ShowPageTraceBehavior [ RunTime:0.002879s ]
INFO: [ app_end ] --END-- [ RunTime:0.003251s ]

[ 2015-10-20T18:55:05+08:00 ] ::1 /admin/?c=Login&a=auth
INFO: [ app_init ] --START--
INFO: Run Behavior\BuildLiteBehavior [ RunTime:0.000020s ]
INFO: [ app_init ] --END-- [ RunTime:0.000494s ]
INFO: [ app_begin ] --START--
INFO: Run Behavior\ReadHtmlCacheBehavior [ RunTime:0.000894s ]
INFO: [ app_begin ] --END-- [ RunTime:0.000988s ]
NOTIC: [8] Memcache::connect() [<a href='memcache.connect'>memcache.connect</a>]: Server 172.16.100.31 (tcp 11211, udp 0) failed with: ÓÉÓÚÄ¿±ê¼ÆËã»ú»ý¼«¾Ü¾ø£¬ÎÞ·¨Á¬½Ó¡£
 (10061) D:\EvanPHPProject\Yaohe\yaohephp\core\ThinkPHP\Library\Think\Cache\Driver\Memcache.class.php ç¬¬ 44 è¡Œ.
NOTIC: [2] Memcache::connect() [<a href='memcache.connect'>memcache.connect</a>]: Can't connect to 172.16.100.31:11211, ÓÉÓÚÄ¿±ê¼ÆËã»ú»ý¼«¾Ü¾ø£¬ÎÞ·¨Á¬½Ó¡£
 (10061) D:\EvanPHPProject\Yaohe\yaohephp\core\ThinkPHP\Library\Think\Cache\Driver\Memcache.class.php ç¬¬ 44 è¡Œ.
INFO: [ view_parse ] --START--
INFO: [ template_filter ] --START--
INFO: Run Behavior\ContentReplaceBehavior [ RunTime:0.000114s ]
INFO: [ template_filter ] --END-- [ RunTime:0.000288s ]
INFO: Run Behavior\ParseTemplateBehavior [ RunTime:0.022497s ]
INFO: [ view_parse ] --END-- [ RunTime:0.022705s ]
INFO: [ view_filter ] --START--
INFO: Run Behavior\WriteHtmlCacheBehavior [ RunTime:0.000980s ]
INFO: [ view_filter ] --END-- [ RunTime:0.001114s ]

[ 2015-10-20T18:55:08+08:00 ] ::1 /admin/?c=Login&a=captcha
INFO: [ app_init ] --START--
INFO: Run Behavior\BuildLiteBehavior [ RunTime:0.000052s ]
INFO: [ app_init ] --END-- [ RunTime:0.001072s ]
INFO: [ app_begin ] --START--
INFO: Run Behavior\ReadHtmlCacheBehavior [ RunTime:0.000935s ]
INFO: [ app_begin ] --END-- [ RunTime:0.001079s ]
NOTIC: [8] Memcache::connect() [<a href='memcache.connect'>memcache.connect</a>]: Server 172.16.100.31 (tcp 11211, udp 0) failed with: ÓÉÓÚÄ¿±ê¼ÆËã»ú»ý¼«¾Ü¾ø£¬ÎÞ·¨Á¬½Ó¡£
 (10061) D:\EvanPHPProject\Yaohe\yaohephp\core\ThinkPHP\Library\Think\Cache\Driver\Memcache.class.php ç¬¬ 44 è¡Œ.
NOTIC: [2] Memcache::connect() [<a href='memcache.connect'>memcache.connect</a>]: Can't connect to 172.16.100.31:11211, ÓÉÓÚÄ¿±ê¼ÆËã»ú»ý¼«¾Ü¾ø£¬ÎÞ·¨Á¬½Ó¡£
 (10061) D:\EvanPHPProject\Yaohe\yaohephp\core\ThinkPHP\Library\Think\Cache\Driver\Memcache.class.php ç¬¬ 44 è¡Œ.
INFO: [ app_end ] --START--
INFO: Run Behavior\ShowPageTraceBehavior [ RunTime:0.000834s ]
INFO: [ app_end ] --END-- [ RunTime:0.000920s ]

[ 2015-10-20T18:55:18+08:00 ] ::1 /admin/?c=Login&a=auth
INFO: [ app_init ] --START--
INFO: Run Behavior\BuildLiteBehavior [ RunTime:0.000034s ]
INFO: [ app_init ] --END-- [ RunTime:0.000685s ]
INFO: [ app_begin ] --START--
INFO: Run Behavior\ReadHtmlCacheBehavior [ RunTime:0.000787s ]
INFO: [ app_begin ] --END-- [ RunTime:0.000893s ]
NOTIC: [8] Memcache::connect() [<a href='memcache.connect'>memcache.connect</a>]: Server 172.16.100.31 (tcp 11211, udp 0) failed with: ÓÉÓÚÄ¿±ê¼ÆËã»ú»ý¼«¾Ü¾ø£¬ÎÞ·¨Á¬½Ó¡£
 (10061) D:\EvanPHPProject\Yaohe\yaohephp\core\ThinkPHP\Library\Think\Cache\Driver\Memcache.class.php ç¬¬ 44 è¡Œ.
NOTIC: [2] Memcache::connect() [<a href='memcache.connect'>memcache.connect</a>]: Can't connect to 172.16.100.31:11211, ÓÉÓÚÄ¿±ê¼ÆËã»ú»ý¼«¾Ü¾ø£¬ÎÞ·¨Á¬½Ó¡£
 (10061) D:\EvanPHPProject\Yaohe\yaohephp\core\ThinkPHP\Library\Think\Cache\Driver\Memcache.class.php ç¬¬ 44 è¡Œ.
INFO: [ view_parse ] --START--
INFO: [ template_filter ] --START--
INFO: Run Behavior\ContentReplaceBehavior [ RunTime:0.000197s ]
INFO: [ template_filter ] --END-- [ RunTime:0.000520s ]
INFO: Run Behavior\ParseTemplateBehavior [ RunTime:0.024707s ]
INFO: [ view_parse ] --END-- [ RunTime:0.024914s ]
INFO: [ view_filter ] --START--
INFO: Run Behavior\WriteHtmlCacheBehavior [ RunTime:0.000843s ]
INFO: [ view_filter ] --END-- [ RunTime:0.000967s ]

[ 2015-10-20T18:59:14+08:00 ] ::1 /admin/?c=Login&a=auth
INFO: [ app_init ] --START--
INFO: Run Behavior\BuildLiteBehavior [ RunTime:0.000021s ]
INFO: [ app_init ] --END-- [ RunTime:0.000499s ]
INFO: [ app_begin ] --START--
INFO: Run Behavior\ReadHtmlCacheBehavior [ RunTime:0.000685s ]
INFO: [ app_begin ] --END-- [ RunTime:0.000758s ]
NOTIC: [2] mysql_connect() [<a href='function.mysql-connect'>function.mysql-connect</a>]: [2002] ÓÉÓÚÄ¿±ê¼ÆËã»ú»ý¼«¾Ü¾ø£¬ÎÞ·¨Á¬½Ó¡£
 (trying to connect via tcp://172.16.100.41:3306) D:\EvanPHPProject\Yaohe\yaohephp\core\ThinkPHP\Library\Think\Db\Driver\Mysql.class.php ç¬¬ 52 è¡Œ.
NOTIC: [2] mysql_connect() [<a href='function.mysql-connect'>function.mysql-connect</a>]: ÓÉÓÚÄ¿±ê¼ÆËã»ú»ý¼«¾Ü¾ø£¬ÎÞ·¨Á¬½Ó¡£
 D:\EvanPHPProject\Yaohe\yaohephp\core\ThinkPHP\Library\Think\Db\Driver\Mysql.class.php ç¬¬ 52 è¡Œ.
ERR: ÓÉÓÚÄ¿±ê¼ÆËã»ú»ý¼«¾Ü¾ø£¬ÎÞ·¨Á¬½Ó¡£


[ 2015-10-20T19:01:09+08:00 ] ::1 /admin/?c=Login&a=auth
INFO: [ app_init ] --START--
INFO: Run Behavior\BuildLiteBehavior [ RunTime:0.000024s ]
INFO: [ app_init ] --END-- [ RunTime:0.000484s ]
INFO: [ app_begin ] --START--
INFO: Run Behavior\ReadHtmlCacheBehavior [ RunTime:0.000598s ]
INFO: [ app_begin ] --END-- [ RunTime:0.000671s ]
SQL: SHOW COLUMNS FROM `ht_admin_user` [ RunTime:0.009510s ]
SQL: SELECT * FROM `ht_admin_user` WHERE ( `login_user` = '' ) LIMIT 1   [ RunTime:0.001974s ]
INFO: [ view_parse ] --START--
INFO: [ template_filter ] --START--
INFO: Run Behavior\ContentReplaceBehavior [ RunTime:0.000060s ]
INFO: [ template_filter ] --END-- [ RunTime:0.000189s ]
INFO: Run Behavior\ParseTemplateBehavior [ RunTime:0.007147s ]
INFO: [ view_parse ] --END-- [ RunTime:0.007229s ]
INFO: [ view_filter ] --START--
INFO: Run Behavior\WriteHtmlCacheBehavior [ RunTime:0.000408s ]
INFO: [ view_filter ] --END-- [ RunTime:0.000468s ]

[ 2015-10-20T19:01:19+08:00 ] ::1 /admin/?c=Login
INFO: [ app_init ] --START--
INFO: Run Behavior\BuildLiteBehavior [ RunTime:0.000023s ]
INFO: [ app_init ] --END-- [ RunTime:0.000662s ]
INFO: [ app_begin ] --START--
INFO: Run Behavior\ReadHtmlCacheBehavior [ RunTime:0.000708s ]
INFO: [ app_begin ] --END-- [ RunTime:0.000782s ]
INFO: [ view_parse ] --START--
INFO: [ template_filter ] --START--
INFO: Run Behavior\ContentReplaceBehavior [ RunTime:0.000069s ]
INFO: [ template_filter ] --END-- [ RunTime:0.000162s ]
INFO: Run Behavior\ParseTemplateBehavior [ RunTime:0.006484s ]
INFO: [ view_parse ] --END-- [ RunTime:0.006568s ]
INFO: [ view_filter ] --START--
INFO: Run Behavior\WriteHtmlCacheBehavior [ RunTime:0.000313s ]
INFO: [ view_filter ] --END-- [ RunTime:0.000375s ]
INFO: [ app_end ] --START--
INFO: Run Behavior\ShowPageTraceBehavior [ RunTime:0.000677s ]
INFO: [ app_end ] --END-- [ RunTime:0.000743s ]

[ 2015-10-20T19:01:20+08:00 ] ::1 /admin/?c=Login&a=captcha
INFO: [ app_init ] --START--
INFO: Run Behavior\BuildLiteBehavior [ RunTime:0.000033s ]
INFO: [ app_init ] --END-- [ RunTime:0.001022s ]
INFO: [ app_begin ] --START--
INFO: Run Behavior\ReadHtmlCacheBehavior [ RunTime:0.000878s ]
INFO: [ app_begin ] --END-- [ RunTime:0.001003s ]
NOTIC: [8] Memcache::connect() [<a href='memcache.connect'>memcache.connect</a>]: Server 172.16.100.31 (tcp 11211, udp 0) failed with: ÓÉÓÚÄ¿±ê¼ÆËã»ú»ý¼«¾Ü¾ø£¬ÎÞ·¨Á¬½Ó¡£
 (10061) D:\EvanPHPProject\Yaohe\yaohephp\core\ThinkPHP\Library\Think\Cache\Driver\Memcache.class.php ç¬¬ 44 è¡Œ.
NOTIC: [2] Memcache::connect() [<a href='memcache.connect'>memcache.connect</a>]: Can't connect to 172.16.100.31:11211, ÓÉÓÚÄ¿±ê¼ÆËã»ú»ý¼«¾Ü¾ø£¬ÎÞ·¨Á¬½Ó¡£
 (10061) D:\EvanPHPProject\Yaohe\yaohephp\core\ThinkPHP\Library\Think\Cache\Driver\Memcache.class.php ç¬¬ 44 è¡Œ.
INFO: [ app_end ] --START--
INFO: Run Behavior\ShowPageTraceBehavior [ RunTime:0.002402s ]
INFO: [ app_end ] --END-- [ RunTime:0.002674s ]

[ 2015-10-20T19:01:31+08:00 ] ::1 /admin/?c=Login&a=auth
INFO: [ app_init ] --START--
INFO: Run Behavior\BuildLiteBehavior [ RunTime:0.000022s ]
INFO: [ app_init ] --END-- [ RunTime:0.000620s ]
INFO: [ app_begin ] --START--
INFO: Run Behavior\ReadHtmlCacheBehavior [ RunTime:0.000763s ]
INFO: [ app_begin ] --END-- [ RunTime:0.000849s ]
SQL: SHOW COLUMNS FROM `ht_admin_user` [ RunTime:0.003229s ]
SQL: SELECT * FROM `ht_admin_user` WHERE ( `login_user` = 'admin' ) LIMIT 1   [ RunTime:0.001032s ]
SQL: UPDATE `ht_admin_user` SET `last_login_time`=1445338890,`login_num`=274 WHERE ( `id` = 1 ) [ RunTime:0.003616s ]
INFO: [ view_parse ] --START--
INFO: [ template_filter ] --START--
INFO: Run Behavior\ContentReplaceBehavior [ RunTime:0.000076s ]
INFO: [ template_filter ] --END-- [ RunTime:0.000223s ]
INFO: Run Behavior\ParseTemplateBehavior [ RunTime:0.007603s ]
INFO: [ view_parse ] --END-- [ RunTime:0.007718s ]
INFO: [ view_filter ] --START--
INFO: Run Behavior\WriteHtmlCacheBehavior [ RunTime:0.000456s ]
INFO: [ view_filter ] --END-- [ RunTime:0.000526s ]
NOTIC: [8] Memcache::connect() [<a href='memcache.connect'>memcache.connect</a>]: Server 172.16.100.31 (tcp 11211, udp 0) failed with: ÓÉÓÚÄ¿±ê¼ÆËã»ú»ý¼«¾Ü¾ø£¬ÎÞ·¨Á¬½Ó¡£
 (10061) D:\EvanPHPProject\Yaohe\yaohephp\core\ThinkPHP\Library\Think\Cache\Driver\Memcache.class.php ç¬¬ 44 è¡Œ.
NOTIC: [2] Memcache::connect() [<a href='memcache.connect'>memcache.connect</a>]: Can't connect to 172.16.100.31:11211, ÓÉÓÚÄ¿±ê¼ÆËã»ú»ý¼«¾Ü¾ø£¬ÎÞ·¨Á¬½Ó¡£
 (10061) D:\EvanPHPProject\Yaohe\yaohephp\core\ThinkPHP\Library\Think\Cache\Driver\Memcache.class.php ç¬¬ 44 è¡Œ.
INFO: [ app_end ] --START--
INFO: Run Behavior\ShowPageTraceBehavior [ RunTime:0.002821s ]
INFO: [ app_end ] --END-- [ RunTime:0.003109s ]

[ 2015-10-20T19:01:39+08:00 ] ::1 /admin/
INFO: [ app_init ] --START--
INFO: Run Behavior\BuildLiteBehavior [ RunTime:0.000030s ]
INFO: [ app_init ] --END-- [ RunTime:0.000485s ]
INFO: [ app_begin ] --START--
INFO: Run Behavior\ReadHtmlCacheBehavior [ RunTime:0.001184s ]
INFO: [ app_begin ] --END-- [ RunTime:0.001481s ]
NOTIC: [8] Memcache::connect() [<a href='memcache.connect'>memcache.connect</a>]: Server 172.16.100.31 (tcp 11211, udp 0) failed with: ÓÉÓÚÄ¿±ê¼ÆËã»ú»ý¼«¾Ü¾ø£¬ÎÞ·¨Á¬½Ó¡£
 (10061) D:\EvanPHPProject\Yaohe\yaohephp\core\ThinkPHP\Library\Think\Cache\Driver\Memcache.class.php ç¬¬ 44 è¡Œ.
NOTIC: [2] Memcache::connect() [<a href='memcache.connect'>memcache.connect</a>]: Can't connect to 172.16.100.31:11211, ÓÉÓÚÄ¿±ê¼ÆËã»ú»ý¼«¾Ü¾ø£¬ÎÞ·¨Á¬½Ó¡£
 (10061) D:\EvanPHPProject\Yaohe\yaohephp\core\ThinkPHP\Library\Think\Cache\Driver\Memcache.class.php ç¬¬ 44 è¡Œ.
SQL: SHOW COLUMNS FROM `ht_role` [ RunTime:0.009758s ]
SQL: SELECT * FROM `ht_role` WHERE ( `id` = 0 ) LIMIT 1   [ RunTime:0.002521s ]
INFO: [ view_parse ] --START--
INFO: [ template_filter ] --START--
INFO: Run Behavior\ContentReplaceBehavior [ RunTime:0.000390s ]
INFO: [ template_filter ] --END-- [ RunTime:0.000548s ]
INFO: Run Behavior\ParseTemplateBehavior [ RunTime:0.036474s ]
INFO: [ view_parse ] --END-- [ RunTime:0.036690s ]
INFO: [ view_filter ] --START--
INFO: Run Behavior\WriteHtmlCacheBehavior [ RunTime:0.000763s ]
INFO: [ view_filter ] --END-- [ RunTime:0.000894s ]
INFO: [ app_end ] --START--
INFO: Run Behavior\ShowPageTraceBehavior [ RunTime:0.001399s ]
INFO: [ app_end ] --END-- [ RunTime:0.001611s ]

[ 2015-10-20T19:02:25+08:00 ] ::1 /admin/
INFO: [ app_init ] --START--
INFO: Run Behavior\BuildLiteBehavior [ RunTime:0.000021s ]
INFO: [ app_init ] --END-- [ RunTime:0.000530s ]
INFO: [ app_begin ] --START--
INFO: Run Behavior\ReadHtmlCacheBehavior [ RunTime:0.000734s ]
INFO: [ app_begin ] --END-- [ RunTime:0.000806s ]
NOTIC: [8] Memcache::connect() [<a href='memcache.connect'>memcache.connect</a>]: Server 172.16.100.31 (tcp 11211, udp 0) failed with: ÓÉÓÚÄ¿±ê¼ÆËã»ú»ý¼«¾Ü¾ø£¬ÎÞ·¨Á¬½Ó¡£
 (10061) D:\EvanPHPProject\Yaohe\yaohephp\core\ThinkPHP\Library\Think\Cache\Driver\Memcache.class.php ç¬¬ 44 è¡Œ.
NOTIC: [2] Memcache::connect() [<a href='memcache.connect'>memcache.connect</a>]: Can't connect to 172.16.100.31:11211, ÓÉÓÚÄ¿±ê¼ÆËã»ú»ý¼«¾Ü¾ø£¬ÎÞ·¨Á¬½Ó¡£
 (10061) D:\EvanPHPProject\Yaohe\yaohephp\core\ThinkPHP\Library\Think\Cache\Driver\Memcache.class.php ç¬¬ 44 è¡Œ.
SQL: SHOW COLUMNS FROM `ht_role` [ RunTime:0.004815s ]
SQL: SELECT * FROM `ht_role` WHERE ( `id` = 0 ) LIMIT 1   [ RunTime:0.001120s ]
INFO: [ view_parse ] --START--
INFO: [ template_filter ] --START--
INFO: Run Behavior\ContentReplaceBehavior [ RunTime:0.000193s ]
INFO: [ template_filter ] --END-- [ RunTime:0.000277s ]
INFO: Run Behavior\ParseTemplateBehavior [ RunTime:0.026715s ]
INFO: [ view_parse ] --END-- [ RunTime:0.026825s ]
INFO: [ view_filter ] --START--
INFO: Run Behavior\WriteHtmlCacheBehavior [ RunTime:0.000482s ]
INFO: [ view_filter ] --END-- [ RunTime:0.000546s ]
INFO: [ app_end ] --START--
INFO: Run Behavior\ShowPageTraceBehavior [ RunTime:0.000877s ]
INFO: [ app_end ] --END-- [ RunTime:0.000971s ]

[ 2015-10-20T19:02:29+08:00 ] ::1 /admin/?c=HomeClass
INFO: [ app_init ] --START--
INFO: Run Behavior\BuildLiteBehavior [ RunTime:0.000033s ]
INFO: [ app_init ] --END-- [ RunTime:0.000613s ]
INFO: [ app_begin ] --START--
INFO: Run Behavior\ReadHtmlCacheBehavior [ RunTime:0.000624s ]
INFO: [ app_begin ] --END-- [ RunTime:0.000696s ]
NOTIC: [8] Memcache::connect() [<a href='memcache.connect'>memcache.connect</a>]: Server 172.16.100.31 (tcp 11211, udp 0) failed with: ÓÉÓÚÄ¿±ê¼ÆËã»ú»ý¼«¾Ü¾ø£¬ÎÞ·¨Á¬½Ó¡£
 (10061) D:\EvanPHPProject\Yaohe\yaohephp\core\ThinkPHP\Library\Think\Cache\Driver\Memcache.class.php ç¬¬ 44 è¡Œ.
NOTIC: [2] Memcache::connect() [<a href='memcache.connect'>memcache.connect</a>]: Can't connect to 172.16.100.31:11211, ÓÉÓÚÄ¿±ê¼ÆËã»ú»ý¼«¾Ü¾ø£¬ÎÞ·¨Á¬½Ó¡£
 (10061) D:\EvanPHPProject\Yaohe\yaohephp\core\ThinkPHP\Library\Think\Cache\Driver\Memcache.class.php ç¬¬ 44 è¡Œ.
SQL: SHOW COLUMNS FROM `ht_role` [ RunTime:0.008365s ]
SQL: SELECT * FROM `ht_role` WHERE ( `id` = 0 ) LIMIT 1   [ RunTime:0.002908s ]
SQL: SHOW COLUMNS FROM `ht_province` [ RunTime:0.006642s ]
SQL: SELECT * FROM `ht_province`  [ RunTime:0.002076s ]
SQL: SHOW COLUMNS FROM `ht_home_class` [ RunTime:0.006148s ]
SQL: SELECT COUNT(*) AS tp_count FROM `ht_home_class` LIMIT 1   [ RunTime:0.002341s ]
SQL: SELECT * FROM `ht_home_class` ORDER BY id desc LIMIT 0,10   [ RunTime:0.001192s ]
INFO: [ view_parse ] --START--
INFO: [ template_filter ] --START--
INFO: Run Behavior\ContentReplaceBehavior [ RunTime:0.000409s ]
INFO: [ template_filter ] --END-- [ RunTime:0.000564s ]
INFO: Run Behavior\ParseTemplateBehavior [ RunTime:0.031000s ]
INFO: [ view_parse ] --END-- [ RunTime:0.031166s ]
INFO: [ view_filter ] --START--
INFO: Run Behavior\WriteHtmlCacheBehavior [ RunTime:0.000755s ]
INFO: [ view_filter ] --END-- [ RunTime:0.000884s ]
INFO: [ app_end ] --START--
INFO: Run Behavior\ShowPageTraceBehavior [ RunTime:0.001231s ]
INFO: [ app_end ] --END-- [ RunTime:0.001379s ]

[ 2015-10-20T19:02:31+08:00 ] ::1 /admin/?c=HomeClass&a=ajax_list&province_id=0&city_id=0&keywords=&pageNum=1
INFO: [ app_init ] --START--
INFO: Run Behavior\BuildLiteBehavior [ RunTime:0.000035s ]
INFO: [ app_init ] --END-- [ RunTime:0.000776s ]
INFO: [ app_begin ] --START--
INFO: Run Behavior\ReadHtmlCacheBehavior [ RunTime:0.000906s ]
INFO: [ app_begin ] --END-- [ RunTime:0.001026s ]
NOTIC: [8] Memcache::connect() [<a href='memcache.connect'>memcache.connect</a>]: Server 172.16.100.31 (tcp 11211, udp 0) failed with: ÓÉÓÚÄ¿±ê¼ÆËã»ú»ý¼«¾Ü¾ø£¬ÎÞ·¨Á¬½Ó¡£
 (10061) D:\EvanPHPProject\Yaohe\yaohephp\core\ThinkPHP\Library\Think\Cache\Driver\Memcache.class.php ç¬¬ 44 è¡Œ.
NOTIC: [2] Memcache::connect() [<a href='memcache.connect'>memcache.connect</a>]: Can't connect to 172.16.100.31:11211, ÓÉÓÚÄ¿±ê¼ÆËã»ú»ý¼«¾Ü¾ø£¬ÎÞ·¨Á¬½Ó¡£
 (10061) D:\EvanPHPProject\Yaohe\yaohephp\core\ThinkPHP\Library\Think\Cache\Driver\Memcache.class.php ç¬¬ 44 è¡Œ.
SQL: SHOW COLUMNS FROM `ht_role` [ RunTime:0.002434s ]
SQL: SELECT * FROM `ht_role` WHERE ( `id` = 0 ) LIMIT 1   [ RunTime:0.000802s ]
SQL: SHOW COLUMNS FROM `ht_city` [ RunTime:0.003373s ]
SQL: SELECT * FROM `ht_city`  [ RunTime:0.002260s ]
NOTIC: [2] in_array() expects parameter 2 to be array, boolean given D:\EvanPHPProject\Yaohe\yaohephp\admin\Apps\Home\Controller\HomeClassController.class.php ç¬¬ 40 è¡Œ.
SQL: SHOW COLUMNS FROM `ht_home_class` [ RunTime:0.002500s ]
SQL: SELECT COUNT(*) AS tp_count FROM `ht_home_class` LIMIT 1   [ RunTime:0.000699s ]
SQL: SELECT * FROM `ht_home_class` ORDER BY order_num asc,id desc LIMIT 0,10   [ RunTime:0.000452s ]
NOTIC: [8] Undefined variable: sort D:\EvanPHPProject\Yaohe\yaohephp\admin\Apps\Home\Controller\HomeClassController.class.php ç¬¬ 74 è¡Œ.
NOTIC: [8] Undefined variable: sort D:\EvanPHPProject\Yaohe\yaohephp\admin\Apps\Home\Controller\HomeClassController.class.php ç¬¬ 75 è¡Œ.
NOTIC: [8] Undefined variable: sort D:\EvanPHPProject\Yaohe\yaohephp\admin\Apps\Home\Controller\HomeClassController.class.php ç¬¬ 76 è¡Œ.
INFO: [ view_parse ] --START--
INFO: [ template_filter ] --START--
INFO: Run Behavior\ContentReplaceBehavior [ RunTime:0.000079s ]
INFO: [ template_filter ] --END-- [ RunTime:0.000162s ]
NOTIC: [8] Undefined index: 3783 D:\EvanPHPProject\Yaohe\yaohephp\admin\Apps\Runtime\Cache\Home\055037e14c0d192a84a5c373bf8d6027.php ç¬¬ 15 è¡Œ.
NOTIC: [8] Undefined index: 3783 D:\EvanPHPProject\Yaohe\yaohephp\admin\Apps\Runtime\Cache\Home\055037e14c0d192a84a5c373bf8d6027.php ç¬¬ 17 è¡Œ.
INFO: Run Behavior\ParseTemplateBehavior [ RunTime:0.008396s ]
INFO: [ view_parse ] --END-- [ RunTime:0.008466s ]
INFO: [ view_filter ] --START--
INFO: Run Behavior\WriteHtmlCacheBehavior [ RunTime:0.000372s ]
INFO: [ view_filter ] --END-- [ RunTime:0.000436s ]
INFO: [ app_end ] --START--
INFO: Run Behavior\ShowPageTraceBehavior [ RunTime:0.000606s ]
INFO: [ app_end ] --END-- [ RunTime:0.000668s ]

[ 2015-10-20T19:10:59+08:00 ] ::1 /admin/?c=HomeClass
INFO: [ app_init ] --START--
INFO: Run Behavior\BuildLiteBehavior [ RunTime:0.000026s ]
INFO: [ app_init ] --END-- [ RunTime:0.000512s ]
INFO: [ app_begin ] --START--
INFO: Run Behavior\ReadHtmlCacheBehavior [ RunTime:0.000714s ]
INFO: [ app_begin ] --END-- [ RunTime:0.000788s ]
NOTIC: [8] Memcache::connect() [<a href='memcache.connect'>memcache.connect</a>]: Server 172.16.100.31 (tcp 11211, udp 0) failed with: ÓÉÓÚÄ¿±ê¼ÆËã»ú»ý¼«¾Ü¾ø£¬ÎÞ·¨Á¬½Ó¡£
 (10061) D:\EvanPHPProject\Yaohe\yaohephp\core\ThinkPHP\Library\Think\Cache\Driver\Memcache.class.php ç¬¬ 44 è¡Œ.
NOTIC: [2] Memcache::connect() [<a href='memcache.connect'>memcache.connect</a>]: Can't connect to 172.16.100.31:11211, ÓÉÓÚÄ¿±ê¼ÆËã»ú»ý¼«¾Ü¾ø£¬ÎÞ·¨Á¬½Ó¡£
 (10061) D:\EvanPHPProject\Yaohe\yaohephp\core\ThinkPHP\Library\Think\Cache\Driver\Memcache.class.php ç¬¬ 44 è¡Œ.
SQL: SHOW COLUMNS FROM `ht_role` [ RunTime:0.008100s ]
SQL: SELECT * FROM `ht_role` WHERE ( `id` = 0 ) LIMIT 1   [ RunTime:0.002455s ]
SQL: SHOW COLUMNS FROM `ht_province` [ RunTime:0.007973s ]
SQL: SELECT * FROM `ht_province`  [ RunTime:0.002944s ]
SQL: SHOW COLUMNS FROM `ht_home_class` [ RunTime:0.007266s ]
SQL: SELECT COUNT(*) AS tp_count FROM `ht_home_class` LIMIT 1   [ RunTime:0.002705s ]
SQL: SELECT * FROM `ht_home_class` ORDER BY id desc LIMIT 0,10   [ RunTime:0.001324s ]
INFO: [ view_parse ] --START--
INFO: [ template_filter ] --START--
INFO: Run Behavior\ContentReplaceBehavior [ RunTime:0.000345s ]
INFO: [ template_filter ] --END-- [ RunTime:0.000477s ]
INFO: Run Behavior\ParseTemplateBehavior [ RunTime:0.030534s ]
INFO: [ view_parse ] --END-- [ RunTime:0.030644s ]
INFO: [ view_filter ] --START--
INFO: Run Behavior\WriteHtmlCacheBehavior [ RunTime:0.000508s ]
INFO: [ view_filter ] --END-- [ RunTime:0.000571s ]
INFO: [ app_end ] --START--
INFO: Run Behavior\ShowPageTraceBehavior [ RunTime:0.001256s ]
INFO: [ app_end ] --END-- [ RunTime:0.001692s ]

[ 2015-10-20T19:11:03+08:00 ] ::1 /admin/?c=HomeClass&a=ajax_list&province_id=0&city_id=0&keywords=&pageNum=1
INFO: [ app_init ] --START--
INFO: Run Behavior\BuildLiteBehavior [ RunTime:0.000037s ]
INFO: [ app_init ] --END-- [ RunTime:0.000822s ]
INFO: [ app_begin ] --START--
INFO: Run Behavior\ReadHtmlCacheBehavior [ RunTime:0.001211s ]
INFO: [ app_begin ] --END-- [ RunTime:0.001333s ]
NOTIC: [8] Memcache::connect() [<a href='memcache.connect'>memcache.connect</a>]: Server 172.16.100.31 (tcp 11211, udp 0) failed with: ÓÉÓÚÄ¿±ê¼ÆËã»ú»ý¼«¾Ü¾ø£¬ÎÞ·¨Á¬½Ó¡£
 (10061) D:\EvanPHPProject\Yaohe\yaohephp\core\ThinkPHP\Library\Think\Cache\Driver\Memcache.class.php ç¬¬ 44 è¡Œ.
NOTIC: [2] Memcache::connect() [<a href='memcache.connect'>memcache.connect</a>]: Can't connect to 172.16.100.31:11211, ÓÉÓÚÄ¿±ê¼ÆËã»ú»ý¼«¾Ü¾ø£¬ÎÞ·¨Á¬½Ó¡£
 (10061) D:\EvanPHPProject\Yaohe\yaohephp\core\ThinkPHP\Library\Think\Cache\Driver\Memcache.class.php ç¬¬ 44 è¡Œ.
SQL: SHOW COLUMNS FROM `ht_role` [ RunTime:0.007384s ]
SQL: SELECT * FROM `ht_role` WHERE ( `id` = 0 ) LIMIT 1   [ RunTime:0.002655s ]
SQL: SHOW COLUMNS FROM `ht_city` [ RunTime:0.007255s ]
SQL: SELECT * FROM `ht_city`  [ RunTime:0.006512s ]
NOTIC: [2] in_array() expects parameter 2 to be array, boolean given D:\EvanPHPProject\Yaohe\yaohephp\admin\Apps\Home\Controller\HomeClassController.class.php ç¬¬ 40 è¡Œ.
SQL: SHOW COLUMNS FROM `ht_home_class` [ RunTime:0.008237s ]
SQL: SELECT COUNT(*) AS tp_count FROM `ht_home_class` LIMIT 1   [ RunTime:0.001534s ]
SQL: SELECT * FROM `ht_home_class` ORDER BY order_num asc,id desc LIMIT 0,10   [ RunTime:0.000918s ]
NOTIC: [8] Undefined variable: sort D:\EvanPHPProject\Yaohe\yaohephp\admin\Apps\Home\Controller\HomeClassController.class.php ç¬¬ 74 è¡Œ.
NOTIC: [8] Undefined variable: sort D:\EvanPHPProject\Yaohe\yaohephp\admin\Apps\Home\Controller\HomeClassController.class.php ç¬¬ 75 è¡Œ.
NOTIC: [8] Undefined variable: sort D:\EvanPHPProject\Yaohe\yaohephp\admin\Apps\Home\Controller\HomeClassController.class.php ç¬¬ 76 è¡Œ.
INFO: [ view_parse ] --START--
INFO: [ template_filter ] --START--
INFO: Run Behavior\ContentReplaceBehavior [ RunTime:0.000136s ]
INFO: [ template_filter ] --END-- [ RunTime:0.000271s ]
NOTIC: [8] Undefined index: 3783 D:\EvanPHPProject\Yaohe\yaohephp\admin\Apps\Runtime\Cache\Home\055037e14c0d192a84a5c373bf8d6027.php ç¬¬ 15 è¡Œ.
NOTIC: [8] Undefined index: 3783 D:\EvanPHPProject\Yaohe\yaohephp\admin\Apps\Runtime\Cache\Home\055037e14c0d192a84a5c373bf8d6027.php ç¬¬ 17 è¡Œ.
INFO: Run Behavior\ParseTemplateBehavior [ RunTime:0.017311s ]
INFO: [ view_parse ] --END-- [ RunTime:0.017470s ]
INFO: [ view_filter ] --START--
INFO: Run Behavior\WriteHtmlCacheBehavior [ RunTime:0.001002s ]
INFO: [ view_filter ] --END-- [ RunTime:0.001162s ]
INFO: [ app_end ] --START--
INFO: Run Behavior\ShowPageTraceBehavior [ RunTime:0.002074s ]
INFO: [ app_end ] --END-- [ RunTime:0.002262s ]

[ 2015-10-20T19:11:12+08:00 ] ::1 /admin/?c=HomeClass
INFO: [ app_init ] --START--
INFO: Run Behavior\BuildLiteBehavior [ RunTime:0.000033s ]
INFO: [ app_init ] --END-- [ RunTime:0.000807s ]
INFO: [ app_begin ] --START--
INFO: Run Behavior\ReadHtmlCacheBehavior [ RunTime:0.000765s ]
INFO: [ app_begin ] --END-- [ RunTime:0.000844s ]
NOTIC: [8] Memcache::connect() [<a href='memcache.connect'>memcache.connect</a>]: Server 172.16.100.31 (tcp 11211, udp 0) failed with: ÓÉÓÚÄ¿±ê¼ÆËã»ú»ý¼«¾Ü¾ø£¬ÎÞ·¨Á¬½Ó¡£
 (10061) D:\EvanPHPProject\Yaohe\yaohephp\core\ThinkPHP\Library\Think\Cache\Driver\Memcache.class.php ç¬¬ 44 è¡Œ.
NOTIC: [2] Memcache::connect() [<a href='memcache.connect'>memcache.connect</a>]: Can't connect to 172.16.100.31:11211, ÓÉÓÚÄ¿±ê¼ÆËã»ú»ý¼«¾Ü¾ø£¬ÎÞ·¨Á¬½Ó¡£
 (10061) D:\EvanPHPProject\Yaohe\yaohephp\core\ThinkPHP\Library\Think\Cache\Driver\Memcache.class.php ç¬¬ 44 è¡Œ.
SQL: SHOW COLUMNS FROM `ht_role` [ RunTime:0.004985s ]
SQL: SELECT * FROM `ht_role` WHERE ( `id` = 0 ) LIMIT 1   [ RunTime:0.001591s ]
SQL: SHOW COLUMNS FROM `ht_province` [ RunTime:0.004580s ]
SQL: SELECT * FROM `ht_province`  [ RunTime:0.002034s ]
SQL: SHOW COLUMNS FROM `ht_home_class` [ RunTime:0.005308s ]
SQL: SELECT COUNT(*) AS tp_count FROM `ht_home_class` LIMIT 1   [ RunTime:0.001633s ]
SQL: SELECT * FROM `ht_home_class` ORDER BY id desc LIMIT 0,10   [ RunTime:0.000509s ]
INFO: [ view_parse ] --START--
INFO: [ template_filter ] --START--
INFO: Run Behavior\ContentReplaceBehavior [ RunTime:0.000237s ]
INFO: [ template_filter ] --END-- [ RunTime:0.000336s ]
INFO: Run Behavior\ParseTemplateBehavior [ RunTime:0.020257s ]
INFO: [ view_parse ] --END-- [ RunTime:0.020359s ]
INFO: [ view_filter ] --START--
INFO: Run Behavior\WriteHtmlCacheBehavior [ RunTime:0.000551s ]
INFO: [ view_filter ] --END-- [ RunTime:0.000628s ]
INFO: [ app_end ] --START--
INFO: Run Behavior\ShowPageTraceBehavior [ RunTime:0.000887s ]
INFO: [ app_end ] --END-- [ RunTime:0.000980s ]

[ 2015-10-20T19:11:13+08:00 ] ::1 /admin/?c=HomeClass&a=ajax_list&province_id=0&city_id=0&keywords=&pageNum=1
INFO: [ app_init ] --START--
INFO: Run Behavior\BuildLiteBehavior [ RunTime:0.000033s ]
INFO: [ app_init ] --END-- [ RunTime:0.000735s ]
INFO: [ app_begin ] --START--
INFO: Run Behavior\ReadHtmlCacheBehavior [ RunTime:0.001018s ]
INFO: [ app_begin ] --END-- [ RunTime:0.001127s ]
NOTIC: [8] Memcache::connect() [<a href='memcache.connect'>memcache.connect</a>]: Server 172.16.100.31 (tcp 11211, udp 0) failed with: ÓÉÓÚÄ¿±ê¼ÆËã»ú»ý¼«¾Ü¾ø£¬ÎÞ·¨Á¬½Ó¡£
 (10061) D:\EvanPHPProject\Yaohe\yaohephp\core\ThinkPHP\Library\Think\Cache\Driver\Memcache.class.php ç¬¬ 44 è¡Œ.
NOTIC: [2] Memcache::connect() [<a href='memcache.connect'>memcache.connect</a>]: Can't connect to 172.16.100.31:11211, ÓÉÓÚÄ¿±ê¼ÆËã»ú»ý¼«¾Ü¾ø£¬ÎÞ·¨Á¬½Ó¡£
 (10061) D:\EvanPHPProject\Yaohe\yaohephp\core\ThinkPHP\Library\Think\Cache\Driver\Memcache.class.php ç¬¬ 44 è¡Œ.
SQL: SHOW COLUMNS FROM `ht_role` [ RunTime:0.003379s ]
SQL: SELECT * FROM `ht_role` WHERE ( `id` = 0 ) LIMIT 1   [ RunTime:0.000998s ]
SQL: SHOW COLUMNS FROM `ht_city` [ RunTime:0.003844s ]
SQL: SELECT * FROM `ht_city`  [ RunTime:0.003215s ]
NOTIC: [2] in_array() expects parameter 2 to be array, boolean given D:\EvanPHPProject\Yaohe\yaohephp\admin\Apps\Home\Controller\HomeClassController.class.php ç¬¬ 40 è¡Œ.
SQL: SHOW COLUMNS FROM `ht_home_class` [ RunTime:0.003358s ]
SQL: SELECT COUNT(*) AS tp_count FROM `ht_home_class` LIMIT 1   [ RunTime:0.000928s ]
SQL: SELECT * FROM `ht_home_class` ORDER BY order_num asc,id desc LIMIT 0,10   [ RunTime:0.000673s ]
NOTIC: [8] Undefined variable: sort D:\EvanPHPProject\Yaohe\yaohephp\admin\Apps\Home\Controller\HomeClassController.class.php ç¬¬ 74 è¡Œ.
NOTIC: [8] Undefined variable: sort D:\EvanPHPProject\Yaohe\yaohephp\admin\Apps\Home\Controller\HomeClassController.class.php ç¬¬ 75 è¡Œ.
NOTIC: [8] Undefined variable: sort D:\EvanPHPProject\Yaohe\yaohephp\admin\Apps\Home\Controller\HomeClassController.class.php ç¬¬ 76 è¡Œ.
INFO: [ view_parse ] --START--
INFO: [ template_filter ] --START--
INFO: Run Behavior\ContentReplaceBehavior [ RunTime:0.000110s ]
INFO: [ template_filter ] --END-- [ RunTime:0.000216s ]
NOTIC: [8] Undefined index: 3783 D:\EvanPHPProject\Yaohe\yaohephp\admin\Apps\Runtime\Cache\Home\055037e14c0d192a84a5c373bf8d6027.php ç¬¬ 15 è¡Œ.
NOTIC: [8] Undefined index: 3783 D:\EvanPHPProject\Yaohe\yaohephp\admin\Apps\Runtime\Cache\Home\055037e14c0d192a84a5c373bf8d6027.php ç¬¬ 17 è¡Œ.
INFO: Run Behavior\ParseTemplateBehavior [ RunTime:0.013257s ]
INFO: [ view_parse ] --END-- [ RunTime:0.013359s ]
INFO: [ view_filter ] --START--
INFO: Run Behavior\WriteHtmlCacheBehavior [ RunTime:0.000629s ]
INFO: [ view_filter ] --END-- [ RunTime:0.000715s ]
INFO: [ app_end ] --START--
INFO: Run Behavior\ShowPageTraceBehavior [ RunTime:0.001071s ]
INFO: [ app_end ] --END-- [ RunTime:0.001162s ]

[ 2015-10-20T19:11:36+08:00 ] ::1 /admin/?c=HomeClass
INFO: [ app_init ] --START--
INFO: Run Behavior\BuildLiteBehavior [ RunTime:0.000020s ]
INFO: [ app_init ] --END-- [ RunTime:0.000449s ]
INFO: [ app_begin ] --START--
INFO: Run Behavior\ReadHtmlCacheBehavior [ RunTime:0.000561s ]
INFO: [ app_begin ] --END-- [ RunTime:0.000634s ]
INFO: [ view_parse ] --START--
INFO: [ template_filter ] --START--
INFO: Run Behavior\ContentReplaceBehavior [ RunTime:0.000062s ]
INFO: [ template_filter ] --END-- [ RunTime:0.000148s ]
INFO: Run Behavior\ParseTemplateBehavior [ RunTime:0.007001s ]
INFO: [ view_parse ] --END-- [ RunTime:0.007107s ]
INFO: [ view_filter ] --START--
INFO: Run Behavior\WriteHtmlCacheBehavior [ RunTime:0.000315s ]
INFO: [ view_filter ] --END-- [ RunTime:0.000379s ]

[ 2015-10-20T19:11:43+08:00 ] ::1 /admin/?c=Login
INFO: [ app_init ] --START--
INFO: Run Behavior\BuildLiteBehavior [ RunTime:0.000020s ]
INFO: [ app_init ] --END-- [ RunTime:0.000526s ]
INFO: [ app_begin ] --START--
INFO: Run Behavior\ReadHtmlCacheBehavior [ RunTime:0.001165s ]
INFO: [ app_begin ] --END-- [ RunTime:0.001274s ]
INFO: [ view_parse ] --START--
INFO: [ template_filter ] --START--
INFO: Run Behavior\ContentReplaceBehavior [ RunTime:0.000120s ]
INFO: [ template_filter ] --END-- [ RunTime:0.000251s ]
INFO: Run Behavior\ParseTemplateBehavior [ RunTime:0.007748s ]
INFO: [ view_parse ] --END-- [ RunTime:0.007847s ]
INFO: [ view_filter ] --START--
INFO: Run Behavior\WriteHtmlCacheBehavior [ RunTime:0.000343s ]
INFO: [ view_filter ] --END-- [ RunTime:0.000403s ]
INFO: [ app_end ] --START--
INFO: Run Behavior\ShowPageTraceBehavior [ RunTime:0.000589s ]
INFO: [ app_end ] --END-- [ RunTime:0.000650s ]

[ 2015-10-20T19:11:44+08:00 ] ::1 /admin/?c=Login&a=captcha
INFO: [ app_init ] --START--
INFO: Run Behavior\BuildLiteBehavior [ RunTime:0.000021s ]
INFO: [ app_init ] --END-- [ RunTime:0.000492s ]
INFO: [ app_begin ] --START--
INFO: Run Behavior\ReadHtmlCacheBehavior [ RunTime:0.000657s ]
INFO: [ app_begin ] --END-- [ RunTime:0.000745s ]
NOTIC: [8] Memcache::connect() [<a href='memcache.connect'>memcache.connect</a>]: Server 172.16.100.31 (tcp 11211, udp 0) failed with: ÓÉÓÚÄ¿±ê¼ÆËã»ú»ý¼«¾Ü¾ø£¬ÎÞ·¨Á¬½Ó¡£
 (10061) D:\EvanPHPProject\Yaohe\yaohephp\core\ThinkPHP\Library\Think\Cache\Driver\Memcache.class.php ç¬¬ 44 è¡Œ.
NOTIC: [2] Memcache::connect() [<a href='memcache.connect'>memcache.connect</a>]: Can't connect to 172.16.100.31:11211, ÓÉÓÚÄ¿±ê¼ÆËã»ú»ý¼«¾Ü¾ø£¬ÎÞ·¨Á¬½Ó¡£
 (10061) D:\EvanPHPProject\Yaohe\yaohephp\core\ThinkPHP\Library\Think\Cache\Driver\Memcache.class.php ç¬¬ 44 è¡Œ.
INFO: [ app_end ] --START--
INFO: Run Behavior\ShowPageTraceBehavior [ RunTime:0.001724s ]
INFO: [ app_end ] --END-- [ RunTime:0.001896s ]

[ 2015-10-20T19:11:50+08:00 ] ::1 /admin/?c=Login&a=auth
INFO: [ app_init ] --START--
INFO: Run Behavior\BuildLiteBehavior [ RunTime:0.000021s ]
INFO: [ app_init ] --END-- [ RunTime:0.000515s ]
INFO: [ app_begin ] --START--
INFO: Run Behavior\ReadHtmlCacheBehavior [ RunTime:0.000595s ]
INFO: [ app_begin ] --END-- [ RunTime:0.000666s ]
SQL: SHOW COLUMNS FROM `ht_admin_user` [ RunTime:0.002570s ]
SQL: SELECT * FROM `ht_admin_user` WHERE ( `login_user` = 'admin' ) LIMIT 1   [ RunTime:0.000795s ]
SQL: UPDATE `ht_admin_user` SET `last_login_time`=1445339509,`login_num`=275 WHERE ( `id` = 1 ) [ RunTime:0.003234s ]
INFO: [ view_parse ] --START--
INFO: [ template_filter ] --START--
INFO: Run Behavior\ContentReplaceBehavior [ RunTime:0.000064s ]
INFO: [ template_filter ] --END-- [ RunTime:0.000221s ]
INFO: Run Behavior\ParseTemplateBehavior [ RunTime:0.007129s ]
INFO: [ view_parse ] --END-- [ RunTime:0.007216s ]
INFO: [ view_filter ] --START--
INFO: Run Behavior\WriteHtmlCacheBehavior [ RunTime:0.000307s ]
INFO: [ view_filter ] --END-- [ RunTime:0.000365s ]
NOTIC: [8] Memcache::connect() [<a href='memcache.connect'>memcache.connect</a>]: Server 172.16.100.31 (tcp 11211, udp 0) failed with: ÓÉÓÚÄ¿±ê¼ÆËã»ú»ý¼«¾Ü¾ø£¬ÎÞ·¨Á¬½Ó¡£
 (10061) D:\EvanPHPProject\Yaohe\yaohephp\core\ThinkPHP\Library\Think\Cache\Driver\Memcache.class.php ç¬¬ 44 è¡Œ.
NOTIC: [2] Memcache::connect() [<a href='memcache.connect'>memcache.connect</a>]: Can't connect to 172.16.100.31:11211, ÓÉÓÚÄ¿±ê¼ÆËã»ú»ý¼«¾Ü¾ø£¬ÎÞ·¨Á¬½Ó¡£
 (10061) D:\EvanPHPProject\Yaohe\yaohephp\core\ThinkPHP\Library\Think\Cache\Driver\Memcache.class.php ç¬¬ 44 è¡Œ.
INFO: [ app_end ] --START--
INFO: Run Behavior\ShowPageTraceBehavior [ RunTime:0.001012s ]
INFO: [ app_end ] --END-- [ RunTime:0.001105s ]

[ 2015-10-20T19:11:56+08:00 ] ::1 /admin/
INFO: [ app_init ] --START--
INFO: Run Behavior\BuildLiteBehavior [ RunTime:0.000026s ]
INFO: [ app_init ] --END-- [ RunTime:0.000660s ]
INFO: [ app_begin ] --START--
INFO: Run Behavior\ReadHtmlCacheBehavior [ RunTime:0.000718s ]
INFO: [ app_begin ] --END-- [ RunTime:0.000829s ]
NOTIC: [8] Memcache::connect() [<a href='memcache.connect'>memcache.connect</a>]: Server 172.16.100.31 (tcp 11211, udp 0) failed with: ÓÉÓÚÄ¿±ê¼ÆËã»ú»ý¼«¾Ü¾ø£¬ÎÞ·¨Á¬½Ó¡£
 (10061) D:\EvanPHPProject\Yaohe\yaohephp\core\ThinkPHP\Library\Think\Cache\Driver\Memcache.class.php ç¬¬ 44 è¡Œ.
NOTIC: [2] Memcache::connect() [<a href='memcache.connect'>memcache.connect</a>]: Can't connect to 172.16.100.31:11211, ÓÉÓÚÄ¿±ê¼ÆËã»ú»ý¼«¾Ü¾ø£¬ÎÞ·¨Á¬½Ó¡£
 (10061) D:\EvanPHPProject\Yaohe\yaohephp\core\ThinkPHP\Library\Think\Cache\Driver\Memcache.class.php ç¬¬ 44 è¡Œ.
SQL: SHOW COLUMNS FROM `ht_role` [ RunTime:0.002762s ]
SQL: SELECT * FROM `ht_role` WHERE ( `id` = 0 ) LIMIT 1   [ RunTime:0.001002s ]
INFO: [ view_parse ] --START--
INFO: [ template_filter ] --START--
INFO: Run Behavior\ContentReplaceBehavior [ RunTime:0.000239s ]
INFO: [ template_filter ] --END-- [ RunTime:0.000340s ]
INFO: Run Behavior\ParseTemplateBehavior [ RunTime:0.019355s ]
INFO: [ view_parse ] --END-- [ RunTime:0.019474s ]
INFO: [ view_filter ] --START--
INFO: Run Behavior\WriteHtmlCacheBehavior [ RunTime:0.000449s ]
INFO: [ view_filter ] --END-- [ RunTime:0.000529s ]
INFO: [ app_end ] --START--
INFO: Run Behavior\ShowPageTraceBehavior [ RunTime:0.001167s ]
INFO: [ app_end ] --END-- [ RunTime:0.001272s ]

[ 2015-10-20T19:12:04+08:00 ] ::1 /admin/?c=HomeClass
INFO: [ app_init ] --START--
INFO: Run Behavior\BuildLiteBehavior [ RunTime:0.000025s ]
INFO: [ app_init ] --END-- [ RunTime:0.000585s ]
INFO: [ app_begin ] --START--
INFO: Run Behavior\ReadHtmlCacheBehavior [ RunTime:0.001103s ]
INFO: [ app_begin ] --END-- [ RunTime:0.001269s ]
NOTIC: [8] Memcache::connect() [<a href='memcache.connect'>memcache.connect</a>]: Server 172.16.100.31 (tcp 11211, udp 0) failed with: ÓÉÓÚÄ¿±ê¼ÆËã»ú»ý¼«¾Ü¾ø£¬ÎÞ·¨Á¬½Ó¡£
 (10061) D:\EvanPHPProject\Yaohe\yaohephp\core\ThinkPHP\Library\Think\Cache\Driver\Memcache.class.php ç¬¬ 44 è¡Œ.
NOTIC: [2] Memcache::connect() [<a href='memcache.connect'>memcache.connect</a>]: Can't connect to 172.16.100.31:11211, ÓÉÓÚÄ¿±ê¼ÆËã»ú»ý¼«¾Ü¾ø£¬ÎÞ·¨Á¬½Ó¡£
 (10061) D:\EvanPHPProject\Yaohe\yaohephp\core\ThinkPHP\Library\Think\Cache\Driver\Memcache.class.php ç¬¬ 44 è¡Œ.
SQL: SHOW COLUMNS FROM `ht_role` [ RunTime:0.003726s ]
SQL: SELECT * FROM `ht_role` WHERE ( `id` = 0 ) LIMIT 1   [ RunTime:0.001193s ]
SQL: SHOW COLUMNS FROM `ht_province` [ RunTime:0.003425s ]
SQL: SELECT * FROM `ht_province`  [ RunTime:0.001266s ]
SQL: SHOW COLUMNS FROM `ht_home_class` [ RunTime:0.003437s ]
SQL: SELECT COUNT(*) AS tp_count FROM `ht_home_class` LIMIT 1   [ RunTime:0.001373s ]
SQL: SELECT * FROM `ht_home_class` ORDER BY id desc LIMIT 0,10   [ RunTime:0.000684s ]
INFO: [ view_parse ] --START--
INFO: [ template_filter ] --START--
INFO: Run Behavior\ContentReplaceBehavior [ RunTime:0.000303s ]
INFO: [ template_filter ] --END-- [ RunTime:0.000424s ]
INFO: Run Behavior\ParseTemplateBehavior [ RunTime:0.024621s ]
INFO: [ view_parse ] --END-- [ RunTime:0.024756s ]
INFO: [ view_filter ] --START--
INFO: Run Behavior\WriteHtmlCacheBehavior [ RunTime:0.000598s ]
INFO: [ view_filter ] --END-- [ RunTime:0.000703s ]
INFO: [ app_end ] --START--
INFO: Run Behavior\ShowPageTraceBehavior [ RunTime:0.001219s ]
INFO: [ app_end ] --END-- [ RunTime:0.002619s ]

[ 2015-10-20T19:12:05+08:00 ] ::1 /admin/?c=HomeClass&a=ajax_list&province_id=0&city_id=0&keywords=&pageNum=1
INFO: [ app_init ] --START--
INFO: Run Behavior\BuildLiteBehavior [ RunTime:0.000083s ]
INFO: [ app_init ] --END-- [ RunTime:0.000924s ]
INFO: [ app_begin ] --START--
INFO: Run Behavior\ReadHtmlCacheBehavior [ RunTime:0.001194s ]
INFO: [ app_begin ] --END-- [ RunTime:0.001331s ]
NOTIC: [8] Memcache::connect() [<a href='memcache.connect'>memcache.connect</a>]: Server 172.16.100.31 (tcp 11211, udp 0) failed with: ÓÉÓÚÄ¿±ê¼ÆËã»ú»ý¼«¾Ü¾ø£¬ÎÞ·¨Á¬½Ó¡£
 (10061) D:\EvanPHPProject\Yaohe\yaohephp\core\ThinkPHP\Library\Think\Cache\Driver\Memcache.class.php ç¬¬ 44 è¡Œ.
NOTIC: [2] Memcache::connect() [<a href='memcache.connect'>memcache.connect</a>]: Can't connect to 172.16.100.31:11211, ÓÉÓÚÄ¿±ê¼ÆËã»ú»ý¼«¾Ü¾ø£¬ÎÞ·¨Á¬½Ó¡£
 (10061) D:\EvanPHPProject\Yaohe\yaohephp\core\ThinkPHP\Library\Think\Cache\Driver\Memcache.class.php ç¬¬ 44 è¡Œ.
SQL: SHOW COLUMNS FROM `ht_role` [ RunTime:0.003384s ]
SQL: SELECT * FROM `ht_role` WHERE ( `id` = 0 ) LIMIT 1   [ RunTime:0.001035s ]
SQL: SHOW COLUMNS FROM `ht_city` [ RunTime:0.003290s ]
SQL: SELECT * FROM `ht_city`  [ RunTime:0.003372s ]
NOTIC: [2] in_array() expects parameter 2 to be array, boolean given D:\EvanPHPProject\Yaohe\yaohephp\admin\Apps\Home\Controller\HomeClassController.class.php ç¬¬ 40 è¡Œ.
SQL: SHOW COLUMNS FROM `ht_home_class` [ RunTime:0.003416s ]
SQL: SELECT COUNT(*) AS tp_count FROM `ht_home_class` LIMIT 1   [ RunTime:0.000989s ]
SQL: SELECT * FROM `ht_home_class` ORDER BY order_num asc,id desc LIMIT 0,10   [ RunTime:0.000644s ]
NOTIC: [8] Undefined variable: sort D:\EvanPHPProject\Yaohe\yaohephp\admin\Apps\Home\Controller\HomeClassController.class.php ç¬¬ 74 è¡Œ.
NOTIC: [8] Undefined variable: sort D:\EvanPHPProject\Yaohe\yaohephp\admin\Apps\Home\Controller\HomeClassController.class.php ç¬¬ 75 è¡Œ.
NOTIC: [8] Undefined variable: sort D:\EvanPHPProject\Yaohe\yaohephp\admin\Apps\Home\Controller\HomeClassController.class.php ç¬¬ 76 è¡Œ.
INFO: [ view_parse ] --START--
INFO: [ template_filter ] --START--
INFO: Run Behavior\ContentReplaceBehavior [ RunTime:0.000110s ]
INFO: [ template_filter ] --END-- [ RunTime:0.000238s ]
NOTIC: [8] Undefined index: 3783 D:\EvanPHPProject\Yaohe\yaohephp\admin\Apps\Runtime\Cache\Home\055037e14c0d192a84a5c373bf8d6027.php ç¬¬ 15 è¡Œ.
NOTIC: [8] Undefined index: 3783 D:\EvanPHPProject\Yaohe\yaohephp\admin\Apps\Runtime\Cache\Home\055037e14c0d192a84a5c373bf8d6027.php ç¬¬ 17 è¡Œ.
INFO: Run Behavior\ParseTemplateBehavior [ RunTime:0.013279s ]
INFO: [ view_parse ] --END-- [ RunTime:0.013383s ]
INFO: [ view_filter ] --START--
INFO: Run Behavior\WriteHtmlCacheBehavior [ RunTime:0.000756s ]
INFO: [ view_filter ] --END-- [ RunTime:0.000848s ]
INFO: [ app_end ] --START--
INFO: Run Behavior\ShowPageTraceBehavior [ RunTime:0.001254s ]
INFO: [ app_end ] --END-- [ RunTime:0.001367s ]

[ 2015-10-20T19:12:45+08:00 ] ::1 /admin/?c=Role
INFO: [ app_init ] --START--
INFO: Run Behavior\BuildLiteBehavior [ RunTime:0.000021s ]
INFO: [ app_init ] --END-- [ RunTime:0.000586s ]
INFO: [ app_begin ] --START--
INFO: Run Behavior\ReadHtmlCacheBehavior [ RunTime:0.000908s ]
INFO: [ app_begin ] --END-- [ RunTime:0.000996s ]
NOTIC: [8] Memcache::connect() [<a href='memcache.connect'>memcache.connect</a>]: Server 172.16.100.31 (tcp 11211, udp 0) failed with: ÓÉÓÚÄ¿±ê¼ÆËã»ú»ý¼«¾Ü¾ø£¬ÎÞ·¨Á¬½Ó¡£
 (10061) D:\EvanPHPProject\Yaohe\yaohephp\core\ThinkPHP\Library\Think\Cache\Driver\Memcache.class.php ç¬¬ 44 è¡Œ.
NOTIC: [2] Memcache::connect() [<a href='memcache.connect'>memcache.connect</a>]: Can't connect to 172.16.100.31:11211, ÓÉÓÚÄ¿±ê¼ÆËã»ú»ý¼«¾Ü¾ø£¬ÎÞ·¨Á¬½Ó¡£
 (10061) D:\EvanPHPProject\Yaohe\yaohephp\core\ThinkPHP\Library\Think\Cache\Driver\Memcache.class.php ç¬¬ 44 è¡Œ.
SQL: SHOW COLUMNS FROM `ht_role` [ RunTime:0.003963s ]
SQL: SELECT * FROM `ht_role` WHERE ( `id` = 0 ) LIMIT 1   [ RunTime:0.001089s ]
SQL: SHOW COLUMNS FROM `ht_role` [ RunTime:0.003278s ]
SQL: SELECT COUNT(*) AS tp_count FROM `ht_role` LIMIT 1   [ RunTime:0.001355s ]
SQL: SELECT * FROM `ht_role` ORDER BY id desc LIMIT 0,10   [ RunTime:0.000626s ]
INFO: [ view_parse ] --START--
INFO: [ template_filter ] --START--
INFO: Run Behavior\ContentReplaceBehavior [ RunTime:0.000236s ]
INFO: [ template_filter ] --END-- [ RunTime:0.000368s ]
INFO: Run Behavior\ParseTemplateBehavior [ RunTime:0.022167s ]
INFO: [ view_parse ] --END-- [ RunTime:0.022348s ]
INFO: [ view_filter ] --START--
INFO: Run Behavior\WriteHtmlCacheBehavior [ RunTime:0.000854s ]
INFO: [ view_filter ] --END-- [ RunTime:0.000970s ]
INFO: [ app_end ] --START--
INFO: Run Behavior\ShowPageTraceBehavior [ RunTime:0.001644s ]
INFO: [ app_end ] --END-- [ RunTime:0.001820s ]

[ 2015-10-20T19:12:46+08:00 ] ::1 /admin/?c=Role&a=ajax_list&pageNum=1
INFO: [ app_init ] --START--
INFO: Run Behavior\BuildLiteBehavior [ RunTime:0.000036s ]
INFO: [ app_init ] --END-- [ RunTime:0.000853s ]
INFO: [ app_begin ] --START--
INFO: Run Behavior\ReadHtmlCacheBehavior [ RunTime:0.000965s ]
INFO: [ app_begin ] --END-- [ RunTime:0.001103s ]
NOTIC: [8] Memcache::connect() [<a href='memcache.connect'>memcache.connect</a>]: Server 172.16.100.31 (tcp 11211, udp 0) failed with: ÓÉÓÚÄ¿±ê¼ÆËã»ú»ý¼«¾Ü¾ø£¬ÎÞ·¨Á¬½Ó¡£
 (10061) D:\EvanPHPProject\Yaohe\yaohephp\core\ThinkPHP\Library\Think\Cache\Driver\Memcache.class.php ç¬¬ 44 è¡Œ.
NOTIC: [2] Memcache::connect() [<a href='memcache.connect'>memcache.connect</a>]: Can't connect to 172.16.100.31:11211, ÓÉÓÚÄ¿±ê¼ÆËã»ú»ý¼«¾Ü¾ø£¬ÎÞ·¨Á¬½Ó¡£
 (10061) D:\EvanPHPProject\Yaohe\yaohephp\core\ThinkPHP\Library\Think\Cache\Driver\Memcache.class.php ç¬¬ 44 è¡Œ.
SQL: SHOW COLUMNS FROM `ht_role` [ RunTime:0.003884s ]
SQL: SELECT * FROM `ht_role` WHERE ( `id` = 0 ) LIMIT 1   [ RunTime:0.000981s ]
SQL: SHOW COLUMNS FROM `ht_role` [ RunTime:0.003278s ]
SQL: SELECT COUNT(*) AS tp_count FROM `ht_role` LIMIT 1   [ RunTime:0.001043s ]
SQL: SELECT * FROM `ht_role` ORDER BY id desc LIMIT 0,10   [ RunTime:0.000503s ]
INFO: [ view_parse ] --START--
INFO: [ template_filter ] --START--
INFO: Run Behavior\ContentReplaceBehavior [ RunTime:0.000098s ]
INFO: [ template_filter ] --END-- [ RunTime:0.000206s ]
INFO: Run Behavior\ParseTemplateBehavior [ RunTime:0.013282s ]
INFO: [ view_parse ] --END-- [ RunTime:0.013402s ]
INFO: [ view_filter ] --START--
INFO: Run Behavior\WriteHtmlCacheBehavior [ RunTime:0.000778s ]
INFO: [ view_filter ] --END-- [ RunTime:0.000867s ]
INFO: [ app_end ] --START--
INFO: Run Behavior\ShowPageTraceBehavior [ RunTime:0.001416s ]
INFO: [ app_end ] --END-- [ RunTime:0.001527s ]

